Release 14.7 - xst P.20131013 (lin64)
Copyright (c) 1995-2013 Xilinx, Inc.  All rights reserved.
--> 
Parameter TMPDIR set to xst/projnav.tmp


Total REAL time to Xst completion: 0.00 secs
Total CPU time to Xst completion: 0.04 secs
 
--> 
Parameter xsthdpdir set to xst


Total REAL time to Xst completion: 0.00 secs
Total CPU time to Xst completion: 0.04 secs
 
--> 
Reading design: cordic_linear_32bits.prj

TABLE OF CONTENTS
  1) Synthesis Options Summary
  2) HDL Parsing
  3) HDL Elaboration
  4) HDL Synthesis
       4.1) HDL Synthesis Report
  5) Advanced HDL Synthesis
       5.1) Advanced HDL Synthesis Report
  6) Low Level Synthesis
  7) Partition Report
  8) Design Summary
       8.1) Primitive and Black Box Usage
       8.2) Device utilization summary
       8.3) Partition Resource Summary
       8.4) Timing Report
            8.4.1) Clock Information
            8.4.2) Asynchronous Control Signals Information
            8.4.3) Timing Summary
            8.4.4) Timing Details
            8.4.5) Cross Clock Domains Report


=========================================================================
*                      Synthesis Options Summary                        *
=========================================================================
---- Source Parameters
Input File Name                    : "cordic_linear_32bits.prj"
Ignore Synthesis Constraint File   : NO

---- Target Parameters
Output File Name                   : "cordic_linear_32bits"
Output Format                      : NGC
Target Device                      : xc7a100t-3-csg324

---- Source Options
Top Module Name                    : cordic_linear_32bits
Automatic FSM Extraction           : YES
FSM Encoding Algorithm             : Auto
Safe Implementation                : No
FSM Style                          : LUT
RAM Extraction                     : Yes
RAM Style                          : Auto
ROM Extraction                     : Yes
Shift Register Extraction          : YES
ROM Style                          : Auto
Resource Sharing                   : YES
Asynchronous To Synchronous        : NO
Shift Register Minimum Size        : 2
Use DSP Block                      : Auto
Automatic Register Balancing       : No

---- Target Options
LUT Combining                      : Auto
Reduce Control Sets                : Auto
Add IO Buffers                     : YES
Global Maximum Fanout              : 100000
Add Generic Clock Buffer(BUFG)     : 32
Register Duplication               : YES
Optimize Instantiated Primitives   : NO
Use Clock Enable                   : Auto
Use Synchronous Set                : Auto
Use Synchronous Reset              : Auto
Pack IO Registers into IOBs        : Auto
Equivalent register Removal        : YES

---- General Options
Optimization Goal                  : Speed
Optimization Effort                : 1
Power Reduction                    : NO
Keep Hierarchy                     : No
Netlist Hierarchy                  : As_Optimized
RTL Output                         : Yes
Global Optimization                : AllClockNets
Read Cores                         : YES
Write Timing Constraints           : NO
Cross Clock Analysis               : NO
Hierarchy Separator                : /
Bus Delimiter                      : <>
Case Specifier                     : Maintain
Slice Utilization Ratio            : 100
BRAM Utilization Ratio             : 100
DSP48 Utilization Ratio            : 100
Auto BRAM Packing                  : NO
Slice Utilization Ratio Delta      : 5

=========================================================================


=========================================================================
*                          HDL Parsing                                  *
=========================================================================
Parsing VHDL file "/home/waseemh/Xilinx_Proj/iA_cordic_6stage/four_bits_CLA_adder.vhd" into library work
Parsing entity <four_bits_CLA_adder>.
Parsing architecture <Behavioral> of entity <four_bits_cla_adder>.
Parsing VHDL file "/home/waseemh/Xilinx_Proj/iA_cordic_6stage/carry_look_ahead_block_extended.vhd" into library work
Parsing entity <carry_look_ahead_block_extended>.
Parsing architecture <Behavioral> of entity <carry_look_ahead_block_extended>.
Parsing VHDL file "/home/waseemh/Xilinx_Proj/iA_cordic_6stage/forty_bit_adder.vhd" into library work
Parsing entity <forty_bit_adder>.
Parsing architecture <Behavioral> of entity <forty_bit_adder>.
Parsing VHDL file "/home/waseemh/Xilinx_Proj/iA_cordic_6stage/last_normalized.vhd" into library work
Parsing entity <normalization_module>.
Parsing architecture <Behavioral> of entity <normalization_module>.
Parsing VHDL file "/home/waseemh/Xilinx_Proj/iA_cordic_6stage/forty_bit_add_sub.vhd" into library work
Parsing entity <forty_bit_add_sub>.
Parsing architecture <Behavioral> of entity <forty_bit_add_sub>.
Parsing VHDL file "/home/waseemh/Xilinx_Proj/iA_cordic_6stage/cordic_linear_32bits.vhd" into library work
Parsing entity <cordic_linear_32bits>.
Parsing architecture <Behavioral> of entity <cordic_linear_32bits>.
WARNING:HDLCompiler:946 - "/home/waseemh/Xilinx_Proj/iA_cordic_6stage/cordic_linear_32bits.vhd" Line 179: Actual for formal port operand_b is neither a static name nor a globally static expression
WARNING:HDLCompiler:946 - "/home/waseemh/Xilinx_Proj/iA_cordic_6stage/cordic_linear_32bits.vhd" Line 187: Actual for formal port operand_b is neither a static name nor a globally static expression
WARNING:HDLCompiler:946 - "/home/waseemh/Xilinx_Proj/iA_cordic_6stage/cordic_linear_32bits.vhd" Line 195: Actual for formal port operand_b is neither a static name nor a globally static expression
WARNING:HDLCompiler:946 - "/home/waseemh/Xilinx_Proj/iA_cordic_6stage/cordic_linear_32bits.vhd" Line 204: Actual for formal port operand_b is neither a static name nor a globally static expression
WARNING:HDLCompiler:946 - "/home/waseemh/Xilinx_Proj/iA_cordic_6stage/cordic_linear_32bits.vhd" Line 212: Actual for formal port operand_b is neither a static name nor a globally static expression
WARNING:HDLCompiler:946 - "/home/waseemh/Xilinx_Proj/iA_cordic_6stage/cordic_linear_32bits.vhd" Line 220: Actual for formal port operand_b is neither a static name nor a globally static expression
WARNING:HDLCompiler:946 - "/home/waseemh/Xilinx_Proj/iA_cordic_6stage/cordic_linear_32bits.vhd" Line 228: Actual for formal port operand_b is neither a static name nor a globally static expression
WARNING:HDLCompiler:946 - "/home/waseemh/Xilinx_Proj/iA_cordic_6stage/cordic_linear_32bits.vhd" Line 236: Actual for formal port operand_b is neither a static name nor a globally static expression
WARNING:HDLCompiler:946 - "/home/waseemh/Xilinx_Proj/iA_cordic_6stage/cordic_linear_32bits.vhd" Line 244: Actual for formal port operand_b is neither a static name nor a globally static expression
WARNING:HDLCompiler:946 - "/home/waseemh/Xilinx_Proj/iA_cordic_6stage/cordic_linear_32bits.vhd" Line 252: Actual for formal port operand_b is neither a static name nor a globally static expression
WARNING:HDLCompiler:946 - "/home/waseemh/Xilinx_Proj/iA_cordic_6stage/cordic_linear_32bits.vhd" Line 260: Actual for formal port operand_b is neither a static name nor a globally static expression
WARNING:HDLCompiler:946 - "/home/waseemh/Xilinx_Proj/iA_cordic_6stage/cordic_linear_32bits.vhd" Line 268: Actual for formal port operand_b is neither a static name nor a globally static expression
WARNING:HDLCompiler:946 - "/home/waseemh/Xilinx_Proj/iA_cordic_6stage/cordic_linear_32bits.vhd" Line 276: Actual for formal port operand_b is neither a static name nor a globally static expression
WARNING:HDLCompiler:946 - "/home/waseemh/Xilinx_Proj/iA_cordic_6stage/cordic_linear_32bits.vhd" Line 284: Actual for formal port operand_b is neither a static name nor a globally static expression
WARNING:HDLCompiler:946 - "/home/waseemh/Xilinx_Proj/iA_cordic_6stage/cordic_linear_32bits.vhd" Line 295: Actual for formal port mode is neither a static name nor a globally static expression
WARNING:HDLCompiler:946 - "/home/waseemh/Xilinx_Proj/iA_cordic_6stage/cordic_linear_32bits.vhd" Line 303: Actual for formal port operand_b is neither a static name nor a globally static expression
WARNING:HDLCompiler:946 - "/home/waseemh/Xilinx_Proj/iA_cordic_6stage/cordic_linear_32bits.vhd" Line 304: Actual for formal port mode is neither a static name nor a globally static expression
WARNING:HDLCompiler:946 - "/home/waseemh/Xilinx_Proj/iA_cordic_6stage/cordic_linear_32bits.vhd" Line 311: Actual for formal port operand_b is neither a static name nor a globally static expression
WARNING:HDLCompiler:946 - "/home/waseemh/Xilinx_Proj/iA_cordic_6stage/cordic_linear_32bits.vhd" Line 312: Actual for formal port mode is neither a static name nor a globally static expression
WARNING:HDLCompiler:946 - "/home/waseemh/Xilinx_Proj/iA_cordic_6stage/cordic_linear_32bits.vhd" Line 319: Actual for formal port operand_b is neither a static name nor a globally static expression
WARNING:HDLCompiler:946 - "/home/waseemh/Xilinx_Proj/iA_cordic_6stage/cordic_linear_32bits.vhd" Line 320: Actual for formal port mode is neither a static name nor a globally static expression
WARNING:HDLCompiler:946 - "/home/waseemh/Xilinx_Proj/iA_cordic_6stage/cordic_linear_32bits.vhd" Line 328: Actual for formal port operand_b is neither a static name nor a globally static expression
WARNING:HDLCompiler:946 - "/home/waseemh/Xilinx_Proj/iA_cordic_6stage/cordic_linear_32bits.vhd" Line 329: Actual for formal port mode is neither a static name nor a globally static expression
WARNING:HDLCompiler:946 - "/home/waseemh/Xilinx_Proj/iA_cordic_6stage/cordic_linear_32bits.vhd" Line 336: Actual for formal port operand_b is neither a static name nor a globally static expression
WARNING:HDLCompiler:946 - "/home/waseemh/Xilinx_Proj/iA_cordic_6stage/cordic_linear_32bits.vhd" Line 337: Actual for formal port mode is neither a static name nor a globally static expression
WARNING:HDLCompiler:946 - "/home/waseemh/Xilinx_Proj/iA_cordic_6stage/cordic_linear_32bits.vhd" Line 344: Actual for formal port operand_b is neither a static name nor a globally static expression
WARNING:HDLCompiler:946 - "/home/waseemh/Xilinx_Proj/iA_cordic_6stage/cordic_linear_32bits.vhd" Line 345: Actual for formal port mode is neither a static name nor a globally static expression
WARNING:HDLCompiler:946 - "/home/waseemh/Xilinx_Proj/iA_cordic_6stage/cordic_linear_32bits.vhd" Line 352: Actual for formal port operand_b is neither a static name nor a globally static expression
WARNING:HDLCompiler:946 - "/home/waseemh/Xilinx_Proj/iA_cordic_6stage/cordic_linear_32bits.vhd" Line 353: Actual for formal port mode is neither a static name nor a globally static expression
WARNING:HDLCompiler:946 - "/home/waseemh/Xilinx_Proj/iA_cordic_6stage/cordic_linear_32bits.vhd" Line 360: Actual for formal port operand_b is neither a static name nor a globally static expression
WARNING:HDLCompiler:946 - "/home/waseemh/Xilinx_Proj/iA_cordic_6stage/cordic_linear_32bits.vhd" Line 361: Actual for formal port mode is neither a static name nor a globally static expression
WARNING:HDLCompiler:946 - "/home/waseemh/Xilinx_Proj/iA_cordic_6stage/cordic_linear_32bits.vhd" Line 368: Actual for formal port operand_b is neither a static name nor a globally static expression
WARNING:HDLCompiler:946 - "/home/waseemh/Xilinx_Proj/iA_cordic_6stage/cordic_linear_32bits.vhd" Line 369: Actual for formal port mode is neither a static name nor a globally static expression
WARNING:HDLCompiler:946 - "/home/waseemh/Xilinx_Proj/iA_cordic_6stage/cordic_linear_32bits.vhd" Line 376: Actual for formal port operand_b is neither a static name nor a globally static expression
WARNING:HDLCompiler:946 - "/home/waseemh/Xilinx_Proj/iA_cordic_6stage/cordic_linear_32bits.vhd" Line 377: Actual for formal port mode is neither a static name nor a globally static expression
WARNING:HDLCompiler:946 - "/home/waseemh/Xilinx_Proj/iA_cordic_6stage/cordic_linear_32bits.vhd" Line 384: Actual for formal port operand_b is neither a static name nor a globally static expression
WARNING:HDLCompiler:946 - "/home/waseemh/Xilinx_Proj/iA_cordic_6stage/cordic_linear_32bits.vhd" Line 385: Actual for formal port mode is neither a static name nor a globally static expression
WARNING:HDLCompiler:946 - "/home/waseemh/Xilinx_Proj/iA_cordic_6stage/cordic_linear_32bits.vhd" Line 392: Actual for formal port operand_b is neither a static name nor a globally static expression
WARNING:HDLCompiler:946 - "/home/waseemh/Xilinx_Proj/iA_cordic_6stage/cordic_linear_32bits.vhd" Line 393: Actual for formal port mode is neither a static name nor a globally static expression
WARNING:HDLCompiler:946 - "/home/waseemh/Xilinx_Proj/iA_cordic_6stage/cordic_linear_32bits.vhd" Line 400: Actual for formal port operand_b is neither a static name nor a globally static expression
WARNING:HDLCompiler:946 - "/home/waseemh/Xilinx_Proj/iA_cordic_6stage/cordic_linear_32bits.vhd" Line 401: Actual for formal port mode is neither a static name nor a globally static expression
WARNING:HDLCompiler:946 - "/home/waseemh/Xilinx_Proj/iA_cordic_6stage/cordic_linear_32bits.vhd" Line 408: Actual for formal port operand_b is neither a static name nor a globally static expression
WARNING:HDLCompiler:946 - "/home/waseemh/Xilinx_Proj/iA_cordic_6stage/cordic_linear_32bits.vhd" Line 409: Actual for formal port mode is neither a static name nor a globally static expression

=========================================================================
*                            HDL Elaboration                            *
=========================================================================

Elaborating entity <cordic_linear_32bits> (architecture <Behavioral>) from library <work>.

Elaborating entity <normalization_module> (architecture <Behavioral>) from library <work>.

Elaborating entity <forty_bit_add_sub> (architecture <Behavioral>) from library <work>.

Elaborating entity <forty_bit_adder> (architecture <Behavioral>) from library <work>.

Elaborating entity <four_bits_CLA_adder> (architecture <Behavioral>) from library <work>.

Elaborating entity <carry_look_ahead_block_extended> (architecture <Behavioral>) from library <work>.

=========================================================================
*                           HDL Synthesis                               *
=========================================================================

Synthesizing Unit <cordic_linear_32bits>.
    Related source file is "/home/waseemh/Xilinx_Proj/iA_cordic_6stage/cordic_linear_32bits.vhd".
INFO:Xst:3210 - "/home/waseemh/Xilinx_Proj/iA_cordic_6stage/cordic_linear_32bits.vhd" line 167: Output port <over_flow> of the instance <adder_y1> is unconnected or connected to loadless signal.
INFO:Xst:3210 - "/home/waseemh/Xilinx_Proj/iA_cordic_6stage/cordic_linear_32bits.vhd" line 167: Output port <carry_out> of the instance <adder_y1> is unconnected or connected to loadless signal.
INFO:Xst:3210 - "/home/waseemh/Xilinx_Proj/iA_cordic_6stage/cordic_linear_32bits.vhd" line 176: Output port <over_flow> of the instance <adder_y2> is unconnected or connected to loadless signal.
INFO:Xst:3210 - "/home/waseemh/Xilinx_Proj/iA_cordic_6stage/cordic_linear_32bits.vhd" line 176: Output port <carry_out> of the instance <adder_y2> is unconnected or connected to loadless signal.
INFO:Xst:3210 - "/home/waseemh/Xilinx_Proj/iA_cordic_6stage/cordic_linear_32bits.vhd" line 184: Output port <over_flow> of the instance <adder_y3> is unconnected or connected to loadless signal.
INFO:Xst:3210 - "/home/waseemh/Xilinx_Proj/iA_cordic_6stage/cordic_linear_32bits.vhd" line 184: Output port <carry_out> of the instance <adder_y3> is unconnected or connected to loadless signal.
INFO:Xst:3210 - "/home/waseemh/Xilinx_Proj/iA_cordic_6stage/cordic_linear_32bits.vhd" line 192: Output port <over_flow> of the instance <adder_y4> is unconnected or connected to loadless signal.
INFO:Xst:3210 - "/home/waseemh/Xilinx_Proj/iA_cordic_6stage/cordic_linear_32bits.vhd" line 192: Output port <carry_out> of the instance <adder_y4> is unconnected or connected to loadless signal.
INFO:Xst:3210 - "/home/waseemh/Xilinx_Proj/iA_cordic_6stage/cordic_linear_32bits.vhd" line 201: Output port <over_flow> of the instance <adder_y5> is unconnected or connected to loadless signal.
INFO:Xst:3210 - "/home/waseemh/Xilinx_Proj/iA_cordic_6stage/cordic_linear_32bits.vhd" line 201: Output port <carry_out> of the instance <adder_y5> is unconnected or connected to loadless signal.
INFO:Xst:3210 - "/home/waseemh/Xilinx_Proj/iA_cordic_6stage/cordic_linear_32bits.vhd" line 209: Output port <over_flow> of the instance <adder_y6> is unconnected or connected to loadless signal.
INFO:Xst:3210 - "/home/waseemh/Xilinx_Proj/iA_cordic_6stage/cordic_linear_32bits.vhd" line 209: Output port <carry_out> of the instance <adder_y6> is unconnected or connected to loadless signal.
INFO:Xst:3210 - "/home/waseemh/Xilinx_Proj/iA_cordic_6stage/cordic_linear_32bits.vhd" line 217: Output port <over_flow> of the instance <adder_y7> is unconnected or connected to loadless signal.
INFO:Xst:3210 - "/home/waseemh/Xilinx_Proj/iA_cordic_6stage/cordic_linear_32bits.vhd" line 217: Output port <carry_out> of the instance <adder_y7> is unconnected or connected to loadless signal.
INFO:Xst:3210 - "/home/waseemh/Xilinx_Proj/iA_cordic_6stage/cordic_linear_32bits.vhd" line 225: Output port <over_flow> of the instance <adder_y8> is unconnected or connected to loadless signal.
INFO:Xst:3210 - "/home/waseemh/Xilinx_Proj/iA_cordic_6stage/cordic_linear_32bits.vhd" line 225: Output port <carry_out> of the instance <adder_y8> is unconnected or connected to loadless signal.
INFO:Xst:3210 - "/home/waseemh/Xilinx_Proj/iA_cordic_6stage/cordic_linear_32bits.vhd" line 233: Output port <over_flow> of the instance <adder_y9> is unconnected or connected to loadless signal.
INFO:Xst:3210 - "/home/waseemh/Xilinx_Proj/iA_cordic_6stage/cordic_linear_32bits.vhd" line 233: Output port <carry_out> of the instance <adder_y9> is unconnected or connected to loadless signal.
INFO:Xst:3210 - "/home/waseemh/Xilinx_Proj/iA_cordic_6stage/cordic_linear_32bits.vhd" line 241: Output port <over_flow> of the instance <adder_y10> is unconnected or connected to loadless signal.
INFO:Xst:3210 - "/home/waseemh/Xilinx_Proj/iA_cordic_6stage/cordic_linear_32bits.vhd" line 241: Output port <carry_out> of the instance <adder_y10> is unconnected or connected to loadless signal.
INFO:Xst:3210 - "/home/waseemh/Xilinx_Proj/iA_cordic_6stage/cordic_linear_32bits.vhd" line 249: Output port <over_flow> of the instance <adder_y11> is unconnected or connected to loadless signal.
INFO:Xst:3210 - "/home/waseemh/Xilinx_Proj/iA_cordic_6stage/cordic_linear_32bits.vhd" line 249: Output port <carry_out> of the instance <adder_y11> is unconnected or connected to loadless signal.
INFO:Xst:3210 - "/home/waseemh/Xilinx_Proj/iA_cordic_6stage/cordic_linear_32bits.vhd" line 257: Output port <over_flow> of the instance <adder_y12> is unconnected or connected to loadless signal.
INFO:Xst:3210 - "/home/waseemh/Xilinx_Proj/iA_cordic_6stage/cordic_linear_32bits.vhd" line 257: Output port <carry_out> of the instance <adder_y12> is unconnected or connected to loadless signal.
INFO:Xst:3210 - "/home/waseemh/Xilinx_Proj/iA_cordic_6stage/cordic_linear_32bits.vhd" line 265: Output port <over_flow> of the instance <adder_y13> is unconnected or connected to loadless signal.
INFO:Xst:3210 - "/home/waseemh/Xilinx_Proj/iA_cordic_6stage/cordic_linear_32bits.vhd" line 265: Output port <carry_out> of the instance <adder_y13> is unconnected or connected to loadless signal.
INFO:Xst:3210 - "/home/waseemh/Xilinx_Proj/iA_cordic_6stage/cordic_linear_32bits.vhd" line 273: Output port <over_flow> of the instance <adder_y14> is unconnected or connected to loadless signal.
INFO:Xst:3210 - "/home/waseemh/Xilinx_Proj/iA_cordic_6stage/cordic_linear_32bits.vhd" line 273: Output port <carry_out> of the instance <adder_y14> is unconnected or connected to loadless signal.
INFO:Xst:3210 - "/home/waseemh/Xilinx_Proj/iA_cordic_6stage/cordic_linear_32bits.vhd" line 281: Output port <over_flow> of the instance <adder_y15> is unconnected or connected to loadless signal.
INFO:Xst:3210 - "/home/waseemh/Xilinx_Proj/iA_cordic_6stage/cordic_linear_32bits.vhd" line 281: Output port <carry_out> of the instance <adder_y15> is unconnected or connected to loadless signal.
INFO:Xst:3210 - "/home/waseemh/Xilinx_Proj/iA_cordic_6stage/cordic_linear_32bits.vhd" line 291: Output port <over_flow> of the instance <adder_z1> is unconnected or connected to loadless signal.
INFO:Xst:3210 - "/home/waseemh/Xilinx_Proj/iA_cordic_6stage/cordic_linear_32bits.vhd" line 291: Output port <carry_out> of the instance <adder_z1> is unconnected or connected to loadless signal.
INFO:Xst:3210 - "/home/waseemh/Xilinx_Proj/iA_cordic_6stage/cordic_linear_32bits.vhd" line 300: Output port <over_flow> of the instance <adder_z2> is unconnected or connected to loadless signal.
INFO:Xst:3210 - "/home/waseemh/Xilinx_Proj/iA_cordic_6stage/cordic_linear_32bits.vhd" line 300: Output port <carry_out> of the instance <adder_z2> is unconnected or connected to loadless signal.
INFO:Xst:3210 - "/home/waseemh/Xilinx_Proj/iA_cordic_6stage/cordic_linear_32bits.vhd" line 308: Output port <over_flow> of the instance <adder_z3> is unconnected or connected to loadless signal.
INFO:Xst:3210 - "/home/waseemh/Xilinx_Proj/iA_cordic_6stage/cordic_linear_32bits.vhd" line 308: Output port <carry_out> of the instance <adder_z3> is unconnected or connected to loadless signal.
INFO:Xst:3210 - "/home/waseemh/Xilinx_Proj/iA_cordic_6stage/cordic_linear_32bits.vhd" line 316: Output port <over_flow> of the instance <adder_z4> is unconnected or connected to loadless signal.
INFO:Xst:3210 - "/home/waseemh/Xilinx_Proj/iA_cordic_6stage/cordic_linear_32bits.vhd" line 316: Output port <carry_out> of the instance <adder_z4> is unconnected or connected to loadless signal.
INFO:Xst:3210 - "/home/waseemh/Xilinx_Proj/iA_cordic_6stage/cordic_linear_32bits.vhd" line 325: Output port <over_flow> of the instance <adder_z5> is unconnected or connected to loadless signal.
INFO:Xst:3210 - "/home/waseemh/Xilinx_Proj/iA_cordic_6stage/cordic_linear_32bits.vhd" line 325: Output port <carry_out> of the instance <adder_z5> is unconnected or connected to loadless signal.
INFO:Xst:3210 - "/home/waseemh/Xilinx_Proj/iA_cordic_6stage/cordic_linear_32bits.vhd" line 333: Output port <over_flow> of the instance <adder_z6> is unconnected or connected to loadless signal.
INFO:Xst:3210 - "/home/waseemh/Xilinx_Proj/iA_cordic_6stage/cordic_linear_32bits.vhd" line 333: Output port <carry_out> of the instance <adder_z6> is unconnected or connected to loadless signal.
INFO:Xst:3210 - "/home/waseemh/Xilinx_Proj/iA_cordic_6stage/cordic_linear_32bits.vhd" line 341: Output port <over_flow> of the instance <adder_z7> is unconnected or connected to loadless signal.
INFO:Xst:3210 - "/home/waseemh/Xilinx_Proj/iA_cordic_6stage/cordic_linear_32bits.vhd" line 341: Output port <carry_out> of the instance <adder_z7> is unconnected or connected to loadless signal.
INFO:Xst:3210 - "/home/waseemh/Xilinx_Proj/iA_cordic_6stage/cordic_linear_32bits.vhd" line 349: Output port <over_flow> of the instance <adder_z8> is unconnected or connected to loadless signal.
INFO:Xst:3210 - "/home/waseemh/Xilinx_Proj/iA_cordic_6stage/cordic_linear_32bits.vhd" line 349: Output port <carry_out> of the instance <adder_z8> is unconnected or connected to loadless signal.
INFO:Xst:3210 - "/home/waseemh/Xilinx_Proj/iA_cordic_6stage/cordic_linear_32bits.vhd" line 357: Output port <over_flow> of the instance <adder_z9> is unconnected or connected to loadless signal.
INFO:Xst:3210 - "/home/waseemh/Xilinx_Proj/iA_cordic_6stage/cordic_linear_32bits.vhd" line 357: Output port <carry_out> of the instance <adder_z9> is unconnected or connected to loadless signal.
INFO:Xst:3210 - "/home/waseemh/Xilinx_Proj/iA_cordic_6stage/cordic_linear_32bits.vhd" line 365: Output port <over_flow> of the instance <adder_z10> is unconnected or connected to loadless signal.
INFO:Xst:3210 - "/home/waseemh/Xilinx_Proj/iA_cordic_6stage/cordic_linear_32bits.vhd" line 365: Output port <carry_out> of the instance <adder_z10> is unconnected or connected to loadless signal.
INFO:Xst:3210 - "/home/waseemh/Xilinx_Proj/iA_cordic_6stage/cordic_linear_32bits.vhd" line 373: Output port <over_flow> of the instance <adder_z11> is unconnected or connected to loadless signal.
INFO:Xst:3210 - "/home/waseemh/Xilinx_Proj/iA_cordic_6stage/cordic_linear_32bits.vhd" line 373: Output port <carry_out> of the instance <adder_z11> is unconnected or connected to loadless signal.
INFO:Xst:3210 - "/home/waseemh/Xilinx_Proj/iA_cordic_6stage/cordic_linear_32bits.vhd" line 381: Output port <over_flow> of the instance <adder_z12> is unconnected or connected to loadless signal.
INFO:Xst:3210 - "/home/waseemh/Xilinx_Proj/iA_cordic_6stage/cordic_linear_32bits.vhd" line 381: Output port <carry_out> of the instance <adder_z12> is unconnected or connected to loadless signal.
INFO:Xst:3210 - "/home/waseemh/Xilinx_Proj/iA_cordic_6stage/cordic_linear_32bits.vhd" line 389: Output port <over_flow> of the instance <adder_z13> is unconnected or connected to loadless signal.
INFO:Xst:3210 - "/home/waseemh/Xilinx_Proj/iA_cordic_6stage/cordic_linear_32bits.vhd" line 389: Output port <carry_out> of the instance <adder_z13> is unconnected or connected to loadless signal.
INFO:Xst:3210 - "/home/waseemh/Xilinx_Proj/iA_cordic_6stage/cordic_linear_32bits.vhd" line 397: Output port <over_flow> of the instance <adder_z14> is unconnected or connected to loadless signal.
INFO:Xst:3210 - "/home/waseemh/Xilinx_Proj/iA_cordic_6stage/cordic_linear_32bits.vhd" line 397: Output port <carry_out> of the instance <adder_z14> is unconnected or connected to loadless signal.
INFO:Xst:3210 - "/home/waseemh/Xilinx_Proj/iA_cordic_6stage/cordic_linear_32bits.vhd" line 405: Output port <over_flow> of the instance <adder_z15> is unconnected or connected to loadless signal.
INFO:Xst:3210 - "/home/waseemh/Xilinx_Proj/iA_cordic_6stage/cordic_linear_32bits.vhd" line 405: Output port <carry_out> of the instance <adder_z15> is unconnected or connected to loadless signal.
    Summary:
	inferred   2 Multiplexer(s).
Unit <cordic_linear_32bits> synthesized.

Synthesizing Unit <normalization_module>.
    Related source file is "/home/waseemh/Xilinx_Proj/iA_cordic_6stage/last_normalized.vhd".
    Summary:
	inferred   1 Multiplexer(s).
Unit <normalization_module> synthesized.

Synthesizing Unit <forty_bit_add_sub>.
    Related source file is "/home/waseemh/Xilinx_Proj/iA_cordic_6stage/forty_bit_add_sub.vhd".
INFO:Xst:2774 - HDL ADVISOR - KEEP property attached to signal result<39> may hinder XST clustering optimizations.
    Summary:
	inferred   1 Multiplexer(s).
Unit <forty_bit_add_sub> synthesized.

Synthesizing Unit <forty_bit_adder>.
    Related source file is "/home/waseemh/Xilinx_Proj/iA_cordic_6stage/forty_bit_adder.vhd".
    Summary:
	no macro.
Unit <forty_bit_adder> synthesized.

Synthesizing Unit <four_bits_CLA_adder>.
    Related source file is "/home/waseemh/Xilinx_Proj/iA_cordic_6stage/four_bits_CLA_adder.vhd".
    Summary:
Unit <four_bits_CLA_adder> synthesized.

Synthesizing Unit <carry_look_ahead_block_extended>.
    Related source file is "/home/waseemh/Xilinx_Proj/iA_cordic_6stage/carry_look_ahead_block_extended.vhd".
    Summary:
	no macro.
Unit <carry_look_ahead_block_extended> synthesized.

=========================================================================
HDL Synthesis Report

Macro Statistics
# Multiplexers                                         : 34
 40-bit 2-to-1 multiplexer                             : 34
# Xors                                                 : 2400
 1-bit xor2                                            : 2400

=========================================================================

=========================================================================
*                       Advanced HDL Synthesis                          *
=========================================================================

WARNING:Xst:1290 - Hierarchical block <eighth_4bits> is unconnected in block <adder>.
   It will be removed from the design.
WARNING:Xst:1290 - Hierarchical block <ninth_4bits> is unconnected in block <adder>.
   It will be removed from the design.
WARNING:Xst:1290 - Hierarchical block <tenth_4bits> is unconnected in block <adder>.
   It will be removed from the design.
WARNING:Xst:1290 - Hierarchical block <eighth_4bits> is unconnected in block <adder>.
   It will be removed from the design.
WARNING:Xst:1290 - Hierarchical block <ninth_4bits> is unconnected in block <adder>.
   It will be removed from the design.
WARNING:Xst:1290 - Hierarchical block <tenth_4bits> is unconnected in block <adder>.
   It will be removed from the design.
WARNING:Xst:1290 - Hierarchical block <eighth_4bits> is unconnected in block <adder>.
   It will be removed from the design.
WARNING:Xst:1290 - Hierarchical block <ninth_4bits> is unconnected in block <adder>.
   It will be removed from the design.
WARNING:Xst:1290 - Hierarchical block <tenth_4bits> is unconnected in block <adder>.
   It will be removed from the design.
WARNING:Xst:1290 - Hierarchical block <eighth_4bits> is unconnected in block <adder>.
   It will be removed from the design.
WARNING:Xst:1290 - Hierarchical block <ninth_4bits> is unconnected in block <adder>.
   It will be removed from the design.
WARNING:Xst:1290 - Hierarchical block <tenth_4bits> is unconnected in block <adder>.
   It will be removed from the design.
WARNING:Xst:1290 - Hierarchical block <eighth_4bits> is unconnected in block <adder>.
   It will be removed from the design.
WARNING:Xst:1290 - Hierarchical block <ninth_4bits> is unconnected in block <adder>.
   It will be removed from the design.
WARNING:Xst:1290 - Hierarchical block <tenth_4bits> is unconnected in block <adder>.
   It will be removed from the design.
WARNING:Xst:1290 - Hierarchical block <eighth_4bits> is unconnected in block <adder>.
   It will be removed from the design.
WARNING:Xst:1290 - Hierarchical block <ninth_4bits> is unconnected in block <adder>.
   It will be removed from the design.
WARNING:Xst:1290 - Hierarchical block <tenth_4bits> is unconnected in block <adder>.
   It will be removed from the design.
WARNING:Xst:1290 - Hierarchical block <eighth_4bits> is unconnected in block <adder>.
   It will be removed from the design.
WARNING:Xst:1290 - Hierarchical block <ninth_4bits> is unconnected in block <adder>.
   It will be removed from the design.
WARNING:Xst:1290 - Hierarchical block <tenth_4bits> is unconnected in block <adder>.
   It will be removed from the design.
WARNING:Xst:1290 - Hierarchical block <eighth_4bits> is unconnected in block <adder>.
   It will be removed from the design.
WARNING:Xst:1290 - Hierarchical block <ninth_4bits> is unconnected in block <adder>.
   It will be removed from the design.
WARNING:Xst:1290 - Hierarchical block <tenth_4bits> is unconnected in block <adder>.
   It will be removed from the design.
WARNING:Xst:1290 - Hierarchical block <eighth_4bits> is unconnected in block <adder>.
   It will be removed from the design.
WARNING:Xst:1290 - Hierarchical block <ninth_4bits> is unconnected in block <adder>.
   It will be removed from the design.
WARNING:Xst:1290 - Hierarchical block <tenth_4bits> is unconnected in block <adder>.
   It will be removed from the design.
WARNING:Xst:1290 - Hierarchical block <eighth_4bits> is unconnected in block <adder>.
   It will be removed from the design.
WARNING:Xst:1290 - Hierarchical block <ninth_4bits> is unconnected in block <adder>.
   It will be removed from the design.
WARNING:Xst:1290 - Hierarchical block <tenth_4bits> is unconnected in block <adder>.
   It will be removed from the design.
WARNING:Xst:1290 - Hierarchical block <eighth_4bits> is unconnected in block <adder>.
   It will be removed from the design.
WARNING:Xst:1290 - Hierarchical block <ninth_4bits> is unconnected in block <adder>.
   It will be removed from the design.
WARNING:Xst:1290 - Hierarchical block <tenth_4bits> is unconnected in block <adder>.
   It will be removed from the design.
WARNING:Xst:1290 - Hierarchical block <eighth_4bits> is unconnected in block <adder>.
   It will be removed from the design.
WARNING:Xst:1290 - Hierarchical block <ninth_4bits> is unconnected in block <adder>.
   It will be removed from the design.
WARNING:Xst:1290 - Hierarchical block <tenth_4bits> is unconnected in block <adder>.
   It will be removed from the design.
WARNING:Xst:1290 - Hierarchical block <eighth_4bits> is unconnected in block <adder>.
   It will be removed from the design.
WARNING:Xst:1290 - Hierarchical block <ninth_4bits> is unconnected in block <adder>.
   It will be removed from the design.
WARNING:Xst:1290 - Hierarchical block <tenth_4bits> is unconnected in block <adder>.
   It will be removed from the design.
WARNING:Xst:1290 - Hierarchical block <eighth_4bits> is unconnected in block <adder>.
   It will be removed from the design.
WARNING:Xst:1290 - Hierarchical block <ninth_4bits> is unconnected in block <adder>.
   It will be removed from the design.
WARNING:Xst:1290 - Hierarchical block <tenth_4bits> is unconnected in block <adder>.
   It will be removed from the design.
WARNING:Xst:1290 - Hierarchical block <eighth_4bits> is unconnected in block <adder>.
   It will be removed from the design.
WARNING:Xst:1290 - Hierarchical block <ninth_4bits> is unconnected in block <adder>.
   It will be removed from the design.
WARNING:Xst:1290 - Hierarchical block <tenth_4bits> is unconnected in block <adder>.
   It will be removed from the design.
WARNING:Xst:1290 - Hierarchical block <adder_z15> is unconnected in block <cordic_linear_32bits>.
   It will be removed from the design.

=========================================================================
Advanced HDL Synthesis Report

Macro Statistics
# Multiplexers                                         : 34
 40-bit 2-to-1 multiplexer                             : 34
# Xors                                                 : 2400
 1-bit xor2                                            : 2400

=========================================================================

=========================================================================
*                         Low Level Synthesis                           *
=========================================================================

Optimizing unit <cordic_linear_32bits> ...

Optimizing unit <forty_bit_add_sub> ...

Optimizing unit <forty_bit_adder> ...

Mapping all equations...
Building and optimizing final netlist ...
Found area constraint ratio of 100 (+ 5) on block cordic_linear_32bits, actual ratio is 4.

Final Macro Processing ...

=========================================================================
Final Register Report

Found no macro
=========================================================================

=========================================================================
*                           Partition Report                            *
=========================================================================

Partition Implementation Status
-------------------------------

  No Partitions were found in this design.

-------------------------------

=========================================================================
*                            Design Summary                             *
=========================================================================

Top Level Output File Name         : cordic_linear_32bits.ngc

Primitive and Black Box Usage:
------------------------------
# BELS                             : 1251
#      GND                         : 1
#      INV                         : 1
#      LUT2                        : 10
#      LUT3                        : 109
#      LUT4                        : 255
#      LUT5                        : 436
#      LUT6                        : 439
# IO Buffers                       : 90
#      IBUF                        : 58
#      OBUF                        : 32

Device utilization summary:
---------------------------

Selected Device : 7a100tcsg324-3 


Slice Logic Utilization: 
 Number of Slice LUTs:                 1250  out of  63400     1%  
    Number used as Logic:              1250  out of  63400     1%  

Slice Logic Distribution: 
 Number of LUT Flip Flop pairs used:   1250
   Number with an unused Flip Flop:    1250  out of   1250   100%  
   Number with an unused LUT:             0  out of   1250     0%  
   Number of fully used LUT-FF pairs:     0  out of   1250     0%  
   Number of unique control sets:         0

IO Utilization: 
 Number of IOs:                          96
 Number of bonded IOBs:                  90  out of    210    42%  

Specific Feature Utilization:

---------------------------
Partition Resource Summary:
---------------------------

  No Partitions were found in this design.

---------------------------


=========================================================================
Timing Report

NOTE: THESE TIMING NUMBERS ARE ONLY A SYNTHESIS ESTIMATE.
      FOR ACCURATE TIMING INFORMATION PLEASE REFER TO THE TRACE REPORT
      GENERATED AFTER PLACE-and-ROUTE.

Clock Information:
------------------
No clock signals found in this design

Asynchronous Control Signals Information:
----------------------------------------
No asynchronous control signals found in this design

Timing Summary:
---------------
Speed Grade: -3

   Minimum period: No path found
   Minimum input arrival time before clock: No path found
   Maximum output required time after clock: No path found
   Maximum combinational path delay: 42.964ns

Timing Details:
---------------
All values displayed in nanoseconds (ns)

=========================================================================
Timing constraint: Default path analysis
  Total number of paths / destination ports: 404252325030671168 / 26
-------------------------------------------------------------------------
Delay:               42.964ns (Levels of Logic = 80)
  Source:            operand_b<26> (PAD)
  Destination:       result<28> (PAD)

  Data Path: operand_b<26> to result<28>
                                Gate     Net
    Cell:in->out      fanout   Delay   Delay  Logical Name (Net Name)
    ----------------------------------------  ------------
     IBUF:I->O             3   0.001   0.566  operand_b_26_IBUF (operand_b_26_IBUF)
     LUT4:I0->O            1   0.097   0.295  norm_2/type_shift<23>_SW0 (N2)
     LUT6:I5->O           81   0.097   0.626  norm_2/type_shift<23> (dummy_out_2)
     LUT3:I0->O           25   0.097   0.485  norm_2/Mmux_norm_operand161 (adder_z3/adder/c_group<5>)
     LUT2:I0->O            4   0.097   0.525  adder_z3/adder/CLA_block/C_OUT<5>11 (adder_z3/adder/CLA_block/C_OUT<5>)
     LUT6:I3->O           45   0.097   0.620  adder_z3/adder/CLA_block/C_OUT<6>1 (adder_z3/adder/c_group<6>)
     LUT5:I2->O            2   0.097   0.383  adder_z4/adder/CLA_block/C_OUT<2>2 (adder_z4/adder/c_group<2>)
     LUT6:I4->O            2   0.097   0.383  adder_z4/adder/CLA_block/C_OUT<3>2 (adder_z4/adder/c_group<3>)
     LUT6:I4->O            2   0.097   0.383  adder_z4/adder/CLA_block/C_OUT<4>2 (adder_z4/adder/c_group<4>)
     LUT6:I4->O            4   0.097   0.570  adder_z4/adder/CLA_block/C_OUT<5>1 (adder_z4/adder/CLA_block/C_OUT<5>)
     LUT5:I1->O            1   0.097   0.295  adder_z4/adder/sixth_4bits/c<2>1 (adder_z4/adder/sixth_4bits/c<2>)
     LUT3:I2->O            9   0.097   0.593  adder_z4/adder/sixth_4bits/Mxor_sum<3>_xo<0>11 (z_4<23>)
     LUT5:I1->O            4   0.097   0.393  adder_z5/adder/CLA_block/C_OUT<6>11 (adder_z5/adder/CLA_block/C_OUT<6>)
     LUT4:I2->O           45   0.097   0.802  adder_z5/adder/CLA_block/C_OUT<8>11 (adder_z6/adder/c_group<4>)
     LUT6:I0->O            2   0.097   0.515  adder_z6/adder/CLA_block/C_OUT<6>2 (adder_z6/adder/c_group<6>)
     LUT4:I1->O            3   0.097   0.389  adder_z6/adder/CLA_block/C_OUT<7>21 (adder_z6/adder/c_group<7>)
     LUT4:I2->O           75   0.097   0.625  adder_z6/adder/CLA_block/C_OUT<8>21 (adder_z6/adder/c_group<8>)
     LUT3:I0->O            2   0.097   0.383  adder_z7/adder/CLA_block/C_OUT<5>21 (adder_z7/adder/c_group<5>)
     LUT6:I4->O            2   0.097   0.384  adder_z7/adder/CLA_block/C_OUT<6>2 (adder_z7/adder/c_group<6>)
     LUT6:I4->O            4   0.097   0.393  adder_z7/adder/CLA_block/C_OUT<7>2 (adder_z7/adder/c_group<7>)
     LUT5:I3->O            4   0.097   0.309  adder_z7/adder/CLA_block/C_OUT<8>21 (adder_z7/adder/c_group<8>)
     LUT3:I2->O           65   0.097   0.668  adder_z7/adder/CLA_block/C_OUT<9>11 (adder_z7/adder/CLA_block/C_OUT<9>)
     LUT4:I0->O            2   0.097   0.383  adder_z8/adder/CLA_block/C_OUT<5>2 (adder_z8/adder/c_group<5>)
     LUT6:I4->O            2   0.097   0.383  adder_z8/adder/CLA_block/C_OUT<6>2 (adder_z8/adder/c_group<6>)
     LUT6:I4->O            4   0.097   0.393  adder_z8/adder/CLA_block/C_OUT<7>2 (adder_z8/adder/c_group<7>)
     LUT6:I4->O            4   0.097   0.393  adder_z8/adder/CLA_block/C_OUT<8>2 (adder_z8/adder/c_group<8>)
     LUT5:I3->O           70   0.097   0.806  adder_z8/adder/tenth_4bits/Mxor_sum<0>_xo<0>11 (adder_y9/b_feed<16>)
     LUT6:I0->O            2   0.097   0.383  adder_z9/adder/CLA_block/C_OUT<5>2 (adder_z9/adder/c_group<5>)
     LUT6:I4->O            2   0.097   0.383  adder_z9/adder/CLA_block/C_OUT<6>2 (adder_z9/adder/c_group<6>)
     LUT6:I4->O            4   0.097   0.393  adder_z9/adder/CLA_block/C_OUT<7>2 (adder_z9/adder/c_group<7>)
     LUT6:I4->O            3   0.097   0.389  adder_z9/adder/CLA_block/C_OUT<8>2 (adder_z9/adder/c_group<8>)
     LUT6:I4->O            2   0.097   0.515  adder_z9/adder/CLA_block/C_OUT<9>1 (adder_z9/adder/CLA_block/C_OUT<9>)
     LUT3:I0->O           68   0.097   0.806  adder_z9/adder/tenth_4bits/Mxor_sum<1>_xo<0>11 (adder_y10/b_feed<15>)
     LUT6:I0->O            2   0.097   0.383  adder_z10/adder/CLA_block/C_OUT<5>2 (adder_z10/adder/c_group<5>)
     LUT6:I4->O            2   0.097   0.383  adder_z10/adder/CLA_block/C_OUT<6>2 (adder_z10/adder/c_group<6>)
     LUT6:I4->O            4   0.097   0.393  adder_z10/adder/CLA_block/C_OUT<7>2 (adder_z10/adder/c_group<7>)
     LUT6:I4->O            3   0.097   0.389  adder_z10/adder/CLA_block/C_OUT<8>2 (adder_z10/adder/c_group<8>)
     LUT6:I4->O            2   0.097   0.515  adder_z10/adder/CLA_block/C_OUT<9>1 (adder_z10/adder/CLA_block/C_OUT<9>)
     LUT3:I0->O           74   0.097   0.409  adder_z10/adder/tenth_4bits/Mxor_sum<1>_xo<0>11 (adder_y11/b_feed<14>)
     LUT3:I2->O            2   0.097   0.383  adder_z11/adder/CLA_block/C_OUT<4>2 (adder_z11/adder/c_group<4>)
     LUT6:I4->O            2   0.097   0.383  adder_z11/adder/CLA_block/C_OUT<5>2 (adder_z11/adder/c_group<5>)
     LUT6:I4->O            2   0.097   0.383  adder_z11/adder/CLA_block/C_OUT<6>2 (adder_z11/adder/c_group<6>)
     LUT6:I4->O            4   0.097   0.393  adder_z11/adder/CLA_block/C_OUT<7>2 (adder_z11/adder/c_group<7>)
     LUT6:I4->O            3   0.097   0.389  adder_z11/adder/CLA_block/C_OUT<8>2 (adder_z11/adder/c_group<8>)
     LUT6:I4->O            2   0.097   0.515  adder_z11/adder/CLA_block/C_OUT<9>1 (adder_z11/adder/CLA_block/C_OUT<9>)
     LUT3:I0->O           63   0.097   0.805  adder_z11/adder/tenth_4bits/Mxor_sum<1>_xo<0>11 (adder_y12/b_feed<13>)
     LUT6:I0->O            2   0.097   0.383  adder_z12/adder/CLA_block/C_OUT<4>2 (adder_z12/adder/c_group<4>)
     LUT6:I4->O            2   0.097   0.383  adder_z12/adder/CLA_block/C_OUT<5>2 (adder_z12/adder/c_group<5>)
     LUT6:I4->O            2   0.097   0.384  adder_z12/adder/CLA_block/C_OUT<6>2 (adder_z12/adder/c_group<6>)
     LUT6:I4->O            4   0.097   0.393  adder_z12/adder/CLA_block/C_OUT<7>2 (adder_z12/adder/c_group<7>)
     LUT6:I4->O            3   0.097   0.389  adder_z12/adder/CLA_block/C_OUT<8>2 (adder_z12/adder/c_group<8>)
     LUT6:I4->O            2   0.097   0.516  adder_z12/adder/CLA_block/C_OUT<9>1 (adder_z12/adder/CLA_block/C_OUT<9>)
     LUT3:I0->O           70   0.097   0.796  adder_z12/adder/tenth_4bits/Mxor_sum<1>_xo<0>11 (adder_y13/b_feed<12>)
     LUT5:I0->O            2   0.097   0.384  adder_z13/adder/CLA_block/C_OUT<4>2 (adder_z13/adder/c_group<4>)
     LUT6:I4->O            2   0.097   0.384  adder_z13/adder/CLA_block/C_OUT<5>2 (adder_z13/adder/c_group<5>)
     LUT6:I4->O            2   0.097   0.384  adder_z13/adder/CLA_block/C_OUT<6>2 (adder_z13/adder/c_group<6>)
     LUT6:I4->O            4   0.097   0.393  adder_z13/adder/CLA_block/C_OUT<7>2 (adder_z13/adder/c_group<7>)
     LUT6:I4->O            3   0.097   0.389  adder_z13/adder/CLA_block/C_OUT<8>2 (adder_z13/adder/c_group<8>)
     LUT6:I4->O            2   0.097   0.516  adder_z13/adder/CLA_block/C_OUT<9>1 (adder_z13/adder/CLA_block/C_OUT<9>)
     LUT3:I0->O           42   0.097   0.488  adder_z13/adder/tenth_4bits/Mxor_sum<1>_xo<0>11 (adder_y14/b_feed<11>)
     LUT3:I1->O            1   0.097   0.295  adder_z14/adder/tenth_4bits/c<2>3 (adder_z14/adder/tenth_4bits/c<2>3)
     LUT6:I5->O            1   0.097   0.295  adder_z14/adder/tenth_4bits/c<2>4 (adder_z14/adder/tenth_4bits/c<2>4)
     LUT6:I5->O            1   0.097   0.295  adder_z14/adder/tenth_4bits/c<2>5 (adder_z14/adder/tenth_4bits/c<2>5)
     LUT6:I5->O            1   0.097   0.295  adder_z14/adder/tenth_4bits/c<2>6 (adder_z14/adder/tenth_4bits/c<2>6)
     LUT6:I5->O            1   0.097   0.295  adder_z14/adder/tenth_4bits/c<2>7 (adder_z14/adder/tenth_4bits/c<2>7)
     LUT6:I5->O            1   0.097   0.295  adder_z14/adder/tenth_4bits/c<2>8 (adder_z14/adder/tenth_4bits/c<2>8)
     LUT5:I4->O            1   0.097   0.295  adder_z14/adder/tenth_4bits/c<2>91 (adder_z14/adder/tenth_4bits/c<2>9)
     LUT3:I2->O           45   0.097   0.488  adder_z14/adder/tenth_4bits/Mxor_sum<3>_xo<0>111 (adder_y15/b_feed<10>)
     LUT4:I2->O            3   0.097   0.566  adder_y15/Mmux_b_feed341 (adder_y15/b_feed<3>)
     LUT6:I2->O            2   0.097   0.698  adder_y15/adder/first_4bits/Mxor_p<3>_xo<0>1 (adder_y15/adder/first_4bits/p<3>)
     LUT6:I0->O            4   0.097   0.309  adder_y15/adder/CLA_block/C_OUT<1> (adder_y15/adder/c_group<1>)
     LUT5:I4->O            5   0.097   0.314  adder_y15/adder/second_4bits/c<2>1 (adder_y15/adder/second_4bits/c<2>)
     LUT5:I4->O            5   0.097   0.712  adder_y15/adder/CLA_block/C_OUT<2>4 (adder_y15/adder/c_group<2>)
     LUT6:I0->O            2   0.097   0.516  adder_y15/adder/CLA_block/C_OUT<3>3_SW0 (N32)
     LUT6:I3->O            2   0.097   0.299  adder_y15/adder/CLA_block/C_OUT<3>4 (adder_y15/adder/c_group<3>)
     LUT6:I5->O            3   0.097   0.305  adder_y15/adder/CLA_block/C_OUT<4>2 (adder_y15/adder/c_group<4>)
     LUT6:I5->O            1   0.097   0.556  adder_y15/adder/CLA_block/C_OUT<5>1 (adder_y15/adder/CLA_block/C_OUT<5>)
     LUT5:I1->O            2   0.097   0.561  adder_y15/adder/sixth_4bits/c<2>1 (adder_y15/adder/sixth_4bits/c<2>)
     LUT6:I2->O            1   0.097   0.279  Mmux_temp192 (result_28_OBUF)
     OBUF:I->O                 0.000          result_28_OBUF (result<28>)
    ----------------------------------------
    Total                     42.964ns (7.567ns logic, 35.397ns route)
                                       (17.6% logic, 82.4% route)

=========================================================================

Cross Clock Domains Report:
--------------------------

=========================================================================


Total REAL time to Xst completion: 16.00 secs
Total CPU time to Xst completion: 15.22 secs
 
--> 


Total memory usage is 506456 kilobytes

Number of errors   :    0 (   0 filtered)
Number of warnings :   89 (   0 filtered)
Number of infos    :   61 (   0 filtered)

