--------------------------------------------------------------------------------
Release 14.7 Trace  (lin64)
Copyright (c) 1995-2013 Xilinx, Inc.  All rights reserved.

/home/waseemh/Xilinx/14.7/ISE_DS/ISE/bin/lin64/unwrapped/trce -intstyle ise -v
3 -s 3 -n 3 -fastpaths -xml cordic_linear_32bits.twx cordic_linear_32bits.ncd
-o cordic_linear_32bits.twr cordic_linear_32bits.pcf

Design file:              cordic_linear_32bits.ncd
Physical constraint file: cordic_linear_32bits.pcf
Device,package,speed:     xc7a100t,csg324,C,-3 (PRODUCTION 1.10 2013-10-13)
Report level:             verbose report

Environment Variable      Effect 
--------------------      ------ 
NONE                      No environment variables were set
--------------------------------------------------------------------------------

INFO:Timing:2698 - No timing constraints found, doing default enumeration.
INFO:Timing:3412 - To improve timing, see the Timing Closure User Guide (UG612).
INFO:Timing:2752 - To get complete path coverage, use the unconstrained paths 
   option. All paths that are not constrained will be reported in the 
   unconstrained paths section(s) of the report.
INFO:Timing:3339 - The clock-to-out numbers in this timing report are based on 
   a 50 Ohm transmission line loading model.  For the details of this model, 
   and for more information on accounting for different loading conditions, 
   please see the device datasheet.



Data Sheet report:
-----------------
All values displayed in nanoseconds (ns)

Pad to Pad
---------------+---------------+---------+
Source Pad     |Destination Pad|  Delay  |
---------------+---------------+---------+
operand_a<0>   |result<2>      |   11.393|
operand_a<0>   |result<3>      |   20.105|
operand_a<0>   |result<4>      |   19.995|
operand_a<0>   |result<5>      |   20.926|
operand_a<0>   |result<6>      |   21.551|
operand_a<0>   |result<7>      |   22.765|
operand_a<0>   |result<8>      |   22.664|
operand_a<0>   |result<9>      |   23.194|
operand_a<0>   |result<10>     |   24.065|
operand_a<0>   |result<11>     |   27.433|
operand_a<0>   |result<12>     |   26.279|
operand_a<0>   |result<13>     |   26.274|
operand_a<0>   |result<14>     |   27.099|
operand_a<0>   |result<15>     |   27.300|
operand_a<0>   |result<16>     |   28.856|
operand_a<0>   |result<17>     |   30.009|
operand_a<0>   |result<18>     |   30.318|
operand_a<0>   |result<19>     |   30.827|
operand_a<0>   |result<20>     |   31.390|
operand_a<0>   |result<21>     |   32.174|
operand_a<0>   |result<22>     |   32.344|
operand_a<0>   |result<23>     |   32.521|
operand_a<0>   |result<24>     |   33.600|
operand_a<0>   |result<25>     |   33.803|
operand_a<0>   |result<26>     |   33.988|
operand_a<0>   |result<27>     |   34.417|
operand_a<0>   |result<28>     |   34.546|
operand_a<0>   |result<29>     |   35.139|
operand_a<0>   |result<30>     |   34.830|
operand_a<0>   |result<31>     |   35.455|
operand_a<1>   |result<2>      |   11.589|
operand_a<1>   |result<3>      |   17.151|
operand_a<1>   |result<4>      |   17.041|
operand_a<1>   |result<5>      |   17.959|
operand_a<1>   |result<6>      |   18.584|
operand_a<1>   |result<7>      |   19.798|
operand_a<1>   |result<8>      |   19.697|
operand_a<1>   |result<9>      |   20.227|
operand_a<1>   |result<10>     |   21.098|
operand_a<1>   |result<11>     |   24.376|
operand_a<1>   |result<12>     |   23.222|
operand_a<1>   |result<13>     |   23.217|
operand_a<1>   |result<14>     |   24.042|
operand_a<1>   |result<15>     |   24.243|
operand_a<1>   |result<16>     |   25.799|
operand_a<1>   |result<17>     |   26.952|
operand_a<1>   |result<18>     |   27.261|
operand_a<1>   |result<19>     |   27.770|
operand_a<1>   |result<20>     |   28.229|
operand_a<1>   |result<21>     |   29.013|
operand_a<1>   |result<22>     |   29.183|
operand_a<1>   |result<23>     |   29.360|
operand_a<1>   |result<24>     |   30.439|
operand_a<1>   |result<25>     |   30.642|
operand_a<1>   |result<26>     |   30.827|
operand_a<1>   |result<27>     |   31.256|
operand_a<1>   |result<28>     |   31.385|
operand_a<1>   |result<29>     |   31.978|
operand_a<1>   |result<30>     |   31.669|
operand_a<1>   |result<31>     |   32.294|
operand_a<2>   |result<2>      |   10.624|
operand_a<2>   |result<3>      |   16.055|
operand_a<2>   |result<4>      |   15.945|
operand_a<2>   |result<5>      |   16.819|
operand_a<2>   |result<6>      |   17.444|
operand_a<2>   |result<7>      |   18.658|
operand_a<2>   |result<8>      |   18.557|
operand_a<2>   |result<9>      |   19.087|
operand_a<2>   |result<10>     |   20.038|
operand_a<2>   |result<11>     |   23.605|
operand_a<2>   |result<12>     |   22.451|
operand_a<2>   |result<13>     |   22.446|
operand_a<2>   |result<14>     |   23.271|
operand_a<2>   |result<15>     |   23.472|
operand_a<2>   |result<16>     |   25.028|
operand_a<2>   |result<17>     |   26.181|
operand_a<2>   |result<18>     |   26.490|
operand_a<2>   |result<19>     |   26.999|
operand_a<2>   |result<20>     |   27.487|
operand_a<2>   |result<21>     |   28.271|
operand_a<2>   |result<22>     |   28.441|
operand_a<2>   |result<23>     |   28.618|
operand_a<2>   |result<24>     |   29.697|
operand_a<2>   |result<25>     |   29.900|
operand_a<2>   |result<26>     |   30.085|
operand_a<2>   |result<27>     |   30.514|
operand_a<2>   |result<28>     |   30.643|
operand_a<2>   |result<29>     |   31.236|
operand_a<2>   |result<30>     |   30.927|
operand_a<2>   |result<31>     |   31.552|
operand_a<3>   |result<2>      |   11.164|
operand_a<3>   |result<3>      |   17.026|
operand_a<3>   |result<4>      |   16.916|
operand_a<3>   |result<5>      |   17.575|
operand_a<3>   |result<6>      |   18.200|
operand_a<3>   |result<7>      |   19.414|
operand_a<3>   |result<8>      |   19.313|
operand_a<3>   |result<9>      |   19.786|
operand_a<3>   |result<10>     |   20.657|
operand_a<3>   |result<11>     |   24.987|
operand_a<3>   |result<12>     |   23.833|
operand_a<3>   |result<13>     |   23.828|
operand_a<3>   |result<14>     |   24.653|
operand_a<3>   |result<15>     |   24.854|
operand_a<3>   |result<16>     |   26.410|
operand_a<3>   |result<17>     |   27.563|
operand_a<3>   |result<18>     |   27.872|
operand_a<3>   |result<19>     |   28.381|
operand_a<3>   |result<20>     |   29.137|
operand_a<3>   |result<21>     |   29.921|
operand_a<3>   |result<22>     |   30.091|
operand_a<3>   |result<23>     |   30.268|
operand_a<3>   |result<24>     |   31.347|
operand_a<3>   |result<25>     |   31.550|
operand_a<3>   |result<26>     |   31.735|
operand_a<3>   |result<27>     |   32.164|
operand_a<3>   |result<28>     |   32.293|
operand_a<3>   |result<29>     |   32.886|
operand_a<3>   |result<30>     |   32.577|
operand_a<3>   |result<31>     |   33.202|
operand_a<4>   |result<2>      |   10.278|
operand_a<4>   |result<3>      |   14.507|
operand_a<4>   |result<4>      |   14.397|
operand_a<4>   |result<5>      |   15.056|
operand_a<4>   |result<6>      |   15.681|
operand_a<4>   |result<7>      |   16.895|
operand_a<4>   |result<8>      |   16.794|
operand_a<4>   |result<9>      |   17.422|
operand_a<4>   |result<10>     |   18.838|
operand_a<4>   |result<11>     |   23.037|
operand_a<4>   |result<12>     |   21.883|
operand_a<4>   |result<13>     |   21.878|
operand_a<4>   |result<14>     |   22.703|
operand_a<4>   |result<15>     |   22.904|
operand_a<4>   |result<16>     |   24.460|
operand_a<4>   |result<17>     |   25.613|
operand_a<4>   |result<18>     |   25.922|
operand_a<4>   |result<19>     |   26.431|
operand_a<4>   |result<20>     |   27.187|
operand_a<4>   |result<21>     |   27.971|
operand_a<4>   |result<22>     |   28.141|
operand_a<4>   |result<23>     |   28.318|
operand_a<4>   |result<24>     |   29.397|
operand_a<4>   |result<25>     |   29.600|
operand_a<4>   |result<26>     |   29.785|
operand_a<4>   |result<27>     |   30.214|
operand_a<4>   |result<28>     |   30.343|
operand_a<4>   |result<29>     |   30.936|
operand_a<4>   |result<30>     |   30.627|
operand_a<4>   |result<31>     |   31.252|
operand_a<5>   |result<2>      |   10.315|
operand_a<5>   |result<3>      |   14.671|
operand_a<5>   |result<4>      |   14.561|
operand_a<5>   |result<5>      |   15.236|
operand_a<5>   |result<6>      |   15.861|
operand_a<5>   |result<7>      |   17.075|
operand_a<5>   |result<8>      |   16.974|
operand_a<5>   |result<9>      |   17.447|
operand_a<5>   |result<10>     |   19.270|
operand_a<5>   |result<11>     |   23.971|
operand_a<5>   |result<12>     |   22.817|
operand_a<5>   |result<13>     |   22.812|
operand_a<5>   |result<14>     |   23.637|
operand_a<5>   |result<15>     |   23.838|
operand_a<5>   |result<16>     |   25.394|
operand_a<5>   |result<17>     |   26.547|
operand_a<5>   |result<18>     |   26.856|
operand_a<5>   |result<19>     |   27.365|
operand_a<5>   |result<20>     |   28.121|
operand_a<5>   |result<21>     |   28.905|
operand_a<5>   |result<22>     |   29.075|
operand_a<5>   |result<23>     |   29.252|
operand_a<5>   |result<24>     |   30.331|
operand_a<5>   |result<25>     |   30.534|
operand_a<5>   |result<26>     |   30.719|
operand_a<5>   |result<27>     |   31.148|
operand_a<5>   |result<28>     |   31.277|
operand_a<5>   |result<29>     |   31.870|
operand_a<5>   |result<30>     |   31.561|
operand_a<5>   |result<31>     |   32.186|
operand_a<6>   |result<2>      |    9.981|
operand_a<6>   |result<3>      |   13.757|
operand_a<6>   |result<4>      |   13.647|
operand_a<6>   |result<5>      |   14.281|
operand_a<6>   |result<6>      |   14.906|
operand_a<6>   |result<7>      |   16.120|
operand_a<6>   |result<8>      |   16.019|
operand_a<6>   |result<9>      |   16.699|
operand_a<6>   |result<10>     |   18.349|
operand_a<6>   |result<11>     |   22.175|
operand_a<6>   |result<12>     |   21.021|
operand_a<6>   |result<13>     |   21.016|
operand_a<6>   |result<14>     |   21.841|
operand_a<6>   |result<15>     |   22.042|
operand_a<6>   |result<16>     |   23.598|
operand_a<6>   |result<17>     |   24.751|
operand_a<6>   |result<18>     |   25.060|
operand_a<6>   |result<19>     |   25.702|
operand_a<6>   |result<20>     |   26.799|
operand_a<6>   |result<21>     |   27.583|
operand_a<6>   |result<22>     |   27.753|
operand_a<6>   |result<23>     |   27.930|
operand_a<6>   |result<24>     |   29.009|
operand_a<6>   |result<25>     |   29.212|
operand_a<6>   |result<26>     |   29.397|
operand_a<6>   |result<27>     |   29.826|
operand_a<6>   |result<28>     |   29.955|
operand_a<6>   |result<29>     |   30.548|
operand_a<6>   |result<30>     |   30.239|
operand_a<6>   |result<31>     |   30.864|
operand_a<7>   |result<2>      |   14.754|
operand_a<7>   |result<3>      |   19.089|
operand_a<7>   |result<4>      |   18.979|
operand_a<7>   |result<5>      |   19.910|
operand_a<7>   |result<6>      |   20.535|
operand_a<7>   |result<7>      |   21.749|
operand_a<7>   |result<8>      |   21.648|
operand_a<7>   |result<9>      |   22.178|
operand_a<7>   |result<10>     |   23.049|
operand_a<7>   |result<11>     |   26.475|
operand_a<7>   |result<12>     |   25.321|
operand_a<7>   |result<13>     |   25.316|
operand_a<7>   |result<14>     |   26.141|
operand_a<7>   |result<15>     |   26.342|
operand_a<7>   |result<16>     |   27.898|
operand_a<7>   |result<17>     |   29.051|
operand_a<7>   |result<18>     |   29.360|
operand_a<7>   |result<19>     |   29.869|
operand_a<7>   |result<20>     |   30.432|
operand_a<7>   |result<21>     |   31.216|
operand_a<7>   |result<22>     |   31.386|
operand_a<7>   |result<23>     |   31.563|
operand_a<7>   |result<24>     |   32.642|
operand_a<7>   |result<25>     |   32.845|
operand_a<7>   |result<26>     |   33.030|
operand_a<7>   |result<27>     |   33.459|
operand_a<7>   |result<28>     |   33.588|
operand_a<7>   |result<29>     |   34.181|
operand_a<7>   |result<30>     |   33.872|
operand_a<7>   |result<31>     |   34.497|
operand_a<8>   |result<2>      |   13.967|
operand_a<8>   |result<3>      |   18.106|
operand_a<8>   |result<4>      |   17.996|
operand_a<8>   |result<5>      |   18.981|
operand_a<8>   |result<6>      |   19.606|
operand_a<8>   |result<7>      |   20.820|
operand_a<8>   |result<8>      |   20.719|
operand_a<8>   |result<9>      |   21.249|
operand_a<8>   |result<10>     |   22.120|
operand_a<8>   |result<11>     |   25.692|
operand_a<8>   |result<12>     |   24.538|
operand_a<8>   |result<13>     |   24.533|
operand_a<8>   |result<14>     |   25.358|
operand_a<8>   |result<15>     |   25.559|
operand_a<8>   |result<16>     |   27.115|
operand_a<8>   |result<17>     |   28.268|
operand_a<8>   |result<18>     |   28.577|
operand_a<8>   |result<19>     |   29.086|
operand_a<8>   |result<20>     |   29.649|
operand_a<8>   |result<21>     |   30.433|
operand_a<8>   |result<22>     |   30.603|
operand_a<8>   |result<23>     |   30.780|
operand_a<8>   |result<24>     |   31.859|
operand_a<8>   |result<25>     |   32.062|
operand_a<8>   |result<26>     |   32.247|
operand_a<8>   |result<27>     |   32.676|
operand_a<8>   |result<28>     |   32.805|
operand_a<8>   |result<29>     |   33.398|
operand_a<8>   |result<30>     |   33.089|
operand_a<8>   |result<31>     |   33.714|
operand_a<9>   |result<2>      |   13.803|
operand_a<9>   |result<3>      |   17.934|
operand_a<9>   |result<4>      |   17.824|
operand_a<9>   |result<5>      |   18.809|
operand_a<9>   |result<6>      |   19.434|
operand_a<9>   |result<7>      |   20.648|
operand_a<9>   |result<8>      |   20.547|
operand_a<9>   |result<9>      |   21.077|
operand_a<9>   |result<10>     |   21.948|
operand_a<9>   |result<11>     |   25.520|
operand_a<9>   |result<12>     |   24.366|
operand_a<9>   |result<13>     |   24.361|
operand_a<9>   |result<14>     |   25.186|
operand_a<9>   |result<15>     |   25.387|
operand_a<9>   |result<16>     |   26.943|
operand_a<9>   |result<17>     |   28.096|
operand_a<9>   |result<18>     |   28.405|
operand_a<9>   |result<19>     |   28.914|
operand_a<9>   |result<20>     |   29.477|
operand_a<9>   |result<21>     |   30.261|
operand_a<9>   |result<22>     |   30.431|
operand_a<9>   |result<23>     |   30.608|
operand_a<9>   |result<24>     |   31.687|
operand_a<9>   |result<25>     |   31.890|
operand_a<9>   |result<26>     |   32.075|
operand_a<9>   |result<27>     |   32.504|
operand_a<9>   |result<28>     |   32.633|
operand_a<9>   |result<29>     |   33.226|
operand_a<9>   |result<30>     |   32.917|
operand_a<9>   |result<31>     |   33.542|
operand_a<10>  |result<2>      |   12.843|
operand_a<10>  |result<3>      |   21.541|
operand_a<10>  |result<4>      |   21.431|
operand_a<10>  |result<5>      |   22.362|
operand_a<10>  |result<6>      |   22.987|
operand_a<10>  |result<7>      |   24.201|
operand_a<10>  |result<8>      |   24.100|
operand_a<10>  |result<9>      |   24.630|
operand_a<10>  |result<10>     |   25.501|
operand_a<10>  |result<11>     |   28.869|
operand_a<10>  |result<12>     |   27.715|
operand_a<10>  |result<13>     |   27.710|
operand_a<10>  |result<14>     |   28.535|
operand_a<10>  |result<15>     |   28.736|
operand_a<10>  |result<16>     |   30.292|
operand_a<10>  |result<17>     |   31.445|
operand_a<10>  |result<18>     |   31.754|
operand_a<10>  |result<19>     |   32.263|
operand_a<10>  |result<20>     |   32.826|
operand_a<10>  |result<21>     |   33.610|
operand_a<10>  |result<22>     |   33.780|
operand_a<10>  |result<23>     |   33.957|
operand_a<10>  |result<24>     |   35.036|
operand_a<10>  |result<25>     |   35.239|
operand_a<10>  |result<26>     |   35.424|
operand_a<10>  |result<27>     |   35.853|
operand_a<10>  |result<28>     |   35.982|
operand_a<10>  |result<29>     |   36.575|
operand_a<10>  |result<30>     |   36.266|
operand_a<10>  |result<31>     |   36.891|
operand_a<11>  |result<2>      |   12.984|
operand_a<11>  |result<3>      |   18.346|
operand_a<11>  |result<4>      |   18.236|
operand_a<11>  |result<5>      |   19.154|
operand_a<11>  |result<6>      |   19.779|
operand_a<11>  |result<7>      |   20.993|
operand_a<11>  |result<8>      |   20.892|
operand_a<11>  |result<9>      |   21.422|
operand_a<11>  |result<10>     |   22.293|
operand_a<11>  |result<11>     |   25.571|
operand_a<11>  |result<12>     |   24.417|
operand_a<11>  |result<13>     |   24.412|
operand_a<11>  |result<14>     |   25.237|
operand_a<11>  |result<15>     |   25.438|
operand_a<11>  |result<16>     |   26.994|
operand_a<11>  |result<17>     |   28.147|
operand_a<11>  |result<18>     |   28.456|
operand_a<11>  |result<19>     |   28.965|
operand_a<11>  |result<20>     |   29.424|
operand_a<11>  |result<21>     |   30.208|
operand_a<11>  |result<22>     |   30.378|
operand_a<11>  |result<23>     |   30.555|
operand_a<11>  |result<24>     |   31.634|
operand_a<11>  |result<25>     |   31.837|
operand_a<11>  |result<26>     |   32.022|
operand_a<11>  |result<27>     |   32.451|
operand_a<11>  |result<28>     |   32.580|
operand_a<11>  |result<29>     |   33.173|
operand_a<11>  |result<30>     |   32.864|
operand_a<11>  |result<31>     |   33.489|
operand_a<12>  |result<2>      |   13.329|
operand_a<12>  |result<3>      |   18.801|
operand_a<12>  |result<4>      |   18.691|
operand_a<12>  |result<5>      |   19.673|
operand_a<12>  |result<6>      |   20.298|
operand_a<12>  |result<7>      |   21.512|
operand_a<12>  |result<8>      |   21.411|
operand_a<12>  |result<9>      |   21.941|
operand_a<12>  |result<10>     |   22.812|
operand_a<12>  |result<11>     |   26.384|
operand_a<12>  |result<12>     |   25.230|
operand_a<12>  |result<13>     |   25.225|
operand_a<12>  |result<14>     |   26.050|
operand_a<12>  |result<15>     |   26.251|
operand_a<12>  |result<16>     |   27.807|
operand_a<12>  |result<17>     |   28.960|
operand_a<12>  |result<18>     |   29.269|
operand_a<12>  |result<19>     |   29.778|
operand_a<12>  |result<20>     |   30.341|
operand_a<12>  |result<21>     |   31.125|
operand_a<12>  |result<22>     |   31.295|
operand_a<12>  |result<23>     |   31.472|
operand_a<12>  |result<24>     |   32.551|
operand_a<12>  |result<25>     |   32.754|
operand_a<12>  |result<26>     |   32.939|
operand_a<12>  |result<27>     |   33.368|
operand_a<12>  |result<28>     |   33.497|
operand_a<12>  |result<29>     |   34.090|
operand_a<12>  |result<30>     |   33.781|
operand_a<12>  |result<31>     |   34.406|
operand_a<13>  |result<2>      |   12.063|
operand_a<13>  |result<3>      |   17.379|
operand_a<13>  |result<4>      |   17.269|
operand_a<13>  |result<5>      |   17.928|
operand_a<13>  |result<6>      |   18.553|
operand_a<13>  |result<7>      |   19.767|
operand_a<13>  |result<8>      |   19.666|
operand_a<13>  |result<9>      |   20.139|
operand_a<13>  |result<10>     |   21.033|
operand_a<13>  |result<11>     |   25.340|
operand_a<13>  |result<12>     |   24.186|
operand_a<13>  |result<13>     |   24.181|
operand_a<13>  |result<14>     |   25.006|
operand_a<13>  |result<15>     |   25.207|
operand_a<13>  |result<16>     |   26.763|
operand_a<13>  |result<17>     |   27.916|
operand_a<13>  |result<18>     |   28.225|
operand_a<13>  |result<19>     |   28.734|
operand_a<13>  |result<20>     |   29.490|
operand_a<13>  |result<21>     |   30.274|
operand_a<13>  |result<22>     |   30.444|
operand_a<13>  |result<23>     |   30.621|
operand_a<13>  |result<24>     |   31.700|
operand_a<13>  |result<25>     |   31.903|
operand_a<13>  |result<26>     |   32.088|
operand_a<13>  |result<27>     |   32.517|
operand_a<13>  |result<28>     |   32.646|
operand_a<13>  |result<29>     |   33.239|
operand_a<13>  |result<30>     |   32.930|
operand_a<13>  |result<31>     |   33.555|
operand_a<14>  |result<2>      |   10.492|
operand_a<14>  |result<3>      |   15.159|
operand_a<14>  |result<4>      |   15.049|
operand_a<14>  |result<5>      |   16.020|
operand_a<14>  |result<6>      |   16.645|
operand_a<14>  |result<7>      |   17.859|
operand_a<14>  |result<8>      |   17.758|
operand_a<14>  |result<9>      |   18.288|
operand_a<14>  |result<10>     |   19.450|
operand_a<14>  |result<11>     |   23.689|
operand_a<14>  |result<12>     |   22.535|
operand_a<14>  |result<13>     |   22.530|
operand_a<14>  |result<14>     |   23.355|
operand_a<14>  |result<15>     |   23.556|
operand_a<14>  |result<16>     |   25.112|
operand_a<14>  |result<17>     |   26.265|
operand_a<14>  |result<18>     |   26.574|
operand_a<14>  |result<19>     |   27.083|
operand_a<14>  |result<20>     |   27.839|
operand_a<14>  |result<21>     |   28.623|
operand_a<14>  |result<22>     |   28.793|
operand_a<14>  |result<23>     |   28.970|
operand_a<14>  |result<24>     |   30.049|
operand_a<14>  |result<25>     |   30.252|
operand_a<14>  |result<26>     |   30.437|
operand_a<14>  |result<27>     |   30.866|
operand_a<14>  |result<28>     |   30.995|
operand_a<14>  |result<29>     |   31.588|
operand_a<14>  |result<30>     |   31.279|
operand_a<14>  |result<31>     |   31.904|
operand_a<15>  |result<2>      |   13.016|
operand_a<15>  |result<3>      |   16.452|
operand_a<15>  |result<4>      |   16.342|
operand_a<15>  |result<5>      |   17.017|
operand_a<15>  |result<6>      |   17.642|
operand_a<15>  |result<7>      |   18.856|
operand_a<15>  |result<8>      |   18.755|
operand_a<15>  |result<9>      |   19.228|
operand_a<15>  |result<10>     |   21.051|
operand_a<15>  |result<11>     |   25.752|
operand_a<15>  |result<12>     |   24.598|
operand_a<15>  |result<13>     |   24.593|
operand_a<15>  |result<14>     |   25.418|
operand_a<15>  |result<15>     |   25.619|
operand_a<15>  |result<16>     |   27.175|
operand_a<15>  |result<17>     |   28.328|
operand_a<15>  |result<18>     |   28.637|
operand_a<15>  |result<19>     |   29.146|
operand_a<15>  |result<20>     |   29.902|
operand_a<15>  |result<21>     |   30.686|
operand_a<15>  |result<22>     |   30.856|
operand_a<15>  |result<23>     |   31.033|
operand_a<15>  |result<24>     |   32.112|
operand_a<15>  |result<25>     |   32.315|
operand_a<15>  |result<26>     |   32.500|
operand_a<15>  |result<27>     |   32.929|
operand_a<15>  |result<28>     |   33.058|
operand_a<15>  |result<29>     |   33.651|
operand_a<15>  |result<30>     |   33.342|
operand_a<15>  |result<31>     |   33.967|
operand_a<16>  |result<2>      |   10.712|
operand_a<16>  |result<3>      |   14.911|
operand_a<16>  |result<4>      |   14.801|
operand_a<16>  |result<5>      |   15.435|
operand_a<16>  |result<6>      |   16.060|
operand_a<16>  |result<7>      |   17.274|
operand_a<16>  |result<8>      |   17.173|
operand_a<16>  |result<9>      |   17.640|
operand_a<16>  |result<10>     |   19.185|
operand_a<16>  |result<11>     |   23.329|
operand_a<16>  |result<12>     |   22.175|
operand_a<16>  |result<13>     |   22.170|
operand_a<16>  |result<14>     |   22.995|
operand_a<16>  |result<15>     |   23.196|
operand_a<16>  |result<16>     |   24.752|
operand_a<16>  |result<17>     |   25.905|
operand_a<16>  |result<18>     |   26.214|
operand_a<16>  |result<19>     |   26.856|
operand_a<16>  |result<20>     |   27.953|
operand_a<16>  |result<21>     |   28.737|
operand_a<16>  |result<22>     |   28.907|
operand_a<16>  |result<23>     |   29.084|
operand_a<16>  |result<24>     |   30.163|
operand_a<16>  |result<25>     |   30.366|
operand_a<16>  |result<26>     |   30.551|
operand_a<16>  |result<27>     |   30.980|
operand_a<16>  |result<28>     |   31.109|
operand_a<16>  |result<29>     |   31.702|
operand_a<16>  |result<30>     |   31.393|
operand_a<16>  |result<31>     |   32.018|
operand_a<17>  |result<2>      |   11.697|
operand_a<17>  |result<3>      |   14.738|
operand_a<17>  |result<4>      |   14.628|
operand_a<17>  |result<5>      |   15.923|
operand_a<17>  |result<6>      |   16.548|
operand_a<17>  |result<7>      |   17.762|
operand_a<17>  |result<8>      |   17.661|
operand_a<17>  |result<9>      |   18.084|
operand_a<17>  |result<10>     |   18.955|
operand_a<17>  |result<11>     |   23.891|
operand_a<17>  |result<12>     |   22.737|
operand_a<17>  |result<13>     |   22.732|
operand_a<17>  |result<14>     |   23.557|
operand_a<17>  |result<15>     |   23.758|
operand_a<17>  |result<16>     |   25.314|
operand_a<17>  |result<17>     |   26.467|
operand_a<17>  |result<18>     |   26.776|
operand_a<17>  |result<19>     |   27.429|
operand_a<17>  |result<20>     |   28.526|
operand_a<17>  |result<21>     |   29.310|
operand_a<17>  |result<22>     |   29.480|
operand_a<17>  |result<23>     |   29.657|
operand_a<17>  |result<24>     |   30.736|
operand_a<17>  |result<25>     |   30.939|
operand_a<17>  |result<26>     |   31.124|
operand_a<17>  |result<27>     |   31.553|
operand_a<17>  |result<28>     |   31.682|
operand_a<17>  |result<29>     |   32.275|
operand_a<17>  |result<30>     |   31.966|
operand_a<17>  |result<31>     |   32.591|
operand_a<18>  |result<2>      |    9.135|
operand_a<18>  |result<3>      |   13.292|
operand_a<18>  |result<4>      |   13.182|
operand_a<18>  |result<5>      |   14.564|
operand_a<18>  |result<6>      |   15.189|
operand_a<18>  |result<7>      |   16.403|
operand_a<18>  |result<8>      |   16.302|
operand_a<18>  |result<9>      |   17.004|
operand_a<18>  |result<10>     |   18.338|
operand_a<18>  |result<11>     |   22.441|
operand_a<18>  |result<12>     |   21.287|
operand_a<18>  |result<13>     |   21.282|
operand_a<18>  |result<14>     |   22.107|
operand_a<18>  |result<15>     |   22.308|
operand_a<18>  |result<16>     |   23.864|
operand_a<18>  |result<17>     |   25.017|
operand_a<18>  |result<18>     |   25.326|
operand_a<18>  |result<19>     |   25.957|
operand_a<18>  |result<20>     |   27.054|
operand_a<18>  |result<21>     |   27.838|
operand_a<18>  |result<22>     |   28.008|
operand_a<18>  |result<23>     |   28.185|
operand_a<18>  |result<24>     |   29.264|
operand_a<18>  |result<25>     |   29.467|
operand_a<18>  |result<26>     |   29.652|
operand_a<18>  |result<27>     |   30.081|
operand_a<18>  |result<28>     |   30.210|
operand_a<18>  |result<29>     |   30.803|
operand_a<18>  |result<30>     |   30.494|
operand_a<18>  |result<31>     |   31.119|
operand_a<19>  |result<2>      |    9.528|
operand_a<19>  |result<3>      |   12.586|
operand_a<19>  |result<4>      |   12.476|
operand_a<19>  |result<5>      |   14.520|
operand_a<19>  |result<6>      |   15.145|
operand_a<19>  |result<7>      |   16.359|
operand_a<19>  |result<8>      |   16.258|
operand_a<19>  |result<9>      |   16.768|
operand_a<19>  |result<10>     |   18.252|
operand_a<19>  |result<11>     |   21.682|
operand_a<19>  |result<12>     |   20.528|
operand_a<19>  |result<13>     |   20.523|
operand_a<19>  |result<14>     |   21.348|
operand_a<19>  |result<15>     |   21.644|
operand_a<19>  |result<16>     |   23.200|
operand_a<19>  |result<17>     |   24.541|
operand_a<19>  |result<18>     |   24.853|
operand_a<19>  |result<19>     |   25.613|
operand_a<19>  |result<20>     |   26.710|
operand_a<19>  |result<21>     |   27.494|
operand_a<19>  |result<22>     |   27.664|
operand_a<19>  |result<23>     |   27.841|
operand_a<19>  |result<24>     |   28.920|
operand_a<19>  |result<25>     |   29.123|
operand_a<19>  |result<26>     |   29.308|
operand_a<19>  |result<27>     |   29.737|
operand_a<19>  |result<28>     |   29.866|
operand_a<19>  |result<29>     |   30.459|
operand_a<19>  |result<30>     |   30.150|
operand_a<19>  |result<31>     |   30.775|
operand_a<20>  |result<3>      |   12.978|
operand_a<20>  |result<4>      |   12.868|
operand_a<20>  |result<5>      |   13.502|
operand_a<20>  |result<6>      |   14.127|
operand_a<20>  |result<7>      |   15.477|
operand_a<20>  |result<8>      |   15.388|
operand_a<20>  |result<9>      |   16.281|
operand_a<20>  |result<10>     |   17.152|
operand_a<20>  |result<11>     |   20.677|
operand_a<20>  |result<12>     |   19.523|
operand_a<20>  |result<13>     |   19.518|
operand_a<20>  |result<14>     |   20.882|
operand_a<20>  |result<15>     |   21.658|
operand_a<20>  |result<16>     |   23.214|
operand_a<20>  |result<17>     |   24.665|
operand_a<20>  |result<18>     |   24.926|
operand_a<20>  |result<19>     |   25.869|
operand_a<20>  |result<20>     |   27.053|
operand_a<20>  |result<21>     |   27.837|
operand_a<20>  |result<22>     |   28.007|
operand_a<20>  |result<23>     |   28.184|
operand_a<20>  |result<24>     |   29.263|
operand_a<20>  |result<25>     |   29.466|
operand_a<20>  |result<26>     |   29.651|
operand_a<20>  |result<27>     |   30.080|
operand_a<20>  |result<28>     |   30.209|
operand_a<20>  |result<29>     |   30.802|
operand_a<20>  |result<30>     |   30.659|
operand_a<20>  |result<31>     |   31.543|
operand_a<21>  |result<3>      |   12.521|
operand_a<21>  |result<4>      |   12.411|
operand_a<21>  |result<5>      |   13.248|
operand_a<21>  |result<6>      |   13.903|
operand_a<21>  |result<7>      |   15.671|
operand_a<21>  |result<8>      |   15.582|
operand_a<21>  |result<9>      |   15.902|
operand_a<21>  |result<10>     |   16.693|
operand_a<21>  |result<11>     |   20.278|
operand_a<21>  |result<12>     |   19.124|
operand_a<21>  |result<13>     |   19.119|
operand_a<21>  |result<14>     |   19.944|
operand_a<21>  |result<15>     |   21.686|
operand_a<21>  |result<16>     |   23.242|
operand_a<21>  |result<17>     |   24.826|
operand_a<21>  |result<18>     |   25.087|
operand_a<21>  |result<19>     |   26.030|
operand_a<21>  |result<20>     |   27.214|
operand_a<21>  |result<21>     |   27.998|
operand_a<21>  |result<22>     |   28.168|
operand_a<21>  |result<23>     |   28.345|
operand_a<21>  |result<24>     |   29.424|
operand_a<21>  |result<25>     |   29.627|
operand_a<21>  |result<26>     |   29.812|
operand_a<21>  |result<27>     |   30.241|
operand_a<21>  |result<28>     |   30.370|
operand_a<21>  |result<29>     |   30.963|
operand_a<21>  |result<30>     |   30.820|
operand_a<21>  |result<31>     |   31.704|
operand_a<22>  |result<2>      |   18.989|
operand_a<22>  |result<3>      |   24.092|
operand_a<22>  |result<4>      |   23.982|
operand_a<22>  |result<5>      |   24.913|
operand_a<22>  |result<6>      |   25.538|
operand_a<22>  |result<7>      |   26.752|
operand_a<22>  |result<8>      |   26.651|
operand_a<22>  |result<9>      |   27.181|
operand_a<22>  |result<10>     |   28.052|
operand_a<22>  |result<11>     |   31.387|
operand_a<22>  |result<12>     |   30.233|
operand_a<22>  |result<13>     |   30.228|
operand_a<22>  |result<14>     |   31.053|
operand_a<22>  |result<15>     |   31.254|
operand_a<22>  |result<16>     |   32.810|
operand_a<22>  |result<17>     |   33.963|
operand_a<22>  |result<18>     |   34.272|
operand_a<22>  |result<19>     |   34.781|
operand_a<22>  |result<20>     |   35.344|
operand_a<22>  |result<21>     |   36.128|
operand_a<22>  |result<22>     |   36.298|
operand_a<22>  |result<23>     |   36.475|
operand_a<22>  |result<24>     |   37.554|
operand_a<22>  |result<25>     |   37.757|
operand_a<22>  |result<26>     |   37.942|
operand_a<22>  |result<27>     |   38.371|
operand_a<22>  |result<28>     |   38.500|
operand_a<22>  |result<29>     |   39.093|
operand_a<22>  |result<30>     |   38.784|
operand_a<22>  |result<31>     |   39.409|
operand_a<23>  |result<2>      |   21.757|
operand_a<23>  |result<3>      |   26.860|
operand_a<23>  |result<4>      |   26.750|
operand_a<23>  |result<5>      |   27.681|
operand_a<23>  |result<6>      |   28.306|
operand_a<23>  |result<7>      |   29.520|
operand_a<23>  |result<8>      |   29.419|
operand_a<23>  |result<9>      |   29.949|
operand_a<23>  |result<10>     |   30.820|
operand_a<23>  |result<11>     |   34.155|
operand_a<23>  |result<12>     |   33.001|
operand_a<23>  |result<13>     |   32.996|
operand_a<23>  |result<14>     |   33.821|
operand_a<23>  |result<15>     |   34.022|
operand_a<23>  |result<16>     |   35.578|
operand_a<23>  |result<17>     |   36.731|
operand_a<23>  |result<18>     |   37.040|
operand_a<23>  |result<19>     |   37.549|
operand_a<23>  |result<20>     |   38.112|
operand_a<23>  |result<21>     |   38.896|
operand_a<23>  |result<22>     |   39.066|
operand_a<23>  |result<23>     |   39.243|
operand_a<23>  |result<24>     |   40.322|
operand_a<23>  |result<25>     |   40.525|
operand_a<23>  |result<26>     |   40.710|
operand_a<23>  |result<27>     |   41.139|
operand_a<23>  |result<28>     |   41.268|
operand_a<23>  |result<29>     |   41.861|
operand_a<23>  |result<30>     |   41.552|
operand_a<23>  |result<31>     |   42.177|
operand_a<24>  |result<2>      |   20.880|
operand_a<24>  |result<3>      |   25.983|
operand_a<24>  |result<4>      |   25.873|
operand_a<24>  |result<5>      |   26.804|
operand_a<24>  |result<6>      |   27.429|
operand_a<24>  |result<7>      |   28.643|
operand_a<24>  |result<8>      |   28.542|
operand_a<24>  |result<9>      |   29.072|
operand_a<24>  |result<10>     |   29.943|
operand_a<24>  |result<11>     |   33.278|
operand_a<24>  |result<12>     |   32.124|
operand_a<24>  |result<13>     |   32.119|
operand_a<24>  |result<14>     |   32.944|
operand_a<24>  |result<15>     |   33.145|
operand_a<24>  |result<16>     |   34.701|
operand_a<24>  |result<17>     |   35.854|
operand_a<24>  |result<18>     |   36.163|
operand_a<24>  |result<19>     |   36.672|
operand_a<24>  |result<20>     |   37.235|
operand_a<24>  |result<21>     |   38.019|
operand_a<24>  |result<22>     |   38.189|
operand_a<24>  |result<23>     |   38.366|
operand_a<24>  |result<24>     |   39.445|
operand_a<24>  |result<25>     |   39.648|
operand_a<24>  |result<26>     |   39.833|
operand_a<24>  |result<27>     |   40.262|
operand_a<24>  |result<28>     |   40.391|
operand_a<24>  |result<29>     |   40.984|
operand_a<24>  |result<30>     |   40.675|
operand_a<24>  |result<31>     |   41.300|
operand_a<25>  |result<2>      |   20.346|
operand_a<25>  |result<3>      |   25.449|
operand_a<25>  |result<4>      |   25.339|
operand_a<25>  |result<5>      |   26.270|
operand_a<25>  |result<6>      |   26.895|
operand_a<25>  |result<7>      |   28.109|
operand_a<25>  |result<8>      |   28.008|
operand_a<25>  |result<9>      |   28.538|
operand_a<25>  |result<10>     |   29.409|
operand_a<25>  |result<11>     |   32.744|
operand_a<25>  |result<12>     |   31.590|
operand_a<25>  |result<13>     |   31.585|
operand_a<25>  |result<14>     |   32.410|
operand_a<25>  |result<15>     |   32.611|
operand_a<25>  |result<16>     |   34.167|
operand_a<25>  |result<17>     |   35.320|
operand_a<25>  |result<18>     |   35.629|
operand_a<25>  |result<19>     |   36.138|
operand_a<25>  |result<20>     |   36.701|
operand_a<25>  |result<21>     |   37.485|
operand_a<25>  |result<22>     |   37.655|
operand_a<25>  |result<23>     |   37.832|
operand_a<25>  |result<24>     |   38.911|
operand_a<25>  |result<25>     |   39.114|
operand_a<25>  |result<26>     |   39.299|
operand_a<25>  |result<27>     |   39.728|
operand_a<25>  |result<28>     |   39.857|
operand_a<25>  |result<29>     |   40.450|
operand_a<25>  |result<30>     |   40.141|
operand_a<25>  |result<31>     |   40.766|
operand_a<26>  |result<2>      |   20.271|
operand_a<26>  |result<3>      |   25.374|
operand_a<26>  |result<4>      |   25.264|
operand_a<26>  |result<5>      |   26.195|
operand_a<26>  |result<6>      |   26.820|
operand_a<26>  |result<7>      |   28.034|
operand_a<26>  |result<8>      |   27.933|
operand_a<26>  |result<9>      |   28.463|
operand_a<26>  |result<10>     |   29.334|
operand_a<26>  |result<11>     |   32.669|
operand_a<26>  |result<12>     |   31.515|
operand_a<26>  |result<13>     |   31.510|
operand_a<26>  |result<14>     |   32.335|
operand_a<26>  |result<15>     |   32.536|
operand_a<26>  |result<16>     |   34.092|
operand_a<26>  |result<17>     |   35.245|
operand_a<26>  |result<18>     |   35.554|
operand_a<26>  |result<19>     |   36.063|
operand_a<26>  |result<20>     |   36.626|
operand_a<26>  |result<21>     |   37.410|
operand_a<26>  |result<22>     |   37.580|
operand_a<26>  |result<23>     |   37.757|
operand_a<26>  |result<24>     |   38.836|
operand_a<26>  |result<25>     |   39.039|
operand_a<26>  |result<26>     |   39.224|
operand_a<26>  |result<27>     |   39.653|
operand_a<26>  |result<28>     |   39.782|
operand_a<26>  |result<29>     |   40.375|
operand_a<26>  |result<30>     |   40.066|
operand_a<26>  |result<31>     |   40.691|
operand_a<27>  |result<2>      |   21.433|
operand_a<27>  |result<3>      |   26.536|
operand_a<27>  |result<4>      |   26.426|
operand_a<27>  |result<5>      |   27.357|
operand_a<27>  |result<6>      |   27.982|
operand_a<27>  |result<7>      |   29.196|
operand_a<27>  |result<8>      |   29.095|
operand_a<27>  |result<9>      |   29.625|
operand_a<27>  |result<10>     |   30.496|
operand_a<27>  |result<11>     |   33.831|
operand_a<27>  |result<12>     |   32.677|
operand_a<27>  |result<13>     |   32.672|
operand_a<27>  |result<14>     |   33.497|
operand_a<27>  |result<15>     |   33.698|
operand_a<27>  |result<16>     |   35.254|
operand_a<27>  |result<17>     |   36.407|
operand_a<27>  |result<18>     |   36.716|
operand_a<27>  |result<19>     |   37.225|
operand_a<27>  |result<20>     |   37.788|
operand_a<27>  |result<21>     |   38.572|
operand_a<27>  |result<22>     |   38.742|
operand_a<27>  |result<23>     |   38.919|
operand_a<27>  |result<24>     |   39.998|
operand_a<27>  |result<25>     |   40.201|
operand_a<27>  |result<26>     |   40.386|
operand_a<27>  |result<27>     |   40.815|
operand_a<27>  |result<28>     |   40.944|
operand_a<27>  |result<29>     |   41.537|
operand_a<27>  |result<30>     |   41.228|
operand_a<27>  |result<31>     |   41.853|
operand_a<28>  |result<2>      |   20.128|
operand_a<28>  |result<3>      |   25.231|
operand_a<28>  |result<4>      |   25.121|
operand_a<28>  |result<5>      |   26.052|
operand_a<28>  |result<6>      |   26.677|
operand_a<28>  |result<7>      |   27.891|
operand_a<28>  |result<8>      |   27.790|
operand_a<28>  |result<9>      |   28.320|
operand_a<28>  |result<10>     |   29.191|
operand_a<28>  |result<11>     |   32.526|
operand_a<28>  |result<12>     |   31.372|
operand_a<28>  |result<13>     |   31.367|
operand_a<28>  |result<14>     |   32.192|
operand_a<28>  |result<15>     |   32.393|
operand_a<28>  |result<16>     |   33.949|
operand_a<28>  |result<17>     |   35.102|
operand_a<28>  |result<18>     |   35.411|
operand_a<28>  |result<19>     |   35.920|
operand_a<28>  |result<20>     |   36.483|
operand_a<28>  |result<21>     |   37.267|
operand_a<28>  |result<22>     |   37.437|
operand_a<28>  |result<23>     |   37.614|
operand_a<28>  |result<24>     |   38.693|
operand_a<28>  |result<25>     |   38.896|
operand_a<28>  |result<26>     |   39.081|
operand_a<28>  |result<27>     |   39.510|
operand_a<28>  |result<28>     |   39.639|
operand_a<28>  |result<29>     |   40.232|
operand_a<28>  |result<30>     |   39.923|
operand_a<28>  |result<31>     |   40.548|
operand_a<29>  |result<2>      |   20.763|
operand_a<29>  |result<3>      |   25.866|
operand_a<29>  |result<4>      |   25.756|
operand_a<29>  |result<5>      |   26.687|
operand_a<29>  |result<6>      |   27.312|
operand_a<29>  |result<7>      |   28.526|
operand_a<29>  |result<8>      |   28.425|
operand_a<29>  |result<9>      |   28.955|
operand_a<29>  |result<10>     |   29.826|
operand_a<29>  |result<11>     |   33.161|
operand_a<29>  |result<12>     |   32.007|
operand_a<29>  |result<13>     |   32.002|
operand_a<29>  |result<14>     |   32.827|
operand_a<29>  |result<15>     |   33.028|
operand_a<29>  |result<16>     |   34.584|
operand_a<29>  |result<17>     |   35.737|
operand_a<29>  |result<18>     |   36.046|
operand_a<29>  |result<19>     |   36.555|
operand_a<29>  |result<20>     |   37.118|
operand_a<29>  |result<21>     |   37.902|
operand_a<29>  |result<22>     |   38.072|
operand_a<29>  |result<23>     |   38.249|
operand_a<29>  |result<24>     |   39.328|
operand_a<29>  |result<25>     |   39.531|
operand_a<29>  |result<26>     |   39.716|
operand_a<29>  |result<27>     |   40.145|
operand_a<29>  |result<28>     |   40.274|
operand_a<29>  |result<29>     |   40.867|
operand_a<29>  |result<30>     |   40.558|
operand_a<29>  |result<31>     |   41.183|
operand_a<30>  |result<2>      |   20.670|
operand_a<30>  |result<3>      |   25.773|
operand_a<30>  |result<4>      |   25.663|
operand_a<30>  |result<5>      |   26.594|
operand_a<30>  |result<6>      |   27.219|
operand_a<30>  |result<7>      |   28.433|
operand_a<30>  |result<8>      |   28.332|
operand_a<30>  |result<9>      |   28.862|
operand_a<30>  |result<10>     |   29.733|
operand_a<30>  |result<11>     |   33.068|
operand_a<30>  |result<12>     |   31.914|
operand_a<30>  |result<13>     |   31.909|
operand_a<30>  |result<14>     |   32.734|
operand_a<30>  |result<15>     |   32.935|
operand_a<30>  |result<16>     |   34.491|
operand_a<30>  |result<17>     |   35.644|
operand_a<30>  |result<18>     |   35.953|
operand_a<30>  |result<19>     |   36.462|
operand_a<30>  |result<20>     |   37.025|
operand_a<30>  |result<21>     |   37.809|
operand_a<30>  |result<22>     |   37.979|
operand_a<30>  |result<23>     |   38.156|
operand_a<30>  |result<24>     |   39.235|
operand_a<30>  |result<25>     |   39.438|
operand_a<30>  |result<26>     |   39.623|
operand_a<30>  |result<27>     |   40.052|
operand_a<30>  |result<28>     |   40.181|
operand_a<30>  |result<29>     |   40.774|
operand_a<30>  |result<30>     |   40.465|
operand_a<30>  |result<31>     |   41.090|
operand_a<31>  |result<2>      |   20.446|
operand_a<31>  |result<3>      |   25.549|
operand_a<31>  |result<4>      |   25.439|
operand_a<31>  |result<5>      |   26.370|
operand_a<31>  |result<6>      |   26.995|
operand_a<31>  |result<7>      |   28.209|
operand_a<31>  |result<8>      |   28.108|
operand_a<31>  |result<9>      |   28.638|
operand_a<31>  |result<10>     |   29.509|
operand_a<31>  |result<11>     |   32.844|
operand_a<31>  |result<12>     |   31.690|
operand_a<31>  |result<13>     |   31.685|
operand_a<31>  |result<14>     |   32.510|
operand_a<31>  |result<15>     |   32.711|
operand_a<31>  |result<16>     |   34.267|
operand_a<31>  |result<17>     |   35.420|
operand_a<31>  |result<18>     |   35.729|
operand_a<31>  |result<19>     |   36.238|
operand_a<31>  |result<20>     |   36.801|
operand_a<31>  |result<21>     |   37.585|
operand_a<31>  |result<22>     |   37.755|
operand_a<31>  |result<23>     |   37.932|
operand_a<31>  |result<24>     |   39.011|
operand_a<31>  |result<25>     |   39.214|
operand_a<31>  |result<26>     |   39.399|
operand_a<31>  |result<27>     |   39.828|
operand_a<31>  |result<28>     |   39.957|
operand_a<31>  |result<29>     |   40.550|
operand_a<31>  |result<30>     |   40.241|
operand_a<31>  |result<31>     |   40.866|
operand_b<8>   |result<3>      |   48.596|
operand_b<8>   |result<4>      |   48.476|
operand_b<8>   |result<5>      |   49.357|
operand_b<8>   |result<6>      |   49.413|
operand_b<8>   |result<7>      |   51.086|
operand_b<8>   |result<8>      |   50.981|
operand_b<8>   |result<9>      |   51.160|
operand_b<8>   |result<10>     |   51.670|
operand_b<8>   |result<11>     |   54.311|
operand_b<8>   |result<12>     |   53.145|
operand_b<8>   |result<13>     |   52.905|
operand_b<8>   |result<14>     |   53.347|
operand_b<8>   |result<15>     |   53.667|
operand_b<8>   |result<16>     |   53.528|
operand_b<8>   |result<17>     |   54.760|
operand_b<8>   |result<18>     |   53.938|
operand_b<8>   |result<19>     |   54.291|
operand_b<8>   |result<20>     |   54.508|
operand_b<8>   |result<21>     |   55.059|
operand_b<8>   |result<22>     |   54.775|
operand_b<8>   |result<23>     |   54.771|
operand_b<8>   |result<24>     |   55.581|
operand_b<8>   |result<25>     |   55.759|
operand_b<8>   |result<26>     |   55.624|
operand_b<8>   |result<27>     |   56.053|
operand_b<8>   |result<28>     |   55.950|
operand_b<8>   |result<29>     |   56.543|
operand_b<8>   |result<30>     |   56.065|
operand_b<8>   |result<31>     |   56.345|
operand_b<9>   |result<3>      |   48.926|
operand_b<9>   |result<4>      |   48.806|
operand_b<9>   |result<5>      |   49.687|
operand_b<9>   |result<6>      |   49.743|
operand_b<9>   |result<7>      |   51.416|
operand_b<9>   |result<8>      |   51.311|
operand_b<9>   |result<9>      |   51.490|
operand_b<9>   |result<10>     |   52.000|
operand_b<9>   |result<11>     |   54.641|
operand_b<9>   |result<12>     |   53.475|
operand_b<9>   |result<13>     |   53.235|
operand_b<9>   |result<14>     |   53.677|
operand_b<9>   |result<15>     |   53.997|
operand_b<9>   |result<16>     |   53.858|
operand_b<9>   |result<17>     |   55.090|
operand_b<9>   |result<18>     |   54.268|
operand_b<9>   |result<19>     |   54.621|
operand_b<9>   |result<20>     |   54.838|
operand_b<9>   |result<21>     |   55.389|
operand_b<9>   |result<22>     |   55.105|
operand_b<9>   |result<23>     |   55.101|
operand_b<9>   |result<24>     |   55.911|
operand_b<9>   |result<25>     |   56.089|
operand_b<9>   |result<26>     |   55.954|
operand_b<9>   |result<27>     |   56.383|
operand_b<9>   |result<28>     |   56.280|
operand_b<9>   |result<29>     |   56.873|
operand_b<9>   |result<30>     |   56.395|
operand_b<9>   |result<31>     |   56.675|
operand_b<10>  |result<3>      |   49.205|
operand_b<10>  |result<4>      |   49.085|
operand_b<10>  |result<5>      |   49.966|
operand_b<10>  |result<6>      |   50.022|
operand_b<10>  |result<7>      |   51.695|
operand_b<10>  |result<8>      |   51.590|
operand_b<10>  |result<9>      |   51.769|
operand_b<10>  |result<10>     |   52.279|
operand_b<10>  |result<11>     |   54.920|
operand_b<10>  |result<12>     |   53.754|
operand_b<10>  |result<13>     |   53.514|
operand_b<10>  |result<14>     |   53.956|
operand_b<10>  |result<15>     |   54.276|
operand_b<10>  |result<16>     |   54.137|
operand_b<10>  |result<17>     |   55.369|
operand_b<10>  |result<18>     |   54.547|
operand_b<10>  |result<19>     |   54.900|
operand_b<10>  |result<20>     |   55.117|
operand_b<10>  |result<21>     |   55.668|
operand_b<10>  |result<22>     |   55.384|
operand_b<10>  |result<23>     |   55.380|
operand_b<10>  |result<24>     |   56.190|
operand_b<10>  |result<25>     |   56.368|
operand_b<10>  |result<26>     |   56.233|
operand_b<10>  |result<27>     |   56.662|
operand_b<10>  |result<28>     |   56.559|
operand_b<10>  |result<29>     |   57.152|
operand_b<10>  |result<30>     |   56.674|
operand_b<10>  |result<31>     |   56.954|
operand_b<11>  |result<3>      |   47.886|
operand_b<11>  |result<4>      |   47.766|
operand_b<11>  |result<5>      |   48.647|
operand_b<11>  |result<6>      |   48.703|
operand_b<11>  |result<7>      |   50.376|
operand_b<11>  |result<8>      |   50.271|
operand_b<11>  |result<9>      |   50.450|
operand_b<11>  |result<10>     |   50.960|
operand_b<11>  |result<11>     |   53.601|
operand_b<11>  |result<12>     |   52.435|
operand_b<11>  |result<13>     |   52.195|
operand_b<11>  |result<14>     |   52.637|
operand_b<11>  |result<15>     |   52.957|
operand_b<11>  |result<16>     |   52.818|
operand_b<11>  |result<17>     |   54.050|
operand_b<11>  |result<18>     |   53.228|
operand_b<11>  |result<19>     |   53.581|
operand_b<11>  |result<20>     |   53.798|
operand_b<11>  |result<21>     |   54.349|
operand_b<11>  |result<22>     |   54.065|
operand_b<11>  |result<23>     |   54.061|
operand_b<11>  |result<24>     |   54.871|
operand_b<11>  |result<25>     |   55.049|
operand_b<11>  |result<26>     |   54.914|
operand_b<11>  |result<27>     |   55.343|
operand_b<11>  |result<28>     |   55.240|
operand_b<11>  |result<29>     |   55.833|
operand_b<11>  |result<30>     |   55.355|
operand_b<11>  |result<31>     |   55.635|
operand_b<12>  |result<3>      |   49.433|
operand_b<12>  |result<4>      |   49.313|
operand_b<12>  |result<5>      |   50.194|
operand_b<12>  |result<6>      |   50.250|
operand_b<12>  |result<7>      |   51.923|
operand_b<12>  |result<8>      |   51.818|
operand_b<12>  |result<9>      |   51.997|
operand_b<12>  |result<10>     |   52.507|
operand_b<12>  |result<11>     |   55.148|
operand_b<12>  |result<12>     |   53.982|
operand_b<12>  |result<13>     |   53.742|
operand_b<12>  |result<14>     |   54.184|
operand_b<12>  |result<15>     |   54.504|
operand_b<12>  |result<16>     |   54.365|
operand_b<12>  |result<17>     |   55.597|
operand_b<12>  |result<18>     |   54.775|
operand_b<12>  |result<19>     |   55.128|
operand_b<12>  |result<20>     |   55.345|
operand_b<12>  |result<21>     |   55.896|
operand_b<12>  |result<22>     |   55.612|
operand_b<12>  |result<23>     |   55.608|
operand_b<12>  |result<24>     |   56.418|
operand_b<12>  |result<25>     |   56.596|
operand_b<12>  |result<26>     |   56.461|
operand_b<12>  |result<27>     |   56.890|
operand_b<12>  |result<28>     |   56.787|
operand_b<12>  |result<29>     |   57.380|
operand_b<12>  |result<30>     |   56.902|
operand_b<12>  |result<31>     |   57.182|
operand_b<13>  |result<3>      |   48.623|
operand_b<13>  |result<4>      |   48.503|
operand_b<13>  |result<5>      |   49.384|
operand_b<13>  |result<6>      |   49.440|
operand_b<13>  |result<7>      |   51.113|
operand_b<13>  |result<8>      |   51.008|
operand_b<13>  |result<9>      |   51.187|
operand_b<13>  |result<10>     |   51.697|
operand_b<13>  |result<11>     |   54.338|
operand_b<13>  |result<12>     |   53.172|
operand_b<13>  |result<13>     |   52.932|
operand_b<13>  |result<14>     |   53.374|
operand_b<13>  |result<15>     |   53.694|
operand_b<13>  |result<16>     |   53.555|
operand_b<13>  |result<17>     |   54.787|
operand_b<13>  |result<18>     |   53.965|
operand_b<13>  |result<19>     |   54.318|
operand_b<13>  |result<20>     |   54.535|
operand_b<13>  |result<21>     |   55.086|
operand_b<13>  |result<22>     |   54.802|
operand_b<13>  |result<23>     |   54.798|
operand_b<13>  |result<24>     |   55.608|
operand_b<13>  |result<25>     |   55.786|
operand_b<13>  |result<26>     |   55.651|
operand_b<13>  |result<27>     |   56.080|
operand_b<13>  |result<28>     |   55.977|
operand_b<13>  |result<29>     |   56.570|
operand_b<13>  |result<30>     |   56.092|
operand_b<13>  |result<31>     |   56.372|
operand_b<14>  |result<3>      |   49.097|
operand_b<14>  |result<4>      |   48.977|
operand_b<14>  |result<5>      |   49.858|
operand_b<14>  |result<6>      |   49.914|
operand_b<14>  |result<7>      |   51.587|
operand_b<14>  |result<8>      |   51.482|
operand_b<14>  |result<9>      |   51.661|
operand_b<14>  |result<10>     |   52.171|
operand_b<14>  |result<11>     |   54.812|
operand_b<14>  |result<12>     |   53.646|
operand_b<14>  |result<13>     |   53.406|
operand_b<14>  |result<14>     |   53.848|
operand_b<14>  |result<15>     |   54.168|
operand_b<14>  |result<16>     |   54.029|
operand_b<14>  |result<17>     |   55.261|
operand_b<14>  |result<18>     |   54.439|
operand_b<14>  |result<19>     |   54.792|
operand_b<14>  |result<20>     |   55.009|
operand_b<14>  |result<21>     |   55.560|
operand_b<14>  |result<22>     |   55.276|
operand_b<14>  |result<23>     |   55.272|
operand_b<14>  |result<24>     |   56.082|
operand_b<14>  |result<25>     |   56.260|
operand_b<14>  |result<26>     |   56.125|
operand_b<14>  |result<27>     |   56.554|
operand_b<14>  |result<28>     |   56.451|
operand_b<14>  |result<29>     |   57.044|
operand_b<14>  |result<30>     |   56.566|
operand_b<14>  |result<31>     |   56.846|
operand_b<15>  |result<3>      |   48.224|
operand_b<15>  |result<4>      |   48.104|
operand_b<15>  |result<5>      |   48.985|
operand_b<15>  |result<6>      |   49.041|
operand_b<15>  |result<7>      |   50.714|
operand_b<15>  |result<8>      |   50.609|
operand_b<15>  |result<9>      |   50.788|
operand_b<15>  |result<10>     |   51.298|
operand_b<15>  |result<11>     |   53.939|
operand_b<15>  |result<12>     |   52.773|
operand_b<15>  |result<13>     |   52.533|
operand_b<15>  |result<14>     |   52.975|
operand_b<15>  |result<15>     |   53.295|
operand_b<15>  |result<16>     |   53.156|
operand_b<15>  |result<17>     |   54.388|
operand_b<15>  |result<18>     |   53.566|
operand_b<15>  |result<19>     |   53.919|
operand_b<15>  |result<20>     |   54.136|
operand_b<15>  |result<21>     |   54.687|
operand_b<15>  |result<22>     |   54.403|
operand_b<15>  |result<23>     |   54.399|
operand_b<15>  |result<24>     |   55.209|
operand_b<15>  |result<25>     |   55.387|
operand_b<15>  |result<26>     |   55.252|
operand_b<15>  |result<27>     |   55.681|
operand_b<15>  |result<28>     |   55.578|
operand_b<15>  |result<29>     |   56.171|
operand_b<15>  |result<30>     |   55.693|
operand_b<15>  |result<31>     |   55.973|
operand_b<16>  |result<3>      |   49.315|
operand_b<16>  |result<4>      |   49.195|
operand_b<16>  |result<5>      |   50.076|
operand_b<16>  |result<6>      |   50.132|
operand_b<16>  |result<7>      |   51.805|
operand_b<16>  |result<8>      |   51.700|
operand_b<16>  |result<9>      |   51.879|
operand_b<16>  |result<10>     |   52.389|
operand_b<16>  |result<11>     |   55.030|
operand_b<16>  |result<12>     |   53.864|
operand_b<16>  |result<13>     |   53.624|
operand_b<16>  |result<14>     |   54.066|
operand_b<16>  |result<15>     |   54.386|
operand_b<16>  |result<16>     |   54.247|
operand_b<16>  |result<17>     |   55.479|
operand_b<16>  |result<18>     |   54.657|
operand_b<16>  |result<19>     |   55.010|
operand_b<16>  |result<20>     |   55.227|
operand_b<16>  |result<21>     |   55.778|
operand_b<16>  |result<22>     |   55.494|
operand_b<16>  |result<23>     |   55.490|
operand_b<16>  |result<24>     |   56.300|
operand_b<16>  |result<25>     |   56.478|
operand_b<16>  |result<26>     |   56.343|
operand_b<16>  |result<27>     |   56.772|
operand_b<16>  |result<28>     |   56.669|
operand_b<16>  |result<29>     |   57.262|
operand_b<16>  |result<30>     |   56.784|
operand_b<16>  |result<31>     |   57.064|
operand_b<17>  |result<3>      |   47.615|
operand_b<17>  |result<4>      |   47.495|
operand_b<17>  |result<5>      |   48.376|
operand_b<17>  |result<6>      |   48.432|
operand_b<17>  |result<7>      |   50.105|
operand_b<17>  |result<8>      |   50.000|
operand_b<17>  |result<9>      |   50.179|
operand_b<17>  |result<10>     |   50.689|
operand_b<17>  |result<11>     |   53.330|
operand_b<17>  |result<12>     |   52.164|
operand_b<17>  |result<13>     |   51.924|
operand_b<17>  |result<14>     |   52.366|
operand_b<17>  |result<15>     |   52.686|
operand_b<17>  |result<16>     |   52.547|
operand_b<17>  |result<17>     |   53.779|
operand_b<17>  |result<18>     |   52.957|
operand_b<17>  |result<19>     |   53.310|
operand_b<17>  |result<20>     |   53.527|
operand_b<17>  |result<21>     |   54.078|
operand_b<17>  |result<22>     |   53.794|
operand_b<17>  |result<23>     |   53.790|
operand_b<17>  |result<24>     |   54.600|
operand_b<17>  |result<25>     |   54.778|
operand_b<17>  |result<26>     |   54.643|
operand_b<17>  |result<27>     |   55.072|
operand_b<17>  |result<28>     |   54.969|
operand_b<17>  |result<29>     |   55.562|
operand_b<17>  |result<30>     |   55.084|
operand_b<17>  |result<31>     |   55.364|
operand_b<18>  |result<3>      |   48.417|
operand_b<18>  |result<4>      |   48.297|
operand_b<18>  |result<5>      |   49.178|
operand_b<18>  |result<6>      |   49.234|
operand_b<18>  |result<7>      |   50.907|
operand_b<18>  |result<8>      |   50.802|
operand_b<18>  |result<9>      |   50.981|
operand_b<18>  |result<10>     |   51.491|
operand_b<18>  |result<11>     |   54.132|
operand_b<18>  |result<12>     |   52.966|
operand_b<18>  |result<13>     |   52.726|
operand_b<18>  |result<14>     |   53.168|
operand_b<18>  |result<15>     |   53.488|
operand_b<18>  |result<16>     |   53.349|
operand_b<18>  |result<17>     |   54.581|
operand_b<18>  |result<18>     |   53.759|
operand_b<18>  |result<19>     |   54.112|
operand_b<18>  |result<20>     |   54.329|
operand_b<18>  |result<21>     |   54.880|
operand_b<18>  |result<22>     |   54.596|
operand_b<18>  |result<23>     |   54.592|
operand_b<18>  |result<24>     |   55.402|
operand_b<18>  |result<25>     |   55.580|
operand_b<18>  |result<26>     |   55.445|
operand_b<18>  |result<27>     |   55.874|
operand_b<18>  |result<28>     |   55.771|
operand_b<18>  |result<29>     |   56.364|
operand_b<18>  |result<30>     |   55.886|
operand_b<18>  |result<31>     |   56.166|
operand_b<19>  |result<3>      |   48.971|
operand_b<19>  |result<4>      |   48.851|
operand_b<19>  |result<5>      |   49.732|
operand_b<19>  |result<6>      |   49.788|
operand_b<19>  |result<7>      |   51.461|
operand_b<19>  |result<8>      |   51.356|
operand_b<19>  |result<9>      |   51.535|
operand_b<19>  |result<10>     |   52.045|
operand_b<19>  |result<11>     |   54.686|
operand_b<19>  |result<12>     |   53.520|
operand_b<19>  |result<13>     |   53.280|
operand_b<19>  |result<14>     |   53.722|
operand_b<19>  |result<15>     |   54.042|
operand_b<19>  |result<16>     |   53.903|
operand_b<19>  |result<17>     |   55.135|
operand_b<19>  |result<18>     |   54.313|
operand_b<19>  |result<19>     |   54.666|
operand_b<19>  |result<20>     |   54.883|
operand_b<19>  |result<21>     |   55.434|
operand_b<19>  |result<22>     |   55.150|
operand_b<19>  |result<23>     |   55.146|
operand_b<19>  |result<24>     |   55.956|
operand_b<19>  |result<25>     |   56.134|
operand_b<19>  |result<26>     |   55.999|
operand_b<19>  |result<27>     |   56.428|
operand_b<19>  |result<28>     |   56.325|
operand_b<19>  |result<29>     |   56.918|
operand_b<19>  |result<30>     |   56.440|
operand_b<19>  |result<31>     |   56.720|
operand_b<20>  |result<3>      |   50.453|
operand_b<20>  |result<4>      |   50.333|
operand_b<20>  |result<5>      |   51.214|
operand_b<20>  |result<6>      |   51.270|
operand_b<20>  |result<7>      |   52.943|
operand_b<20>  |result<8>      |   52.838|
operand_b<20>  |result<9>      |   53.017|
operand_b<20>  |result<10>     |   53.527|
operand_b<20>  |result<11>     |   56.168|
operand_b<20>  |result<12>     |   55.002|
operand_b<20>  |result<13>     |   54.762|
operand_b<20>  |result<14>     |   55.204|
operand_b<20>  |result<15>     |   55.524|
operand_b<20>  |result<16>     |   55.385|
operand_b<20>  |result<17>     |   56.617|
operand_b<20>  |result<18>     |   55.795|
operand_b<20>  |result<19>     |   56.148|
operand_b<20>  |result<20>     |   56.365|
operand_b<20>  |result<21>     |   56.916|
operand_b<20>  |result<22>     |   56.632|
operand_b<20>  |result<23>     |   56.628|
operand_b<20>  |result<24>     |   57.438|
operand_b<20>  |result<25>     |   57.616|
operand_b<20>  |result<26>     |   57.481|
operand_b<20>  |result<27>     |   57.910|
operand_b<20>  |result<28>     |   57.807|
operand_b<20>  |result<29>     |   58.400|
operand_b<20>  |result<30>     |   57.922|
operand_b<20>  |result<31>     |   58.202|
operand_b<21>  |result<3>      |   51.680|
operand_b<21>  |result<4>      |   51.560|
operand_b<21>  |result<5>      |   52.441|
operand_b<21>  |result<6>      |   52.497|
operand_b<21>  |result<7>      |   54.170|
operand_b<21>  |result<8>      |   54.065|
operand_b<21>  |result<9>      |   54.244|
operand_b<21>  |result<10>     |   54.754|
operand_b<21>  |result<11>     |   57.395|
operand_b<21>  |result<12>     |   56.229|
operand_b<21>  |result<13>     |   55.989|
operand_b<21>  |result<14>     |   56.431|
operand_b<21>  |result<15>     |   56.751|
operand_b<21>  |result<16>     |   56.612|
operand_b<21>  |result<17>     |   57.844|
operand_b<21>  |result<18>     |   57.022|
operand_b<21>  |result<19>     |   57.375|
operand_b<21>  |result<20>     |   57.592|
operand_b<21>  |result<21>     |   58.143|
operand_b<21>  |result<22>     |   57.859|
operand_b<21>  |result<23>     |   57.855|
operand_b<21>  |result<24>     |   58.665|
operand_b<21>  |result<25>     |   58.843|
operand_b<21>  |result<26>     |   58.708|
operand_b<21>  |result<27>     |   59.137|
operand_b<21>  |result<28>     |   59.034|
operand_b<21>  |result<29>     |   59.627|
operand_b<21>  |result<30>     |   59.149|
operand_b<21>  |result<31>     |   59.429|
operand_b<22>  |result<2>      |   10.333|
operand_b<22>  |result<3>      |   52.549|
operand_b<22>  |result<4>      |   52.429|
operand_b<22>  |result<5>      |   53.310|
operand_b<22>  |result<6>      |   53.366|
operand_b<22>  |result<7>      |   55.039|
operand_b<22>  |result<8>      |   54.934|
operand_b<22>  |result<9>      |   55.113|
operand_b<22>  |result<10>     |   55.623|
operand_b<22>  |result<11>     |   58.264|
operand_b<22>  |result<12>     |   57.098|
operand_b<22>  |result<13>     |   56.858|
operand_b<22>  |result<14>     |   57.300|
operand_b<22>  |result<15>     |   57.620|
operand_b<22>  |result<16>     |   57.481|
operand_b<22>  |result<17>     |   58.713|
operand_b<22>  |result<18>     |   57.891|
operand_b<22>  |result<19>     |   58.244|
operand_b<22>  |result<20>     |   58.461|
operand_b<22>  |result<21>     |   59.012|
operand_b<22>  |result<22>     |   58.728|
operand_b<22>  |result<23>     |   58.724|
operand_b<22>  |result<24>     |   59.534|
operand_b<22>  |result<25>     |   59.712|
operand_b<22>  |result<26>     |   59.577|
operand_b<22>  |result<27>     |   60.006|
operand_b<22>  |result<28>     |   59.903|
operand_b<22>  |result<29>     |   60.496|
operand_b<22>  |result<30>     |   60.018|
operand_b<22>  |result<31>     |   60.298|
operand_b<23>  |result<2>      |   10.146|
operand_b<23>  |result<3>      |   52.362|
operand_b<23>  |result<4>      |   52.242|
operand_b<23>  |result<5>      |   53.123|
operand_b<23>  |result<6>      |   53.179|
operand_b<23>  |result<7>      |   54.852|
operand_b<23>  |result<8>      |   54.747|
operand_b<23>  |result<9>      |   54.926|
operand_b<23>  |result<10>     |   55.436|
operand_b<23>  |result<11>     |   58.077|
operand_b<23>  |result<12>     |   56.911|
operand_b<23>  |result<13>     |   56.671|
operand_b<23>  |result<14>     |   57.113|
operand_b<23>  |result<15>     |   57.433|
operand_b<23>  |result<16>     |   57.294|
operand_b<23>  |result<17>     |   58.526|
operand_b<23>  |result<18>     |   57.704|
operand_b<23>  |result<19>     |   58.057|
operand_b<23>  |result<20>     |   58.274|
operand_b<23>  |result<21>     |   58.825|
operand_b<23>  |result<22>     |   58.541|
operand_b<23>  |result<23>     |   58.537|
operand_b<23>  |result<24>     |   59.347|
operand_b<23>  |result<25>     |   59.525|
operand_b<23>  |result<26>     |   59.390|
operand_b<23>  |result<27>     |   59.819|
operand_b<23>  |result<28>     |   59.716|
operand_b<23>  |result<29>     |   60.309|
operand_b<23>  |result<30>     |   59.831|
operand_b<23>  |result<31>     |   60.111|
operand_b<24>  |result<2>      |   10.055|
operand_b<24>  |result<3>      |   52.271|
operand_b<24>  |result<4>      |   52.151|
operand_b<24>  |result<5>      |   53.032|
operand_b<24>  |result<6>      |   53.088|
operand_b<24>  |result<7>      |   54.761|
operand_b<24>  |result<8>      |   54.656|
operand_b<24>  |result<9>      |   54.835|
operand_b<24>  |result<10>     |   55.345|
operand_b<24>  |result<11>     |   57.986|
operand_b<24>  |result<12>     |   56.820|
operand_b<24>  |result<13>     |   56.580|
operand_b<24>  |result<14>     |   57.022|
operand_b<24>  |result<15>     |   57.342|
operand_b<24>  |result<16>     |   57.203|
operand_b<24>  |result<17>     |   58.435|
operand_b<24>  |result<18>     |   57.613|
operand_b<24>  |result<19>     |   57.966|
operand_b<24>  |result<20>     |   58.183|
operand_b<24>  |result<21>     |   58.734|
operand_b<24>  |result<22>     |   58.450|
operand_b<24>  |result<23>     |   58.446|
operand_b<24>  |result<24>     |   59.256|
operand_b<24>  |result<25>     |   59.434|
operand_b<24>  |result<26>     |   59.299|
operand_b<24>  |result<27>     |   59.728|
operand_b<24>  |result<28>     |   59.625|
operand_b<24>  |result<29>     |   60.218|
operand_b<24>  |result<30>     |   59.740|
operand_b<24>  |result<31>     |   60.020|
operand_b<25>  |result<2>      |   10.328|
operand_b<25>  |result<3>      |   52.544|
operand_b<25>  |result<4>      |   52.424|
operand_b<25>  |result<5>      |   53.305|
operand_b<25>  |result<6>      |   53.361|
operand_b<25>  |result<7>      |   55.034|
operand_b<25>  |result<8>      |   54.929|
operand_b<25>  |result<9>      |   55.108|
operand_b<25>  |result<10>     |   55.618|
operand_b<25>  |result<11>     |   58.259|
operand_b<25>  |result<12>     |   57.093|
operand_b<25>  |result<13>     |   56.853|
operand_b<25>  |result<14>     |   57.295|
operand_b<25>  |result<15>     |   57.615|
operand_b<25>  |result<16>     |   57.476|
operand_b<25>  |result<17>     |   58.708|
operand_b<25>  |result<18>     |   57.886|
operand_b<25>  |result<19>     |   58.239|
operand_b<25>  |result<20>     |   58.456|
operand_b<25>  |result<21>     |   59.007|
operand_b<25>  |result<22>     |   58.723|
operand_b<25>  |result<23>     |   58.719|
operand_b<25>  |result<24>     |   59.529|
operand_b<25>  |result<25>     |   59.707|
operand_b<25>  |result<26>     |   59.572|
operand_b<25>  |result<27>     |   60.001|
operand_b<25>  |result<28>     |   59.898|
operand_b<25>  |result<29>     |   60.491|
operand_b<25>  |result<30>     |   60.013|
operand_b<25>  |result<31>     |   60.293|
operand_b<26>  |result<2>      |   10.856|
operand_b<26>  |result<3>      |   53.072|
operand_b<26>  |result<4>      |   52.952|
operand_b<26>  |result<5>      |   53.833|
operand_b<26>  |result<6>      |   53.889|
operand_b<26>  |result<7>      |   55.562|
operand_b<26>  |result<8>      |   55.457|
operand_b<26>  |result<9>      |   55.636|
operand_b<26>  |result<10>     |   56.146|
operand_b<26>  |result<11>     |   58.787|
operand_b<26>  |result<12>     |   57.621|
operand_b<26>  |result<13>     |   57.381|
operand_b<26>  |result<14>     |   57.823|
operand_b<26>  |result<15>     |   58.143|
operand_b<26>  |result<16>     |   58.004|
operand_b<26>  |result<17>     |   59.236|
operand_b<26>  |result<18>     |   58.414|
operand_b<26>  |result<19>     |   58.767|
operand_b<26>  |result<20>     |   58.984|
operand_b<26>  |result<21>     |   59.535|
operand_b<26>  |result<22>     |   59.251|
operand_b<26>  |result<23>     |   59.247|
operand_b<26>  |result<24>     |   60.057|
operand_b<26>  |result<25>     |   60.235|
operand_b<26>  |result<26>     |   60.100|
operand_b<26>  |result<27>     |   60.529|
operand_b<26>  |result<28>     |   60.426|
operand_b<26>  |result<29>     |   61.019|
operand_b<26>  |result<30>     |   60.541|
operand_b<26>  |result<31>     |   60.821|
operand_b<27>  |result<2>      |    9.983|
operand_b<27>  |result<3>      |   52.199|
operand_b<27>  |result<4>      |   52.079|
operand_b<27>  |result<5>      |   52.960|
operand_b<27>  |result<6>      |   53.016|
operand_b<27>  |result<7>      |   54.689|
operand_b<27>  |result<8>      |   54.584|
operand_b<27>  |result<9>      |   54.763|
operand_b<27>  |result<10>     |   55.273|
operand_b<27>  |result<11>     |   57.914|
operand_b<27>  |result<12>     |   56.748|
operand_b<27>  |result<13>     |   56.508|
operand_b<27>  |result<14>     |   56.950|
operand_b<27>  |result<15>     |   57.270|
operand_b<27>  |result<16>     |   57.131|
operand_b<27>  |result<17>     |   58.363|
operand_b<27>  |result<18>     |   57.541|
operand_b<27>  |result<19>     |   57.894|
operand_b<27>  |result<20>     |   58.111|
operand_b<27>  |result<21>     |   58.662|
operand_b<27>  |result<22>     |   58.378|
operand_b<27>  |result<23>     |   58.374|
operand_b<27>  |result<24>     |   59.184|
operand_b<27>  |result<25>     |   59.362|
operand_b<27>  |result<26>     |   59.227|
operand_b<27>  |result<27>     |   59.656|
operand_b<27>  |result<28>     |   59.553|
operand_b<27>  |result<29>     |   60.146|
operand_b<27>  |result<30>     |   59.668|
operand_b<27>  |result<31>     |   59.948|
operand_b<28>  |result<2>      |   10.249|
operand_b<28>  |result<3>      |   52.465|
operand_b<28>  |result<4>      |   52.345|
operand_b<28>  |result<5>      |   53.226|
operand_b<28>  |result<6>      |   53.282|
operand_b<28>  |result<7>      |   54.955|
operand_b<28>  |result<8>      |   54.850|
operand_b<28>  |result<9>      |   55.029|
operand_b<28>  |result<10>     |   55.539|
operand_b<28>  |result<11>     |   58.180|
operand_b<28>  |result<12>     |   57.014|
operand_b<28>  |result<13>     |   56.774|
operand_b<28>  |result<14>     |   57.216|
operand_b<28>  |result<15>     |   57.536|
operand_b<28>  |result<16>     |   57.397|
operand_b<28>  |result<17>     |   58.629|
operand_b<28>  |result<18>     |   57.807|
operand_b<28>  |result<19>     |   58.160|
operand_b<28>  |result<20>     |   58.377|
operand_b<28>  |result<21>     |   58.928|
operand_b<28>  |result<22>     |   58.644|
operand_b<28>  |result<23>     |   58.640|
operand_b<28>  |result<24>     |   59.450|
operand_b<28>  |result<25>     |   59.628|
operand_b<28>  |result<26>     |   59.493|
operand_b<28>  |result<27>     |   59.922|
operand_b<28>  |result<28>     |   59.819|
operand_b<28>  |result<29>     |   60.412|
operand_b<28>  |result<30>     |   59.934|
operand_b<28>  |result<31>     |   60.214|
operand_b<29>  |result<2>      |   10.034|
operand_b<29>  |result<3>      |   52.250|
operand_b<29>  |result<4>      |   52.130|
operand_b<29>  |result<5>      |   53.011|
operand_b<29>  |result<6>      |   53.067|
operand_b<29>  |result<7>      |   54.740|
operand_b<29>  |result<8>      |   54.635|
operand_b<29>  |result<9>      |   54.814|
operand_b<29>  |result<10>     |   55.324|
operand_b<29>  |result<11>     |   57.965|
operand_b<29>  |result<12>     |   56.799|
operand_b<29>  |result<13>     |   56.559|
operand_b<29>  |result<14>     |   57.001|
operand_b<29>  |result<15>     |   57.321|
operand_b<29>  |result<16>     |   57.182|
operand_b<29>  |result<17>     |   58.414|
operand_b<29>  |result<18>     |   57.592|
operand_b<29>  |result<19>     |   57.945|
operand_b<29>  |result<20>     |   58.162|
operand_b<29>  |result<21>     |   58.713|
operand_b<29>  |result<22>     |   58.429|
operand_b<29>  |result<23>     |   58.425|
operand_b<29>  |result<24>     |   59.235|
operand_b<29>  |result<25>     |   59.413|
operand_b<29>  |result<26>     |   59.278|
operand_b<29>  |result<27>     |   59.707|
operand_b<29>  |result<28>     |   59.604|
operand_b<29>  |result<29>     |   60.197|
operand_b<29>  |result<30>     |   59.719|
operand_b<29>  |result<31>     |   59.999|
operand_b<30>  |result<2>      |   10.294|
operand_b<30>  |result<3>      |   52.510|
operand_b<30>  |result<4>      |   52.390|
operand_b<30>  |result<5>      |   53.271|
operand_b<30>  |result<6>      |   53.327|
operand_b<30>  |result<7>      |   55.000|
operand_b<30>  |result<8>      |   54.895|
operand_b<30>  |result<9>      |   55.074|
operand_b<30>  |result<10>     |   55.584|
operand_b<30>  |result<11>     |   58.225|
operand_b<30>  |result<12>     |   57.059|
operand_b<30>  |result<13>     |   56.819|
operand_b<30>  |result<14>     |   57.261|
operand_b<30>  |result<15>     |   57.581|
operand_b<30>  |result<16>     |   57.442|
operand_b<30>  |result<17>     |   58.674|
operand_b<30>  |result<18>     |   57.852|
operand_b<30>  |result<19>     |   58.205|
operand_b<30>  |result<20>     |   58.422|
operand_b<30>  |result<21>     |   58.973|
operand_b<30>  |result<22>     |   58.689|
operand_b<30>  |result<23>     |   58.685|
operand_b<30>  |result<24>     |   59.495|
operand_b<30>  |result<25>     |   59.673|
operand_b<30>  |result<26>     |   59.538|
operand_b<30>  |result<27>     |   59.967|
operand_b<30>  |result<28>     |   59.864|
operand_b<30>  |result<29>     |   60.457|
operand_b<30>  |result<30>     |   59.979|
operand_b<30>  |result<31>     |   60.259|
operand_b<31>  |result<2>      |   11.127|
operand_b<31>  |result<3>      |   53.343|
operand_b<31>  |result<4>      |   53.223|
operand_b<31>  |result<5>      |   54.104|
operand_b<31>  |result<6>      |   54.160|
operand_b<31>  |result<7>      |   55.833|
operand_b<31>  |result<8>      |   55.728|
operand_b<31>  |result<9>      |   55.907|
operand_b<31>  |result<10>     |   56.417|
operand_b<31>  |result<11>     |   59.058|
operand_b<31>  |result<12>     |   57.892|
operand_b<31>  |result<13>     |   57.652|
operand_b<31>  |result<14>     |   58.094|
operand_b<31>  |result<15>     |   58.414|
operand_b<31>  |result<16>     |   58.275|
operand_b<31>  |result<17>     |   59.507|
operand_b<31>  |result<18>     |   58.685|
operand_b<31>  |result<19>     |   59.038|
operand_b<31>  |result<20>     |   59.255|
operand_b<31>  |result<21>     |   59.806|
operand_b<31>  |result<22>     |   59.522|
operand_b<31>  |result<23>     |   59.518|
operand_b<31>  |result<24>     |   60.328|
operand_b<31>  |result<25>     |   60.506|
operand_b<31>  |result<26>     |   60.371|
operand_b<31>  |result<27>     |   60.800|
operand_b<31>  |result<28>     |   60.697|
operand_b<31>  |result<29>     |   61.290|
operand_b<31>  |result<30>     |   60.812|
operand_b<31>  |result<31>     |   61.092|
---------------+---------------+---------+


Analysis completed Wed Jun  1 18:26:35 2016 
--------------------------------------------------------------------------------

Trace Settings:
-------------------------
Trace Settings 

Peak Memory Usage: 769 MB



