--------------------------------------------------------------------------------
Release 14.7 Trace  (lin64)
Copyright (c) 1995-2013 Xilinx, Inc.  All rights reserved.

/home/waseemh/Xilinx/14.7/ISE_DS/ISE/bin/lin64/unwrapped/trce -intstyle ise -v
3 -s 3 -n 3 -fastpaths -xml cordic_linear.twx cordic_linear.ncd -o
cordic_linear.twr cordic_linear.pcf

Design file:              cordic_linear.ncd
Physical constraint file: cordic_linear.pcf
Device,package,speed:     xc7a100t,csg324,C,-3 (PRODUCTION 1.10 2013-10-13)
Report level:             verbose report

Environment Variable      Effect 
--------------------      ------ 
NONE                      No environment variables were set
--------------------------------------------------------------------------------

INFO:Timing:2698 - No timing constraints found, doing default enumeration.
INFO:Timing:3412 - To improve timing, see the Timing Closure User Guide (UG612).
INFO:Timing:2752 - To get complete path coverage, use the unconstrained paths 
   option. All paths that are not constrained will be reported in the 
   unconstrained paths section(s) of the report.
INFO:Timing:3339 - The clock-to-out numbers in this timing report are based on 
   a 50 Ohm transmission line loading model.  For the details of this model, 
   and for more information on accounting for different loading conditions, 
   please see the device datasheet.



Data Sheet report:
-----------------
All values displayed in nanoseconds (ns)

Pad to Pad
---------------+---------------+---------+
Source Pad     |Destination Pad|  Delay  |
---------------+---------------+---------+
x_in<0>        |z_out<0>       |    8.944|
x_in<0>        |z_out<1>       |   14.647|
x_in<0>        |z_out<2>       |   15.307|
x_in<0>        |z_out<3>       |   16.263|
x_in<0>        |z_out<4>       |   16.425|
x_in<0>        |z_out<5>       |   17.214|
x_in<0>        |z_out<6>       |   18.353|
x_in<0>        |z_out<7>       |   18.018|
x_in<0>        |z_out<8>       |   19.334|
x_in<0>        |z_out<9>       |   19.800|
x_in<0>        |z_out<10>      |   20.157|
x_in<0>        |z_out<11>      |   20.797|
x_in<0>        |z_out<12>      |   22.524|
x_in<0>        |z_out<13>      |   22.378|
x_in<0>        |z_out<14>      |   22.175|
x_in<0>        |z_out<15>      |   22.300|
x_in<1>        |z_out<0>       |    9.276|
x_in<1>        |z_out<1>       |   14.769|
x_in<1>        |z_out<2>       |   15.429|
x_in<1>        |z_out<3>       |   16.385|
x_in<1>        |z_out<4>       |   16.547|
x_in<1>        |z_out<5>       |   17.336|
x_in<1>        |z_out<6>       |   18.475|
x_in<1>        |z_out<7>       |   18.161|
x_in<1>        |z_out<8>       |   19.477|
x_in<1>        |z_out<9>       |   19.943|
x_in<1>        |z_out<10>      |   20.300|
x_in<1>        |z_out<11>      |   20.940|
x_in<1>        |z_out<12>      |   22.667|
x_in<1>        |z_out<13>      |   22.521|
x_in<1>        |z_out<14>      |   22.318|
x_in<1>        |z_out<15>      |   22.443|
x_in<2>        |z_out<0>       |    9.303|
x_in<2>        |z_out<1>       |   14.730|
x_in<2>        |z_out<2>       |   15.390|
x_in<2>        |z_out<3>       |   16.346|
x_in<2>        |z_out<4>       |   16.508|
x_in<2>        |z_out<5>       |   17.297|
x_in<2>        |z_out<6>       |   18.436|
x_in<2>        |z_out<7>       |   18.086|
x_in<2>        |z_out<8>       |   19.402|
x_in<2>        |z_out<9>       |   19.868|
x_in<2>        |z_out<10>      |   20.225|
x_in<2>        |z_out<11>      |   20.865|
x_in<2>        |z_out<12>      |   22.592|
x_in<2>        |z_out<13>      |   22.446|
x_in<2>        |z_out<14>      |   22.243|
x_in<2>        |z_out<15>      |   22.368|
x_in<3>        |z_out<0>       |    9.315|
x_in<3>        |z_out<1>       |   13.665|
x_in<3>        |z_out<2>       |   14.325|
x_in<3>        |z_out<3>       |   15.385|
x_in<3>        |z_out<4>       |   15.547|
x_in<3>        |z_out<5>       |   16.336|
x_in<3>        |z_out<6>       |   17.475|
x_in<3>        |z_out<7>       |   17.941|
x_in<3>        |z_out<8>       |   19.257|
x_in<3>        |z_out<9>       |   19.723|
x_in<3>        |z_out<10>      |   20.080|
x_in<3>        |z_out<11>      |   20.720|
x_in<3>        |z_out<12>      |   22.447|
x_in<3>        |z_out<13>      |   22.301|
x_in<3>        |z_out<14>      |   22.098|
x_in<3>        |z_out<15>      |   22.223|
x_in<4>        |z_out<0>       |    9.547|
x_in<4>        |z_out<1>       |   13.567|
x_in<4>        |z_out<2>       |   14.227|
x_in<4>        |z_out<3>       |   15.183|
x_in<4>        |z_out<4>       |   15.345|
x_in<4>        |z_out<5>       |   16.134|
x_in<4>        |z_out<6>       |   17.273|
x_in<4>        |z_out<7>       |   17.502|
x_in<4>        |z_out<8>       |   18.818|
x_in<4>        |z_out<9>       |   19.284|
x_in<4>        |z_out<10>      |   19.641|
x_in<4>        |z_out<11>      |   20.281|
x_in<4>        |z_out<12>      |   21.838|
x_in<4>        |z_out<13>      |   21.692|
x_in<4>        |z_out<14>      |   21.489|
x_in<4>        |z_out<15>      |   21.614|
x_in<5>        |z_out<0>       |    9.207|
x_in<5>        |z_out<1>       |   12.947|
x_in<5>        |z_out<2>       |   13.607|
x_in<5>        |z_out<3>       |   14.563|
x_in<5>        |z_out<4>       |   14.725|
x_in<5>        |z_out<5>       |   15.514|
x_in<5>        |z_out<6>       |   16.653|
x_in<5>        |z_out<7>       |   17.417|
x_in<5>        |z_out<8>       |   18.733|
x_in<5>        |z_out<9>       |   19.199|
x_in<5>        |z_out<10>      |   19.556|
x_in<5>        |z_out<11>      |   20.196|
x_in<5>        |z_out<12>      |   21.741|
x_in<5>        |z_out<13>      |   21.595|
x_in<5>        |z_out<14>      |   21.392|
x_in<5>        |z_out<15>      |   21.517|
x_in<6>        |z_out<0>       |    8.795|
x_in<6>        |z_out<1>       |   11.901|
x_in<6>        |z_out<2>       |   12.561|
x_in<6>        |z_out<3>       |   13.691|
x_in<6>        |z_out<4>       |   13.853|
x_in<6>        |z_out<5>       |   14.642|
x_in<6>        |z_out<6>       |   16.175|
x_in<6>        |z_out<7>       |   16.882|
x_in<6>        |z_out<8>       |   18.198|
x_in<6>        |z_out<9>       |   18.664|
x_in<6>        |z_out<10>      |   19.021|
x_in<6>        |z_out<11>      |   19.661|
x_in<6>        |z_out<12>      |   21.533|
x_in<6>        |z_out<13>      |   21.387|
x_in<6>        |z_out<14>      |   21.184|
x_in<6>        |z_out<15>      |   21.309|
x_in<7>        |z_out<0>       |    8.766|
x_in<7>        |z_out<1>       |   11.815|
x_in<7>        |z_out<2>       |   12.475|
x_in<7>        |z_out<3>       |   13.417|
x_in<7>        |z_out<4>       |   13.579|
x_in<7>        |z_out<5>       |   14.368|
x_in<7>        |z_out<6>       |   16.064|
x_in<7>        |z_out<7>       |   16.388|
x_in<7>        |z_out<8>       |   17.704|
x_in<7>        |z_out<9>       |   18.386|
x_in<7>        |z_out<10>      |   18.743|
x_in<7>        |z_out<11>      |   19.383|
x_in<7>        |z_out<12>      |   21.222|
x_in<7>        |z_out<13>      |   21.076|
x_in<7>        |z_out<14>      |   20.873|
x_in<7>        |z_out<15>      |   20.998|
x_in<8>        |z_out<0>       |    8.761|
x_in<8>        |z_out<1>       |   11.126|
x_in<8>        |z_out<2>       |   11.786|
x_in<8>        |z_out<3>       |   12.529|
x_in<8>        |z_out<4>       |   12.767|
x_in<8>        |z_out<5>       |   13.412|
x_in<8>        |z_out<6>       |   15.119|
x_in<8>        |z_out<7>       |   15.648|
x_in<8>        |z_out<8>       |   16.964|
x_in<8>        |z_out<9>       |   17.886|
x_in<8>        |z_out<10>      |   18.243|
x_in<8>        |z_out<11>      |   18.883|
x_in<8>        |z_out<12>      |   20.805|
x_in<8>        |z_out<13>      |   20.659|
x_in<8>        |z_out<14>      |   20.456|
x_in<8>        |z_out<15>      |   20.581|
x_in<9>        |z_out<0>       |    7.288|
x_in<9>        |z_out<1>       |   10.524|
x_in<9>        |z_out<2>       |   11.184|
x_in<9>        |z_out<3>       |   11.970|
x_in<9>        |z_out<4>       |   12.165|
x_in<9>        |z_out<5>       |   13.466|
x_in<9>        |z_out<6>       |   15.200|
x_in<9>        |z_out<7>       |   15.091|
x_in<9>        |z_out<8>       |   16.407|
x_in<9>        |z_out<9>       |   17.458|
x_in<9>        |z_out<10>      |   17.815|
x_in<9>        |z_out<11>      |   18.455|
x_in<9>        |z_out<12>      |   20.377|
x_in<9>        |z_out<13>      |   20.231|
x_in<9>        |z_out<14>      |   20.028|
x_in<9>        |z_out<15>      |   20.153|
x_in<10>       |z_out<0>       |    8.666|
x_in<10>       |z_out<1>       |   10.335|
x_in<10>       |z_out<2>       |   10.995|
x_in<10>       |z_out<3>       |   11.950|
x_in<10>       |z_out<4>       |   12.112|
x_in<10>       |z_out<5>       |   12.826|
x_in<10>       |z_out<6>       |   14.412|
x_in<10>       |z_out<7>       |   14.303|
x_in<10>       |z_out<8>       |   15.735|
x_in<10>       |z_out<9>       |   16.993|
x_in<10>       |z_out<10>      |   17.350|
x_in<10>       |z_out<11>      |   17.990|
x_in<10>       |z_out<12>      |   20.387|
x_in<10>       |z_out<13>      |   20.241|
x_in<10>       |z_out<14>      |   20.038|
x_in<10>       |z_out<15>      |   20.163|
x_in<11>       |z_out<0>       |    6.727|
x_in<11>       |z_out<1>       |   10.063|
x_in<11>       |z_out<2>       |   10.723|
x_in<11>       |z_out<3>       |   11.330|
x_in<11>       |z_out<4>       |   11.704|
x_in<11>       |z_out<5>       |   12.815|
x_in<11>       |z_out<6>       |   14.306|
x_in<11>       |z_out<7>       |   14.000|
x_in<11>       |z_out<8>       |   15.246|
x_in<11>       |z_out<9>       |   15.662|
x_in<11>       |z_out<10>      |   16.019|
x_in<11>       |z_out<11>      |   16.659|
x_in<11>       |z_out<12>      |   18.942|
x_in<11>       |z_out<13>      |   18.796|
x_in<11>       |z_out<14>      |   18.711|
x_in<11>       |z_out<15>      |   18.718|
x_in<12>       |z_out<0>       |    6.438|
x_in<12>       |z_out<1>       |    8.865|
x_in<12>       |z_out<2>       |    9.525|
x_in<12>       |z_out<3>       |   10.675|
x_in<12>       |z_out<4>       |   11.049|
x_in<12>       |z_out<5>       |   12.222|
x_in<12>       |z_out<6>       |   13.745|
x_in<12>       |z_out<7>       |   13.439|
x_in<12>       |z_out<8>       |   14.580|
x_in<12>       |z_out<9>       |   15.760|
x_in<12>       |z_out<10>      |   16.117|
x_in<12>       |z_out<11>      |   16.757|
x_in<12>       |z_out<12>      |   18.958|
x_in<12>       |z_out<13>      |   18.812|
x_in<12>       |z_out<14>      |   18.609|
x_in<12>       |z_out<15>      |   18.734|
x_in<13>       |z_out<0>       |    6.366|
x_in<13>       |z_out<1>       |    7.835|
x_in<13>       |z_out<2>       |    8.495|
x_in<13>       |z_out<3>       |    9.554|
x_in<13>       |z_out<4>       |    9.758|
x_in<13>       |z_out<5>       |   10.766|
x_in<13>       |z_out<6>       |   12.146|
x_in<13>       |z_out<7>       |   11.840|
x_in<13>       |z_out<8>       |   13.427|
x_in<13>       |z_out<9>       |   14.685|
x_in<13>       |z_out<10>      |   15.042|
x_in<13>       |z_out<11>      |   15.682|
x_in<13>       |z_out<12>      |   17.828|
x_in<13>       |z_out<13>      |   18.247|
x_in<13>       |z_out<14>      |   18.499|
x_in<13>       |z_out<15>      |   18.441|
x_in<14>       |z_out<0>       |    6.099|
x_in<14>       |z_out<1>       |    8.365|
x_in<14>       |z_out<2>       |    9.025|
x_in<14>       |z_out<3>       |   10.049|
x_in<14>       |z_out<4>       |   10.944|
x_in<14>       |z_out<5>       |   11.952|
x_in<14>       |z_out<6>       |   13.091|
x_in<14>       |z_out<7>       |   12.665|
x_in<14>       |z_out<8>       |   13.812|
x_in<14>       |z_out<9>       |   14.415|
x_in<14>       |z_out<10>      |   14.772|
x_in<14>       |z_out<11>      |   15.412|
x_in<14>       |z_out<12>      |   17.318|
x_in<14>       |z_out<13>      |   17.737|
x_in<14>       |z_out<14>      |   17.989|
x_in<14>       |z_out<15>      |   17.816|
x_in<15>       |z_out<1>       |    5.846|
x_in<15>       |z_out<2>       |    6.495|
x_in<15>       |z_out<3>       |    8.328|
x_in<15>       |z_out<4>       |    9.392|
x_in<15>       |z_out<5>       |    9.685|
x_in<15>       |z_out<6>       |   10.842|
x_in<15>       |z_out<7>       |   10.746|
x_in<15>       |z_out<8>       |   12.301|
x_in<15>       |z_out<9>       |   13.559|
x_in<15>       |z_out<10>      |   13.916|
x_in<15>       |z_out<11>      |   14.556|
x_in<15>       |z_out<12>      |   17.064|
x_in<15>       |z_out<13>      |   17.458|
x_in<15>       |z_out<14>      |   17.710|
x_in<15>       |z_out<15>      |   17.537|
z_in<1>        |z_out<1>       |    6.077|
z_in<1>        |z_out<2>       |    6.737|
z_in<1>        |z_out<3>       |    7.014|
z_in<1>        |z_out<4>       |    7.152|
z_in<1>        |z_out<5>       |    7.549|
z_in<1>        |z_out<6>       |    7.541|
z_in<1>        |z_out<7>       |    7.989|
z_in<1>        |z_out<8>       |    8.830|
z_in<1>        |z_out<9>       |    8.668|
z_in<1>        |z_out<10>      |    9.033|
z_in<1>        |z_out<11>      |    9.673|
z_in<1>        |z_out<12>      |    8.890|
z_in<1>        |z_out<13>      |    8.742|
z_in<1>        |z_out<14>      |    8.774|
z_in<1>        |z_out<15>      |    8.555|
z_in<2>        |z_out<1>       |    7.703|
z_in<2>        |z_out<2>       |    8.363|
z_in<2>        |z_out<3>       |    8.858|
z_in<2>        |z_out<4>       |    8.962|
z_in<2>        |z_out<5>       |    9.359|
z_in<2>        |z_out<6>       |    9.762|
z_in<2>        |z_out<7>       |    9.799|
z_in<2>        |z_out<8>       |   10.640|
z_in<2>        |z_out<9>       |   10.478|
z_in<2>        |z_out<10>      |   10.843|
z_in<2>        |z_out<11>      |   11.483|
z_in<2>        |z_out<12>      |   11.196|
z_in<2>        |z_out<13>      |   11.050|
z_in<2>        |z_out<14>      |   10.847|
z_in<2>        |z_out<15>      |   10.972|
z_in<3>        |z_out<1>       |    7.463|
z_in<3>        |z_out<2>       |    8.123|
z_in<3>        |z_out<3>       |    8.702|
z_in<3>        |z_out<4>       |    8.985|
z_in<3>        |z_out<5>       |    9.382|
z_in<3>        |z_out<6>       |   10.259|
z_in<3>        |z_out<7>       |    9.822|
z_in<3>        |z_out<8>       |   10.715|
z_in<3>        |z_out<9>       |   10.553|
z_in<3>        |z_out<10>      |   10.918|
z_in<3>        |z_out<11>      |   11.558|
z_in<3>        |z_out<12>      |   12.152|
z_in<3>        |z_out<13>      |   12.006|
z_in<3>        |z_out<14>      |   11.803|
z_in<3>        |z_out<15>      |   11.928|
z_in<4>        |z_out<1>       |    8.174|
z_in<4>        |z_out<2>       |    8.834|
z_in<4>        |z_out<3>       |    9.451|
z_in<4>        |z_out<4>       |    9.825|
z_in<4>        |z_out<5>       |   10.664|
z_in<4>        |z_out<6>       |   11.803|
z_in<4>        |z_out<7>       |   11.377|
z_in<4>        |z_out<8>       |   12.524|
z_in<4>        |z_out<9>       |   12.703|
z_in<4>        |z_out<10>      |   13.060|
z_in<4>        |z_out<11>      |   13.700|
z_in<4>        |z_out<12>      |   14.485|
z_in<4>        |z_out<13>      |   14.339|
z_in<4>        |z_out<14>      |   14.136|
z_in<4>        |z_out<15>      |   14.261|
z_in<5>        |z_out<1>       |    9.208|
z_in<5>        |z_out<2>       |    9.868|
z_in<5>        |z_out<3>       |   10.515|
z_in<5>        |z_out<4>       |   10.889|
z_in<5>        |z_out<5>       |   11.182|
z_in<5>        |z_out<6>       |   12.533|
z_in<5>        |z_out<7>       |   12.227|
z_in<5>        |z_out<8>       |   13.368|
z_in<5>        |z_out<9>       |   13.664|
z_in<5>        |z_out<10>      |   14.021|
z_in<5>        |z_out<11>      |   14.661|
z_in<5>        |z_out<12>      |   15.442|
z_in<5>        |z_out<13>      |   15.296|
z_in<5>        |z_out<14>      |   15.093|
z_in<5>        |z_out<15>      |   15.218|
z_in<6>        |z_out<1>       |    9.453|
z_in<6>        |z_out<2>       |   10.113|
z_in<6>        |z_out<3>       |   10.720|
z_in<6>        |z_out<4>       |   11.094|
z_in<6>        |z_out<5>       |   12.005|
z_in<6>        |z_out<6>       |   13.528|
z_in<6>        |z_out<7>       |   13.222|
z_in<6>        |z_out<8>       |   14.363|
z_in<6>        |z_out<9>       |   14.659|
z_in<6>        |z_out<10>      |   15.016|
z_in<6>        |z_out<11>      |   15.656|
z_in<6>        |z_out<12>      |   16.437|
z_in<6>        |z_out<13>      |   16.291|
z_in<6>        |z_out<14>      |   16.088|
z_in<6>        |z_out<15>      |   16.213|
z_in<7>        |z_out<1>       |   10.289|
z_in<7>        |z_out<2>       |   10.949|
z_in<7>        |z_out<3>       |   11.751|
z_in<7>        |z_out<4>       |   11.930|
z_in<7>        |z_out<5>       |   12.445|
z_in<7>        |z_out<6>       |   13.766|
z_in<7>        |z_out<7>       |   13.460|
z_in<7>        |z_out<8>       |   14.601|
z_in<7>        |z_out<9>       |   14.897|
z_in<7>        |z_out<10>      |   15.254|
z_in<7>        |z_out<11>      |   15.894|
z_in<7>        |z_out<12>      |   16.675|
z_in<7>        |z_out<13>      |   16.529|
z_in<7>        |z_out<14>      |   16.326|
z_in<7>        |z_out<15>      |   16.451|
z_in<8>        |z_out<1>       |   10.850|
z_in<8>        |z_out<2>       |   11.510|
z_in<8>        |z_out<3>       |   12.305|
z_in<8>        |z_out<4>       |   12.491|
z_in<8>        |z_out<5>       |   13.063|
z_in<8>        |z_out<6>       |   14.320|
z_in<8>        |z_out<7>       |   14.014|
z_in<8>        |z_out<8>       |   15.237|
z_in<8>        |z_out<9>       |   15.596|
z_in<8>        |z_out<10>      |   15.953|
z_in<8>        |z_out<11>      |   16.593|
z_in<8>        |z_out<12>      |   17.758|
z_in<8>        |z_out<13>      |   17.612|
z_in<8>        |z_out<14>      |   17.409|
z_in<8>        |z_out<15>      |   17.534|
z_in<9>        |z_out<1>       |   11.071|
z_in<9>        |z_out<2>       |   11.731|
z_in<9>        |z_out<3>       |   12.689|
z_in<9>        |z_out<4>       |   12.851|
z_in<9>        |z_out<5>       |   13.640|
z_in<9>        |z_out<6>       |   15.039|
z_in<9>        |z_out<7>       |   14.930|
z_in<9>        |z_out<8>       |   16.246|
z_in<9>        |z_out<9>       |   16.733|
z_in<9>        |z_out<10>      |   17.090|
z_in<9>        |z_out<11>      |   17.730|
z_in<9>        |z_out<12>      |   18.895|
z_in<9>        |z_out<13>      |   18.749|
z_in<9>        |z_out<14>      |   18.546|
z_in<9>        |z_out<15>      |   18.671|
z_in<10>       |z_out<1>       |   12.027|
z_in<10>       |z_out<2>       |   12.687|
z_in<10>       |z_out<3>       |   13.643|
z_in<10>       |z_out<4>       |   13.805|
z_in<10>       |z_out<5>       |   14.594|
z_in<10>       |z_out<6>       |   15.733|
z_in<10>       |z_out<7>       |   15.351|
z_in<10>       |z_out<8>       |   16.492|
z_in<10>       |z_out<9>       |   16.949|
z_in<10>       |z_out<10>      |   17.306|
z_in<10>       |z_out<11>      |   17.946|
z_in<10>       |z_out<12>      |   19.169|
z_in<10>       |z_out<13>      |   19.023|
z_in<10>       |z_out<14>      |   18.820|
z_in<10>       |z_out<15>      |   18.945|
z_in<11>       |z_out<1>       |   12.961|
z_in<11>       |z_out<2>       |   13.621|
z_in<11>       |z_out<3>       |   14.577|
z_in<11>       |z_out<4>       |   14.739|
z_in<11>       |z_out<5>       |   15.528|
z_in<11>       |z_out<6>       |   16.667|
z_in<11>       |z_out<7>       |   16.514|
z_in<11>       |z_out<8>       |   17.830|
z_in<11>       |z_out<9>       |   18.296|
z_in<11>       |z_out<10>      |   18.653|
z_in<11>       |z_out<11>      |   19.293|
z_in<11>       |z_out<12>      |   20.649|
z_in<11>       |z_out<13>      |   20.503|
z_in<11>       |z_out<14>      |   20.300|
z_in<11>       |z_out<15>      |   20.425|
z_in<12>       |z_out<1>       |   13.141|
z_in<12>       |z_out<2>       |   13.801|
z_in<12>       |z_out<3>       |   14.757|
z_in<12>       |z_out<4>       |   14.919|
z_in<12>       |z_out<5>       |   15.708|
z_in<12>       |z_out<6>       |   16.847|
z_in<12>       |z_out<7>       |   16.841|
z_in<12>       |z_out<8>       |   18.157|
z_in<12>       |z_out<9>       |   18.623|
z_in<12>       |z_out<10>      |   18.980|
z_in<12>       |z_out<11>      |   19.620|
z_in<12>       |z_out<12>      |   21.492|
z_in<12>       |z_out<13>      |   21.346|
z_in<12>       |z_out<14>      |   21.143|
z_in<12>       |z_out<15>      |   21.268|
z_in<13>       |z_out<1>       |   13.978|
z_in<13>       |z_out<2>       |   14.638|
z_in<13>       |z_out<3>       |   15.594|
z_in<13>       |z_out<4>       |   15.756|
z_in<13>       |z_out<5>       |   16.545|
z_in<13>       |z_out<6>       |   17.684|
z_in<13>       |z_out<7>       |   17.630|
z_in<13>       |z_out<8>       |   18.946|
z_in<13>       |z_out<9>       |   19.412|
z_in<13>       |z_out<10>      |   19.769|
z_in<13>       |z_out<11>      |   20.409|
z_in<13>       |z_out<12>      |   21.954|
z_in<13>       |z_out<13>      |   21.808|
z_in<13>       |z_out<14>      |   21.605|
z_in<13>       |z_out<15>      |   21.730|
z_in<14>       |z_out<1>       |   14.444|
z_in<14>       |z_out<2>       |   15.104|
z_in<14>       |z_out<3>       |   16.060|
z_in<14>       |z_out<4>       |   16.222|
z_in<14>       |z_out<5>       |   17.011|
z_in<14>       |z_out<6>       |   18.150|
z_in<14>       |z_out<7>       |   17.811|
z_in<14>       |z_out<8>       |   19.127|
z_in<14>       |z_out<9>       |   19.593|
z_in<14>       |z_out<10>      |   19.950|
z_in<14>       |z_out<11>      |   20.590|
z_in<14>       |z_out<12>      |   22.135|
z_in<14>       |z_out<13>      |   21.989|
z_in<14>       |z_out<14>      |   21.786|
z_in<14>       |z_out<15>      |   21.911|
z_in<15>       |z_out<1>       |   14.248|
z_in<15>       |z_out<2>       |   14.908|
z_in<15>       |z_out<3>       |   15.864|
z_in<15>       |z_out<4>       |   16.026|
z_in<15>       |z_out<5>       |   16.815|
z_in<15>       |z_out<6>       |   17.954|
z_in<15>       |z_out<7>       |   17.731|
z_in<15>       |z_out<8>       |   19.047|
z_in<15>       |z_out<9>       |   19.513|
z_in<15>       |z_out<10>      |   19.870|
z_in<15>       |z_out<11>      |   20.510|
z_in<15>       |z_out<12>      |   22.261|
z_in<15>       |z_out<13>      |   22.115|
z_in<15>       |z_out<14>      |   21.912|
z_in<15>       |z_out<15>      |   22.037|
---------------+---------------+---------+


Analysis completed Tue May 31 17:42:02 2016 
--------------------------------------------------------------------------------

Trace Settings:
-------------------------
Trace Settings 

Peak Memory Usage: 766 MB



