Release 14.7 - xst P.20131013 (lin64)
Copyright (c) 1995-2013 Xilinx, Inc.  All rights reserved.
--> 
Parameter TMPDIR set to xst/projnav.tmp


Total REAL time to Xst completion: 0.00 secs
Total CPU time to Xst completion: 0.04 secs
 
--> 
Parameter xsthdpdir set to xst


Total REAL time to Xst completion: 0.00 secs
Total CPU time to Xst completion: 0.04 secs
 
--> 
Reading design: coridc_seq_tan.prj

TABLE OF CONTENTS
  1) Synthesis Options Summary
  2) HDL Parsing
  3) HDL Elaboration
  4) HDL Synthesis
       4.1) HDL Synthesis Report
  5) Advanced HDL Synthesis
       5.1) Advanced HDL Synthesis Report
  6) Low Level Synthesis
  7) Partition Report
  8) Design Summary
       8.1) Primitive and Black Box Usage
       8.2) Device utilization summary
       8.3) Partition Resource Summary
       8.4) Timing Report
            8.4.1) Clock Information
            8.4.2) Asynchronous Control Signals Information
            8.4.3) Timing Summary
            8.4.4) Timing Details
            8.4.5) Cross Clock Domains Report


=========================================================================
*                      Synthesis Options Summary                        *
=========================================================================
---- Source Parameters
Input File Name                    : "coridc_seq_tan.prj"
Ignore Synthesis Constraint File   : NO

---- Target Parameters
Output File Name                   : "coridc_seq_tan"
Output Format                      : NGC
Target Device                      : xc6slx16-2-csg324

---- Source Options
Top Module Name                    : coridc_seq_tan
Automatic FSM Extraction           : YES
FSM Encoding Algorithm             : Auto
Safe Implementation                : No
FSM Style                          : LUT
RAM Extraction                     : Yes
RAM Style                          : Auto
ROM Extraction                     : Yes
Shift Register Extraction          : YES
ROM Style                          : Auto
Resource Sharing                   : YES
Asynchronous To Synchronous        : NO
Shift Register Minimum Size        : 2
Use DSP Block                      : Auto
Automatic Register Balancing       : No

---- Target Options
LUT Combining                      : Auto
Reduce Control Sets                : Auto
Add IO Buffers                     : YES
Global Maximum Fanout              : 100000
Add Generic Clock Buffer(BUFG)     : 16
Register Duplication               : YES
Optimize Instantiated Primitives   : NO
Use Clock Enable                   : Auto
Use Synchronous Set                : Auto
Use Synchronous Reset              : Auto
Pack IO Registers into IOBs        : Auto
Equivalent register Removal        : YES

---- General Options
Optimization Goal                  : Speed
Optimization Effort                : 1
Power Reduction                    : NO
Keep Hierarchy                     : No
Netlist Hierarchy                  : As_Optimized
RTL Output                         : Yes
Global Optimization                : AllClockNets
Read Cores                         : YES
Write Timing Constraints           : NO
Cross Clock Analysis               : NO
Hierarchy Separator                : /
Bus Delimiter                      : <>
Case Specifier                     : Maintain
Slice Utilization Ratio            : 100
BRAM Utilization Ratio             : 100
DSP48 Utilization Ratio            : 100
Auto BRAM Packing                  : NO
Slice Utilization Ratio Delta      : 5

=========================================================================


=========================================================================
*                          HDL Parsing                                  *
=========================================================================
Parsing VHDL file "/home/waseemh/Xilinx_Proj/iA_cordic_6stage/four_bits_CLA_adder.vhd" into library work
Parsing entity <four_bits_CLA_adder>.
Parsing architecture <Behavioral> of entity <four_bits_cla_adder>.
Parsing VHDL file "/home/waseemh/Xilinx_Proj/iA_cordic_6stage/carry_look_ahead_block_extended.vhd" into library work
Parsing entity <carry_look_ahead_block_extended>.
Parsing architecture <Behavioral> of entity <carry_look_ahead_block_extended>.
Parsing VHDL file "/home/waseemh/Xilinx_Proj/iA_cordic_6stage/forty_bit_adder.vhd" into library work
Parsing entity <forty_bit_adder>.
Parsing architecture <Behavioral> of entity <forty_bit_adder>.
Parsing VHDL file "/home/waseemh/Xilinx_Proj/iA_cordic_6stage/norm_vector_mode.vhd" into library work
Parsing entity <norm_vector_mode>.
Parsing architecture <Behavioral> of entity <norm_vector_mode>.
Parsing VHDL file "/home/waseemh/Xilinx_Proj/iA_cordic_6stage/forty_bit_add_sub.vhd" into library work
Parsing entity <forty_bit_add_sub>.
Parsing architecture <Behavioral> of entity <forty_bit_add_sub>.
Parsing VHDL file "/home/waseemh/Xilinx_Proj/iA_cordic_6stage/cordic_seq_tan.vhd" into library work
Parsing entity <coridc_seq_tan>.
Parsing architecture <Behavioral> of entity <coridc_seq_tan>.

=========================================================================
*                            HDL Elaboration                            *
=========================================================================

Elaborating entity <coridc_seq_tan> (architecture <Behavioral>) from library <work>.

Elaborating entity <norm_vector_mode> (architecture <Behavioral>) from library <work>.

Elaborating entity <forty_bit_adder> (architecture <Behavioral>) from library <work>.

Elaborating entity <four_bits_CLA_adder> (architecture <Behavioral>) from library <work>.

Elaborating entity <carry_look_ahead_block_extended> (architecture <Behavioral>) from library <work>.

Elaborating entity <forty_bit_add_sub> (architecture <Behavioral>) from library <work>.

=========================================================================
*                           HDL Synthesis                               *
=========================================================================

Synthesizing Unit <coridc_seq_tan>.
    Related source file is "/home/waseemh/Xilinx_Proj/iA_cordic_6stage/cordic_seq_tan.vhd".
INFO:Xst:3210 - "/home/waseemh/Xilinx_Proj/iA_cordic_6stage/cordic_seq_tan.vhd" line 116: Output port <over_flow> of the instance <adder_x> is unconnected or connected to loadless signal.
INFO:Xst:3210 - "/home/waseemh/Xilinx_Proj/iA_cordic_6stage/cordic_seq_tan.vhd" line 116: Output port <carry_out> of the instance <adder_x> is unconnected or connected to loadless signal.
INFO:Xst:3210 - "/home/waseemh/Xilinx_Proj/iA_cordic_6stage/cordic_seq_tan.vhd" line 125: Output port <over_flow> of the instance <adder_y> is unconnected or connected to loadless signal.
INFO:Xst:3210 - "/home/waseemh/Xilinx_Proj/iA_cordic_6stage/cordic_seq_tan.vhd" line 125: Output port <carry_out> of the instance <adder_y> is unconnected or connected to loadless signal.
INFO:Xst:3210 - "/home/waseemh/Xilinx_Proj/iA_cordic_6stage/cordic_seq_tan.vhd" line 133: Output port <over_flow> of the instance <adder_z> is unconnected or connected to loadless signal.
INFO:Xst:3210 - "/home/waseemh/Xilinx_Proj/iA_cordic_6stage/cordic_seq_tan.vhd" line 133: Output port <carry_out> of the instance <adder_z> is unconnected or connected to loadless signal.
INFO:Xst:3210 - "/home/waseemh/Xilinx_Proj/iA_cordic_6stage/cordic_seq_tan.vhd" line 141: Output port <over_flow> of the instance <adder_result> is unconnected or connected to loadless signal.
INFO:Xst:3210 - "/home/waseemh/Xilinx_Proj/iA_cordic_6stage/cordic_seq_tan.vhd" line 141: Output port <carry_out> of the instance <adder_result> is unconnected or connected to loadless signal.
    Found 5-bit register for signal <loop_var>.
    Found 1-bit register for signal <opr_done>.
    Found 40-bit register for signal <x_current>.
    Found 40-bit register for signal <x_last>.
    Found 40-bit register for signal <x_last_shftd>.
    Found 40-bit register for signal <y_current>.
    Found 40-bit register for signal <y_last>.
    Found 40-bit register for signal <y_last_shftd>.
    Found 40-bit register for signal <z_current>.
    Found 40-bit register for signal <z_last>.
    Found 40-bit register for signal <z_oprnd_b>.
    Found 40-bit register for signal <result>.
    Found 32-bit register for signal <angle>.
    Found 32-bit register for signal <sqrt>.
    Found 40-bit register for signal <scale>.
    Found 1-bit register for signal <result_sign>.
    Found 1-bit register for signal <mode_latched>.
    Found 1-bit register for signal <oprnd_a_msb>.
    Found 1-bit register for signal <oprnd_b_msb>.
    Found 3-bit register for signal <state>.
    Found finite state machine <FSM_0> for signal <state>.
    -----------------------------------------------------------------------
    | States             | 6                                              |
    | Transitions        | 8                                              |
    | Inputs             | 2                                              |
    | Outputs            | 4                                              |
    | Clock              | clk (rising_edge)                              |
    | Reset              | rst (positive)                                 |
    | Reset type         | synchronous                                    |
    | Reset State        | idle                                           |
    | Power Up State     | idle                                           |
    | Encoding           | auto                                           |
    | Implementation     | LUT                                            |
    -----------------------------------------------------------------------
    Found 5-bit adder for signal <loop_var[4]_GND_4_o_add_17_OUT> created at line 301.
    Found 32x40-bit Read Only RAM for signal <loop_var[4]_X_4_o_wide_mux_18_OUT>
    Summary:
	inferred   1 RAM(s).
	inferred   1 Adder/Subtractor(s).
	inferred 514 D-type flip-flop(s).
	inferred  81 Multiplexer(s).
	inferred   1 Finite State Machine(s).
Unit <coridc_seq_tan> synthesized.

Synthesizing Unit <norm_vector_mode>.
    Related source file is "/home/waseemh/Xilinx_Proj/iA_cordic_6stage/norm_vector_mode.vhd".
INFO:Xst:3210 - "/home/waseemh/Xilinx_Proj/iA_cordic_6stage/norm_vector_mode.vhd" line 48: Output port <ovf> of the instance <adder> is unconnected or connected to loadless signal.
INFO:Xst:3210 - "/home/waseemh/Xilinx_Proj/iA_cordic_6stage/norm_vector_mode.vhd" line 48: Output port <carry_out> of the instance <adder> is unconnected or connected to loadless signal.
    Summary:
	inferred   1 Multiplexer(s).
Unit <norm_vector_mode> synthesized.

Synthesizing Unit <forty_bit_adder>.
    Related source file is "/home/waseemh/Xilinx_Proj/iA_cordic_6stage/forty_bit_adder.vhd".
    Summary:
	no macro.
Unit <forty_bit_adder> synthesized.

Synthesizing Unit <four_bits_CLA_adder>.
    Related source file is "/home/waseemh/Xilinx_Proj/iA_cordic_6stage/four_bits_CLA_adder.vhd".
    Summary:
Unit <four_bits_CLA_adder> synthesized.

Synthesizing Unit <carry_look_ahead_block_extended>.
    Related source file is "/home/waseemh/Xilinx_Proj/iA_cordic_6stage/carry_look_ahead_block_extended.vhd".
    Summary:
	no macro.
Unit <carry_look_ahead_block_extended> synthesized.

Synthesizing Unit <forty_bit_add_sub>.
    Related source file is "/home/waseemh/Xilinx_Proj/iA_cordic_6stage/forty_bit_add_sub.vhd".
INFO:Xst:2774 - HDL ADVISOR - KEEP property attached to signal result<39> may hinder XST clustering optimizations.
    Summary:
	inferred   1 Multiplexer(s).
Unit <forty_bit_add_sub> synthesized.

=========================================================================
HDL Synthesis Report

Macro Statistics
# RAMs                                                 : 1
 32x40-bit single-port Read Only RAM                   : 1
# Adders/Subtractors                                   : 1
 5-bit adder                                           : 1
# Registers                                            : 19
 1-bit register                                        : 5
 32-bit register                                       : 2
 40-bit register                                       : 11
 5-bit register                                        : 1
# Multiplexers                                         : 87
 32-bit 2-to-1 multiplexer                             : 4
 40-bit 2-to-1 multiplexer                             : 82
 5-bit 2-to-1 multiplexer                              : 1
# FSMs                                                 : 1
# Xors                                                 : 481
 1-bit xor2                                            : 481

=========================================================================

=========================================================================
*                       Advanced HDL Synthesis                          *
=========================================================================


Synthesizing (advanced) Unit <coridc_seq_tan>.
The following registers are absorbed into counter <loop_var>: 1 register on signal <loop_var>.
INFO:Xst:3231 - The small RAM <Mram_loop_var[4]_X_4_o_wide_mux_18_OUT> will be implemented on LUTs in order to maximize performance and save block RAM resources. If you want to force its implementation on block, use option/constraint ram_style.
    -----------------------------------------------------------------------
    | ram_type           | Distributed                         |          |
    -----------------------------------------------------------------------
    | Port A                                                              |
    |     aspect ratio   | 32-word x 40-bit                    |          |
    |     weA            | connected to signal <GND>           | high     |
    |     addrA          | connected to signal <loop_var>      |          |
    |     diA            | connected to signal <GND>           |          |
    |     doA            | connected to internal node          |          |
    -----------------------------------------------------------------------
Unit <coridc_seq_tan> synthesized (advanced).

=========================================================================
Advanced HDL Synthesis Report

Macro Statistics
# RAMs                                                 : 1
 32x40-bit single-port distributed Read Only RAM       : 1
# Counters                                             : 1
 5-bit up counter                                      : 1
# Registers                                            : 509
 Flip-Flops                                            : 509
# Multiplexers                                         : 125
 1-bit 2-to-1 multiplexer                              : 40
 32-bit 2-to-1 multiplexer                             : 4
 40-bit 2-to-1 multiplexer                             : 81
# FSMs                                                 : 1
# Xors                                                 : 481
 1-bit xor2                                            : 481

=========================================================================

=========================================================================
*                         Low Level Synthesis                           *
=========================================================================
Analyzing FSM <MFsm> for best encoding.
Optimizing FSM <FSM_0> on signal <state[1:3]> with user encoding.
-----------------------------
 State           | Encoding
-----------------------------
 idle            | 000
 read_oprnd      | 001
 curr_calc       | 010
 last_update     | 011
 shift_and_check | 100
 done            | 101
-----------------------------
WARNING:Xst:1710 - FF/Latch <scale_22> (without init value) has a constant value of 0 in block <coridc_seq_tan>. This FF/Latch will be trimmed during the optimization process.
WARNING:Xst:1895 - Due to other FF/Latch trimming, FF/Latch <scale_23> (without init value) has a constant value of 0 in block <coridc_seq_tan>. This FF/Latch will be trimmed during the optimization process.
WARNING:Xst:1895 - Due to other FF/Latch trimming, FF/Latch <scale_24> (without init value) has a constant value of 0 in block <coridc_seq_tan>. This FF/Latch will be trimmed during the optimization process.
WARNING:Xst:1895 - Due to other FF/Latch trimming, FF/Latch <scale_25> (without init value) has a constant value of 0 in block <coridc_seq_tan>. This FF/Latch will be trimmed during the optimization process.
WARNING:Xst:1895 - Due to other FF/Latch trimming, FF/Latch <scale_33> (without init value) has a constant value of 0 in block <coridc_seq_tan>. This FF/Latch will be trimmed during the optimization process.
WARNING:Xst:1895 - Due to other FF/Latch trimming, FF/Latch <scale_34> (without init value) has a constant value of 0 in block <coridc_seq_tan>. This FF/Latch will be trimmed during the optimization process.
WARNING:Xst:1895 - Due to other FF/Latch trimming, FF/Latch <scale_35> (without init value) has a constant value of 0 in block <coridc_seq_tan>. This FF/Latch will be trimmed during the optimization process.
WARNING:Xst:1895 - Due to other FF/Latch trimming, FF/Latch <scale_36> (without init value) has a constant value of 0 in block <coridc_seq_tan>. This FF/Latch will be trimmed during the optimization process.
WARNING:Xst:1895 - Due to other FF/Latch trimming, FF/Latch <scale_37> (without init value) has a constant value of 0 in block <coridc_seq_tan>. This FF/Latch will be trimmed during the optimization process.
WARNING:Xst:1895 - Due to other FF/Latch trimming, FF/Latch <scale_38> (without init value) has a constant value of 0 in block <coridc_seq_tan>. This FF/Latch will be trimmed during the optimization process.
WARNING:Xst:1895 - Due to other FF/Latch trimming, FF/Latch <scale_39> (without init value) has a constant value of 0 in block <coridc_seq_tan>. This FF/Latch will be trimmed during the optimization process.
WARNING:Xst:1895 - Due to other FF/Latch trimming, FF/Latch <z_oprnd_b_38> (without init value) has a constant value of 0 in block <coridc_seq_tan>. This FF/Latch will be trimmed during the optimization process.
WARNING:Xst:1895 - Due to other FF/Latch trimming, FF/Latch <z_oprnd_b_39> (without init value) has a constant value of 0 in block <coridc_seq_tan>. This FF/Latch will be trimmed during the optimization process.
WARNING:Xst:1895 - Due to other FF/Latch trimming, FF/Latch <result_32> (without init value) has a constant value of 0 in block <coridc_seq_tan>. This FF/Latch will be trimmed during the optimization process.
WARNING:Xst:1895 - Due to other FF/Latch trimming, FF/Latch <result_33> (without init value) has a constant value of 0 in block <coridc_seq_tan>. This FF/Latch will be trimmed during the optimization process.
WARNING:Xst:1895 - Due to other FF/Latch trimming, FF/Latch <result_34> (without init value) has a constant value of 0 in block <coridc_seq_tan>. This FF/Latch will be trimmed during the optimization process.
WARNING:Xst:1895 - Due to other FF/Latch trimming, FF/Latch <result_35> (without init value) has a constant value of 0 in block <coridc_seq_tan>. This FF/Latch will be trimmed during the optimization process.
WARNING:Xst:1895 - Due to other FF/Latch trimming, FF/Latch <result_36> (without init value) has a constant value of 0 in block <coridc_seq_tan>. This FF/Latch will be trimmed during the optimization process.
WARNING:Xst:1895 - Due to other FF/Latch trimming, FF/Latch <result_37> (without init value) has a constant value of 0 in block <coridc_seq_tan>. This FF/Latch will be trimmed during the optimization process.
WARNING:Xst:1895 - Due to other FF/Latch trimming, FF/Latch <result_38> (without init value) has a constant value of 0 in block <coridc_seq_tan>. This FF/Latch will be trimmed during the optimization process.
WARNING:Xst:1895 - Due to other FF/Latch trimming, FF/Latch <result_39> (without init value) has a constant value of 0 in block <coridc_seq_tan>. This FF/Latch will be trimmed during the optimization process.
WARNING:Xst:1895 - Due to other FF/Latch trimming, FF/Latch <scale_0> (without init value) has a constant value of 0 in block <coridc_seq_tan>. This FF/Latch will be trimmed during the optimization process.
WARNING:Xst:1895 - Due to other FF/Latch trimming, FF/Latch <scale_1> (without init value) has a constant value of 0 in block <coridc_seq_tan>. This FF/Latch will be trimmed during the optimization process.
WARNING:Xst:1895 - Due to other FF/Latch trimming, FF/Latch <scale_2> (without init value) has a constant value of 0 in block <coridc_seq_tan>. This FF/Latch will be trimmed during the optimization process.
WARNING:Xst:1895 - Due to other FF/Latch trimming, FF/Latch <scale_3> (without init value) has a constant value of 0 in block <coridc_seq_tan>. This FF/Latch will be trimmed during the optimization process.
WARNING:Xst:1895 - Due to other FF/Latch trimming, FF/Latch <scale_4> (without init value) has a constant value of 0 in block <coridc_seq_tan>. This FF/Latch will be trimmed during the optimization process.
WARNING:Xst:1895 - Due to other FF/Latch trimming, FF/Latch <scale_5> (without init value) has a constant value of 0 in block <coridc_seq_tan>. This FF/Latch will be trimmed during the optimization process.
WARNING:Xst:1895 - Due to other FF/Latch trimming, FF/Latch <scale_6> (without init value) has a constant value of 0 in block <coridc_seq_tan>. This FF/Latch will be trimmed during the optimization process.
WARNING:Xst:1895 - Due to other FF/Latch trimming, FF/Latch <scale_7> (without init value) has a constant value of 0 in block <coridc_seq_tan>. This FF/Latch will be trimmed during the optimization process.
WARNING:Xst:1895 - Due to other FF/Latch trimming, FF/Latch <scale_8> (without init value) has a constant value of 0 in block <coridc_seq_tan>. This FF/Latch will be trimmed during the optimization process.
WARNING:Xst:1895 - Due to other FF/Latch trimming, FF/Latch <scale_9> (without init value) has a constant value of 0 in block <coridc_seq_tan>. This FF/Latch will be trimmed during the optimization process.
WARNING:Xst:1895 - Due to other FF/Latch trimming, FF/Latch <scale_10> (without init value) has a constant value of 0 in block <coridc_seq_tan>. This FF/Latch will be trimmed during the optimization process.
WARNING:Xst:1895 - Due to other FF/Latch trimming, FF/Latch <scale_11> (without init value) has a constant value of 0 in block <coridc_seq_tan>. This FF/Latch will be trimmed during the optimization process.
WARNING:Xst:1895 - Due to other FF/Latch trimming, FF/Latch <scale_12> (without init value) has a constant value of 0 in block <coridc_seq_tan>. This FF/Latch will be trimmed during the optimization process.
WARNING:Xst:1895 - Due to other FF/Latch trimming, FF/Latch <scale_13> (without init value) has a constant value of 0 in block <coridc_seq_tan>. This FF/Latch will be trimmed during the optimization process.
WARNING:Xst:1895 - Due to other FF/Latch trimming, FF/Latch <scale_14> (without init value) has a constant value of 0 in block <coridc_seq_tan>. This FF/Latch will be trimmed during the optimization process.
WARNING:Xst:1895 - Due to other FF/Latch trimming, FF/Latch <scale_15> (without init value) has a constant value of 0 in block <coridc_seq_tan>. This FF/Latch will be trimmed during the optimization process.
WARNING:Xst:1895 - Due to other FF/Latch trimming, FF/Latch <scale_16> (without init value) has a constant value of 0 in block <coridc_seq_tan>. This FF/Latch will be trimmed during the optimization process.
WARNING:Xst:1895 - Due to other FF/Latch trimming, FF/Latch <scale_17> (without init value) has a constant value of 0 in block <coridc_seq_tan>. This FF/Latch will be trimmed during the optimization process.
WARNING:Xst:1895 - Due to other FF/Latch trimming, FF/Latch <scale_18> (without init value) has a constant value of 0 in block <coridc_seq_tan>. This FF/Latch will be trimmed during the optimization process.
WARNING:Xst:1895 - Due to other FF/Latch trimming, FF/Latch <scale_19> (without init value) has a constant value of 0 in block <coridc_seq_tan>. This FF/Latch will be trimmed during the optimization process.
WARNING:Xst:1895 - Due to other FF/Latch trimming, FF/Latch <scale_20> (without init value) has a constant value of 0 in block <coridc_seq_tan>. This FF/Latch will be trimmed during the optimization process.
WARNING:Xst:1895 - Due to other FF/Latch trimming, FF/Latch <scale_21> (without init value) has a constant value of 0 in block <coridc_seq_tan>. This FF/Latch will be trimmed during the optimization process.
INFO:Xst:2261 - The FF/Latch <scale_26> in Unit <coridc_seq_tan> is equivalent to the following 2 FFs/Latches, which will be removed : <scale_28> <scale_31> 
INFO:Xst:2261 - The FF/Latch <scale_27> in Unit <coridc_seq_tan> is equivalent to the following 2 FFs/Latches, which will be removed : <scale_30> <scale_32> 

Optimizing unit <coridc_seq_tan> ...

Optimizing unit <norm_vector_mode> ...

Optimizing unit <forty_bit_adder> ...

Optimizing unit <forty_bit_add_sub> ...
INFO:Xst:2261 - The FF/Latch <angle_26> in Unit <coridc_seq_tan> is equivalent to the following 5 FFs/Latches, which will be removed : <angle_27> <angle_28> <angle_29> <angle_30> <angle_31> 

Mapping all equations...
Building and optimizing final netlist ...
Found area constraint ratio of 100 (+ 5) on block coridc_seq_tan, actual ratio is 12.
FlipFlop state_FSM_FFd2 has been replicated 1 time(s)
FlipFlop y_last_shftd_39 has been replicated 12 time(s)

Final Macro Processing ...

=========================================================================
Final Register Report

Macro Statistics
# Registers                                            : 478
 Flip-Flops                                            : 478

=========================================================================

=========================================================================
*                           Partition Report                            *
=========================================================================

Partition Implementation Status
-------------------------------

  No Partitions were found in this design.

-------------------------------

=========================================================================
*                            Design Summary                             *
=========================================================================

Top Level Output File Name         : coridc_seq_tan.ngc

Primitive and Black Box Usage:
------------------------------
# BELS                             : 1351
#      GND                         : 1
#      LUT2                        : 216
#      LUT3                        : 138
#      LUT4                        : 103
#      LUT5                        : 130
#      LUT6                        : 690
#      MUXF7                       : 73
# FlipFlops/Latches                : 478
#      FDE                         : 4
#      FDR                         : 4
#      FDRE                        : 470
# Clock Buffers                    : 1
#      BUFGP                       : 1
# IO Buffers                       : 132
#      IBUF                        : 67
#      OBUF                        : 65

Device utilization summary:
---------------------------

Selected Device : 6slx16csg324-2 


Slice Logic Utilization: 
 Number of Slice Registers:             478  out of  18224     2%  
 Number of Slice LUTs:                 1277  out of   9112    14%  
    Number used as Logic:              1277  out of   9112    14%  

Slice Logic Distribution: 
 Number of LUT Flip Flop pairs used:   1288
   Number with an unused Flip Flop:     810  out of   1288    62%  
   Number with an unused LUT:            11  out of   1288     0%  
   Number of fully used LUT-FF pairs:   467  out of   1288    36%  
   Number of unique control sets:        12

IO Utilization: 
 Number of IOs:                         133
 Number of bonded IOBs:                 133  out of    232    57%  

Specific Feature Utilization:
 Number of BUFG/BUFGCTRLs:                1  out of     16     6%  

---------------------------
Partition Resource Summary:
---------------------------

  No Partitions were found in this design.

---------------------------


=========================================================================
Timing Report

NOTE: THESE TIMING NUMBERS ARE ONLY A SYNTHESIS ESTIMATE.
      FOR ACCURATE TIMING INFORMATION PLEASE REFER TO THE TRACE REPORT
      GENERATED AFTER PLACE-and-ROUTE.

Clock Information:
------------------
-----------------------------------+------------------------+-------+
Clock Signal                       | Clock buffer(FF name)  | Load  |
-----------------------------------+------------------------+-------+
clk                                | BUFGP                  | 478   |
-----------------------------------+------------------------+-------+

Asynchronous Control Signals Information:
----------------------------------------
No asynchronous control signals found in this design

Timing Summary:
---------------
Speed Grade: -2

   Minimum period: 6.838ns (Maximum Frequency: 146.242MHz)
   Minimum input arrival time before clock: 12.173ns
   Maximum output required time after clock: 4.312ns
   Maximum combinational path delay: No path found

Timing Details:
---------------
All values displayed in nanoseconds (ns)

=========================================================================
Timing constraint: Default period analysis for Clock 'clk'
  Clock period: 6.838ns (frequency: 146.242MHz)
  Total number of paths / destination ports: 27281 / 949
-------------------------------------------------------------------------
Delay:               6.838ns (Levels of Logic = 5)
  Source:            x_last_shftd_1 (FF)
  Destination:       y_current_22 (FF)
  Source Clock:      clk rising
  Destination Clock: clk rising

  Data Path: x_last_shftd_1 to y_current_22
                                Gate     Net
    Cell:in->out      fanout   Delay   Delay  Logical Name (Net Name)
    ----------------------------------------  ------------
     FDRE:C->Q             2   0.525   1.156  x_last_shftd_1 (x_last_shftd_1)
     LUT5:I0->O            3   0.254   0.766  adder_y/adder/first_4bits/c<2>1 (adder_y/adder/first_4bits/c<2>)
     LUT6:I5->O            4   0.254   0.804  adder_y/adder/CLA_block/C_OUT<1> (adder_y/adder/c_group<1>)
     LUT6:I5->O           10   0.254   1.008  adder_y/adder/third_4bits/c<2>1 (adder_y/adder/third_4bits/c<2>)
     LUT6:I5->O           18   0.254   1.235  adder_y/adder/sixth_4bits/c<2>1 (adder_y/adder/sixth_4bits/c<2>)
     LUT5:I4->O            1   0.254   0.000  Mmux__n0453151 (_n0453<22>)
     FDRE:D                    0.074          y_current_22
    ----------------------------------------
    Total                      6.838ns (1.869ns logic, 4.969ns route)
                                       (27.3% logic, 72.7% route)

=========================================================================
Timing constraint: Default OFFSET IN BEFORE for Clock 'clk'
  Total number of paths / destination ports: 1970 / 917
-------------------------------------------------------------------------
Offset:              12.173ns (Levels of Logic = 10)
  Source:            operand_a<0> (PAD)
  Destination:       x_last_30 (FF)
  Destination Clock: clk rising

  Data Path: operand_a<0> to x_last_30
                                Gate     Net
    Cell:in->out      fanout   Delay   Delay  Logical Name (Net Name)
    ----------------------------------------  ------------
     IBUF:I->O             6   1.328   1.104  operand_a_0_IBUF (norm_1/adder_result<0>)
     LUT4:I1->O            3   0.235   0.874  norm_1/adder/CLA_block/C_OUT<1>1 (norm_1/adder/c_group<1>)
     LUT5:I3->O            5   0.250   0.949  norm_1/adder/CLA_block/C_OUT<2>1 (norm_1/adder/c_group<2>)
     LUT5:I3->O            5   0.250   0.949  norm_1/adder/CLA_block/C_OUT<3>1 (norm_1/adder/c_group<3>)
     LUT5:I3->O            5   0.250   0.949  norm_1/adder/CLA_block/C_OUT<4>1 (norm_1/adder/c_group<4>)
     LUT5:I3->O            5   0.250   0.949  norm_1/adder/CLA_block/C_OUT<5>1 (norm_1/adder/c_group<5>)
     LUT5:I3->O            5   0.250   0.949  norm_1/adder/CLA_block/C_OUT<6>1 (norm_1/adder/c_group<6>)
     LUT5:I3->O            3   0.250   0.994  norm_1/adder/CLA_block/C_OUT<7>1 (norm_1/adder/c_group<7>)
     LUT3:I0->O            2   0.235   0.834  norm_1/adder/eighth_4bits/c<2>1 (norm_1/adder/eighth_4bits/c<2>)
     LUT6:I4->O            1   0.250   0.000  mux101141 (_n0352<31>)
     FDRE:D                    0.074          x_last_31
    ----------------------------------------
    Total                     12.173ns (3.622ns logic, 8.551ns route)
                                       (29.8% logic, 70.2% route)

=========================================================================
Timing constraint: Default OFFSET OUT AFTER for Clock 'clk'
  Total number of paths / destination ports: 65 / 65
-------------------------------------------------------------------------
Offset:              4.312ns (Levels of Logic = 1)
  Source:            angle_26 (FF)
  Destination:       angle<31> (PAD)
  Source Clock:      clk rising

  Data Path: angle_26 to angle<31>
                                Gate     Net
    Cell:in->out      fanout   Delay   Delay  Logical Name (Net Name)
    ----------------------------------------  ------------
     FDRE:C->Q             6   0.525   0.875  angle_26 (angle_26)
     OBUF:I->O                 2.912          angle_31_OBUF (angle<31>)
    ----------------------------------------
    Total                      4.312ns (3.437ns logic, 0.875ns route)
                                       (79.7% logic, 20.3% route)

=========================================================================

Cross Clock Domains Report:
--------------------------

Clock to Setup on destination clock clk
---------------+---------+---------+---------+---------+
               | Src:Rise| Src:Fall| Src:Rise| Src:Fall|
Source Clock   |Dest:Rise|Dest:Rise|Dest:Fall|Dest:Fall|
---------------+---------+---------+---------+---------+
clk            |    6.838|         |         |         |
---------------+---------+---------+---------+---------+

=========================================================================


Total REAL time to Xst completion: 15.00 secs
Total CPU time to Xst completion: 15.32 secs
 
--> 


Total memory usage is 398752 kilobytes

Number of errors   :    0 (   0 filtered)
Number of warnings :   43 (   0 filtered)
Number of infos    :   15 (   0 filtered)

