--------------------------------------------------------------------------------
Release 14.7 Trace  (lin64)
Copyright (c) 1995-2013 Xilinx, Inc.  All rights reserved.

/home/waseemh/Xilinx/14.7/ISE_DS/ISE/bin/lin64/unwrapped/trce -intstyle ise -v
3 -s 3 -n 3 -fastpaths -xml forty_bit_add_sub.twx forty_bit_add_sub.ncd -o
forty_bit_add_sub.twr forty_bit_add_sub.pcf

Design file:              forty_bit_add_sub.ncd
Physical constraint file: forty_bit_add_sub.pcf
Device,package,speed:     xc7a100t,csg324,C,-3 (PRODUCTION 1.10 2013-10-13)
Report level:             verbose report

Environment Variable      Effect 
--------------------      ------ 
NONE                      No environment variables were set
--------------------------------------------------------------------------------

INFO:Timing:2698 - No timing constraints found, doing default enumeration.
INFO:Timing:3412 - To improve timing, see the Timing Closure User Guide (UG612).
INFO:Timing:2752 - To get complete path coverage, use the unconstrained paths 
   option. All paths that are not constrained will be reported in the 
   unconstrained paths section(s) of the report.
INFO:Timing:3339 - The clock-to-out numbers in this timing report are based on 
   a 50 Ohm transmission line loading model.  For the details of this model, 
   and for more information on accounting for different loading conditions, 
   please see the device datasheet.



Data Sheet report:
-----------------
All values displayed in nanoseconds (ns)

Pad to Pad
---------------+---------------+---------+
Source Pad     |Destination Pad|  Delay  |
---------------+---------------+---------+
mode           |carry_out      |   24.206|
mode           |over_flow      |   24.434|
mode           |result<1>      |   10.901|
mode           |result<2>      |   11.738|
mode           |result<3>      |   12.324|
mode           |result<4>      |   13.613|
mode           |result<5>      |   12.981|
mode           |result<6>      |   14.050|
mode           |result<7>      |   14.544|
mode           |result<8>      |   15.193|
mode           |result<9>      |   15.851|
mode           |result<10>     |   15.725|
mode           |result<11>     |   15.957|
mode           |result<12>     |   16.187|
mode           |result<13>     |   16.402|
mode           |result<14>     |   16.848|
mode           |result<15>     |   16.994|
mode           |result<16>     |   17.468|
mode           |result<17>     |   17.504|
mode           |result<18>     |   17.903|
mode           |result<19>     |   18.054|
mode           |result<20>     |   18.345|
mode           |result<21>     |   18.582|
mode           |result<22>     |   19.454|
mode           |result<23>     |   19.222|
mode           |result<24>     |   19.548|
mode           |result<25>     |   20.210|
mode           |result<26>     |   20.618|
mode           |result<27>     |   20.508|
mode           |result<28>     |   20.395|
mode           |result<29>     |   21.009|
mode           |result<30>     |   21.418|
mode           |result<31>     |   21.324|
mode           |result<32>     |   21.819|
mode           |result<33>     |   21.886|
mode           |result<34>     |   22.494|
mode           |result<35>     |   22.541|
mode           |result<36>     |   22.648|
mode           |result<37>     |   23.094|
mode           |result<38>     |   23.170|
mode           |result<39>     |   23.835|
operand_a<0>   |carry_out      |   18.591|
operand_a<0>   |over_flow      |   18.819|
operand_a<0>   |result<0>      |    5.588|
operand_a<0>   |result<1>      |    5.286|
operand_a<0>   |result<2>      |    6.123|
operand_a<0>   |result<3>      |    6.709|
operand_a<0>   |result<4>      |    7.998|
operand_a<0>   |result<5>      |    7.366|
operand_a<0>   |result<6>      |    8.435|
operand_a<0>   |result<7>      |    8.929|
operand_a<0>   |result<8>      |    9.578|
operand_a<0>   |result<9>      |   10.236|
operand_a<0>   |result<10>     |   10.110|
operand_a<0>   |result<11>     |   10.342|
operand_a<0>   |result<12>     |   10.572|
operand_a<0>   |result<13>     |   10.787|
operand_a<0>   |result<14>     |   11.233|
operand_a<0>   |result<15>     |   11.379|
operand_a<0>   |result<16>     |   11.853|
operand_a<0>   |result<17>     |   11.889|
operand_a<0>   |result<18>     |   12.288|
operand_a<0>   |result<19>     |   12.439|
operand_a<0>   |result<20>     |   12.730|
operand_a<0>   |result<21>     |   12.967|
operand_a<0>   |result<22>     |   13.839|
operand_a<0>   |result<23>     |   13.607|
operand_a<0>   |result<24>     |   13.933|
operand_a<0>   |result<25>     |   14.595|
operand_a<0>   |result<26>     |   15.003|
operand_a<0>   |result<27>     |   14.893|
operand_a<0>   |result<28>     |   14.780|
operand_a<0>   |result<29>     |   15.394|
operand_a<0>   |result<30>     |   15.803|
operand_a<0>   |result<31>     |   15.709|
operand_a<0>   |result<32>     |   16.204|
operand_a<0>   |result<33>     |   16.271|
operand_a<0>   |result<34>     |   16.879|
operand_a<0>   |result<35>     |   16.926|
operand_a<0>   |result<36>     |   17.033|
operand_a<0>   |result<37>     |   17.479|
operand_a<0>   |result<38>     |   17.555|
operand_a<0>   |result<39>     |   18.220|
operand_a<1>   |carry_out      |   18.699|
operand_a<1>   |over_flow      |   18.927|
operand_a<1>   |result<1>      |    5.407|
operand_a<1>   |result<2>      |    6.231|
operand_a<1>   |result<3>      |    6.817|
operand_a<1>   |result<4>      |    8.106|
operand_a<1>   |result<5>      |    7.474|
operand_a<1>   |result<6>      |    8.543|
operand_a<1>   |result<7>      |    9.037|
operand_a<1>   |result<8>      |    9.686|
operand_a<1>   |result<9>      |   10.344|
operand_a<1>   |result<10>     |   10.218|
operand_a<1>   |result<11>     |   10.450|
operand_a<1>   |result<12>     |   10.680|
operand_a<1>   |result<13>     |   10.895|
operand_a<1>   |result<14>     |   11.341|
operand_a<1>   |result<15>     |   11.487|
operand_a<1>   |result<16>     |   11.961|
operand_a<1>   |result<17>     |   11.997|
operand_a<1>   |result<18>     |   12.396|
operand_a<1>   |result<19>     |   12.547|
operand_a<1>   |result<20>     |   12.838|
operand_a<1>   |result<21>     |   13.075|
operand_a<1>   |result<22>     |   13.947|
operand_a<1>   |result<23>     |   13.715|
operand_a<1>   |result<24>     |   14.041|
operand_a<1>   |result<25>     |   14.703|
operand_a<1>   |result<26>     |   15.111|
operand_a<1>   |result<27>     |   15.001|
operand_a<1>   |result<28>     |   14.888|
operand_a<1>   |result<29>     |   15.502|
operand_a<1>   |result<30>     |   15.911|
operand_a<1>   |result<31>     |   15.817|
operand_a<1>   |result<32>     |   16.312|
operand_a<1>   |result<33>     |   16.379|
operand_a<1>   |result<34>     |   16.987|
operand_a<1>   |result<35>     |   17.034|
operand_a<1>   |result<36>     |   17.141|
operand_a<1>   |result<37>     |   17.587|
operand_a<1>   |result<38>     |   17.663|
operand_a<1>   |result<39>     |   18.328|
operand_a<2>   |carry_out      |   17.703|
operand_a<2>   |over_flow      |   17.931|
operand_a<2>   |result<2>      |    5.225|
operand_a<2>   |result<3>      |    6.159|
operand_a<2>   |result<4>      |    7.110|
operand_a<2>   |result<5>      |    6.478|
operand_a<2>   |result<6>      |    7.547|
operand_a<2>   |result<7>      |    8.041|
operand_a<2>   |result<8>      |    8.690|
operand_a<2>   |result<9>      |    9.348|
operand_a<2>   |result<10>     |    9.222|
operand_a<2>   |result<11>     |    9.454|
operand_a<2>   |result<12>     |    9.684|
operand_a<2>   |result<13>     |    9.899|
operand_a<2>   |result<14>     |   10.345|
operand_a<2>   |result<15>     |   10.491|
operand_a<2>   |result<16>     |   10.965|
operand_a<2>   |result<17>     |   11.001|
operand_a<2>   |result<18>     |   11.400|
operand_a<2>   |result<19>     |   11.551|
operand_a<2>   |result<20>     |   11.842|
operand_a<2>   |result<21>     |   12.079|
operand_a<2>   |result<22>     |   12.951|
operand_a<2>   |result<23>     |   12.719|
operand_a<2>   |result<24>     |   13.045|
operand_a<2>   |result<25>     |   13.707|
operand_a<2>   |result<26>     |   14.115|
operand_a<2>   |result<27>     |   14.005|
operand_a<2>   |result<28>     |   13.892|
operand_a<2>   |result<29>     |   14.506|
operand_a<2>   |result<30>     |   14.915|
operand_a<2>   |result<31>     |   14.821|
operand_a<2>   |result<32>     |   15.316|
operand_a<2>   |result<33>     |   15.383|
operand_a<2>   |result<34>     |   15.991|
operand_a<2>   |result<35>     |   16.038|
operand_a<2>   |result<36>     |   16.145|
operand_a<2>   |result<37>     |   16.591|
operand_a<2>   |result<38>     |   16.667|
operand_a<2>   |result<39>     |   17.332|
operand_a<3>   |carry_out      |   18.136|
operand_a<3>   |over_flow      |   18.364|
operand_a<3>   |result<3>      |    5.830|
operand_a<3>   |result<4>      |    7.543|
operand_a<3>   |result<5>      |    6.911|
operand_a<3>   |result<6>      |    7.980|
operand_a<3>   |result<7>      |    8.474|
operand_a<3>   |result<8>      |    9.123|
operand_a<3>   |result<9>      |    9.781|
operand_a<3>   |result<10>     |    9.655|
operand_a<3>   |result<11>     |    9.887|
operand_a<3>   |result<12>     |   10.117|
operand_a<3>   |result<13>     |   10.332|
operand_a<3>   |result<14>     |   10.778|
operand_a<3>   |result<15>     |   10.924|
operand_a<3>   |result<16>     |   11.398|
operand_a<3>   |result<17>     |   11.434|
operand_a<3>   |result<18>     |   11.833|
operand_a<3>   |result<19>     |   11.984|
operand_a<3>   |result<20>     |   12.275|
operand_a<3>   |result<21>     |   12.512|
operand_a<3>   |result<22>     |   13.384|
operand_a<3>   |result<23>     |   13.152|
operand_a<3>   |result<24>     |   13.478|
operand_a<3>   |result<25>     |   14.140|
operand_a<3>   |result<26>     |   14.548|
operand_a<3>   |result<27>     |   14.438|
operand_a<3>   |result<28>     |   14.325|
operand_a<3>   |result<29>     |   14.939|
operand_a<3>   |result<30>     |   15.348|
operand_a<3>   |result<31>     |   15.254|
operand_a<3>   |result<32>     |   15.749|
operand_a<3>   |result<33>     |   15.816|
operand_a<3>   |result<34>     |   16.424|
operand_a<3>   |result<35>     |   16.471|
operand_a<3>   |result<36>     |   16.578|
operand_a<3>   |result<37>     |   17.024|
operand_a<3>   |result<38>     |   17.100|
operand_a<3>   |result<39>     |   17.765|
operand_a<4>   |carry_out      |   18.350|
operand_a<4>   |over_flow      |   18.578|
operand_a<4>   |result<4>      |    6.222|
operand_a<4>   |result<5>      |    6.009|
operand_a<4>   |result<6>      |    8.194|
operand_a<4>   |result<7>      |    8.688|
operand_a<4>   |result<8>      |    9.337|
operand_a<4>   |result<9>      |    9.995|
operand_a<4>   |result<10>     |    9.869|
operand_a<4>   |result<11>     |   10.101|
operand_a<4>   |result<12>     |   10.331|
operand_a<4>   |result<13>     |   10.546|
operand_a<4>   |result<14>     |   10.992|
operand_a<4>   |result<15>     |   11.138|
operand_a<4>   |result<16>     |   11.612|
operand_a<4>   |result<17>     |   11.648|
operand_a<4>   |result<18>     |   12.047|
operand_a<4>   |result<19>     |   12.198|
operand_a<4>   |result<20>     |   12.489|
operand_a<4>   |result<21>     |   12.726|
operand_a<4>   |result<22>     |   13.598|
operand_a<4>   |result<23>     |   13.366|
operand_a<4>   |result<24>     |   13.692|
operand_a<4>   |result<25>     |   14.354|
operand_a<4>   |result<26>     |   14.762|
operand_a<4>   |result<27>     |   14.652|
operand_a<4>   |result<28>     |   14.539|
operand_a<4>   |result<29>     |   15.153|
operand_a<4>   |result<30>     |   15.562|
operand_a<4>   |result<31>     |   15.468|
operand_a<4>   |result<32>     |   15.963|
operand_a<4>   |result<33>     |   16.030|
operand_a<4>   |result<34>     |   16.638|
operand_a<4>   |result<35>     |   16.685|
operand_a<4>   |result<36>     |   16.792|
operand_a<4>   |result<37>     |   17.238|
operand_a<4>   |result<38>     |   17.314|
operand_a<4>   |result<39>     |   17.979|
operand_a<5>   |carry_out      |   18.913|
operand_a<5>   |over_flow      |   19.141|
operand_a<5>   |result<5>      |    7.162|
operand_a<5>   |result<6>      |    8.757|
operand_a<5>   |result<7>      |    9.251|
operand_a<5>   |result<8>      |    9.900|
operand_a<5>   |result<9>      |   10.558|
operand_a<5>   |result<10>     |   10.432|
operand_a<5>   |result<11>     |   10.664|
operand_a<5>   |result<12>     |   10.894|
operand_a<5>   |result<13>     |   11.109|
operand_a<5>   |result<14>     |   11.555|
operand_a<5>   |result<15>     |   11.701|
operand_a<5>   |result<16>     |   12.175|
operand_a<5>   |result<17>     |   12.211|
operand_a<5>   |result<18>     |   12.610|
operand_a<5>   |result<19>     |   12.761|
operand_a<5>   |result<20>     |   13.052|
operand_a<5>   |result<21>     |   13.289|
operand_a<5>   |result<22>     |   14.161|
operand_a<5>   |result<23>     |   13.929|
operand_a<5>   |result<24>     |   14.255|
operand_a<5>   |result<25>     |   14.917|
operand_a<5>   |result<26>     |   15.325|
operand_a<5>   |result<27>     |   15.215|
operand_a<5>   |result<28>     |   15.102|
operand_a<5>   |result<29>     |   15.716|
operand_a<5>   |result<30>     |   16.125|
operand_a<5>   |result<31>     |   16.031|
operand_a<5>   |result<32>     |   16.526|
operand_a<5>   |result<33>     |   16.593|
operand_a<5>   |result<34>     |   17.201|
operand_a<5>   |result<35>     |   17.248|
operand_a<5>   |result<36>     |   17.355|
operand_a<5>   |result<37>     |   17.801|
operand_a<5>   |result<38>     |   17.877|
operand_a<5>   |result<39>     |   18.542|
operand_a<6>   |carry_out      |   16.931|
operand_a<6>   |over_flow      |   17.159|
operand_a<6>   |result<6>      |    6.408|
operand_a<6>   |result<7>      |    8.001|
operand_a<6>   |result<8>      |    8.118|
operand_a<6>   |result<9>      |    8.576|
operand_a<6>   |result<10>     |    8.450|
operand_a<6>   |result<11>     |    8.682|
operand_a<6>   |result<12>     |    8.912|
operand_a<6>   |result<13>     |    9.127|
operand_a<6>   |result<14>     |    9.573|
operand_a<6>   |result<15>     |    9.719|
operand_a<6>   |result<16>     |   10.193|
operand_a<6>   |result<17>     |   10.229|
operand_a<6>   |result<18>     |   10.628|
operand_a<6>   |result<19>     |   10.779|
operand_a<6>   |result<20>     |   11.070|
operand_a<6>   |result<21>     |   11.307|
operand_a<6>   |result<22>     |   12.179|
operand_a<6>   |result<23>     |   11.947|
operand_a<6>   |result<24>     |   12.273|
operand_a<6>   |result<25>     |   12.935|
operand_a<6>   |result<26>     |   13.343|
operand_a<6>   |result<27>     |   13.233|
operand_a<6>   |result<28>     |   13.120|
operand_a<6>   |result<29>     |   13.734|
operand_a<6>   |result<30>     |   14.143|
operand_a<6>   |result<31>     |   14.049|
operand_a<6>   |result<32>     |   14.544|
operand_a<6>   |result<33>     |   14.611|
operand_a<6>   |result<34>     |   15.219|
operand_a<6>   |result<35>     |   15.266|
operand_a<6>   |result<36>     |   15.373|
operand_a<6>   |result<37>     |   15.819|
operand_a<6>   |result<38>     |   15.895|
operand_a<6>   |result<39>     |   16.560|
operand_a<7>   |carry_out      |   16.367|
operand_a<7>   |over_flow      |   16.595|
operand_a<7>   |result<7>      |    7.343|
operand_a<7>   |result<8>      |    7.336|
operand_a<7>   |result<9>      |    8.012|
operand_a<7>   |result<10>     |    7.886|
operand_a<7>   |result<11>     |    8.118|
operand_a<7>   |result<12>     |    8.348|
operand_a<7>   |result<13>     |    8.563|
operand_a<7>   |result<14>     |    9.009|
operand_a<7>   |result<15>     |    9.155|
operand_a<7>   |result<16>     |    9.629|
operand_a<7>   |result<17>     |    9.665|
operand_a<7>   |result<18>     |   10.064|
operand_a<7>   |result<19>     |   10.215|
operand_a<7>   |result<20>     |   10.506|
operand_a<7>   |result<21>     |   10.743|
operand_a<7>   |result<22>     |   11.615|
operand_a<7>   |result<23>     |   11.383|
operand_a<7>   |result<24>     |   11.709|
operand_a<7>   |result<25>     |   12.371|
operand_a<7>   |result<26>     |   12.779|
operand_a<7>   |result<27>     |   12.669|
operand_a<7>   |result<28>     |   12.556|
operand_a<7>   |result<29>     |   13.170|
operand_a<7>   |result<30>     |   13.579|
operand_a<7>   |result<31>     |   13.485|
operand_a<7>   |result<32>     |   13.980|
operand_a<7>   |result<33>     |   14.047|
operand_a<7>   |result<34>     |   14.655|
operand_a<7>   |result<35>     |   14.702|
operand_a<7>   |result<36>     |   14.809|
operand_a<7>   |result<37>     |   15.255|
operand_a<7>   |result<38>     |   15.331|
operand_a<7>   |result<39>     |   15.996|
operand_a<8>   |carry_out      |   16.123|
operand_a<8>   |over_flow      |   16.351|
operand_a<8>   |result<8>      |    7.375|
operand_a<8>   |result<9>      |    7.307|
operand_a<8>   |result<10>     |    7.642|
operand_a<8>   |result<11>     |    7.874|
operand_a<8>   |result<12>     |    8.104|
operand_a<8>   |result<13>     |    8.319|
operand_a<8>   |result<14>     |    8.765|
operand_a<8>   |result<15>     |    8.911|
operand_a<8>   |result<16>     |    9.385|
operand_a<8>   |result<17>     |    9.421|
operand_a<8>   |result<18>     |    9.820|
operand_a<8>   |result<19>     |    9.971|
operand_a<8>   |result<20>     |   10.262|
operand_a<8>   |result<21>     |   10.499|
operand_a<8>   |result<22>     |   11.371|
operand_a<8>   |result<23>     |   11.139|
operand_a<8>   |result<24>     |   11.465|
operand_a<8>   |result<25>     |   12.127|
operand_a<8>   |result<26>     |   12.535|
operand_a<8>   |result<27>     |   12.425|
operand_a<8>   |result<28>     |   12.312|
operand_a<8>   |result<29>     |   12.926|
operand_a<8>   |result<30>     |   13.335|
operand_a<8>   |result<31>     |   13.241|
operand_a<8>   |result<32>     |   13.736|
operand_a<8>   |result<33>     |   13.803|
operand_a<8>   |result<34>     |   14.411|
operand_a<8>   |result<35>     |   14.458|
operand_a<8>   |result<36>     |   14.565|
operand_a<8>   |result<37>     |   15.011|
operand_a<8>   |result<38>     |   15.087|
operand_a<8>   |result<39>     |   15.752|
operand_a<9>   |carry_out      |   16.563|
operand_a<9>   |over_flow      |   16.791|
operand_a<9>   |result<9>      |    7.631|
operand_a<9>   |result<10>     |    8.082|
operand_a<9>   |result<11>     |    8.314|
operand_a<9>   |result<12>     |    8.544|
operand_a<9>   |result<13>     |    8.759|
operand_a<9>   |result<14>     |    9.205|
operand_a<9>   |result<15>     |    9.351|
operand_a<9>   |result<16>     |    9.825|
operand_a<9>   |result<17>     |    9.861|
operand_a<9>   |result<18>     |   10.260|
operand_a<9>   |result<19>     |   10.411|
operand_a<9>   |result<20>     |   10.702|
operand_a<9>   |result<21>     |   10.939|
operand_a<9>   |result<22>     |   11.811|
operand_a<9>   |result<23>     |   11.579|
operand_a<9>   |result<24>     |   11.905|
operand_a<9>   |result<25>     |   12.567|
operand_a<9>   |result<26>     |   12.975|
operand_a<9>   |result<27>     |   12.865|
operand_a<9>   |result<28>     |   12.752|
operand_a<9>   |result<29>     |   13.366|
operand_a<9>   |result<30>     |   13.775|
operand_a<9>   |result<31>     |   13.681|
operand_a<9>   |result<32>     |   14.176|
operand_a<9>   |result<33>     |   14.243|
operand_a<9>   |result<34>     |   14.851|
operand_a<9>   |result<35>     |   14.898|
operand_a<9>   |result<36>     |   15.005|
operand_a<9>   |result<37>     |   15.451|
operand_a<9>   |result<38>     |   15.527|
operand_a<9>   |result<39>     |   16.192|
operand_a<10>  |carry_out      |   15.490|
operand_a<10>  |over_flow      |   15.718|
operand_a<10>  |result<10>     |    7.215|
operand_a<10>  |result<11>     |    7.260|
operand_a<10>  |result<12>     |    7.084|
operand_a<10>  |result<13>     |    7.686|
operand_a<10>  |result<14>     |    8.132|
operand_a<10>  |result<15>     |    8.278|
operand_a<10>  |result<16>     |    8.752|
operand_a<10>  |result<17>     |    8.788|
operand_a<10>  |result<18>     |    9.187|
operand_a<10>  |result<19>     |    9.338|
operand_a<10>  |result<20>     |    9.629|
operand_a<10>  |result<21>     |    9.866|
operand_a<10>  |result<22>     |   10.738|
operand_a<10>  |result<23>     |   10.506|
operand_a<10>  |result<24>     |   10.832|
operand_a<10>  |result<25>     |   11.494|
operand_a<10>  |result<26>     |   11.902|
operand_a<10>  |result<27>     |   11.792|
operand_a<10>  |result<28>     |   11.679|
operand_a<10>  |result<29>     |   12.293|
operand_a<10>  |result<30>     |   12.702|
operand_a<10>  |result<31>     |   12.608|
operand_a<10>  |result<32>     |   13.103|
operand_a<10>  |result<33>     |   13.170|
operand_a<10>  |result<34>     |   13.778|
operand_a<10>  |result<35>     |   13.825|
operand_a<10>  |result<36>     |   13.932|
operand_a<10>  |result<37>     |   14.378|
operand_a<10>  |result<38>     |   14.454|
operand_a<10>  |result<39>     |   15.119|
operand_a<11>  |carry_out      |   15.265|
operand_a<11>  |over_flow      |   15.493|
operand_a<11>  |result<11>     |    7.015|
operand_a<11>  |result<12>     |    6.783|
operand_a<11>  |result<13>     |    7.461|
operand_a<11>  |result<14>     |    7.907|
operand_a<11>  |result<15>     |    8.053|
operand_a<11>  |result<16>     |    8.527|
operand_a<11>  |result<17>     |    8.563|
operand_a<11>  |result<18>     |    8.962|
operand_a<11>  |result<19>     |    9.113|
operand_a<11>  |result<20>     |    9.404|
operand_a<11>  |result<21>     |    9.641|
operand_a<11>  |result<22>     |   10.513|
operand_a<11>  |result<23>     |   10.281|
operand_a<11>  |result<24>     |   10.607|
operand_a<11>  |result<25>     |   11.269|
operand_a<11>  |result<26>     |   11.677|
operand_a<11>  |result<27>     |   11.567|
operand_a<11>  |result<28>     |   11.454|
operand_a<11>  |result<29>     |   12.068|
operand_a<11>  |result<30>     |   12.477|
operand_a<11>  |result<31>     |   12.383|
operand_a<11>  |result<32>     |   12.878|
operand_a<11>  |result<33>     |   12.945|
operand_a<11>  |result<34>     |   13.553|
operand_a<11>  |result<35>     |   13.600|
operand_a<11>  |result<36>     |   13.707|
operand_a<11>  |result<37>     |   14.153|
operand_a<11>  |result<38>     |   14.229|
operand_a<11>  |result<39>     |   14.894|
operand_a<12>  |carry_out      |   14.677|
operand_a<12>  |over_flow      |   14.905|
operand_a<12>  |result<12>     |    7.016|
operand_a<12>  |result<13>     |    6.618|
operand_a<12>  |result<14>     |    7.319|
operand_a<12>  |result<15>     |    7.465|
operand_a<12>  |result<16>     |    7.939|
operand_a<12>  |result<17>     |    7.975|
operand_a<12>  |result<18>     |    8.374|
operand_a<12>  |result<19>     |    8.525|
operand_a<12>  |result<20>     |    8.816|
operand_a<12>  |result<21>     |    9.053|
operand_a<12>  |result<22>     |    9.925|
operand_a<12>  |result<23>     |    9.693|
operand_a<12>  |result<24>     |   10.019|
operand_a<12>  |result<25>     |   10.681|
operand_a<12>  |result<26>     |   11.089|
operand_a<12>  |result<27>     |   10.979|
operand_a<12>  |result<28>     |   10.866|
operand_a<12>  |result<29>     |   11.480|
operand_a<12>  |result<30>     |   11.889|
operand_a<12>  |result<31>     |   11.795|
operand_a<12>  |result<32>     |   12.290|
operand_a<12>  |result<33>     |   12.357|
operand_a<12>  |result<34>     |   12.965|
operand_a<12>  |result<35>     |   13.012|
operand_a<12>  |result<36>     |   13.119|
operand_a<12>  |result<37>     |   13.565|
operand_a<12>  |result<38>     |   13.641|
operand_a<12>  |result<39>     |   14.306|
operand_a<13>  |carry_out      |   15.703|
operand_a<13>  |over_flow      |   15.931|
operand_a<13>  |result<13>     |    7.153|
operand_a<13>  |result<14>     |    8.345|
operand_a<13>  |result<15>     |    8.491|
operand_a<13>  |result<16>     |    8.965|
operand_a<13>  |result<17>     |    9.001|
operand_a<13>  |result<18>     |    9.400|
operand_a<13>  |result<19>     |    9.551|
operand_a<13>  |result<20>     |    9.842|
operand_a<13>  |result<21>     |   10.079|
operand_a<13>  |result<22>     |   10.951|
operand_a<13>  |result<23>     |   10.719|
operand_a<13>  |result<24>     |   11.045|
operand_a<13>  |result<25>     |   11.707|
operand_a<13>  |result<26>     |   12.115|
operand_a<13>  |result<27>     |   12.005|
operand_a<13>  |result<28>     |   11.892|
operand_a<13>  |result<29>     |   12.506|
operand_a<13>  |result<30>     |   12.915|
operand_a<13>  |result<31>     |   12.821|
operand_a<13>  |result<32>     |   13.316|
operand_a<13>  |result<33>     |   13.383|
operand_a<13>  |result<34>     |   13.991|
operand_a<13>  |result<35>     |   14.038|
operand_a<13>  |result<36>     |   14.145|
operand_a<13>  |result<37>     |   14.591|
operand_a<13>  |result<38>     |   14.667|
operand_a<13>  |result<39>     |   15.332|
operand_a<14>  |carry_out      |   14.590|
operand_a<14>  |over_flow      |   14.818|
operand_a<14>  |result<14>     |    7.051|
operand_a<14>  |result<15>     |    7.152|
operand_a<14>  |result<16>     |    7.193|
operand_a<14>  |result<17>     |    7.888|
operand_a<14>  |result<18>     |    8.287|
operand_a<14>  |result<19>     |    8.438|
operand_a<14>  |result<20>     |    8.729|
operand_a<14>  |result<21>     |    8.966|
operand_a<14>  |result<22>     |    9.838|
operand_a<14>  |result<23>     |    9.606|
operand_a<14>  |result<24>     |    9.932|
operand_a<14>  |result<25>     |   10.594|
operand_a<14>  |result<26>     |   11.002|
operand_a<14>  |result<27>     |   10.892|
operand_a<14>  |result<28>     |   10.779|
operand_a<14>  |result<29>     |   11.393|
operand_a<14>  |result<30>     |   11.802|
operand_a<14>  |result<31>     |   11.708|
operand_a<14>  |result<32>     |   12.203|
operand_a<14>  |result<33>     |   12.270|
operand_a<14>  |result<34>     |   12.878|
operand_a<14>  |result<35>     |   12.925|
operand_a<14>  |result<36>     |   13.032|
operand_a<14>  |result<37>     |   13.478|
operand_a<14>  |result<38>     |   13.554|
operand_a<14>  |result<39>     |   14.219|
operand_a<15>  |carry_out      |   14.065|
operand_a<15>  |over_flow      |   14.293|
operand_a<15>  |result<15>     |    6.613|
operand_a<15>  |result<16>     |    7.413|
operand_a<15>  |result<17>     |    7.363|
operand_a<15>  |result<18>     |    7.762|
operand_a<15>  |result<19>     |    7.913|
operand_a<15>  |result<20>     |    8.204|
operand_a<15>  |result<21>     |    8.441|
operand_a<15>  |result<22>     |    9.313|
operand_a<15>  |result<23>     |    9.081|
operand_a<15>  |result<24>     |    9.407|
operand_a<15>  |result<25>     |   10.069|
operand_a<15>  |result<26>     |   10.477|
operand_a<15>  |result<27>     |   10.367|
operand_a<15>  |result<28>     |   10.254|
operand_a<15>  |result<29>     |   10.868|
operand_a<15>  |result<30>     |   11.277|
operand_a<15>  |result<31>     |   11.183|
operand_a<15>  |result<32>     |   11.678|
operand_a<15>  |result<33>     |   11.745|
operand_a<15>  |result<34>     |   12.353|
operand_a<15>  |result<35>     |   12.400|
operand_a<15>  |result<36>     |   12.507|
operand_a<15>  |result<37>     |   12.953|
operand_a<15>  |result<38>     |   13.029|
operand_a<15>  |result<39>     |   13.694|
operand_a<16>  |carry_out      |   13.559|
operand_a<16>  |over_flow      |   13.787|
operand_a<16>  |result<16>     |    6.915|
operand_a<16>  |result<17>     |    6.603|
operand_a<16>  |result<18>     |    7.256|
operand_a<16>  |result<19>     |    7.407|
operand_a<16>  |result<20>     |    7.698|
operand_a<16>  |result<21>     |    7.935|
operand_a<16>  |result<22>     |    8.807|
operand_a<16>  |result<23>     |    8.575|
operand_a<16>  |result<24>     |    8.901|
operand_a<16>  |result<25>     |    9.563|
operand_a<16>  |result<26>     |    9.971|
operand_a<16>  |result<27>     |    9.861|
operand_a<16>  |result<28>     |    9.748|
operand_a<16>  |result<29>     |   10.362|
operand_a<16>  |result<30>     |   10.771|
operand_a<16>  |result<31>     |   10.677|
operand_a<16>  |result<32>     |   11.172|
operand_a<16>  |result<33>     |   11.239|
operand_a<16>  |result<34>     |   11.847|
operand_a<16>  |result<35>     |   11.894|
operand_a<16>  |result<36>     |   12.001|
operand_a<16>  |result<37>     |   12.447|
operand_a<16>  |result<38>     |   12.523|
operand_a<16>  |result<39>     |   13.188|
operand_a<17>  |carry_out      |   13.982|
operand_a<17>  |over_flow      |   14.210|
operand_a<17>  |result<17>     |    7.033|
operand_a<17>  |result<18>     |    7.679|
operand_a<17>  |result<19>     |    7.830|
operand_a<17>  |result<20>     |    8.121|
operand_a<17>  |result<21>     |    8.358|
operand_a<17>  |result<22>     |    9.230|
operand_a<17>  |result<23>     |    8.998|
operand_a<17>  |result<24>     |    9.324|
operand_a<17>  |result<25>     |    9.986|
operand_a<17>  |result<26>     |   10.394|
operand_a<17>  |result<27>     |   10.284|
operand_a<17>  |result<28>     |   10.171|
operand_a<17>  |result<29>     |   10.785|
operand_a<17>  |result<30>     |   11.194|
operand_a<17>  |result<31>     |   11.100|
operand_a<17>  |result<32>     |   11.595|
operand_a<17>  |result<33>     |   11.662|
operand_a<17>  |result<34>     |   12.270|
operand_a<17>  |result<35>     |   12.317|
operand_a<17>  |result<36>     |   12.424|
operand_a<17>  |result<37>     |   12.870|
operand_a<17>  |result<38>     |   12.946|
operand_a<17>  |result<39>     |   13.611|
operand_a<18>  |carry_out      |   13.229|
operand_a<18>  |over_flow      |   13.457|
operand_a<18>  |result<18>     |    6.809|
operand_a<18>  |result<19>     |    6.980|
operand_a<18>  |result<20>     |    7.344|
operand_a<18>  |result<21>     |    7.605|
operand_a<18>  |result<22>     |    8.477|
operand_a<18>  |result<23>     |    8.245|
operand_a<18>  |result<24>     |    8.571|
operand_a<18>  |result<25>     |    9.233|
operand_a<18>  |result<26>     |    9.641|
operand_a<18>  |result<27>     |    9.531|
operand_a<18>  |result<28>     |    9.418|
operand_a<18>  |result<29>     |   10.032|
operand_a<18>  |result<30>     |   10.441|
operand_a<18>  |result<31>     |   10.347|
operand_a<18>  |result<32>     |   10.842|
operand_a<18>  |result<33>     |   10.909|
operand_a<18>  |result<34>     |   11.517|
operand_a<18>  |result<35>     |   11.564|
operand_a<18>  |result<36>     |   11.671|
operand_a<18>  |result<37>     |   12.117|
operand_a<18>  |result<38>     |   12.193|
operand_a<18>  |result<39>     |   12.858|
operand_a<19>  |carry_out      |   13.075|
operand_a<19>  |over_flow      |   13.303|
operand_a<19>  |result<19>     |    7.121|
operand_a<19>  |result<20>     |    7.220|
operand_a<19>  |result<21>     |    7.451|
operand_a<19>  |result<22>     |    8.323|
operand_a<19>  |result<23>     |    8.091|
operand_a<19>  |result<24>     |    8.417|
operand_a<19>  |result<25>     |    9.079|
operand_a<19>  |result<26>     |    9.487|
operand_a<19>  |result<27>     |    9.377|
operand_a<19>  |result<28>     |    9.264|
operand_a<19>  |result<29>     |    9.878|
operand_a<19>  |result<30>     |   10.287|
operand_a<19>  |result<31>     |   10.193|
operand_a<19>  |result<32>     |   10.688|
operand_a<19>  |result<33>     |   10.755|
operand_a<19>  |result<34>     |   11.363|
operand_a<19>  |result<35>     |   11.410|
operand_a<19>  |result<36>     |   11.517|
operand_a<19>  |result<37>     |   11.963|
operand_a<19>  |result<38>     |   12.039|
operand_a<19>  |result<39>     |   12.704|
operand_a<20>  |carry_out      |   12.790|
operand_a<20>  |over_flow      |   13.018|
operand_a<20>  |result<20>     |    7.100|
operand_a<20>  |result<21>     |    6.919|
operand_a<20>  |result<22>     |    8.038|
operand_a<20>  |result<23>     |    7.806|
operand_a<20>  |result<24>     |    8.132|
operand_a<20>  |result<25>     |    8.794|
operand_a<20>  |result<26>     |    9.202|
operand_a<20>  |result<27>     |    9.092|
operand_a<20>  |result<28>     |    8.979|
operand_a<20>  |result<29>     |    9.593|
operand_a<20>  |result<30>     |   10.002|
operand_a<20>  |result<31>     |    9.908|
operand_a<20>  |result<32>     |   10.403|
operand_a<20>  |result<33>     |   10.470|
operand_a<20>  |result<34>     |   11.078|
operand_a<20>  |result<35>     |   11.125|
operand_a<20>  |result<36>     |   11.232|
operand_a<20>  |result<37>     |   11.678|
operand_a<20>  |result<38>     |   11.754|
operand_a<20>  |result<39>     |   12.419|
operand_a<21>  |carry_out      |   12.820|
operand_a<21>  |over_flow      |   13.048|
operand_a<21>  |result<21>     |    7.096|
operand_a<21>  |result<22>     |    8.068|
operand_a<21>  |result<23>     |    7.836|
operand_a<21>  |result<24>     |    8.162|
operand_a<21>  |result<25>     |    8.824|
operand_a<21>  |result<26>     |    9.232|
operand_a<21>  |result<27>     |    9.122|
operand_a<21>  |result<28>     |    9.009|
operand_a<21>  |result<29>     |    9.623|
operand_a<21>  |result<30>     |   10.032|
operand_a<21>  |result<31>     |    9.938|
operand_a<21>  |result<32>     |   10.433|
operand_a<21>  |result<33>     |   10.500|
operand_a<21>  |result<34>     |   11.108|
operand_a<21>  |result<35>     |   11.155|
operand_a<21>  |result<36>     |   11.262|
operand_a<21>  |result<37>     |   11.708|
operand_a<21>  |result<38>     |   11.784|
operand_a<21>  |result<39>     |   12.449|
operand_a<22>  |carry_out      |   11.806|
operand_a<22>  |over_flow      |   12.034|
operand_a<22>  |result<22>     |    7.493|
operand_a<22>  |result<23>     |    7.377|
operand_a<22>  |result<24>     |    7.162|
operand_a<22>  |result<25>     |    7.810|
operand_a<22>  |result<26>     |    8.218|
operand_a<22>  |result<27>     |    8.108|
operand_a<22>  |result<28>     |    7.995|
operand_a<22>  |result<29>     |    8.609|
operand_a<22>  |result<30>     |    9.018|
operand_a<22>  |result<31>     |    8.924|
operand_a<22>  |result<32>     |    9.419|
operand_a<22>  |result<33>     |    9.486|
operand_a<22>  |result<34>     |   10.094|
operand_a<22>  |result<35>     |   10.141|
operand_a<22>  |result<36>     |   10.248|
operand_a<22>  |result<37>     |   10.694|
operand_a<22>  |result<38>     |   10.770|
operand_a<22>  |result<39>     |   11.435|
operand_a<23>  |carry_out      |   11.580|
operand_a<23>  |over_flow      |   11.808|
operand_a<23>  |result<23>     |    7.206|
operand_a<23>  |result<24>     |    7.105|
operand_a<23>  |result<25>     |    7.584|
operand_a<23>  |result<26>     |    7.992|
operand_a<23>  |result<27>     |    7.882|
operand_a<23>  |result<28>     |    7.769|
operand_a<23>  |result<29>     |    8.383|
operand_a<23>  |result<30>     |    8.792|
operand_a<23>  |result<31>     |    8.698|
operand_a<23>  |result<32>     |    9.193|
operand_a<23>  |result<33>     |    9.260|
operand_a<23>  |result<34>     |    9.868|
operand_a<23>  |result<35>     |    9.915|
operand_a<23>  |result<36>     |   10.022|
operand_a<23>  |result<37>     |   10.468|
operand_a<23>  |result<38>     |   10.544|
operand_a<23>  |result<39>     |   11.209|
operand_a<24>  |carry_out      |   11.548|
operand_a<24>  |over_flow      |   11.776|
operand_a<24>  |result<24>     |    7.261|
operand_a<24>  |result<25>     |    7.074|
operand_a<24>  |result<26>     |    7.960|
operand_a<24>  |result<27>     |    7.850|
operand_a<24>  |result<28>     |    7.737|
operand_a<24>  |result<29>     |    8.351|
operand_a<24>  |result<30>     |    8.760|
operand_a<24>  |result<31>     |    8.666|
operand_a<24>  |result<32>     |    9.161|
operand_a<24>  |result<33>     |    9.228|
operand_a<24>  |result<34>     |    9.836|
operand_a<24>  |result<35>     |    9.883|
operand_a<24>  |result<36>     |    9.990|
operand_a<24>  |result<37>     |   10.436|
operand_a<24>  |result<38>     |   10.512|
operand_a<24>  |result<39>     |   11.177|
operand_a<25>  |carry_out      |   11.767|
operand_a<25>  |over_flow      |   11.995|
operand_a<25>  |result<25>     |    6.989|
operand_a<25>  |result<26>     |    8.179|
operand_a<25>  |result<27>     |    8.069|
operand_a<25>  |result<28>     |    7.956|
operand_a<25>  |result<29>     |    8.570|
operand_a<25>  |result<30>     |    8.979|
operand_a<25>  |result<31>     |    8.885|
operand_a<25>  |result<32>     |    9.380|
operand_a<25>  |result<33>     |    9.447|
operand_a<25>  |result<34>     |   10.055|
operand_a<25>  |result<35>     |   10.102|
operand_a<25>  |result<36>     |   10.209|
operand_a<25>  |result<37>     |   10.655|
operand_a<25>  |result<38>     |   10.731|
operand_a<25>  |result<39>     |   11.396|
operand_a<26>  |carry_out      |   10.745|
operand_a<26>  |over_flow      |   10.973|
operand_a<26>  |result<26>     |    7.260|
operand_a<26>  |result<27>     |    6.818|
operand_a<26>  |result<28>     |    7.506|
operand_a<26>  |result<29>     |    7.548|
operand_a<26>  |result<30>     |    7.957|
operand_a<26>  |result<31>     |    7.863|
operand_a<26>  |result<32>     |    8.358|
operand_a<26>  |result<33>     |    8.425|
operand_a<26>  |result<34>     |    9.033|
operand_a<26>  |result<35>     |    9.080|
operand_a<26>  |result<36>     |    9.187|
operand_a<26>  |result<37>     |    9.633|
operand_a<26>  |result<38>     |    9.709|
operand_a<26>  |result<39>     |   10.374|
operand_a<27>  |carry_out      |   10.719|
operand_a<27>  |over_flow      |   10.947|
operand_a<27>  |result<27>     |    7.006|
operand_a<27>  |result<28>     |    7.399|
operand_a<27>  |result<29>     |    7.522|
operand_a<27>  |result<30>     |    7.931|
operand_a<27>  |result<31>     |    7.837|
operand_a<27>  |result<32>     |    8.332|
operand_a<27>  |result<33>     |    8.399|
operand_a<27>  |result<34>     |    9.007|
operand_a<27>  |result<35>     |    9.054|
operand_a<27>  |result<36>     |    9.161|
operand_a<27>  |result<37>     |    9.607|
operand_a<27>  |result<38>     |    9.683|
operand_a<27>  |result<39>     |   10.348|
operand_a<28>  |carry_out      |   10.168|
operand_a<28>  |over_flow      |   10.396|
operand_a<28>  |result<28>     |    6.742|
operand_a<28>  |result<29>     |    7.047|
operand_a<28>  |result<30>     |    7.380|
operand_a<28>  |result<31>     |    7.286|
operand_a<28>  |result<32>     |    7.781|
operand_a<28>  |result<33>     |    7.848|
operand_a<28>  |result<34>     |    8.456|
operand_a<28>  |result<35>     |    8.503|
operand_a<28>  |result<36>     |    8.610|
operand_a<28>  |result<37>     |    9.056|
operand_a<28>  |result<38>     |    9.132|
operand_a<28>  |result<39>     |    9.797|
operand_a<29>  |carry_out      |   10.569|
operand_a<29>  |over_flow      |   10.797|
operand_a<29>  |result<29>     |    6.868|
operand_a<29>  |result<30>     |    7.781|
operand_a<29>  |result<31>     |    7.687|
operand_a<29>  |result<32>     |    8.182|
operand_a<29>  |result<33>     |    8.249|
operand_a<29>  |result<34>     |    8.857|
operand_a<29>  |result<35>     |    8.904|
operand_a<29>  |result<36>     |    9.011|
operand_a<29>  |result<37>     |    9.457|
operand_a<29>  |result<38>     |    9.533|
operand_a<29>  |result<39>     |   10.198|
operand_a<30>  |carry_out      |    9.923|
operand_a<30>  |over_flow      |   10.151|
operand_a<30>  |result<30>     |    7.165|
operand_a<30>  |result<31>     |    7.292|
operand_a<30>  |result<32>     |    7.189|
operand_a<30>  |result<33>     |    7.603|
operand_a<30>  |result<34>     |    8.211|
operand_a<30>  |result<35>     |    8.258|
operand_a<30>  |result<36>     |    8.365|
operand_a<30>  |result<37>     |    8.811|
operand_a<30>  |result<38>     |    8.887|
operand_a<30>  |result<39>     |    9.552|
operand_a<31>  |carry_out      |    9.592|
operand_a<31>  |over_flow      |    9.820|
operand_a<31>  |result<31>     |    7.130|
operand_a<31>  |result<32>     |    7.101|
operand_a<31>  |result<33>     |    7.272|
operand_a<31>  |result<34>     |    7.880|
operand_a<31>  |result<35>     |    7.927|
operand_a<31>  |result<36>     |    8.034|
operand_a<31>  |result<37>     |    8.480|
operand_a<31>  |result<38>     |    8.556|
operand_a<31>  |result<39>     |    9.221|
operand_a<32>  |carry_out      |    9.427|
operand_a<32>  |over_flow      |    9.655|
operand_a<32>  |result<32>     |    7.145|
operand_a<32>  |result<33>     |    6.832|
operand_a<32>  |result<34>     |    7.715|
operand_a<32>  |result<35>     |    7.762|
operand_a<32>  |result<36>     |    7.869|
operand_a<32>  |result<37>     |    8.315|
operand_a<32>  |result<38>     |    8.391|
operand_a<32>  |result<39>     |    9.056|
operand_a<33>  |carry_out      |    9.723|
operand_a<33>  |over_flow      |    9.951|
operand_a<33>  |result<33>     |    6.915|
operand_a<33>  |result<34>     |    8.011|
operand_a<33>  |result<35>     |    8.058|
operand_a<33>  |result<36>     |    8.165|
operand_a<33>  |result<37>     |    8.611|
operand_a<33>  |result<38>     |    8.687|
operand_a<33>  |result<39>     |    9.352|
operand_a<34>  |carry_out      |    9.086|
operand_a<34>  |over_flow      |    9.314|
operand_a<34>  |result<34>     |    6.798|
operand_a<34>  |result<35>     |    7.015|
operand_a<34>  |result<36>     |    6.968|
operand_a<34>  |result<37>     |    7.974|
operand_a<34>  |result<38>     |    8.050|
operand_a<34>  |result<39>     |    8.715|
operand_a<35>  |carry_out      |    9.168|
operand_a<35>  |over_flow      |    9.396|
operand_a<35>  |result<35>     |    7.319|
operand_a<35>  |result<36>     |    7.247|
operand_a<35>  |result<37>     |    8.056|
operand_a<35>  |result<38>     |    8.132|
operand_a<35>  |result<39>     |    8.797|
operand_a<36>  |carry_out      |    8.506|
operand_a<36>  |over_flow      |    8.624|
operand_a<36>  |result<36>     |    7.092|
operand_a<36>  |result<37>     |    7.607|
operand_a<36>  |result<38>     |    7.360|
operand_a<36>  |result<39>     |    8.025|
operand_a<37>  |carry_out      |    8.201|
operand_a<37>  |over_flow      |    8.631|
operand_a<37>  |result<37>     |    7.301|
operand_a<37>  |result<38>     |    7.367|
operand_a<37>  |result<39>     |    8.032|
operand_a<38>  |carry_out      |    8.118|
operand_a<38>  |over_flow      |    7.664|
operand_a<38>  |result<38>     |    7.188|
operand_a<38>  |result<39>     |    7.660|
operand_a<39>  |carry_out      |    7.763|
operand_a<39>  |over_flow      |    8.001|
operand_a<39>  |result<39>     |    7.941|
operand_b<0>   |carry_out      |   18.861|
operand_b<0>   |over_flow      |   19.089|
operand_b<0>   |result<0>      |    5.318|
operand_b<0>   |result<1>      |    5.571|
operand_b<0>   |result<2>      |    6.393|
operand_b<0>   |result<3>      |    6.979|
operand_b<0>   |result<4>      |    8.268|
operand_b<0>   |result<5>      |    7.636|
operand_b<0>   |result<6>      |    8.705|
operand_b<0>   |result<7>      |    9.199|
operand_b<0>   |result<8>      |    9.848|
operand_b<0>   |result<9>      |   10.506|
operand_b<0>   |result<10>     |   10.380|
operand_b<0>   |result<11>     |   10.612|
operand_b<0>   |result<12>     |   10.842|
operand_b<0>   |result<13>     |   11.057|
operand_b<0>   |result<14>     |   11.503|
operand_b<0>   |result<15>     |   11.649|
operand_b<0>   |result<16>     |   12.123|
operand_b<0>   |result<17>     |   12.159|
operand_b<0>   |result<18>     |   12.558|
operand_b<0>   |result<19>     |   12.709|
operand_b<0>   |result<20>     |   13.000|
operand_b<0>   |result<21>     |   13.237|
operand_b<0>   |result<22>     |   14.109|
operand_b<0>   |result<23>     |   13.877|
operand_b<0>   |result<24>     |   14.203|
operand_b<0>   |result<25>     |   14.865|
operand_b<0>   |result<26>     |   15.273|
operand_b<0>   |result<27>     |   15.163|
operand_b<0>   |result<28>     |   15.050|
operand_b<0>   |result<29>     |   15.664|
operand_b<0>   |result<30>     |   16.073|
operand_b<0>   |result<31>     |   15.979|
operand_b<0>   |result<32>     |   16.474|
operand_b<0>   |result<33>     |   16.541|
operand_b<0>   |result<34>     |   17.149|
operand_b<0>   |result<35>     |   17.196|
operand_b<0>   |result<36>     |   17.303|
operand_b<0>   |result<37>     |   17.749|
operand_b<0>   |result<38>     |   17.825|
operand_b<0>   |result<39>     |   18.490|
operand_b<1>   |carry_out      |   18.605|
operand_b<1>   |over_flow      |   18.833|
operand_b<1>   |result<1>      |    5.311|
operand_b<1>   |result<2>      |    6.137|
operand_b<1>   |result<3>      |    6.723|
operand_b<1>   |result<4>      |    8.012|
operand_b<1>   |result<5>      |    7.380|
operand_b<1>   |result<6>      |    8.449|
operand_b<1>   |result<7>      |    8.943|
operand_b<1>   |result<8>      |    9.592|
operand_b<1>   |result<9>      |   10.250|
operand_b<1>   |result<10>     |   10.124|
operand_b<1>   |result<11>     |   10.356|
operand_b<1>   |result<12>     |   10.586|
operand_b<1>   |result<13>     |   10.801|
operand_b<1>   |result<14>     |   11.247|
operand_b<1>   |result<15>     |   11.393|
operand_b<1>   |result<16>     |   11.867|
operand_b<1>   |result<17>     |   11.903|
operand_b<1>   |result<18>     |   12.302|
operand_b<1>   |result<19>     |   12.453|
operand_b<1>   |result<20>     |   12.744|
operand_b<1>   |result<21>     |   12.981|
operand_b<1>   |result<22>     |   13.853|
operand_b<1>   |result<23>     |   13.621|
operand_b<1>   |result<24>     |   13.947|
operand_b<1>   |result<25>     |   14.609|
operand_b<1>   |result<26>     |   15.017|
operand_b<1>   |result<27>     |   14.907|
operand_b<1>   |result<28>     |   14.794|
operand_b<1>   |result<29>     |   15.408|
operand_b<1>   |result<30>     |   15.817|
operand_b<1>   |result<31>     |   15.723|
operand_b<1>   |result<32>     |   16.218|
operand_b<1>   |result<33>     |   16.285|
operand_b<1>   |result<34>     |   16.893|
operand_b<1>   |result<35>     |   16.940|
operand_b<1>   |result<36>     |   17.047|
operand_b<1>   |result<37>     |   17.493|
operand_b<1>   |result<38>     |   17.569|
operand_b<1>   |result<39>     |   18.234|
operand_b<2>   |carry_out      |   18.055|
operand_b<2>   |over_flow      |   18.283|
operand_b<2>   |result<2>      |    5.928|
operand_b<2>   |result<3>      |    5.848|
operand_b<2>   |result<4>      |    7.462|
operand_b<2>   |result<5>      |    6.830|
operand_b<2>   |result<6>      |    7.899|
operand_b<2>   |result<7>      |    8.393|
operand_b<2>   |result<8>      |    9.042|
operand_b<2>   |result<9>      |    9.700|
operand_b<2>   |result<10>     |    9.574|
operand_b<2>   |result<11>     |    9.806|
operand_b<2>   |result<12>     |   10.036|
operand_b<2>   |result<13>     |   10.251|
operand_b<2>   |result<14>     |   10.697|
operand_b<2>   |result<15>     |   10.843|
operand_b<2>   |result<16>     |   11.317|
operand_b<2>   |result<17>     |   11.353|
operand_b<2>   |result<18>     |   11.752|
operand_b<2>   |result<19>     |   11.903|
operand_b<2>   |result<20>     |   12.194|
operand_b<2>   |result<21>     |   12.431|
operand_b<2>   |result<22>     |   13.303|
operand_b<2>   |result<23>     |   13.071|
operand_b<2>   |result<24>     |   13.397|
operand_b<2>   |result<25>     |   14.059|
operand_b<2>   |result<26>     |   14.467|
operand_b<2>   |result<27>     |   14.357|
operand_b<2>   |result<28>     |   14.244|
operand_b<2>   |result<29>     |   14.858|
operand_b<2>   |result<30>     |   15.267|
operand_b<2>   |result<31>     |   15.173|
operand_b<2>   |result<32>     |   15.668|
operand_b<2>   |result<33>     |   15.735|
operand_b<2>   |result<34>     |   16.343|
operand_b<2>   |result<35>     |   16.390|
operand_b<2>   |result<36>     |   16.497|
operand_b<2>   |result<37>     |   16.943|
operand_b<2>   |result<38>     |   17.019|
operand_b<2>   |result<39>     |   17.684|
operand_b<3>   |carry_out      |   18.146|
operand_b<3>   |over_flow      |   18.374|
operand_b<3>   |result<3>      |    5.976|
operand_b<3>   |result<4>      |    7.553|
operand_b<3>   |result<5>      |    6.921|
operand_b<3>   |result<6>      |    7.990|
operand_b<3>   |result<7>      |    8.484|
operand_b<3>   |result<8>      |    9.133|
operand_b<3>   |result<9>      |    9.791|
operand_b<3>   |result<10>     |    9.665|
operand_b<3>   |result<11>     |    9.897|
operand_b<3>   |result<12>     |   10.127|
operand_b<3>   |result<13>     |   10.342|
operand_b<3>   |result<14>     |   10.788|
operand_b<3>   |result<15>     |   10.934|
operand_b<3>   |result<16>     |   11.408|
operand_b<3>   |result<17>     |   11.444|
operand_b<3>   |result<18>     |   11.843|
operand_b<3>   |result<19>     |   11.994|
operand_b<3>   |result<20>     |   12.285|
operand_b<3>   |result<21>     |   12.522|
operand_b<3>   |result<22>     |   13.394|
operand_b<3>   |result<23>     |   13.162|
operand_b<3>   |result<24>     |   13.488|
operand_b<3>   |result<25>     |   14.150|
operand_b<3>   |result<26>     |   14.558|
operand_b<3>   |result<27>     |   14.448|
operand_b<3>   |result<28>     |   14.335|
operand_b<3>   |result<29>     |   14.949|
operand_b<3>   |result<30>     |   15.358|
operand_b<3>   |result<31>     |   15.264|
operand_b<3>   |result<32>     |   15.759|
operand_b<3>   |result<33>     |   15.826|
operand_b<3>   |result<34>     |   16.434|
operand_b<3>   |result<35>     |   16.481|
operand_b<3>   |result<36>     |   16.588|
operand_b<3>   |result<37>     |   17.034|
operand_b<3>   |result<38>     |   17.110|
operand_b<3>   |result<39>     |   17.775|
operand_b<4>   |carry_out      |   17.783|
operand_b<4>   |over_flow      |   18.011|
operand_b<4>   |result<4>      |    7.097|
operand_b<4>   |result<5>      |    6.683|
operand_b<4>   |result<6>      |    7.627|
operand_b<4>   |result<7>      |    8.121|
operand_b<4>   |result<8>      |    8.770|
operand_b<4>   |result<9>      |    9.428|
operand_b<4>   |result<10>     |    9.302|
operand_b<4>   |result<11>     |    9.534|
operand_b<4>   |result<12>     |    9.764|
operand_b<4>   |result<13>     |    9.979|
operand_b<4>   |result<14>     |   10.425|
operand_b<4>   |result<15>     |   10.571|
operand_b<4>   |result<16>     |   11.045|
operand_b<4>   |result<17>     |   11.081|
operand_b<4>   |result<18>     |   11.480|
operand_b<4>   |result<19>     |   11.631|
operand_b<4>   |result<20>     |   11.922|
operand_b<4>   |result<21>     |   12.159|
operand_b<4>   |result<22>     |   13.031|
operand_b<4>   |result<23>     |   12.799|
operand_b<4>   |result<24>     |   13.125|
operand_b<4>   |result<25>     |   13.787|
operand_b<4>   |result<26>     |   14.195|
operand_b<4>   |result<27>     |   14.085|
operand_b<4>   |result<28>     |   13.972|
operand_b<4>   |result<29>     |   14.586|
operand_b<4>   |result<30>     |   14.995|
operand_b<4>   |result<31>     |   14.901|
operand_b<4>   |result<32>     |   15.396|
operand_b<4>   |result<33>     |   15.463|
operand_b<4>   |result<34>     |   16.071|
operand_b<4>   |result<35>     |   16.118|
operand_b<4>   |result<36>     |   16.225|
operand_b<4>   |result<37>     |   16.671|
operand_b<4>   |result<38>     |   16.747|
operand_b<4>   |result<39>     |   17.412|
operand_b<5>   |carry_out      |   17.782|
operand_b<5>   |over_flow      |   18.010|
operand_b<5>   |result<5>      |    6.284|
operand_b<5>   |result<6>      |    7.626|
operand_b<5>   |result<7>      |    8.120|
operand_b<5>   |result<8>      |    8.769|
operand_b<5>   |result<9>      |    9.427|
operand_b<5>   |result<10>     |    9.301|
operand_b<5>   |result<11>     |    9.533|
operand_b<5>   |result<12>     |    9.763|
operand_b<5>   |result<13>     |    9.978|
operand_b<5>   |result<14>     |   10.424|
operand_b<5>   |result<15>     |   10.570|
operand_b<5>   |result<16>     |   11.044|
operand_b<5>   |result<17>     |   11.080|
operand_b<5>   |result<18>     |   11.479|
operand_b<5>   |result<19>     |   11.630|
operand_b<5>   |result<20>     |   11.921|
operand_b<5>   |result<21>     |   12.158|
operand_b<5>   |result<22>     |   13.030|
operand_b<5>   |result<23>     |   12.798|
operand_b<5>   |result<24>     |   13.124|
operand_b<5>   |result<25>     |   13.786|
operand_b<5>   |result<26>     |   14.194|
operand_b<5>   |result<27>     |   14.084|
operand_b<5>   |result<28>     |   13.971|
operand_b<5>   |result<29>     |   14.585|
operand_b<5>   |result<30>     |   14.994|
operand_b<5>   |result<31>     |   14.900|
operand_b<5>   |result<32>     |   15.395|
operand_b<5>   |result<33>     |   15.462|
operand_b<5>   |result<34>     |   16.070|
operand_b<5>   |result<35>     |   16.117|
operand_b<5>   |result<36>     |   16.224|
operand_b<5>   |result<37>     |   16.670|
operand_b<5>   |result<38>     |   16.746|
operand_b<5>   |result<39>     |   17.411|
operand_b<6>   |carry_out      |   16.535|
operand_b<6>   |over_flow      |   16.763|
operand_b<6>   |result<6>      |    6.374|
operand_b<6>   |result<7>      |    7.637|
operand_b<6>   |result<8>      |    7.906|
operand_b<6>   |result<9>      |    8.180|
operand_b<6>   |result<10>     |    8.054|
operand_b<6>   |result<11>     |    8.286|
operand_b<6>   |result<12>     |    8.516|
operand_b<6>   |result<13>     |    8.731|
operand_b<6>   |result<14>     |    9.177|
operand_b<6>   |result<15>     |    9.323|
operand_b<6>   |result<16>     |    9.797|
operand_b<6>   |result<17>     |    9.833|
operand_b<6>   |result<18>     |   10.232|
operand_b<6>   |result<19>     |   10.383|
operand_b<6>   |result<20>     |   10.674|
operand_b<6>   |result<21>     |   10.911|
operand_b<6>   |result<22>     |   11.783|
operand_b<6>   |result<23>     |   11.551|
operand_b<6>   |result<24>     |   11.877|
operand_b<6>   |result<25>     |   12.539|
operand_b<6>   |result<26>     |   12.947|
operand_b<6>   |result<27>     |   12.837|
operand_b<6>   |result<28>     |   12.724|
operand_b<6>   |result<29>     |   13.338|
operand_b<6>   |result<30>     |   13.747|
operand_b<6>   |result<31>     |   13.653|
operand_b<6>   |result<32>     |   14.148|
operand_b<6>   |result<33>     |   14.215|
operand_b<6>   |result<34>     |   14.823|
operand_b<6>   |result<35>     |   14.870|
operand_b<6>   |result<36>     |   14.977|
operand_b<6>   |result<37>     |   15.423|
operand_b<6>   |result<38>     |   15.499|
operand_b<6>   |result<39>     |   16.164|
operand_b<7>   |carry_out      |   16.793|
operand_b<7>   |over_flow      |   17.021|
operand_b<7>   |result<7>      |    7.295|
operand_b<7>   |result<8>      |    7.778|
operand_b<7>   |result<9>      |    8.438|
operand_b<7>   |result<10>     |    8.312|
operand_b<7>   |result<11>     |    8.544|
operand_b<7>   |result<12>     |    8.774|
operand_b<7>   |result<13>     |    8.989|
operand_b<7>   |result<14>     |    9.435|
operand_b<7>   |result<15>     |    9.581|
operand_b<7>   |result<16>     |   10.055|
operand_b<7>   |result<17>     |   10.091|
operand_b<7>   |result<18>     |   10.490|
operand_b<7>   |result<19>     |   10.641|
operand_b<7>   |result<20>     |   10.932|
operand_b<7>   |result<21>     |   11.169|
operand_b<7>   |result<22>     |   12.041|
operand_b<7>   |result<23>     |   11.809|
operand_b<7>   |result<24>     |   12.135|
operand_b<7>   |result<25>     |   12.797|
operand_b<7>   |result<26>     |   13.205|
operand_b<7>   |result<27>     |   13.095|
operand_b<7>   |result<28>     |   12.982|
operand_b<7>   |result<29>     |   13.596|
operand_b<7>   |result<30>     |   14.005|
operand_b<7>   |result<31>     |   13.911|
operand_b<7>   |result<32>     |   14.406|
operand_b<7>   |result<33>     |   14.473|
operand_b<7>   |result<34>     |   15.081|
operand_b<7>   |result<35>     |   15.128|
operand_b<7>   |result<36>     |   15.235|
operand_b<7>   |result<37>     |   15.681|
operand_b<7>   |result<38>     |   15.757|
operand_b<7>   |result<39>     |   16.422|
operand_b<8>   |carry_out      |   16.412|
operand_b<8>   |over_flow      |   16.640|
operand_b<8>   |result<8>      |    7.427|
operand_b<8>   |result<9>      |    7.625|
operand_b<8>   |result<10>     |    7.931|
operand_b<8>   |result<11>     |    8.163|
operand_b<8>   |result<12>     |    8.393|
operand_b<8>   |result<13>     |    8.608|
operand_b<8>   |result<14>     |    9.054|
operand_b<8>   |result<15>     |    9.200|
operand_b<8>   |result<16>     |    9.674|
operand_b<8>   |result<17>     |    9.710|
operand_b<8>   |result<18>     |   10.109|
operand_b<8>   |result<19>     |   10.260|
operand_b<8>   |result<20>     |   10.551|
operand_b<8>   |result<21>     |   10.788|
operand_b<8>   |result<22>     |   11.660|
operand_b<8>   |result<23>     |   11.428|
operand_b<8>   |result<24>     |   11.754|
operand_b<8>   |result<25>     |   12.416|
operand_b<8>   |result<26>     |   12.824|
operand_b<8>   |result<27>     |   12.714|
operand_b<8>   |result<28>     |   12.601|
operand_b<8>   |result<29>     |   13.215|
operand_b<8>   |result<30>     |   13.624|
operand_b<8>   |result<31>     |   13.530|
operand_b<8>   |result<32>     |   14.025|
operand_b<8>   |result<33>     |   14.092|
operand_b<8>   |result<34>     |   14.700|
operand_b<8>   |result<35>     |   14.747|
operand_b<8>   |result<36>     |   14.854|
operand_b<8>   |result<37>     |   15.300|
operand_b<8>   |result<38>     |   15.376|
operand_b<8>   |result<39>     |   16.041|
operand_b<9>   |carry_out      |   16.433|
operand_b<9>   |over_flow      |   16.661|
operand_b<9>   |result<9>      |    7.309|
operand_b<9>   |result<10>     |    7.952|
operand_b<9>   |result<11>     |    8.184|
operand_b<9>   |result<12>     |    8.414|
operand_b<9>   |result<13>     |    8.629|
operand_b<9>   |result<14>     |    9.075|
operand_b<9>   |result<15>     |    9.221|
operand_b<9>   |result<16>     |    9.695|
operand_b<9>   |result<17>     |    9.731|
operand_b<9>   |result<18>     |   10.130|
operand_b<9>   |result<19>     |   10.281|
operand_b<9>   |result<20>     |   10.572|
operand_b<9>   |result<21>     |   10.809|
operand_b<9>   |result<22>     |   11.681|
operand_b<9>   |result<23>     |   11.449|
operand_b<9>   |result<24>     |   11.775|
operand_b<9>   |result<25>     |   12.437|
operand_b<9>   |result<26>     |   12.845|
operand_b<9>   |result<27>     |   12.735|
operand_b<9>   |result<28>     |   12.622|
operand_b<9>   |result<29>     |   13.236|
operand_b<9>   |result<30>     |   13.645|
operand_b<9>   |result<31>     |   13.551|
operand_b<9>   |result<32>     |   14.046|
operand_b<9>   |result<33>     |   14.113|
operand_b<9>   |result<34>     |   14.721|
operand_b<9>   |result<35>     |   14.768|
operand_b<9>   |result<36>     |   14.875|
operand_b<9>   |result<37>     |   15.321|
operand_b<9>   |result<38>     |   15.397|
operand_b<9>   |result<39>     |   16.062|
operand_b<10>  |carry_out      |   15.671|
operand_b<10>  |over_flow      |   15.899|
operand_b<10>  |result<10>     |    7.336|
operand_b<10>  |result<11>     |    7.371|
operand_b<10>  |result<12>     |    7.893|
operand_b<10>  |result<13>     |    7.867|
operand_b<10>  |result<14>     |    8.313|
operand_b<10>  |result<15>     |    8.459|
operand_b<10>  |result<16>     |    8.933|
operand_b<10>  |result<17>     |    8.969|
operand_b<10>  |result<18>     |    9.368|
operand_b<10>  |result<19>     |    9.519|
operand_b<10>  |result<20>     |    9.810|
operand_b<10>  |result<21>     |   10.047|
operand_b<10>  |result<22>     |   10.919|
operand_b<10>  |result<23>     |   10.687|
operand_b<10>  |result<24>     |   11.013|
operand_b<10>  |result<25>     |   11.675|
operand_b<10>  |result<26>     |   12.083|
operand_b<10>  |result<27>     |   11.973|
operand_b<10>  |result<28>     |   11.860|
operand_b<10>  |result<29>     |   12.474|
operand_b<10>  |result<30>     |   12.883|
operand_b<10>  |result<31>     |   12.789|
operand_b<10>  |result<32>     |   13.284|
operand_b<10>  |result<33>     |   13.351|
operand_b<10>  |result<34>     |   13.959|
operand_b<10>  |result<35>     |   14.006|
operand_b<10>  |result<36>     |   14.113|
operand_b<10>  |result<37>     |   14.559|
operand_b<10>  |result<38>     |   14.635|
operand_b<10>  |result<39>     |   15.300|
operand_b<11>  |carry_out      |   15.318|
operand_b<11>  |over_flow      |   15.546|
operand_b<11>  |result<11>     |    7.419|
operand_b<11>  |result<12>     |    7.434|
operand_b<11>  |result<13>     |    7.514|
operand_b<11>  |result<14>     |    7.960|
operand_b<11>  |result<15>     |    8.106|
operand_b<11>  |result<16>     |    8.580|
operand_b<11>  |result<17>     |    8.616|
operand_b<11>  |result<18>     |    9.015|
operand_b<11>  |result<19>     |    9.166|
operand_b<11>  |result<20>     |    9.457|
operand_b<11>  |result<21>     |    9.694|
operand_b<11>  |result<22>     |   10.566|
operand_b<11>  |result<23>     |   10.334|
operand_b<11>  |result<24>     |   10.660|
operand_b<11>  |result<25>     |   11.322|
operand_b<11>  |result<26>     |   11.730|
operand_b<11>  |result<27>     |   11.620|
operand_b<11>  |result<28>     |   11.507|
operand_b<11>  |result<29>     |   12.121|
operand_b<11>  |result<30>     |   12.530|
operand_b<11>  |result<31>     |   12.436|
operand_b<11>  |result<32>     |   12.931|
operand_b<11>  |result<33>     |   12.998|
operand_b<11>  |result<34>     |   13.606|
operand_b<11>  |result<35>     |   13.653|
operand_b<11>  |result<36>     |   13.760|
operand_b<11>  |result<37>     |   14.206|
operand_b<11>  |result<38>     |   14.282|
operand_b<11>  |result<39>     |   14.947|
operand_b<12>  |carry_out      |   14.985|
operand_b<12>  |over_flow      |   15.213|
operand_b<12>  |result<12>     |    7.116|
operand_b<12>  |result<13>     |    7.244|
operand_b<12>  |result<14>     |    7.627|
operand_b<12>  |result<15>     |    7.773|
operand_b<12>  |result<16>     |    8.247|
operand_b<12>  |result<17>     |    8.283|
operand_b<12>  |result<18>     |    8.682|
operand_b<12>  |result<19>     |    8.833|
operand_b<12>  |result<20>     |    9.124|
operand_b<12>  |result<21>     |    9.361|
operand_b<12>  |result<22>     |   10.233|
operand_b<12>  |result<23>     |   10.001|
operand_b<12>  |result<24>     |   10.327|
operand_b<12>  |result<25>     |   10.989|
operand_b<12>  |result<26>     |   11.397|
operand_b<12>  |result<27>     |   11.287|
operand_b<12>  |result<28>     |   11.174|
operand_b<12>  |result<29>     |   11.788|
operand_b<12>  |result<30>     |   12.197|
operand_b<12>  |result<31>     |   12.103|
operand_b<12>  |result<32>     |   12.598|
operand_b<12>  |result<33>     |   12.665|
operand_b<12>  |result<34>     |   13.273|
operand_b<12>  |result<35>     |   13.320|
operand_b<12>  |result<36>     |   13.427|
operand_b<12>  |result<37>     |   13.873|
operand_b<12>  |result<38>     |   13.949|
operand_b<12>  |result<39>     |   14.614|
operand_b<13>  |carry_out      |   15.454|
operand_b<13>  |over_flow      |   15.682|
operand_b<13>  |result<13>     |    7.403|
operand_b<13>  |result<14>     |    8.096|
operand_b<13>  |result<15>     |    8.242|
operand_b<13>  |result<16>     |    8.716|
operand_b<13>  |result<17>     |    8.752|
operand_b<13>  |result<18>     |    9.151|
operand_b<13>  |result<19>     |    9.302|
operand_b<13>  |result<20>     |    9.593|
operand_b<13>  |result<21>     |    9.830|
operand_b<13>  |result<22>     |   10.702|
operand_b<13>  |result<23>     |   10.470|
operand_b<13>  |result<24>     |   10.796|
operand_b<13>  |result<25>     |   11.458|
operand_b<13>  |result<26>     |   11.866|
operand_b<13>  |result<27>     |   11.756|
operand_b<13>  |result<28>     |   11.643|
operand_b<13>  |result<29>     |   12.257|
operand_b<13>  |result<30>     |   12.666|
operand_b<13>  |result<31>     |   12.572|
operand_b<13>  |result<32>     |   13.067|
operand_b<13>  |result<33>     |   13.134|
operand_b<13>  |result<34>     |   13.742|
operand_b<13>  |result<35>     |   13.789|
operand_b<13>  |result<36>     |   13.896|
operand_b<13>  |result<37>     |   14.342|
operand_b<13>  |result<38>     |   14.418|
operand_b<13>  |result<39>     |   15.083|
operand_b<14>  |carry_out      |   14.439|
operand_b<14>  |over_flow      |   14.667|
operand_b<14>  |result<14>     |    7.339|
operand_b<14>  |result<15>     |    7.506|
operand_b<14>  |result<16>     |    7.681|
operand_b<14>  |result<17>     |    7.737|
operand_b<14>  |result<18>     |    8.136|
operand_b<14>  |result<19>     |    8.287|
operand_b<14>  |result<20>     |    8.578|
operand_b<14>  |result<21>     |    8.815|
operand_b<14>  |result<22>     |    9.687|
operand_b<14>  |result<23>     |    9.455|
operand_b<14>  |result<24>     |    9.781|
operand_b<14>  |result<25>     |   10.443|
operand_b<14>  |result<26>     |   10.851|
operand_b<14>  |result<27>     |   10.741|
operand_b<14>  |result<28>     |   10.628|
operand_b<14>  |result<29>     |   11.242|
operand_b<14>  |result<30>     |   11.651|
operand_b<14>  |result<31>     |   11.557|
operand_b<14>  |result<32>     |   12.052|
operand_b<14>  |result<33>     |   12.119|
operand_b<14>  |result<34>     |   12.727|
operand_b<14>  |result<35>     |   12.774|
operand_b<14>  |result<36>     |   12.881|
operand_b<14>  |result<37>     |   13.327|
operand_b<14>  |result<38>     |   13.403|
operand_b<14>  |result<39>     |   14.068|
operand_b<15>  |carry_out      |   14.608|
operand_b<15>  |over_flow      |   14.836|
operand_b<15>  |result<15>     |    6.887|
operand_b<15>  |result<16>     |    7.491|
operand_b<15>  |result<17>     |    7.906|
operand_b<15>  |result<18>     |    8.305|
operand_b<15>  |result<19>     |    8.456|
operand_b<15>  |result<20>     |    8.747|
operand_b<15>  |result<21>     |    8.984|
operand_b<15>  |result<22>     |    9.856|
operand_b<15>  |result<23>     |    9.624|
operand_b<15>  |result<24>     |    9.950|
operand_b<15>  |result<25>     |   10.612|
operand_b<15>  |result<26>     |   11.020|
operand_b<15>  |result<27>     |   10.910|
operand_b<15>  |result<28>     |   10.797|
operand_b<15>  |result<29>     |   11.411|
operand_b<15>  |result<30>     |   11.820|
operand_b<15>  |result<31>     |   11.726|
operand_b<15>  |result<32>     |   12.221|
operand_b<15>  |result<33>     |   12.288|
operand_b<15>  |result<34>     |   12.896|
operand_b<15>  |result<35>     |   12.943|
operand_b<15>  |result<36>     |   13.050|
operand_b<15>  |result<37>     |   13.496|
operand_b<15>  |result<38>     |   13.572|
operand_b<15>  |result<39>     |   14.237|
operand_b<16>  |carry_out      |   14.301|
operand_b<16>  |over_flow      |   14.529|
operand_b<16>  |result<16>     |    7.308|
operand_b<16>  |result<17>     |    7.344|
operand_b<16>  |result<18>     |    7.998|
operand_b<16>  |result<19>     |    8.149|
operand_b<16>  |result<20>     |    8.440|
operand_b<16>  |result<21>     |    8.677|
operand_b<16>  |result<22>     |    9.549|
operand_b<16>  |result<23>     |    9.317|
operand_b<16>  |result<24>     |    9.643|
operand_b<16>  |result<25>     |   10.305|
operand_b<16>  |result<26>     |   10.713|
operand_b<16>  |result<27>     |   10.603|
operand_b<16>  |result<28>     |   10.490|
operand_b<16>  |result<29>     |   11.104|
operand_b<16>  |result<30>     |   11.513|
operand_b<16>  |result<31>     |   11.419|
operand_b<16>  |result<32>     |   11.914|
operand_b<16>  |result<33>     |   11.981|
operand_b<16>  |result<34>     |   12.589|
operand_b<16>  |result<35>     |   12.636|
operand_b<16>  |result<36>     |   12.743|
operand_b<16>  |result<37>     |   13.189|
operand_b<16>  |result<38>     |   13.265|
operand_b<16>  |result<39>     |   13.930|
operand_b<17>  |carry_out      |   14.084|
operand_b<17>  |over_flow      |   14.312|
operand_b<17>  |result<17>     |    7.179|
operand_b<17>  |result<18>     |    7.781|
operand_b<17>  |result<19>     |    7.932|
operand_b<17>  |result<20>     |    8.223|
operand_b<17>  |result<21>     |    8.460|
operand_b<17>  |result<22>     |    9.332|
operand_b<17>  |result<23>     |    9.100|
operand_b<17>  |result<24>     |    9.426|
operand_b<17>  |result<25>     |   10.088|
operand_b<17>  |result<26>     |   10.496|
operand_b<17>  |result<27>     |   10.386|
operand_b<17>  |result<28>     |   10.273|
operand_b<17>  |result<29>     |   10.887|
operand_b<17>  |result<30>     |   11.296|
operand_b<17>  |result<31>     |   11.202|
operand_b<17>  |result<32>     |   11.697|
operand_b<17>  |result<33>     |   11.764|
operand_b<17>  |result<34>     |   12.372|
operand_b<17>  |result<35>     |   12.419|
operand_b<17>  |result<36>     |   12.526|
operand_b<17>  |result<37>     |   12.972|
operand_b<17>  |result<38>     |   13.048|
operand_b<17>  |result<39>     |   13.713|
operand_b<18>  |carry_out      |   13.196|
operand_b<18>  |over_flow      |   13.424|
operand_b<18>  |result<18>     |    7.277|
operand_b<18>  |result<19>     |    7.076|
operand_b<18>  |result<20>     |    7.630|
operand_b<18>  |result<21>     |    7.572|
operand_b<18>  |result<22>     |    8.444|
operand_b<18>  |result<23>     |    8.212|
operand_b<18>  |result<24>     |    8.538|
operand_b<18>  |result<25>     |    9.200|
operand_b<18>  |result<26>     |    9.608|
operand_b<18>  |result<27>     |    9.498|
operand_b<18>  |result<28>     |    9.385|
operand_b<18>  |result<29>     |    9.999|
operand_b<18>  |result<30>     |   10.408|
operand_b<18>  |result<31>     |   10.314|
operand_b<18>  |result<32>     |   10.809|
operand_b<18>  |result<33>     |   10.876|
operand_b<18>  |result<34>     |   11.484|
operand_b<18>  |result<35>     |   11.531|
operand_b<18>  |result<36>     |   11.638|
operand_b<18>  |result<37>     |   12.084|
operand_b<18>  |result<38>     |   12.160|
operand_b<18>  |result<39>     |   12.825|
operand_b<19>  |carry_out      |   13.506|
operand_b<19>  |over_flow      |   13.734|
operand_b<19>  |result<19>     |    6.867|
operand_b<19>  |result<20>     |    7.434|
operand_b<19>  |result<21>     |    7.882|
operand_b<19>  |result<22>     |    8.754|
operand_b<19>  |result<23>     |    8.522|
operand_b<19>  |result<24>     |    8.848|
operand_b<19>  |result<25>     |    9.510|
operand_b<19>  |result<26>     |    9.918|
operand_b<19>  |result<27>     |    9.808|
operand_b<19>  |result<28>     |    9.695|
operand_b<19>  |result<29>     |   10.309|
operand_b<19>  |result<30>     |   10.718|
operand_b<19>  |result<31>     |   10.624|
operand_b<19>  |result<32>     |   11.119|
operand_b<19>  |result<33>     |   11.186|
operand_b<19>  |result<34>     |   11.794|
operand_b<19>  |result<35>     |   11.841|
operand_b<19>  |result<36>     |   11.948|
operand_b<19>  |result<37>     |   12.394|
operand_b<19>  |result<38>     |   12.470|
operand_b<19>  |result<39>     |   13.135|
operand_b<20>  |carry_out      |   12.321|
operand_b<20>  |over_flow      |   12.549|
operand_b<20>  |result<20>     |    6.274|
operand_b<20>  |result<21>     |    6.450|
operand_b<20>  |result<22>     |    7.569|
operand_b<20>  |result<23>     |    7.337|
operand_b<20>  |result<24>     |    7.663|
operand_b<20>  |result<25>     |    8.325|
operand_b<20>  |result<26>     |    8.733|
operand_b<20>  |result<27>     |    8.623|
operand_b<20>  |result<28>     |    8.510|
operand_b<20>  |result<29>     |    9.124|
operand_b<20>  |result<30>     |    9.533|
operand_b<20>  |result<31>     |    9.439|
operand_b<20>  |result<32>     |    9.934|
operand_b<20>  |result<33>     |   10.001|
operand_b<20>  |result<34>     |   10.609|
operand_b<20>  |result<35>     |   10.656|
operand_b<20>  |result<36>     |   10.763|
operand_b<20>  |result<37>     |   11.209|
operand_b<20>  |result<38>     |   11.285|
operand_b<20>  |result<39>     |   11.950|
operand_b<21>  |carry_out      |   13.194|
operand_b<21>  |over_flow      |   13.422|
operand_b<21>  |result<21>     |    7.323|
operand_b<21>  |result<22>     |    8.442|
operand_b<21>  |result<23>     |    8.210|
operand_b<21>  |result<24>     |    8.536|
operand_b<21>  |result<25>     |    9.198|
operand_b<21>  |result<26>     |    9.606|
operand_b<21>  |result<27>     |    9.496|
operand_b<21>  |result<28>     |    9.383|
operand_b<21>  |result<29>     |    9.997|
operand_b<21>  |result<30>     |   10.406|
operand_b<21>  |result<31>     |   10.312|
operand_b<21>  |result<32>     |   10.807|
operand_b<21>  |result<33>     |   10.874|
operand_b<21>  |result<34>     |   11.482|
operand_b<21>  |result<35>     |   11.529|
operand_b<21>  |result<36>     |   11.636|
operand_b<21>  |result<37>     |   12.082|
operand_b<21>  |result<38>     |   12.158|
operand_b<21>  |result<39>     |   12.823|
operand_b<22>  |carry_out      |   11.361|
operand_b<22>  |over_flow      |   11.589|
operand_b<22>  |result<22>     |    6.690|
operand_b<22>  |result<23>     |    6.584|
operand_b<22>  |result<24>     |    7.069|
operand_b<22>  |result<25>     |    7.365|
operand_b<22>  |result<26>     |    7.773|
operand_b<22>  |result<27>     |    7.663|
operand_b<22>  |result<28>     |    7.550|
operand_b<22>  |result<29>     |    8.164|
operand_b<22>  |result<30>     |    8.573|
operand_b<22>  |result<31>     |    8.479|
operand_b<22>  |result<32>     |    8.974|
operand_b<22>  |result<33>     |    9.041|
operand_b<22>  |result<34>     |    9.649|
operand_b<22>  |result<35>     |    9.696|
operand_b<22>  |result<36>     |    9.803|
operand_b<22>  |result<37>     |   10.249|
operand_b<22>  |result<38>     |   10.325|
operand_b<22>  |result<39>     |   10.990|
operand_b<23>  |carry_out      |   11.760|
operand_b<23>  |over_flow      |   11.988|
operand_b<23>  |result<23>     |    7.587|
operand_b<23>  |result<24>     |    7.453|
operand_b<23>  |result<25>     |    7.764|
operand_b<23>  |result<26>     |    8.172|
operand_b<23>  |result<27>     |    8.062|
operand_b<23>  |result<28>     |    7.949|
operand_b<23>  |result<29>     |    8.563|
operand_b<23>  |result<30>     |    8.972|
operand_b<23>  |result<31>     |    8.878|
operand_b<23>  |result<32>     |    9.373|
operand_b<23>  |result<33>     |    9.440|
operand_b<23>  |result<34>     |   10.048|
operand_b<23>  |result<35>     |   10.095|
operand_b<23>  |result<36>     |   10.202|
operand_b<23>  |result<37>     |   10.648|
operand_b<23>  |result<38>     |   10.724|
operand_b<23>  |result<39>     |   11.389|
operand_b<24>  |carry_out      |   11.040|
operand_b<24>  |over_flow      |   11.268|
operand_b<24>  |result<24>     |    6.560|
operand_b<24>  |result<25>     |    6.517|
operand_b<24>  |result<26>     |    7.452|
operand_b<24>  |result<27>     |    7.342|
operand_b<24>  |result<28>     |    7.229|
operand_b<24>  |result<29>     |    7.843|
operand_b<24>  |result<30>     |    8.252|
operand_b<24>  |result<31>     |    8.158|
operand_b<24>  |result<32>     |    8.653|
operand_b<24>  |result<33>     |    8.720|
operand_b<24>  |result<34>     |    9.328|
operand_b<24>  |result<35>     |    9.375|
operand_b<24>  |result<36>     |    9.482|
operand_b<24>  |result<37>     |    9.928|
operand_b<24>  |result<38>     |   10.004|
operand_b<24>  |result<39>     |   10.669|
operand_b<25>  |carry_out      |   11.434|
operand_b<25>  |over_flow      |   11.662|
operand_b<25>  |result<25>     |    7.355|
operand_b<25>  |result<26>     |    7.846|
operand_b<25>  |result<27>     |    7.736|
operand_b<25>  |result<28>     |    7.623|
operand_b<25>  |result<29>     |    8.237|
operand_b<25>  |result<30>     |    8.646|
operand_b<25>  |result<31>     |    8.552|
operand_b<25>  |result<32>     |    9.047|
operand_b<25>  |result<33>     |    9.114|
operand_b<25>  |result<34>     |    9.722|
operand_b<25>  |result<35>     |    9.769|
operand_b<25>  |result<36>     |    9.876|
operand_b<25>  |result<37>     |   10.322|
operand_b<25>  |result<38>     |   10.398|
operand_b<25>  |result<39>     |   11.063|
operand_b<26>  |carry_out      |   11.037|
operand_b<26>  |over_flow      |   11.265|
operand_b<26>  |result<26>     |    7.221|
operand_b<26>  |result<27>     |    6.843|
operand_b<26>  |result<28>     |    7.617|
operand_b<26>  |result<29>     |    7.840|
operand_b<26>  |result<30>     |    8.249|
operand_b<26>  |result<31>     |    8.155|
operand_b<26>  |result<32>     |    8.650|
operand_b<26>  |result<33>     |    8.717|
operand_b<26>  |result<34>     |    9.325|
operand_b<26>  |result<35>     |    9.372|
operand_b<26>  |result<36>     |    9.479|
operand_b<26>  |result<37>     |    9.925|
operand_b<26>  |result<38>     |   10.001|
operand_b<26>  |result<39>     |   10.666|
operand_b<27>  |carry_out      |   11.046|
operand_b<27>  |over_flow      |   11.274|
operand_b<27>  |result<27>     |    7.572|
operand_b<27>  |result<28>     |    7.455|
operand_b<27>  |result<29>     |    7.849|
operand_b<27>  |result<30>     |    8.258|
operand_b<27>  |result<31>     |    8.164|
operand_b<27>  |result<32>     |    8.659|
operand_b<27>  |result<33>     |    8.726|
operand_b<27>  |result<34>     |    9.334|
operand_b<27>  |result<35>     |    9.381|
operand_b<27>  |result<36>     |    9.488|
operand_b<27>  |result<37>     |    9.934|
operand_b<27>  |result<38>     |   10.010|
operand_b<27>  |result<39>     |   10.675|
operand_b<28>  |carry_out      |   10.623|
operand_b<28>  |over_flow      |   10.851|
operand_b<28>  |result<28>     |    7.453|
operand_b<28>  |result<29>     |    7.029|
operand_b<28>  |result<30>     |    7.835|
operand_b<28>  |result<31>     |    7.741|
operand_b<28>  |result<32>     |    8.236|
operand_b<28>  |result<33>     |    8.303|
operand_b<28>  |result<34>     |    8.911|
operand_b<28>  |result<35>     |    8.958|
operand_b<28>  |result<36>     |    9.065|
operand_b<28>  |result<37>     |    9.511|
operand_b<28>  |result<38>     |    9.587|
operand_b<28>  |result<39>     |   10.252|
operand_b<29>  |carry_out      |   10.578|
operand_b<29>  |over_flow      |   10.806|
operand_b<29>  |result<29>     |    6.861|
operand_b<29>  |result<30>     |    7.790|
operand_b<29>  |result<31>     |    7.696|
operand_b<29>  |result<32>     |    8.191|
operand_b<29>  |result<33>     |    8.258|
operand_b<29>  |result<34>     |    8.866|
operand_b<29>  |result<35>     |    8.913|
operand_b<29>  |result<36>     |    9.020|
operand_b<29>  |result<37>     |    9.466|
operand_b<29>  |result<38>     |    9.542|
operand_b<29>  |result<39>     |   10.207|
operand_b<30>  |carry_out      |   10.134|
operand_b<30>  |over_flow      |   10.362|
operand_b<30>  |result<30>     |    7.321|
operand_b<30>  |result<31>     |    6.758|
operand_b<30>  |result<32>     |    7.555|
operand_b<30>  |result<33>     |    7.814|
operand_b<30>  |result<34>     |    8.422|
operand_b<30>  |result<35>     |    8.469|
operand_b<30>  |result<36>     |    8.576|
operand_b<30>  |result<37>     |    9.022|
operand_b<30>  |result<38>     |    9.098|
operand_b<30>  |result<39>     |    9.763|
operand_b<31>  |carry_out      |    9.026|
operand_b<31>  |over_flow      |    9.254|
operand_b<31>  |result<31>     |    6.222|
operand_b<31>  |result<32>     |    6.466|
operand_b<31>  |result<33>     |    6.706|
operand_b<31>  |result<34>     |    7.314|
operand_b<31>  |result<35>     |    7.361|
operand_b<31>  |result<36>     |    7.468|
operand_b<31>  |result<37>     |    7.914|
operand_b<31>  |result<38>     |    7.990|
operand_b<31>  |result<39>     |    8.655|
operand_b<32>  |carry_out      |    9.501|
operand_b<32>  |over_flow      |    9.729|
operand_b<32>  |result<32>     |    7.088|
operand_b<32>  |result<33>     |    7.387|
operand_b<32>  |result<34>     |    7.789|
operand_b<32>  |result<35>     |    7.836|
operand_b<32>  |result<36>     |    7.943|
operand_b<32>  |result<37>     |    8.389|
operand_b<32>  |result<38>     |    8.465|
operand_b<32>  |result<39>     |    9.130|
operand_b<33>  |carry_out      |    8.957|
operand_b<33>  |over_flow      |    9.185|
operand_b<33>  |result<33>     |    6.545|
operand_b<33>  |result<34>     |    7.245|
operand_b<33>  |result<35>     |    7.292|
operand_b<33>  |result<36>     |    7.399|
operand_b<33>  |result<37>     |    7.845|
operand_b<33>  |result<38>     |    7.921|
operand_b<33>  |result<39>     |    8.586|
operand_b<34>  |carry_out      |    8.221|
operand_b<34>  |over_flow      |    8.449|
operand_b<34>  |result<34>     |    6.007|
operand_b<34>  |result<35>     |    6.044|
operand_b<34>  |result<36>     |    6.472|
operand_b<34>  |result<37>     |    7.109|
operand_b<34>  |result<38>     |    7.185|
operand_b<34>  |result<39>     |    7.850|
operand_b<35>  |carry_out      |    8.235|
operand_b<35>  |over_flow      |    8.463|
operand_b<35>  |result<35>     |    6.351|
operand_b<35>  |result<36>     |    6.746|
operand_b<35>  |result<37>     |    7.123|
operand_b<35>  |result<38>     |    7.199|
operand_b<35>  |result<39>     |    7.864|
operand_b<36>  |carry_out      |    8.578|
operand_b<36>  |over_flow      |    8.505|
operand_b<36>  |result<36>     |    7.377|
operand_b<36>  |result<37>     |    7.644|
operand_b<36>  |result<38>     |    7.241|
operand_b<36>  |result<39>     |    7.906|
operand_b<37>  |carry_out      |    7.827|
operand_b<37>  |over_flow      |    7.944|
operand_b<37>  |result<37>     |    6.982|
operand_b<37>  |result<38>     |    6.680|
operand_b<37>  |result<39>     |    7.345|
operand_b<38>  |carry_out      |    8.333|
operand_b<38>  |over_flow      |    7.660|
operand_b<38>  |result<38>     |    6.844|
operand_b<38>  |result<39>     |    7.401|
operand_b<39>  |carry_out      |    7.161|
operand_b<39>  |over_flow      |    7.128|
operand_b<39>  |result<39>     |    6.834|
---------------+---------------+---------+


Analysis completed Wed Jun  1 15:12:03 2016 
--------------------------------------------------------------------------------

Trace Settings:
-------------------------
Trace Settings 

Peak Memory Usage: 765 MB



