--------------------------------------------------------------------------------
Release 14.7 Trace  (lin64)
Copyright (c) 1995-2013 Xilinx, Inc.  All rights reserved.

/home/waseemh/Xilinx/14.7/ISE_DS/ISE/bin/lin64/unwrapped/trce -intstyle ise -v
3 -s 2 -n 3 -fastpaths -xml hyperbolic_combinatorial.twx
hyperbolic_combinatorial.ncd -o hyperbolic_combinatorial.twr
hyperbolic_combinatorial.pcf

Design file:              hyperbolic_combinatorial.ncd
Physical constraint file: hyperbolic_combinatorial.pcf
Device,package,speed:     xc6slx16,csg324,C,-2 (PRODUCTION 1.23 2013-10-13)
Report level:             verbose report

Environment Variable      Effect 
--------------------      ------ 
NONE                      No environment variables were set
--------------------------------------------------------------------------------

INFO:Timing:2698 - No timing constraints found, doing default enumeration.
INFO:Timing:3412 - To improve timing, see the Timing Closure User Guide (UG612).
INFO:Timing:2752 - To get complete path coverage, use the unconstrained paths 
   option. All paths that are not constrained will be reported in the 
   unconstrained paths section(s) of the report.
INFO:Timing:3339 - The clock-to-out numbers in this timing report are based on 
   a 50 Ohm transmission line loading model.  For the details of this model, 
   and for more information on accounting for different loading conditions, 
   please see the device datasheet.



Data Sheet report:
-----------------
All values displayed in nanoseconds (ns)

Pad to Pad
---------------+---------------+---------+
Source Pad     |Destination Pad|  Delay  |
---------------+---------------+---------+
operand_a<0>   |sqrt<0>        |  196.520|
operand_a<0>   |sqrt<1>        |  195.971|
operand_a<0>   |sqrt<2>        |  197.452|
operand_a<0>   |sqrt<3>        |  197.359|
operand_a<0>   |sqrt<4>        |  198.050|
operand_a<0>   |sqrt<5>        |  197.822|
operand_a<0>   |sqrt<6>        |  198.928|
operand_a<0>   |sqrt<7>        |  199.305|
operand_a<0>   |sqrt<8>        |  200.372|
operand_a<0>   |sqrt<9>        |  200.014|
operand_a<0>   |sqrt<10>       |  200.181|
operand_a<0>   |sqrt<11>       |  200.054|
operand_a<0>   |sqrt<12>       |  200.730|
operand_a<0>   |sqrt<13>       |  202.405|
operand_a<0>   |sqrt<14>       |  203.391|
operand_a<0>   |sqrt<15>       |  202.895|
operand_a<0>   |sqrt<16>       |  203.146|
operand_a<0>   |sqrt<17>       |  204.163|
operand_a<0>   |sqrt<18>       |  204.555|
operand_a<0>   |sqrt<19>       |  204.997|
operand_a<0>   |sqrt<20>       |  204.367|
operand_a<0>   |sqrt<21>       |  205.844|
operand_a<0>   |sqrt<22>       |  205.970|
operand_a<0>   |sqrt<23>       |  206.048|
operand_a<0>   |sqrt<24>       |  206.047|
operand_a<0>   |sqrt<25>       |  206.218|
operand_a<0>   |sqrt<26>       |  206.680|
operand_a<0>   |sqrt<27>       |  206.988|
operand_a<0>   |sqrt<28>       |  207.356|
operand_a<0>   |sqrt<29>       |  206.724|
operand_a<0>   |sqrt<30>       |  206.952|
operand_a<0>   |sqrt<31>       |  207.351|
operand_a<1>   |sqrt<0>        |  196.183|
operand_a<1>   |sqrt<1>        |  195.634|
operand_a<1>   |sqrt<2>        |  197.115|
operand_a<1>   |sqrt<3>        |  197.022|
operand_a<1>   |sqrt<4>        |  197.713|
operand_a<1>   |sqrt<5>        |  197.485|
operand_a<1>   |sqrt<6>        |  198.591|
operand_a<1>   |sqrt<7>        |  198.968|
operand_a<1>   |sqrt<8>        |  200.035|
operand_a<1>   |sqrt<9>        |  199.677|
operand_a<1>   |sqrt<10>       |  199.844|
operand_a<1>   |sqrt<11>       |  199.717|
operand_a<1>   |sqrt<12>       |  200.393|
operand_a<1>   |sqrt<13>       |  202.068|
operand_a<1>   |sqrt<14>       |  203.054|
operand_a<1>   |sqrt<15>       |  202.558|
operand_a<1>   |sqrt<16>       |  202.809|
operand_a<1>   |sqrt<17>       |  203.826|
operand_a<1>   |sqrt<18>       |  204.218|
operand_a<1>   |sqrt<19>       |  204.660|
operand_a<1>   |sqrt<20>       |  204.030|
operand_a<1>   |sqrt<21>       |  205.507|
operand_a<1>   |sqrt<22>       |  205.633|
operand_a<1>   |sqrt<23>       |  205.711|
operand_a<1>   |sqrt<24>       |  205.710|
operand_a<1>   |sqrt<25>       |  205.881|
operand_a<1>   |sqrt<26>       |  206.343|
operand_a<1>   |sqrt<27>       |  206.651|
operand_a<1>   |sqrt<28>       |  207.019|
operand_a<1>   |sqrt<29>       |  206.387|
operand_a<1>   |sqrt<30>       |  206.615|
operand_a<1>   |sqrt<31>       |  207.014|
operand_a<2>   |sqrt<0>        |  196.585|
operand_a<2>   |sqrt<1>        |  196.036|
operand_a<2>   |sqrt<2>        |  197.517|
operand_a<2>   |sqrt<3>        |  197.424|
operand_a<2>   |sqrt<4>        |  198.115|
operand_a<2>   |sqrt<5>        |  197.887|
operand_a<2>   |sqrt<6>        |  198.993|
operand_a<2>   |sqrt<7>        |  199.370|
operand_a<2>   |sqrt<8>        |  200.437|
operand_a<2>   |sqrt<9>        |  200.079|
operand_a<2>   |sqrt<10>       |  200.246|
operand_a<2>   |sqrt<11>       |  200.119|
operand_a<2>   |sqrt<12>       |  200.795|
operand_a<2>   |sqrt<13>       |  202.470|
operand_a<2>   |sqrt<14>       |  203.456|
operand_a<2>   |sqrt<15>       |  202.960|
operand_a<2>   |sqrt<16>       |  203.211|
operand_a<2>   |sqrt<17>       |  204.228|
operand_a<2>   |sqrt<18>       |  204.620|
operand_a<2>   |sqrt<19>       |  205.062|
operand_a<2>   |sqrt<20>       |  204.432|
operand_a<2>   |sqrt<21>       |  205.909|
operand_a<2>   |sqrt<22>       |  206.035|
operand_a<2>   |sqrt<23>       |  206.113|
operand_a<2>   |sqrt<24>       |  206.112|
operand_a<2>   |sqrt<25>       |  206.283|
operand_a<2>   |sqrt<26>       |  206.745|
operand_a<2>   |sqrt<27>       |  207.053|
operand_a<2>   |sqrt<28>       |  207.421|
operand_a<2>   |sqrt<29>       |  206.789|
operand_a<2>   |sqrt<30>       |  207.017|
operand_a<2>   |sqrt<31>       |  207.416|
operand_a<3>   |sqrt<0>        |  196.291|
operand_a<3>   |sqrt<1>        |  195.742|
operand_a<3>   |sqrt<2>        |  197.223|
operand_a<3>   |sqrt<3>        |  197.130|
operand_a<3>   |sqrt<4>        |  197.821|
operand_a<3>   |sqrt<5>        |  197.593|
operand_a<3>   |sqrt<6>        |  198.699|
operand_a<3>   |sqrt<7>        |  199.076|
operand_a<3>   |sqrt<8>        |  200.143|
operand_a<3>   |sqrt<9>        |  199.785|
operand_a<3>   |sqrt<10>       |  199.952|
operand_a<3>   |sqrt<11>       |  199.825|
operand_a<3>   |sqrt<12>       |  200.501|
operand_a<3>   |sqrt<13>       |  202.176|
operand_a<3>   |sqrt<14>       |  203.162|
operand_a<3>   |sqrt<15>       |  202.666|
operand_a<3>   |sqrt<16>       |  202.917|
operand_a<3>   |sqrt<17>       |  203.934|
operand_a<3>   |sqrt<18>       |  204.326|
operand_a<3>   |sqrt<19>       |  204.768|
operand_a<3>   |sqrt<20>       |  204.138|
operand_a<3>   |sqrt<21>       |  205.615|
operand_a<3>   |sqrt<22>       |  205.741|
operand_a<3>   |sqrt<23>       |  205.819|
operand_a<3>   |sqrt<24>       |  205.818|
operand_a<3>   |sqrt<25>       |  205.989|
operand_a<3>   |sqrt<26>       |  206.451|
operand_a<3>   |sqrt<27>       |  206.759|
operand_a<3>   |sqrt<28>       |  207.127|
operand_a<3>   |sqrt<29>       |  206.495|
operand_a<3>   |sqrt<30>       |  206.723|
operand_a<3>   |sqrt<31>       |  207.122|
operand_a<4>   |sqrt<0>        |  195.772|
operand_a<4>   |sqrt<1>        |  195.223|
operand_a<4>   |sqrt<2>        |  196.704|
operand_a<4>   |sqrt<3>        |  196.611|
operand_a<4>   |sqrt<4>        |  197.302|
operand_a<4>   |sqrt<5>        |  197.074|
operand_a<4>   |sqrt<6>        |  198.180|
operand_a<4>   |sqrt<7>        |  198.557|
operand_a<4>   |sqrt<8>        |  199.624|
operand_a<4>   |sqrt<9>        |  199.266|
operand_a<4>   |sqrt<10>       |  199.433|
operand_a<4>   |sqrt<11>       |  199.306|
operand_a<4>   |sqrt<12>       |  199.982|
operand_a<4>   |sqrt<13>       |  201.657|
operand_a<4>   |sqrt<14>       |  202.643|
operand_a<4>   |sqrt<15>       |  202.147|
operand_a<4>   |sqrt<16>       |  202.398|
operand_a<4>   |sqrt<17>       |  203.415|
operand_a<4>   |sqrt<18>       |  203.807|
operand_a<4>   |sqrt<19>       |  204.249|
operand_a<4>   |sqrt<20>       |  203.619|
operand_a<4>   |sqrt<21>       |  205.096|
operand_a<4>   |sqrt<22>       |  205.222|
operand_a<4>   |sqrt<23>       |  205.300|
operand_a<4>   |sqrt<24>       |  205.299|
operand_a<4>   |sqrt<25>       |  205.470|
operand_a<4>   |sqrt<26>       |  205.932|
operand_a<4>   |sqrt<27>       |  206.240|
operand_a<4>   |sqrt<28>       |  206.608|
operand_a<4>   |sqrt<29>       |  205.976|
operand_a<4>   |sqrt<30>       |  206.204|
operand_a<4>   |sqrt<31>       |  206.603|
operand_a<5>   |sqrt<0>        |  195.147|
operand_a<5>   |sqrt<1>        |  194.598|
operand_a<5>   |sqrt<2>        |  196.079|
operand_a<5>   |sqrt<3>        |  195.986|
operand_a<5>   |sqrt<4>        |  196.677|
operand_a<5>   |sqrt<5>        |  196.449|
operand_a<5>   |sqrt<6>        |  197.555|
operand_a<5>   |sqrt<7>        |  197.932|
operand_a<5>   |sqrt<8>        |  198.999|
operand_a<5>   |sqrt<9>        |  198.641|
operand_a<5>   |sqrt<10>       |  198.808|
operand_a<5>   |sqrt<11>       |  198.681|
operand_a<5>   |sqrt<12>       |  199.357|
operand_a<5>   |sqrt<13>       |  201.032|
operand_a<5>   |sqrt<14>       |  202.018|
operand_a<5>   |sqrt<15>       |  201.522|
operand_a<5>   |sqrt<16>       |  201.773|
operand_a<5>   |sqrt<17>       |  202.790|
operand_a<5>   |sqrt<18>       |  203.182|
operand_a<5>   |sqrt<19>       |  203.624|
operand_a<5>   |sqrt<20>       |  202.994|
operand_a<5>   |sqrt<21>       |  204.471|
operand_a<5>   |sqrt<22>       |  204.597|
operand_a<5>   |sqrt<23>       |  204.675|
operand_a<5>   |sqrt<24>       |  204.674|
operand_a<5>   |sqrt<25>       |  204.845|
operand_a<5>   |sqrt<26>       |  205.307|
operand_a<5>   |sqrt<27>       |  205.615|
operand_a<5>   |sqrt<28>       |  205.983|
operand_a<5>   |sqrt<29>       |  205.351|
operand_a<5>   |sqrt<30>       |  205.579|
operand_a<5>   |sqrt<31>       |  205.978|
operand_a<6>   |sqrt<0>        |  195.602|
operand_a<6>   |sqrt<1>        |  195.053|
operand_a<6>   |sqrt<2>        |  196.534|
operand_a<6>   |sqrt<3>        |  196.441|
operand_a<6>   |sqrt<4>        |  197.132|
operand_a<6>   |sqrt<5>        |  196.904|
operand_a<6>   |sqrt<6>        |  198.010|
operand_a<6>   |sqrt<7>        |  198.387|
operand_a<6>   |sqrt<8>        |  199.454|
operand_a<6>   |sqrt<9>        |  199.096|
operand_a<6>   |sqrt<10>       |  199.263|
operand_a<6>   |sqrt<11>       |  199.136|
operand_a<6>   |sqrt<12>       |  199.812|
operand_a<6>   |sqrt<13>       |  201.487|
operand_a<6>   |sqrt<14>       |  202.473|
operand_a<6>   |sqrt<15>       |  201.977|
operand_a<6>   |sqrt<16>       |  202.228|
operand_a<6>   |sqrt<17>       |  203.245|
operand_a<6>   |sqrt<18>       |  203.637|
operand_a<6>   |sqrt<19>       |  204.079|
operand_a<6>   |sqrt<20>       |  203.449|
operand_a<6>   |sqrt<21>       |  204.926|
operand_a<6>   |sqrt<22>       |  205.052|
operand_a<6>   |sqrt<23>       |  205.130|
operand_a<6>   |sqrt<24>       |  205.129|
operand_a<6>   |sqrt<25>       |  205.300|
operand_a<6>   |sqrt<26>       |  205.762|
operand_a<6>   |sqrt<27>       |  206.070|
operand_a<6>   |sqrt<28>       |  206.438|
operand_a<6>   |sqrt<29>       |  205.806|
operand_a<6>   |sqrt<30>       |  206.034|
operand_a<6>   |sqrt<31>       |  206.433|
operand_a<7>   |sqrt<0>        |  195.216|
operand_a<7>   |sqrt<1>        |  194.667|
operand_a<7>   |sqrt<2>        |  196.148|
operand_a<7>   |sqrt<3>        |  196.055|
operand_a<7>   |sqrt<4>        |  196.746|
operand_a<7>   |sqrt<5>        |  196.518|
operand_a<7>   |sqrt<6>        |  197.624|
operand_a<7>   |sqrt<7>        |  198.001|
operand_a<7>   |sqrt<8>        |  199.068|
operand_a<7>   |sqrt<9>        |  198.710|
operand_a<7>   |sqrt<10>       |  198.877|
operand_a<7>   |sqrt<11>       |  198.750|
operand_a<7>   |sqrt<12>       |  199.426|
operand_a<7>   |sqrt<13>       |  201.101|
operand_a<7>   |sqrt<14>       |  202.087|
operand_a<7>   |sqrt<15>       |  201.591|
operand_a<7>   |sqrt<16>       |  201.842|
operand_a<7>   |sqrt<17>       |  202.859|
operand_a<7>   |sqrt<18>       |  203.251|
operand_a<7>   |sqrt<19>       |  203.693|
operand_a<7>   |sqrt<20>       |  203.063|
operand_a<7>   |sqrt<21>       |  204.540|
operand_a<7>   |sqrt<22>       |  204.666|
operand_a<7>   |sqrt<23>       |  204.744|
operand_a<7>   |sqrt<24>       |  204.743|
operand_a<7>   |sqrt<25>       |  204.914|
operand_a<7>   |sqrt<26>       |  205.376|
operand_a<7>   |sqrt<27>       |  205.684|
operand_a<7>   |sqrt<28>       |  206.052|
operand_a<7>   |sqrt<29>       |  205.420|
operand_a<7>   |sqrt<30>       |  205.648|
operand_a<7>   |sqrt<31>       |  206.047|
operand_a<8>   |sqrt<0>        |  193.824|
operand_a<8>   |sqrt<1>        |  193.275|
operand_a<8>   |sqrt<2>        |  194.756|
operand_a<8>   |sqrt<3>        |  194.663|
operand_a<8>   |sqrt<4>        |  195.354|
operand_a<8>   |sqrt<5>        |  195.126|
operand_a<8>   |sqrt<6>        |  196.232|
operand_a<8>   |sqrt<7>        |  196.609|
operand_a<8>   |sqrt<8>        |  197.676|
operand_a<8>   |sqrt<9>        |  197.318|
operand_a<8>   |sqrt<10>       |  197.485|
operand_a<8>   |sqrt<11>       |  197.358|
operand_a<8>   |sqrt<12>       |  198.034|
operand_a<8>   |sqrt<13>       |  199.709|
operand_a<8>   |sqrt<14>       |  200.695|
operand_a<8>   |sqrt<15>       |  200.199|
operand_a<8>   |sqrt<16>       |  200.450|
operand_a<8>   |sqrt<17>       |  201.467|
operand_a<8>   |sqrt<18>       |  201.859|
operand_a<8>   |sqrt<19>       |  202.301|
operand_a<8>   |sqrt<20>       |  201.671|
operand_a<8>   |sqrt<21>       |  203.148|
operand_a<8>   |sqrt<22>       |  203.274|
operand_a<8>   |sqrt<23>       |  203.352|
operand_a<8>   |sqrt<24>       |  203.351|
operand_a<8>   |sqrt<25>       |  203.522|
operand_a<8>   |sqrt<26>       |  203.984|
operand_a<8>   |sqrt<27>       |  204.292|
operand_a<8>   |sqrt<28>       |  204.660|
operand_a<8>   |sqrt<29>       |  204.028|
operand_a<8>   |sqrt<30>       |  204.256|
operand_a<8>   |sqrt<31>       |  204.655|
operand_a<9>   |sqrt<0>        |  194.468|
operand_a<9>   |sqrt<1>        |  193.919|
operand_a<9>   |sqrt<2>        |  195.400|
operand_a<9>   |sqrt<3>        |  195.307|
operand_a<9>   |sqrt<4>        |  195.998|
operand_a<9>   |sqrt<5>        |  195.770|
operand_a<9>   |sqrt<6>        |  196.876|
operand_a<9>   |sqrt<7>        |  197.253|
operand_a<9>   |sqrt<8>        |  198.320|
operand_a<9>   |sqrt<9>        |  197.962|
operand_a<9>   |sqrt<10>       |  198.129|
operand_a<9>   |sqrt<11>       |  198.002|
operand_a<9>   |sqrt<12>       |  198.678|
operand_a<9>   |sqrt<13>       |  200.353|
operand_a<9>   |sqrt<14>       |  201.339|
operand_a<9>   |sqrt<15>       |  200.843|
operand_a<9>   |sqrt<16>       |  201.094|
operand_a<9>   |sqrt<17>       |  202.111|
operand_a<9>   |sqrt<18>       |  202.503|
operand_a<9>   |sqrt<19>       |  202.945|
operand_a<9>   |sqrt<20>       |  202.315|
operand_a<9>   |sqrt<21>       |  203.792|
operand_a<9>   |sqrt<22>       |  203.918|
operand_a<9>   |sqrt<23>       |  203.996|
operand_a<9>   |sqrt<24>       |  203.995|
operand_a<9>   |sqrt<25>       |  204.166|
operand_a<9>   |sqrt<26>       |  204.628|
operand_a<9>   |sqrt<27>       |  204.936|
operand_a<9>   |sqrt<28>       |  205.304|
operand_a<9>   |sqrt<29>       |  204.672|
operand_a<9>   |sqrt<30>       |  204.900|
operand_a<9>   |sqrt<31>       |  205.299|
operand_a<10>  |sqrt<0>        |  193.737|
operand_a<10>  |sqrt<1>        |  193.188|
operand_a<10>  |sqrt<2>        |  194.669|
operand_a<10>  |sqrt<3>        |  194.576|
operand_a<10>  |sqrt<4>        |  195.267|
operand_a<10>  |sqrt<5>        |  195.039|
operand_a<10>  |sqrt<6>        |  196.145|
operand_a<10>  |sqrt<7>        |  196.522|
operand_a<10>  |sqrt<8>        |  197.589|
operand_a<10>  |sqrt<9>        |  197.231|
operand_a<10>  |sqrt<10>       |  197.398|
operand_a<10>  |sqrt<11>       |  197.271|
operand_a<10>  |sqrt<12>       |  197.947|
operand_a<10>  |sqrt<13>       |  199.622|
operand_a<10>  |sqrt<14>       |  200.608|
operand_a<10>  |sqrt<15>       |  200.112|
operand_a<10>  |sqrt<16>       |  200.363|
operand_a<10>  |sqrt<17>       |  201.380|
operand_a<10>  |sqrt<18>       |  201.772|
operand_a<10>  |sqrt<19>       |  202.214|
operand_a<10>  |sqrt<20>       |  201.584|
operand_a<10>  |sqrt<21>       |  203.061|
operand_a<10>  |sqrt<22>       |  203.187|
operand_a<10>  |sqrt<23>       |  203.265|
operand_a<10>  |sqrt<24>       |  203.264|
operand_a<10>  |sqrt<25>       |  203.435|
operand_a<10>  |sqrt<26>       |  203.897|
operand_a<10>  |sqrt<27>       |  204.205|
operand_a<10>  |sqrt<28>       |  204.573|
operand_a<10>  |sqrt<29>       |  203.941|
operand_a<10>  |sqrt<30>       |  204.169|
operand_a<10>  |sqrt<31>       |  204.568|
operand_a<11>  |sqrt<0>        |  193.957|
operand_a<11>  |sqrt<1>        |  193.408|
operand_a<11>  |sqrt<2>        |  194.889|
operand_a<11>  |sqrt<3>        |  194.796|
operand_a<11>  |sqrt<4>        |  195.487|
operand_a<11>  |sqrt<5>        |  195.259|
operand_a<11>  |sqrt<6>        |  196.365|
operand_a<11>  |sqrt<7>        |  196.742|
operand_a<11>  |sqrt<8>        |  197.809|
operand_a<11>  |sqrt<9>        |  197.451|
operand_a<11>  |sqrt<10>       |  197.618|
operand_a<11>  |sqrt<11>       |  197.491|
operand_a<11>  |sqrt<12>       |  198.167|
operand_a<11>  |sqrt<13>       |  199.842|
operand_a<11>  |sqrt<14>       |  200.828|
operand_a<11>  |sqrt<15>       |  200.332|
operand_a<11>  |sqrt<16>       |  200.583|
operand_a<11>  |sqrt<17>       |  201.600|
operand_a<11>  |sqrt<18>       |  201.992|
operand_a<11>  |sqrt<19>       |  202.434|
operand_a<11>  |sqrt<20>       |  201.804|
operand_a<11>  |sqrt<21>       |  203.281|
operand_a<11>  |sqrt<22>       |  203.407|
operand_a<11>  |sqrt<23>       |  203.485|
operand_a<11>  |sqrt<24>       |  203.484|
operand_a<11>  |sqrt<25>       |  203.655|
operand_a<11>  |sqrt<26>       |  204.117|
operand_a<11>  |sqrt<27>       |  204.425|
operand_a<11>  |sqrt<28>       |  204.793|
operand_a<11>  |sqrt<29>       |  204.161|
operand_a<11>  |sqrt<30>       |  204.389|
operand_a<11>  |sqrt<31>       |  204.788|
operand_a<12>  |sqrt<0>        |  193.559|
operand_a<12>  |sqrt<1>        |  193.010|
operand_a<12>  |sqrt<2>        |  194.491|
operand_a<12>  |sqrt<3>        |  194.398|
operand_a<12>  |sqrt<4>        |  195.089|
operand_a<12>  |sqrt<5>        |  194.861|
operand_a<12>  |sqrt<6>        |  195.967|
operand_a<12>  |sqrt<7>        |  196.344|
operand_a<12>  |sqrt<8>        |  197.411|
operand_a<12>  |sqrt<9>        |  197.053|
operand_a<12>  |sqrt<10>       |  197.220|
operand_a<12>  |sqrt<11>       |  197.093|
operand_a<12>  |sqrt<12>       |  197.769|
operand_a<12>  |sqrt<13>       |  199.444|
operand_a<12>  |sqrt<14>       |  200.430|
operand_a<12>  |sqrt<15>       |  199.934|
operand_a<12>  |sqrt<16>       |  200.185|
operand_a<12>  |sqrt<17>       |  201.202|
operand_a<12>  |sqrt<18>       |  201.594|
operand_a<12>  |sqrt<19>       |  202.036|
operand_a<12>  |sqrt<20>       |  201.406|
operand_a<12>  |sqrt<21>       |  202.883|
operand_a<12>  |sqrt<22>       |  203.009|
operand_a<12>  |sqrt<23>       |  203.087|
operand_a<12>  |sqrt<24>       |  203.086|
operand_a<12>  |sqrt<25>       |  203.257|
operand_a<12>  |sqrt<26>       |  203.719|
operand_a<12>  |sqrt<27>       |  204.027|
operand_a<12>  |sqrt<28>       |  204.395|
operand_a<12>  |sqrt<29>       |  203.763|
operand_a<12>  |sqrt<30>       |  203.991|
operand_a<12>  |sqrt<31>       |  204.390|
operand_a<13>  |sqrt<0>        |  193.584|
operand_a<13>  |sqrt<1>        |  193.035|
operand_a<13>  |sqrt<2>        |  194.516|
operand_a<13>  |sqrt<3>        |  194.423|
operand_a<13>  |sqrt<4>        |  195.114|
operand_a<13>  |sqrt<5>        |  194.886|
operand_a<13>  |sqrt<6>        |  195.992|
operand_a<13>  |sqrt<7>        |  196.369|
operand_a<13>  |sqrt<8>        |  197.436|
operand_a<13>  |sqrt<9>        |  197.078|
operand_a<13>  |sqrt<10>       |  197.245|
operand_a<13>  |sqrt<11>       |  197.118|
operand_a<13>  |sqrt<12>       |  197.794|
operand_a<13>  |sqrt<13>       |  199.469|
operand_a<13>  |sqrt<14>       |  200.455|
operand_a<13>  |sqrt<15>       |  199.959|
operand_a<13>  |sqrt<16>       |  200.210|
operand_a<13>  |sqrt<17>       |  201.227|
operand_a<13>  |sqrt<18>       |  201.619|
operand_a<13>  |sqrt<19>       |  202.061|
operand_a<13>  |sqrt<20>       |  201.431|
operand_a<13>  |sqrt<21>       |  202.908|
operand_a<13>  |sqrt<22>       |  203.034|
operand_a<13>  |sqrt<23>       |  203.112|
operand_a<13>  |sqrt<24>       |  203.111|
operand_a<13>  |sqrt<25>       |  203.282|
operand_a<13>  |sqrt<26>       |  203.744|
operand_a<13>  |sqrt<27>       |  204.052|
operand_a<13>  |sqrt<28>       |  204.420|
operand_a<13>  |sqrt<29>       |  203.788|
operand_a<13>  |sqrt<30>       |  204.016|
operand_a<13>  |sqrt<31>       |  204.415|
operand_a<14>  |sqrt<0>        |  193.449|
operand_a<14>  |sqrt<1>        |  192.900|
operand_a<14>  |sqrt<2>        |  194.381|
operand_a<14>  |sqrt<3>        |  194.288|
operand_a<14>  |sqrt<4>        |  194.979|
operand_a<14>  |sqrt<5>        |  194.751|
operand_a<14>  |sqrt<6>        |  195.857|
operand_a<14>  |sqrt<7>        |  196.234|
operand_a<14>  |sqrt<8>        |  197.301|
operand_a<14>  |sqrt<9>        |  196.943|
operand_a<14>  |sqrt<10>       |  197.110|
operand_a<14>  |sqrt<11>       |  196.983|
operand_a<14>  |sqrt<12>       |  197.659|
operand_a<14>  |sqrt<13>       |  199.334|
operand_a<14>  |sqrt<14>       |  200.320|
operand_a<14>  |sqrt<15>       |  199.824|
operand_a<14>  |sqrt<16>       |  200.075|
operand_a<14>  |sqrt<17>       |  201.092|
operand_a<14>  |sqrt<18>       |  201.484|
operand_a<14>  |sqrt<19>       |  201.926|
operand_a<14>  |sqrt<20>       |  201.296|
operand_a<14>  |sqrt<21>       |  202.773|
operand_a<14>  |sqrt<22>       |  202.899|
operand_a<14>  |sqrt<23>       |  202.977|
operand_a<14>  |sqrt<24>       |  202.976|
operand_a<14>  |sqrt<25>       |  203.147|
operand_a<14>  |sqrt<26>       |  203.609|
operand_a<14>  |sqrt<27>       |  203.917|
operand_a<14>  |sqrt<28>       |  204.285|
operand_a<14>  |sqrt<29>       |  203.653|
operand_a<14>  |sqrt<30>       |  203.881|
operand_a<14>  |sqrt<31>       |  204.280|
operand_a<15>  |sqrt<0>        |  193.521|
operand_a<15>  |sqrt<1>        |  192.972|
operand_a<15>  |sqrt<2>        |  194.453|
operand_a<15>  |sqrt<3>        |  194.360|
operand_a<15>  |sqrt<4>        |  195.051|
operand_a<15>  |sqrt<5>        |  194.823|
operand_a<15>  |sqrt<6>        |  195.929|
operand_a<15>  |sqrt<7>        |  196.306|
operand_a<15>  |sqrt<8>        |  197.373|
operand_a<15>  |sqrt<9>        |  197.015|
operand_a<15>  |sqrt<10>       |  197.182|
operand_a<15>  |sqrt<11>       |  197.055|
operand_a<15>  |sqrt<12>       |  197.731|
operand_a<15>  |sqrt<13>       |  199.406|
operand_a<15>  |sqrt<14>       |  200.392|
operand_a<15>  |sqrt<15>       |  199.896|
operand_a<15>  |sqrt<16>       |  200.147|
operand_a<15>  |sqrt<17>       |  201.164|
operand_a<15>  |sqrt<18>       |  201.556|
operand_a<15>  |sqrt<19>       |  201.998|
operand_a<15>  |sqrt<20>       |  201.368|
operand_a<15>  |sqrt<21>       |  202.845|
operand_a<15>  |sqrt<22>       |  202.971|
operand_a<15>  |sqrt<23>       |  203.049|
operand_a<15>  |sqrt<24>       |  203.048|
operand_a<15>  |sqrt<25>       |  203.219|
operand_a<15>  |sqrt<26>       |  203.681|
operand_a<15>  |sqrt<27>       |  203.989|
operand_a<15>  |sqrt<28>       |  204.357|
operand_a<15>  |sqrt<29>       |  203.725|
operand_a<15>  |sqrt<30>       |  203.953|
operand_a<15>  |sqrt<31>       |  204.352|
operand_a<16>  |sqrt<0>        |  192.765|
operand_a<16>  |sqrt<1>        |  192.216|
operand_a<16>  |sqrt<2>        |  193.697|
operand_a<16>  |sqrt<3>        |  193.604|
operand_a<16>  |sqrt<4>        |  194.295|
operand_a<16>  |sqrt<5>        |  194.067|
operand_a<16>  |sqrt<6>        |  195.173|
operand_a<16>  |sqrt<7>        |  195.550|
operand_a<16>  |sqrt<8>        |  196.617|
operand_a<16>  |sqrt<9>        |  196.259|
operand_a<16>  |sqrt<10>       |  196.426|
operand_a<16>  |sqrt<11>       |  196.299|
operand_a<16>  |sqrt<12>       |  196.975|
operand_a<16>  |sqrt<13>       |  198.650|
operand_a<16>  |sqrt<14>       |  199.636|
operand_a<16>  |sqrt<15>       |  199.140|
operand_a<16>  |sqrt<16>       |  199.391|
operand_a<16>  |sqrt<17>       |  200.408|
operand_a<16>  |sqrt<18>       |  200.800|
operand_a<16>  |sqrt<19>       |  201.242|
operand_a<16>  |sqrt<20>       |  200.612|
operand_a<16>  |sqrt<21>       |  202.089|
operand_a<16>  |sqrt<22>       |  202.215|
operand_a<16>  |sqrt<23>       |  202.293|
operand_a<16>  |sqrt<24>       |  202.292|
operand_a<16>  |sqrt<25>       |  202.463|
operand_a<16>  |sqrt<26>       |  202.925|
operand_a<16>  |sqrt<27>       |  203.233|
operand_a<16>  |sqrt<28>       |  203.601|
operand_a<16>  |sqrt<29>       |  202.969|
operand_a<16>  |sqrt<30>       |  203.197|
operand_a<16>  |sqrt<31>       |  203.596|
operand_a<17>  |sqrt<0>        |  192.158|
operand_a<17>  |sqrt<1>        |  191.609|
operand_a<17>  |sqrt<2>        |  193.090|
operand_a<17>  |sqrt<3>        |  192.997|
operand_a<17>  |sqrt<4>        |  193.688|
operand_a<17>  |sqrt<5>        |  193.460|
operand_a<17>  |sqrt<6>        |  194.566|
operand_a<17>  |sqrt<7>        |  194.943|
operand_a<17>  |sqrt<8>        |  196.010|
operand_a<17>  |sqrt<9>        |  195.652|
operand_a<17>  |sqrt<10>       |  195.819|
operand_a<17>  |sqrt<11>       |  195.692|
operand_a<17>  |sqrt<12>       |  196.368|
operand_a<17>  |sqrt<13>       |  198.043|
operand_a<17>  |sqrt<14>       |  199.029|
operand_a<17>  |sqrt<15>       |  198.533|
operand_a<17>  |sqrt<16>       |  198.784|
operand_a<17>  |sqrt<17>       |  199.801|
operand_a<17>  |sqrt<18>       |  200.193|
operand_a<17>  |sqrt<19>       |  200.635|
operand_a<17>  |sqrt<20>       |  200.005|
operand_a<17>  |sqrt<21>       |  201.482|
operand_a<17>  |sqrt<22>       |  201.608|
operand_a<17>  |sqrt<23>       |  201.686|
operand_a<17>  |sqrt<24>       |  201.685|
operand_a<17>  |sqrt<25>       |  201.856|
operand_a<17>  |sqrt<26>       |  202.318|
operand_a<17>  |sqrt<27>       |  202.626|
operand_a<17>  |sqrt<28>       |  202.994|
operand_a<17>  |sqrt<29>       |  202.362|
operand_a<17>  |sqrt<30>       |  202.590|
operand_a<17>  |sqrt<31>       |  202.989|
operand_a<18>  |sqrt<0>        |  192.180|
operand_a<18>  |sqrt<1>        |  191.631|
operand_a<18>  |sqrt<2>        |  193.112|
operand_a<18>  |sqrt<3>        |  193.019|
operand_a<18>  |sqrt<4>        |  193.710|
operand_a<18>  |sqrt<5>        |  193.482|
operand_a<18>  |sqrt<6>        |  194.588|
operand_a<18>  |sqrt<7>        |  194.965|
operand_a<18>  |sqrt<8>        |  196.032|
operand_a<18>  |sqrt<9>        |  195.674|
operand_a<18>  |sqrt<10>       |  195.841|
operand_a<18>  |sqrt<11>       |  195.714|
operand_a<18>  |sqrt<12>       |  196.390|
operand_a<18>  |sqrt<13>       |  198.065|
operand_a<18>  |sqrt<14>       |  199.051|
operand_a<18>  |sqrt<15>       |  198.555|
operand_a<18>  |sqrt<16>       |  198.806|
operand_a<18>  |sqrt<17>       |  199.823|
operand_a<18>  |sqrt<18>       |  200.215|
operand_a<18>  |sqrt<19>       |  200.657|
operand_a<18>  |sqrt<20>       |  200.027|
operand_a<18>  |sqrt<21>       |  201.504|
operand_a<18>  |sqrt<22>       |  201.630|
operand_a<18>  |sqrt<23>       |  201.708|
operand_a<18>  |sqrt<24>       |  201.707|
operand_a<18>  |sqrt<25>       |  201.878|
operand_a<18>  |sqrt<26>       |  202.340|
operand_a<18>  |sqrt<27>       |  202.648|
operand_a<18>  |sqrt<28>       |  203.016|
operand_a<18>  |sqrt<29>       |  202.384|
operand_a<18>  |sqrt<30>       |  202.612|
operand_a<18>  |sqrt<31>       |  203.011|
operand_a<19>  |sqrt<0>        |  191.426|
operand_a<19>  |sqrt<1>        |  190.877|
operand_a<19>  |sqrt<2>        |  192.358|
operand_a<19>  |sqrt<3>        |  192.265|
operand_a<19>  |sqrt<4>        |  192.956|
operand_a<19>  |sqrt<5>        |  192.728|
operand_a<19>  |sqrt<6>        |  193.834|
operand_a<19>  |sqrt<7>        |  194.211|
operand_a<19>  |sqrt<8>        |  195.278|
operand_a<19>  |sqrt<9>        |  194.920|
operand_a<19>  |sqrt<10>       |  195.087|
operand_a<19>  |sqrt<11>       |  194.960|
operand_a<19>  |sqrt<12>       |  195.636|
operand_a<19>  |sqrt<13>       |  197.311|
operand_a<19>  |sqrt<14>       |  198.297|
operand_a<19>  |sqrt<15>       |  197.801|
operand_a<19>  |sqrt<16>       |  198.052|
operand_a<19>  |sqrt<17>       |  199.069|
operand_a<19>  |sqrt<18>       |  199.461|
operand_a<19>  |sqrt<19>       |  199.903|
operand_a<19>  |sqrt<20>       |  199.273|
operand_a<19>  |sqrt<21>       |  200.750|
operand_a<19>  |sqrt<22>       |  200.876|
operand_a<19>  |sqrt<23>       |  200.954|
operand_a<19>  |sqrt<24>       |  200.953|
operand_a<19>  |sqrt<25>       |  201.124|
operand_a<19>  |sqrt<26>       |  201.586|
operand_a<19>  |sqrt<27>       |  201.894|
operand_a<19>  |sqrt<28>       |  202.262|
operand_a<19>  |sqrt<29>       |  201.630|
operand_a<19>  |sqrt<30>       |  201.858|
operand_a<19>  |sqrt<31>       |  202.257|
operand_a<20>  |sqrt<0>        |  190.776|
operand_a<20>  |sqrt<1>        |  190.227|
operand_a<20>  |sqrt<2>        |  191.708|
operand_a<20>  |sqrt<3>        |  191.615|
operand_a<20>  |sqrt<4>        |  192.306|
operand_a<20>  |sqrt<5>        |  192.078|
operand_a<20>  |sqrt<6>        |  193.184|
operand_a<20>  |sqrt<7>        |  193.561|
operand_a<20>  |sqrt<8>        |  194.628|
operand_a<20>  |sqrt<9>        |  194.270|
operand_a<20>  |sqrt<10>       |  194.437|
operand_a<20>  |sqrt<11>       |  194.310|
operand_a<20>  |sqrt<12>       |  194.986|
operand_a<20>  |sqrt<13>       |  196.661|
operand_a<20>  |sqrt<14>       |  197.647|
operand_a<20>  |sqrt<15>       |  197.151|
operand_a<20>  |sqrt<16>       |  197.402|
operand_a<20>  |sqrt<17>       |  198.419|
operand_a<20>  |sqrt<18>       |  198.811|
operand_a<20>  |sqrt<19>       |  199.253|
operand_a<20>  |sqrt<20>       |  198.623|
operand_a<20>  |sqrt<21>       |  200.100|
operand_a<20>  |sqrt<22>       |  200.226|
operand_a<20>  |sqrt<23>       |  200.304|
operand_a<20>  |sqrt<24>       |  200.303|
operand_a<20>  |sqrt<25>       |  200.474|
operand_a<20>  |sqrt<26>       |  200.936|
operand_a<20>  |sqrt<27>       |  201.244|
operand_a<20>  |sqrt<28>       |  201.612|
operand_a<20>  |sqrt<29>       |  200.980|
operand_a<20>  |sqrt<30>       |  201.208|
operand_a<20>  |sqrt<31>       |  201.607|
operand_a<21>  |sqrt<0>        |  190.682|
operand_a<21>  |sqrt<1>        |  190.133|
operand_a<21>  |sqrt<2>        |  191.614|
operand_a<21>  |sqrt<3>        |  191.521|
operand_a<21>  |sqrt<4>        |  192.212|
operand_a<21>  |sqrt<5>        |  191.984|
operand_a<21>  |sqrt<6>        |  193.090|
operand_a<21>  |sqrt<7>        |  193.467|
operand_a<21>  |sqrt<8>        |  194.534|
operand_a<21>  |sqrt<9>        |  194.176|
operand_a<21>  |sqrt<10>       |  194.343|
operand_a<21>  |sqrt<11>       |  194.216|
operand_a<21>  |sqrt<12>       |  194.892|
operand_a<21>  |sqrt<13>       |  196.567|
operand_a<21>  |sqrt<14>       |  197.553|
operand_a<21>  |sqrt<15>       |  197.057|
operand_a<21>  |sqrt<16>       |  197.308|
operand_a<21>  |sqrt<17>       |  198.325|
operand_a<21>  |sqrt<18>       |  198.717|
operand_a<21>  |sqrt<19>       |  199.159|
operand_a<21>  |sqrt<20>       |  198.529|
operand_a<21>  |sqrt<21>       |  200.006|
operand_a<21>  |sqrt<22>       |  200.132|
operand_a<21>  |sqrt<23>       |  200.210|
operand_a<21>  |sqrt<24>       |  200.209|
operand_a<21>  |sqrt<25>       |  200.380|
operand_a<21>  |sqrt<26>       |  200.842|
operand_a<21>  |sqrt<27>       |  201.150|
operand_a<21>  |sqrt<28>       |  201.518|
operand_a<21>  |sqrt<29>       |  200.886|
operand_a<21>  |sqrt<30>       |  201.114|
operand_a<21>  |sqrt<31>       |  201.513|
operand_a<22>  |sqrt<0>        |  190.615|
operand_a<22>  |sqrt<1>        |  190.066|
operand_a<22>  |sqrt<2>        |  191.547|
operand_a<22>  |sqrt<3>        |  191.454|
operand_a<22>  |sqrt<4>        |  192.145|
operand_a<22>  |sqrt<5>        |  191.917|
operand_a<22>  |sqrt<6>        |  193.023|
operand_a<22>  |sqrt<7>        |  193.400|
operand_a<22>  |sqrt<8>        |  194.467|
operand_a<22>  |sqrt<9>        |  194.109|
operand_a<22>  |sqrt<10>       |  194.276|
operand_a<22>  |sqrt<11>       |  194.149|
operand_a<22>  |sqrt<12>       |  194.825|
operand_a<22>  |sqrt<13>       |  196.500|
operand_a<22>  |sqrt<14>       |  197.486|
operand_a<22>  |sqrt<15>       |  196.990|
operand_a<22>  |sqrt<16>       |  197.241|
operand_a<22>  |sqrt<17>       |  198.258|
operand_a<22>  |sqrt<18>       |  198.650|
operand_a<22>  |sqrt<19>       |  199.092|
operand_a<22>  |sqrt<20>       |  198.462|
operand_a<22>  |sqrt<21>       |  199.939|
operand_a<22>  |sqrt<22>       |  200.065|
operand_a<22>  |sqrt<23>       |  200.143|
operand_a<22>  |sqrt<24>       |  200.142|
operand_a<22>  |sqrt<25>       |  200.313|
operand_a<22>  |sqrt<26>       |  200.775|
operand_a<22>  |sqrt<27>       |  201.083|
operand_a<22>  |sqrt<28>       |  201.451|
operand_a<22>  |sqrt<29>       |  200.819|
operand_a<22>  |sqrt<30>       |  201.047|
operand_a<22>  |sqrt<31>       |  201.446|
operand_a<23>  |sqrt<0>        |  190.457|
operand_a<23>  |sqrt<1>        |  189.908|
operand_a<23>  |sqrt<2>        |  191.389|
operand_a<23>  |sqrt<3>        |  191.296|
operand_a<23>  |sqrt<4>        |  191.987|
operand_a<23>  |sqrt<5>        |  191.759|
operand_a<23>  |sqrt<6>        |  192.865|
operand_a<23>  |sqrt<7>        |  193.242|
operand_a<23>  |sqrt<8>        |  194.309|
operand_a<23>  |sqrt<9>        |  193.951|
operand_a<23>  |sqrt<10>       |  194.118|
operand_a<23>  |sqrt<11>       |  193.991|
operand_a<23>  |sqrt<12>       |  194.667|
operand_a<23>  |sqrt<13>       |  196.342|
operand_a<23>  |sqrt<14>       |  197.328|
operand_a<23>  |sqrt<15>       |  196.832|
operand_a<23>  |sqrt<16>       |  197.083|
operand_a<23>  |sqrt<17>       |  198.100|
operand_a<23>  |sqrt<18>       |  198.492|
operand_a<23>  |sqrt<19>       |  198.934|
operand_a<23>  |sqrt<20>       |  198.304|
operand_a<23>  |sqrt<21>       |  199.781|
operand_a<23>  |sqrt<22>       |  199.907|
operand_a<23>  |sqrt<23>       |  199.985|
operand_a<23>  |sqrt<24>       |  199.984|
operand_a<23>  |sqrt<25>       |  200.155|
operand_a<23>  |sqrt<26>       |  200.617|
operand_a<23>  |sqrt<27>       |  200.925|
operand_a<23>  |sqrt<28>       |  201.293|
operand_a<23>  |sqrt<29>       |  200.661|
operand_a<23>  |sqrt<30>       |  200.889|
operand_a<23>  |sqrt<31>       |  201.288|
operand_a<24>  |sqrt<0>        |  189.956|
operand_a<24>  |sqrt<1>        |  189.407|
operand_a<24>  |sqrt<2>        |  190.888|
operand_a<24>  |sqrt<3>        |  190.795|
operand_a<24>  |sqrt<4>        |  191.486|
operand_a<24>  |sqrt<5>        |  191.258|
operand_a<24>  |sqrt<6>        |  192.364|
operand_a<24>  |sqrt<7>        |  192.741|
operand_a<24>  |sqrt<8>        |  193.808|
operand_a<24>  |sqrt<9>        |  193.450|
operand_a<24>  |sqrt<10>       |  193.617|
operand_a<24>  |sqrt<11>       |  193.490|
operand_a<24>  |sqrt<12>       |  194.166|
operand_a<24>  |sqrt<13>       |  195.841|
operand_a<24>  |sqrt<14>       |  196.827|
operand_a<24>  |sqrt<15>       |  196.331|
operand_a<24>  |sqrt<16>       |  196.582|
operand_a<24>  |sqrt<17>       |  197.599|
operand_a<24>  |sqrt<18>       |  197.991|
operand_a<24>  |sqrt<19>       |  198.433|
operand_a<24>  |sqrt<20>       |  197.803|
operand_a<24>  |sqrt<21>       |  199.280|
operand_a<24>  |sqrt<22>       |  199.406|
operand_a<24>  |sqrt<23>       |  199.484|
operand_a<24>  |sqrt<24>       |  199.483|
operand_a<24>  |sqrt<25>       |  199.654|
operand_a<24>  |sqrt<26>       |  200.116|
operand_a<24>  |sqrt<27>       |  200.424|
operand_a<24>  |sqrt<28>       |  200.792|
operand_a<24>  |sqrt<29>       |  200.160|
operand_a<24>  |sqrt<30>       |  200.388|
operand_a<24>  |sqrt<31>       |  200.787|
operand_a<25>  |sqrt<0>        |  189.612|
operand_a<25>  |sqrt<1>        |  189.063|
operand_a<25>  |sqrt<2>        |  190.544|
operand_a<25>  |sqrt<3>        |  190.451|
operand_a<25>  |sqrt<4>        |  191.142|
operand_a<25>  |sqrt<5>        |  190.914|
operand_a<25>  |sqrt<6>        |  192.020|
operand_a<25>  |sqrt<7>        |  192.397|
operand_a<25>  |sqrt<8>        |  193.464|
operand_a<25>  |sqrt<9>        |  193.106|
operand_a<25>  |sqrt<10>       |  193.273|
operand_a<25>  |sqrt<11>       |  193.146|
operand_a<25>  |sqrt<12>       |  193.822|
operand_a<25>  |sqrt<13>       |  195.497|
operand_a<25>  |sqrt<14>       |  196.483|
operand_a<25>  |sqrt<15>       |  195.987|
operand_a<25>  |sqrt<16>       |  196.238|
operand_a<25>  |sqrt<17>       |  197.255|
operand_a<25>  |sqrt<18>       |  197.647|
operand_a<25>  |sqrt<19>       |  198.089|
operand_a<25>  |sqrt<20>       |  197.459|
operand_a<25>  |sqrt<21>       |  198.936|
operand_a<25>  |sqrt<22>       |  199.062|
operand_a<25>  |sqrt<23>       |  199.140|
operand_a<25>  |sqrt<24>       |  199.139|
operand_a<25>  |sqrt<25>       |  199.310|
operand_a<25>  |sqrt<26>       |  199.772|
operand_a<25>  |sqrt<27>       |  200.080|
operand_a<25>  |sqrt<28>       |  200.448|
operand_a<25>  |sqrt<29>       |  199.816|
operand_a<25>  |sqrt<30>       |  200.044|
operand_a<25>  |sqrt<31>       |  200.443|
operand_a<26>  |sqrt<0>        |  189.415|
operand_a<26>  |sqrt<1>        |  188.866|
operand_a<26>  |sqrt<2>        |  190.347|
operand_a<26>  |sqrt<3>        |  190.254|
operand_a<26>  |sqrt<4>        |  190.945|
operand_a<26>  |sqrt<5>        |  190.717|
operand_a<26>  |sqrt<6>        |  191.823|
operand_a<26>  |sqrt<7>        |  192.200|
operand_a<26>  |sqrt<8>        |  193.267|
operand_a<26>  |sqrt<9>        |  192.909|
operand_a<26>  |sqrt<10>       |  193.076|
operand_a<26>  |sqrt<11>       |  192.949|
operand_a<26>  |sqrt<12>       |  193.625|
operand_a<26>  |sqrt<13>       |  195.300|
operand_a<26>  |sqrt<14>       |  196.286|
operand_a<26>  |sqrt<15>       |  195.790|
operand_a<26>  |sqrt<16>       |  196.041|
operand_a<26>  |sqrt<17>       |  197.058|
operand_a<26>  |sqrt<18>       |  197.450|
operand_a<26>  |sqrt<19>       |  197.892|
operand_a<26>  |sqrt<20>       |  197.262|
operand_a<26>  |sqrt<21>       |  198.739|
operand_a<26>  |sqrt<22>       |  198.865|
operand_a<26>  |sqrt<23>       |  198.943|
operand_a<26>  |sqrt<24>       |  198.942|
operand_a<26>  |sqrt<25>       |  199.113|
operand_a<26>  |sqrt<26>       |  199.575|
operand_a<26>  |sqrt<27>       |  199.883|
operand_a<26>  |sqrt<28>       |  200.251|
operand_a<26>  |sqrt<29>       |  199.619|
operand_a<26>  |sqrt<30>       |  199.847|
operand_a<26>  |sqrt<31>       |  200.246|
operand_a<27>  |sqrt<0>        |  189.543|
operand_a<27>  |sqrt<1>        |  188.994|
operand_a<27>  |sqrt<2>        |  190.475|
operand_a<27>  |sqrt<3>        |  190.382|
operand_a<27>  |sqrt<4>        |  191.073|
operand_a<27>  |sqrt<5>        |  190.845|
operand_a<27>  |sqrt<6>        |  191.951|
operand_a<27>  |sqrt<7>        |  192.328|
operand_a<27>  |sqrt<8>        |  193.395|
operand_a<27>  |sqrt<9>        |  193.037|
operand_a<27>  |sqrt<10>       |  193.204|
operand_a<27>  |sqrt<11>       |  193.077|
operand_a<27>  |sqrt<12>       |  193.753|
operand_a<27>  |sqrt<13>       |  195.428|
operand_a<27>  |sqrt<14>       |  196.414|
operand_a<27>  |sqrt<15>       |  195.918|
operand_a<27>  |sqrt<16>       |  196.169|
operand_a<27>  |sqrt<17>       |  197.186|
operand_a<27>  |sqrt<18>       |  197.578|
operand_a<27>  |sqrt<19>       |  198.020|
operand_a<27>  |sqrt<20>       |  197.390|
operand_a<27>  |sqrt<21>       |  198.867|
operand_a<27>  |sqrt<22>       |  198.993|
operand_a<27>  |sqrt<23>       |  199.071|
operand_a<27>  |sqrt<24>       |  199.070|
operand_a<27>  |sqrt<25>       |  199.241|
operand_a<27>  |sqrt<26>       |  199.703|
operand_a<27>  |sqrt<27>       |  200.011|
operand_a<27>  |sqrt<28>       |  200.379|
operand_a<27>  |sqrt<29>       |  199.747|
operand_a<27>  |sqrt<30>       |  199.975|
operand_a<27>  |sqrt<31>       |  200.374|
operand_a<28>  |sqrt<0>        |  189.352|
operand_a<28>  |sqrt<1>        |  188.803|
operand_a<28>  |sqrt<2>        |  190.284|
operand_a<28>  |sqrt<3>        |  190.191|
operand_a<28>  |sqrt<4>        |  190.882|
operand_a<28>  |sqrt<5>        |  190.654|
operand_a<28>  |sqrt<6>        |  191.760|
operand_a<28>  |sqrt<7>        |  192.137|
operand_a<28>  |sqrt<8>        |  193.204|
operand_a<28>  |sqrt<9>        |  192.846|
operand_a<28>  |sqrt<10>       |  193.013|
operand_a<28>  |sqrt<11>       |  192.886|
operand_a<28>  |sqrt<12>       |  193.562|
operand_a<28>  |sqrt<13>       |  195.237|
operand_a<28>  |sqrt<14>       |  196.223|
operand_a<28>  |sqrt<15>       |  195.727|
operand_a<28>  |sqrt<16>       |  195.978|
operand_a<28>  |sqrt<17>       |  196.995|
operand_a<28>  |sqrt<18>       |  197.387|
operand_a<28>  |sqrt<19>       |  197.829|
operand_a<28>  |sqrt<20>       |  197.199|
operand_a<28>  |sqrt<21>       |  198.676|
operand_a<28>  |sqrt<22>       |  198.802|
operand_a<28>  |sqrt<23>       |  198.880|
operand_a<28>  |sqrt<24>       |  198.879|
operand_a<28>  |sqrt<25>       |  199.050|
operand_a<28>  |sqrt<26>       |  199.512|
operand_a<28>  |sqrt<27>       |  199.820|
operand_a<28>  |sqrt<28>       |  200.188|
operand_a<28>  |sqrt<29>       |  199.556|
operand_a<28>  |sqrt<30>       |  199.784|
operand_a<28>  |sqrt<31>       |  200.183|
operand_a<29>  |sqrt<0>        |  189.036|
operand_a<29>  |sqrt<1>        |  188.487|
operand_a<29>  |sqrt<2>        |  189.968|
operand_a<29>  |sqrt<3>        |  189.875|
operand_a<29>  |sqrt<4>        |  190.566|
operand_a<29>  |sqrt<5>        |  190.338|
operand_a<29>  |sqrt<6>        |  191.444|
operand_a<29>  |sqrt<7>        |  191.821|
operand_a<29>  |sqrt<8>        |  192.888|
operand_a<29>  |sqrt<9>        |  192.530|
operand_a<29>  |sqrt<10>       |  192.697|
operand_a<29>  |sqrt<11>       |  192.570|
operand_a<29>  |sqrt<12>       |  193.246|
operand_a<29>  |sqrt<13>       |  194.921|
operand_a<29>  |sqrt<14>       |  195.907|
operand_a<29>  |sqrt<15>       |  195.411|
operand_a<29>  |sqrt<16>       |  195.662|
operand_a<29>  |sqrt<17>       |  196.679|
operand_a<29>  |sqrt<18>       |  197.071|
operand_a<29>  |sqrt<19>       |  197.513|
operand_a<29>  |sqrt<20>       |  196.883|
operand_a<29>  |sqrt<21>       |  198.360|
operand_a<29>  |sqrt<22>       |  198.486|
operand_a<29>  |sqrt<23>       |  198.564|
operand_a<29>  |sqrt<24>       |  198.563|
operand_a<29>  |sqrt<25>       |  198.734|
operand_a<29>  |sqrt<26>       |  199.196|
operand_a<29>  |sqrt<27>       |  199.504|
operand_a<29>  |sqrt<28>       |  199.872|
operand_a<29>  |sqrt<29>       |  199.240|
operand_a<29>  |sqrt<30>       |  199.468|
operand_a<29>  |sqrt<31>       |  199.867|
operand_a<30>  |sqrt<0>        |  188.508|
operand_a<30>  |sqrt<1>        |  187.959|
operand_a<30>  |sqrt<2>        |  189.440|
operand_a<30>  |sqrt<3>        |  189.347|
operand_a<30>  |sqrt<4>        |  190.038|
operand_a<30>  |sqrt<5>        |  189.810|
operand_a<30>  |sqrt<6>        |  190.916|
operand_a<30>  |sqrt<7>        |  191.293|
operand_a<30>  |sqrt<8>        |  192.360|
operand_a<30>  |sqrt<9>        |  192.002|
operand_a<30>  |sqrt<10>       |  192.169|
operand_a<30>  |sqrt<11>       |  192.042|
operand_a<30>  |sqrt<12>       |  192.718|
operand_a<30>  |sqrt<13>       |  194.393|
operand_a<30>  |sqrt<14>       |  195.379|
operand_a<30>  |sqrt<15>       |  194.883|
operand_a<30>  |sqrt<16>       |  195.134|
operand_a<30>  |sqrt<17>       |  196.151|
operand_a<30>  |sqrt<18>       |  196.543|
operand_a<30>  |sqrt<19>       |  196.985|
operand_a<30>  |sqrt<20>       |  196.355|
operand_a<30>  |sqrt<21>       |  197.832|
operand_a<30>  |sqrt<22>       |  197.958|
operand_a<30>  |sqrt<23>       |  198.036|
operand_a<30>  |sqrt<24>       |  198.035|
operand_a<30>  |sqrt<25>       |  198.206|
operand_a<30>  |sqrt<26>       |  198.668|
operand_a<30>  |sqrt<27>       |  198.976|
operand_a<30>  |sqrt<28>       |  199.344|
operand_a<30>  |sqrt<29>       |  198.712|
operand_a<30>  |sqrt<30>       |  198.940|
operand_a<30>  |sqrt<31>       |  199.339|
operand_a<31>  |sqrt<0>        |  192.912|
operand_a<31>  |sqrt<1>        |  192.363|
operand_a<31>  |sqrt<2>        |  193.844|
operand_a<31>  |sqrt<3>        |  193.751|
operand_a<31>  |sqrt<4>        |  194.442|
operand_a<31>  |sqrt<5>        |  194.214|
operand_a<31>  |sqrt<6>        |  195.320|
operand_a<31>  |sqrt<7>        |  195.697|
operand_a<31>  |sqrt<8>        |  196.764|
operand_a<31>  |sqrt<9>        |  196.406|
operand_a<31>  |sqrt<10>       |  196.573|
operand_a<31>  |sqrt<11>       |  196.446|
operand_a<31>  |sqrt<12>       |  197.122|
operand_a<31>  |sqrt<13>       |  198.797|
operand_a<31>  |sqrt<14>       |  199.783|
operand_a<31>  |sqrt<15>       |  199.287|
operand_a<31>  |sqrt<16>       |  199.538|
operand_a<31>  |sqrt<17>       |  200.555|
operand_a<31>  |sqrt<18>       |  200.947|
operand_a<31>  |sqrt<19>       |  201.389|
operand_a<31>  |sqrt<20>       |  200.759|
operand_a<31>  |sqrt<21>       |  202.236|
operand_a<31>  |sqrt<22>       |  202.362|
operand_a<31>  |sqrt<23>       |  202.440|
operand_a<31>  |sqrt<24>       |  202.439|
operand_a<31>  |sqrt<25>       |  202.610|
operand_a<31>  |sqrt<26>       |  203.072|
operand_a<31>  |sqrt<27>       |  203.380|
operand_a<31>  |sqrt<28>       |  203.748|
operand_a<31>  |sqrt<29>       |  203.116|
operand_a<31>  |sqrt<30>       |  203.344|
operand_a<31>  |sqrt<31>       |  203.743|
---------------+---------------+---------+


Analysis completed Sun Jun 19 17:06:40 2016 
--------------------------------------------------------------------------------

Trace Settings:
-------------------------
Trace Settings 

Peak Memory Usage: 404 MB



