--------------------------------------------------------------------------------
Release 14.7 Trace  (lin64)
Copyright (c) 1995-2013 Xilinx, Inc.  All rights reserved.

/home/waseemh/Xilinx/14.7/ISE_DS/ISE/bin/lin64/unwrapped/trce -intstyle ise -v
3 -s 2 -n 3 -fastpaths -xml hyperbolic_comb.twx hyperbolic_comb.ncd -o
hyperbolic_comb.twr hyperbolic_comb.pcf

Design file:              hyperbolic_comb.ncd
Physical constraint file: hyperbolic_comb.pcf
Device,package,speed:     xc6slx16,csg324,C,-2 (PRODUCTION 1.23 2013-10-13)
Report level:             verbose report

Environment Variable      Effect 
--------------------      ------ 
NONE                      No environment variables were set
--------------------------------------------------------------------------------

INFO:Timing:2698 - No timing constraints found, doing default enumeration.
INFO:Timing:3412 - To improve timing, see the Timing Closure User Guide (UG612).
INFO:Timing:2752 - To get complete path coverage, use the unconstrained paths 
   option. All paths that are not constrained will be reported in the 
   unconstrained paths section(s) of the report.
INFO:Timing:3339 - The clock-to-out numbers in this timing report are based on 
   a 50 Ohm transmission line loading model.  For the details of this model, 
   and for more information on accounting for different loading conditions, 
   please see the device datasheet.



Data Sheet report:
-----------------
All values displayed in nanoseconds (ns)

Pad to Pad
---------------+---------------+---------+
Source Pad     |Destination Pad|  Delay  |
---------------+---------------+---------+
operand_a<0>   |sqrt<0>        |  197.472|
operand_a<0>   |sqrt<1>        |  210.630|
operand_a<0>   |sqrt<2>        |  212.470|
operand_a<0>   |sqrt<3>        |  213.070|
operand_a<0>   |sqrt<4>        |  213.983|
operand_a<0>   |sqrt<5>        |  213.615|
operand_a<0>   |sqrt<6>        |  214.393|
operand_a<0>   |sqrt<7>        |  214.566|
operand_a<0>   |sqrt<8>        |  216.448|
operand_a<0>   |sqrt<9>        |  215.290|
operand_a<0>   |sqrt<10>       |  217.139|
operand_a<0>   |sqrt<11>       |  217.114|
operand_a<0>   |sqrt<12>       |  217.334|
operand_a<0>   |sqrt<13>       |  217.600|
operand_a<0>   |sqrt<14>       |  219.609|
operand_a<0>   |sqrt<15>       |  218.649|
operand_a<0>   |sqrt<16>       |  220.043|
operand_a<0>   |sqrt<17>       |  220.393|
operand_a<0>   |sqrt<18>       |  220.617|
operand_a<0>   |sqrt<19>       |  222.611|
operand_a<0>   |sqrt<20>       |  220.919|
operand_a<0>   |sqrt<21>       |  222.013|
operand_a<0>   |sqrt<22>       |  222.500|
operand_a<0>   |sqrt<23>       |  222.618|
operand_a<0>   |sqrt<24>       |  222.360|
operand_a<0>   |sqrt<25>       |  222.741|
operand_a<0>   |sqrt<26>       |  223.153|
operand_a<0>   |sqrt<27>       |  223.162|
operand_a<0>   |sqrt<28>       |  223.962|
operand_a<0>   |sqrt<29>       |  223.591|
operand_a<0>   |sqrt<30>       |  224.885|
operand_a<0>   |sqrt<31>       |  223.987|
operand_a<1>   |sqrt<0>        |  197.418|
operand_a<1>   |sqrt<1>        |  210.576|
operand_a<1>   |sqrt<2>        |  212.416|
operand_a<1>   |sqrt<3>        |  213.016|
operand_a<1>   |sqrt<4>        |  213.929|
operand_a<1>   |sqrt<5>        |  213.561|
operand_a<1>   |sqrt<6>        |  214.339|
operand_a<1>   |sqrt<7>        |  214.512|
operand_a<1>   |sqrt<8>        |  216.394|
operand_a<1>   |sqrt<9>        |  215.236|
operand_a<1>   |sqrt<10>       |  217.085|
operand_a<1>   |sqrt<11>       |  217.060|
operand_a<1>   |sqrt<12>       |  217.280|
operand_a<1>   |sqrt<13>       |  217.546|
operand_a<1>   |sqrt<14>       |  219.555|
operand_a<1>   |sqrt<15>       |  218.595|
operand_a<1>   |sqrt<16>       |  219.989|
operand_a<1>   |sqrt<17>       |  220.339|
operand_a<1>   |sqrt<18>       |  220.563|
operand_a<1>   |sqrt<19>       |  222.557|
operand_a<1>   |sqrt<20>       |  220.865|
operand_a<1>   |sqrt<21>       |  221.959|
operand_a<1>   |sqrt<22>       |  222.446|
operand_a<1>   |sqrt<23>       |  222.564|
operand_a<1>   |sqrt<24>       |  222.306|
operand_a<1>   |sqrt<25>       |  222.687|
operand_a<1>   |sqrt<26>       |  223.099|
operand_a<1>   |sqrt<27>       |  223.108|
operand_a<1>   |sqrt<28>       |  223.908|
operand_a<1>   |sqrt<29>       |  223.537|
operand_a<1>   |sqrt<30>       |  224.831|
operand_a<1>   |sqrt<31>       |  223.933|
operand_a<2>   |sqrt<0>        |  197.500|
operand_a<2>   |sqrt<1>        |  210.658|
operand_a<2>   |sqrt<2>        |  212.498|
operand_a<2>   |sqrt<3>        |  213.098|
operand_a<2>   |sqrt<4>        |  214.011|
operand_a<2>   |sqrt<5>        |  213.643|
operand_a<2>   |sqrt<6>        |  214.421|
operand_a<2>   |sqrt<7>        |  214.594|
operand_a<2>   |sqrt<8>        |  216.476|
operand_a<2>   |sqrt<9>        |  215.318|
operand_a<2>   |sqrt<10>       |  217.167|
operand_a<2>   |sqrt<11>       |  217.142|
operand_a<2>   |sqrt<12>       |  217.362|
operand_a<2>   |sqrt<13>       |  217.628|
operand_a<2>   |sqrt<14>       |  219.637|
operand_a<2>   |sqrt<15>       |  218.677|
operand_a<2>   |sqrt<16>       |  220.071|
operand_a<2>   |sqrt<17>       |  220.421|
operand_a<2>   |sqrt<18>       |  220.645|
operand_a<2>   |sqrt<19>       |  222.639|
operand_a<2>   |sqrt<20>       |  220.947|
operand_a<2>   |sqrt<21>       |  222.041|
operand_a<2>   |sqrt<22>       |  222.528|
operand_a<2>   |sqrt<23>       |  222.646|
operand_a<2>   |sqrt<24>       |  222.388|
operand_a<2>   |sqrt<25>       |  222.769|
operand_a<2>   |sqrt<26>       |  223.181|
operand_a<2>   |sqrt<27>       |  223.190|
operand_a<2>   |sqrt<28>       |  223.990|
operand_a<2>   |sqrt<29>       |  223.619|
operand_a<2>   |sqrt<30>       |  224.913|
operand_a<2>   |sqrt<31>       |  224.015|
operand_a<3>   |sqrt<0>        |  197.422|
operand_a<3>   |sqrt<1>        |  210.580|
operand_a<3>   |sqrt<2>        |  212.420|
operand_a<3>   |sqrt<3>        |  213.020|
operand_a<3>   |sqrt<4>        |  213.933|
operand_a<3>   |sqrt<5>        |  213.565|
operand_a<3>   |sqrt<6>        |  214.343|
operand_a<3>   |sqrt<7>        |  214.516|
operand_a<3>   |sqrt<8>        |  216.398|
operand_a<3>   |sqrt<9>        |  215.240|
operand_a<3>   |sqrt<10>       |  217.089|
operand_a<3>   |sqrt<11>       |  217.064|
operand_a<3>   |sqrt<12>       |  217.284|
operand_a<3>   |sqrt<13>       |  217.550|
operand_a<3>   |sqrt<14>       |  219.559|
operand_a<3>   |sqrt<15>       |  218.599|
operand_a<3>   |sqrt<16>       |  219.993|
operand_a<3>   |sqrt<17>       |  220.343|
operand_a<3>   |sqrt<18>       |  220.567|
operand_a<3>   |sqrt<19>       |  222.561|
operand_a<3>   |sqrt<20>       |  220.869|
operand_a<3>   |sqrt<21>       |  221.963|
operand_a<3>   |sqrt<22>       |  222.450|
operand_a<3>   |sqrt<23>       |  222.568|
operand_a<3>   |sqrt<24>       |  222.310|
operand_a<3>   |sqrt<25>       |  222.691|
operand_a<3>   |sqrt<26>       |  223.103|
operand_a<3>   |sqrt<27>       |  223.112|
operand_a<3>   |sqrt<28>       |  223.912|
operand_a<3>   |sqrt<29>       |  223.541|
operand_a<3>   |sqrt<30>       |  224.835|
operand_a<3>   |sqrt<31>       |  223.937|
operand_a<4>   |sqrt<0>        |  197.096|
operand_a<4>   |sqrt<1>        |  210.254|
operand_a<4>   |sqrt<2>        |  212.094|
operand_a<4>   |sqrt<3>        |  212.694|
operand_a<4>   |sqrt<4>        |  213.607|
operand_a<4>   |sqrt<5>        |  213.239|
operand_a<4>   |sqrt<6>        |  214.017|
operand_a<4>   |sqrt<7>        |  214.190|
operand_a<4>   |sqrt<8>        |  216.072|
operand_a<4>   |sqrt<9>        |  214.914|
operand_a<4>   |sqrt<10>       |  216.763|
operand_a<4>   |sqrt<11>       |  216.738|
operand_a<4>   |sqrt<12>       |  216.958|
operand_a<4>   |sqrt<13>       |  217.224|
operand_a<4>   |sqrt<14>       |  219.233|
operand_a<4>   |sqrt<15>       |  218.273|
operand_a<4>   |sqrt<16>       |  219.667|
operand_a<4>   |sqrt<17>       |  220.017|
operand_a<4>   |sqrt<18>       |  220.241|
operand_a<4>   |sqrt<19>       |  222.235|
operand_a<4>   |sqrt<20>       |  220.543|
operand_a<4>   |sqrt<21>       |  221.637|
operand_a<4>   |sqrt<22>       |  222.124|
operand_a<4>   |sqrt<23>       |  222.242|
operand_a<4>   |sqrt<24>       |  221.984|
operand_a<4>   |sqrt<25>       |  222.365|
operand_a<4>   |sqrt<26>       |  222.777|
operand_a<4>   |sqrt<27>       |  222.786|
operand_a<4>   |sqrt<28>       |  223.586|
operand_a<4>   |sqrt<29>       |  223.215|
operand_a<4>   |sqrt<30>       |  224.509|
operand_a<4>   |sqrt<31>       |  223.611|
operand_a<5>   |sqrt<0>        |  196.982|
operand_a<5>   |sqrt<1>        |  210.140|
operand_a<5>   |sqrt<2>        |  211.980|
operand_a<5>   |sqrt<3>        |  212.580|
operand_a<5>   |sqrt<4>        |  213.493|
operand_a<5>   |sqrt<5>        |  213.125|
operand_a<5>   |sqrt<6>        |  213.903|
operand_a<5>   |sqrt<7>        |  214.076|
operand_a<5>   |sqrt<8>        |  215.958|
operand_a<5>   |sqrt<9>        |  214.800|
operand_a<5>   |sqrt<10>       |  216.649|
operand_a<5>   |sqrt<11>       |  216.624|
operand_a<5>   |sqrt<12>       |  216.844|
operand_a<5>   |sqrt<13>       |  217.110|
operand_a<5>   |sqrt<14>       |  219.119|
operand_a<5>   |sqrt<15>       |  218.159|
operand_a<5>   |sqrt<16>       |  219.553|
operand_a<5>   |sqrt<17>       |  219.903|
operand_a<5>   |sqrt<18>       |  220.127|
operand_a<5>   |sqrt<19>       |  222.121|
operand_a<5>   |sqrt<20>       |  220.429|
operand_a<5>   |sqrt<21>       |  221.523|
operand_a<5>   |sqrt<22>       |  222.010|
operand_a<5>   |sqrt<23>       |  222.128|
operand_a<5>   |sqrt<24>       |  221.870|
operand_a<5>   |sqrt<25>       |  222.251|
operand_a<5>   |sqrt<26>       |  222.663|
operand_a<5>   |sqrt<27>       |  222.672|
operand_a<5>   |sqrt<28>       |  223.472|
operand_a<5>   |sqrt<29>       |  223.101|
operand_a<5>   |sqrt<30>       |  224.395|
operand_a<5>   |sqrt<31>       |  223.497|
operand_a<6>   |sqrt<0>        |  196.573|
operand_a<6>   |sqrt<1>        |  209.731|
operand_a<6>   |sqrt<2>        |  211.571|
operand_a<6>   |sqrt<3>        |  212.171|
operand_a<6>   |sqrt<4>        |  213.084|
operand_a<6>   |sqrt<5>        |  212.716|
operand_a<6>   |sqrt<6>        |  213.494|
operand_a<6>   |sqrt<7>        |  213.667|
operand_a<6>   |sqrt<8>        |  215.549|
operand_a<6>   |sqrt<9>        |  214.391|
operand_a<6>   |sqrt<10>       |  216.240|
operand_a<6>   |sqrt<11>       |  216.215|
operand_a<6>   |sqrt<12>       |  216.435|
operand_a<6>   |sqrt<13>       |  216.701|
operand_a<6>   |sqrt<14>       |  218.710|
operand_a<6>   |sqrt<15>       |  217.750|
operand_a<6>   |sqrt<16>       |  219.144|
operand_a<6>   |sqrt<17>       |  219.494|
operand_a<6>   |sqrt<18>       |  219.718|
operand_a<6>   |sqrt<19>       |  221.712|
operand_a<6>   |sqrt<20>       |  220.020|
operand_a<6>   |sqrt<21>       |  221.114|
operand_a<6>   |sqrt<22>       |  221.601|
operand_a<6>   |sqrt<23>       |  221.719|
operand_a<6>   |sqrt<24>       |  221.461|
operand_a<6>   |sqrt<25>       |  221.842|
operand_a<6>   |sqrt<26>       |  222.254|
operand_a<6>   |sqrt<27>       |  222.263|
operand_a<6>   |sqrt<28>       |  223.063|
operand_a<6>   |sqrt<29>       |  222.692|
operand_a<6>   |sqrt<30>       |  223.986|
operand_a<6>   |sqrt<31>       |  223.088|
operand_a<7>   |sqrt<0>        |  196.622|
operand_a<7>   |sqrt<1>        |  209.780|
operand_a<7>   |sqrt<2>        |  211.620|
operand_a<7>   |sqrt<3>        |  212.220|
operand_a<7>   |sqrt<4>        |  213.133|
operand_a<7>   |sqrt<5>        |  212.765|
operand_a<7>   |sqrt<6>        |  213.543|
operand_a<7>   |sqrt<7>        |  213.716|
operand_a<7>   |sqrt<8>        |  215.598|
operand_a<7>   |sqrt<9>        |  214.440|
operand_a<7>   |sqrt<10>       |  216.289|
operand_a<7>   |sqrt<11>       |  216.264|
operand_a<7>   |sqrt<12>       |  216.484|
operand_a<7>   |sqrt<13>       |  216.750|
operand_a<7>   |sqrt<14>       |  218.759|
operand_a<7>   |sqrt<15>       |  217.799|
operand_a<7>   |sqrt<16>       |  219.193|
operand_a<7>   |sqrt<17>       |  219.543|
operand_a<7>   |sqrt<18>       |  219.767|
operand_a<7>   |sqrt<19>       |  221.761|
operand_a<7>   |sqrt<20>       |  220.069|
operand_a<7>   |sqrt<21>       |  221.163|
operand_a<7>   |sqrt<22>       |  221.650|
operand_a<7>   |sqrt<23>       |  221.768|
operand_a<7>   |sqrt<24>       |  221.510|
operand_a<7>   |sqrt<25>       |  221.891|
operand_a<7>   |sqrt<26>       |  222.303|
operand_a<7>   |sqrt<27>       |  222.312|
operand_a<7>   |sqrt<28>       |  223.112|
operand_a<7>   |sqrt<29>       |  222.741|
operand_a<7>   |sqrt<30>       |  224.035|
operand_a<7>   |sqrt<31>       |  223.137|
operand_a<8>   |sqrt<0>        |  195.224|
operand_a<8>   |sqrt<1>        |  208.382|
operand_a<8>   |sqrt<2>        |  210.222|
operand_a<8>   |sqrt<3>        |  210.822|
operand_a<8>   |sqrt<4>        |  211.735|
operand_a<8>   |sqrt<5>        |  211.367|
operand_a<8>   |sqrt<6>        |  212.145|
operand_a<8>   |sqrt<7>        |  212.318|
operand_a<8>   |sqrt<8>        |  214.200|
operand_a<8>   |sqrt<9>        |  213.042|
operand_a<8>   |sqrt<10>       |  214.891|
operand_a<8>   |sqrt<11>       |  214.866|
operand_a<8>   |sqrt<12>       |  215.086|
operand_a<8>   |sqrt<13>       |  215.352|
operand_a<8>   |sqrt<14>       |  217.361|
operand_a<8>   |sqrt<15>       |  216.401|
operand_a<8>   |sqrt<16>       |  217.795|
operand_a<8>   |sqrt<17>       |  218.145|
operand_a<8>   |sqrt<18>       |  218.369|
operand_a<8>   |sqrt<19>       |  220.363|
operand_a<8>   |sqrt<20>       |  218.671|
operand_a<8>   |sqrt<21>       |  219.765|
operand_a<8>   |sqrt<22>       |  220.252|
operand_a<8>   |sqrt<23>       |  220.370|
operand_a<8>   |sqrt<24>       |  220.112|
operand_a<8>   |sqrt<25>       |  220.493|
operand_a<8>   |sqrt<26>       |  220.905|
operand_a<8>   |sqrt<27>       |  220.914|
operand_a<8>   |sqrt<28>       |  221.714|
operand_a<8>   |sqrt<29>       |  221.343|
operand_a<8>   |sqrt<30>       |  222.637|
operand_a<8>   |sqrt<31>       |  221.739|
operand_a<9>   |sqrt<0>        |  195.773|
operand_a<9>   |sqrt<1>        |  208.931|
operand_a<9>   |sqrt<2>        |  210.771|
operand_a<9>   |sqrt<3>        |  211.371|
operand_a<9>   |sqrt<4>        |  212.284|
operand_a<9>   |sqrt<5>        |  211.916|
operand_a<9>   |sqrt<6>        |  212.694|
operand_a<9>   |sqrt<7>        |  212.867|
operand_a<9>   |sqrt<8>        |  214.749|
operand_a<9>   |sqrt<9>        |  213.591|
operand_a<9>   |sqrt<10>       |  215.440|
operand_a<9>   |sqrt<11>       |  215.415|
operand_a<9>   |sqrt<12>       |  215.635|
operand_a<9>   |sqrt<13>       |  215.901|
operand_a<9>   |sqrt<14>       |  217.910|
operand_a<9>   |sqrt<15>       |  216.950|
operand_a<9>   |sqrt<16>       |  218.344|
operand_a<9>   |sqrt<17>       |  218.694|
operand_a<9>   |sqrt<18>       |  218.918|
operand_a<9>   |sqrt<19>       |  220.912|
operand_a<9>   |sqrt<20>       |  219.220|
operand_a<9>   |sqrt<21>       |  220.314|
operand_a<9>   |sqrt<22>       |  220.801|
operand_a<9>   |sqrt<23>       |  220.919|
operand_a<9>   |sqrt<24>       |  220.661|
operand_a<9>   |sqrt<25>       |  221.042|
operand_a<9>   |sqrt<26>       |  221.454|
operand_a<9>   |sqrt<27>       |  221.463|
operand_a<9>   |sqrt<28>       |  222.263|
operand_a<9>   |sqrt<29>       |  221.892|
operand_a<9>   |sqrt<30>       |  223.186|
operand_a<9>   |sqrt<31>       |  222.288|
operand_a<10>  |sqrt<0>        |  195.443|
operand_a<10>  |sqrt<1>        |  208.601|
operand_a<10>  |sqrt<2>        |  210.441|
operand_a<10>  |sqrt<3>        |  211.041|
operand_a<10>  |sqrt<4>        |  211.954|
operand_a<10>  |sqrt<5>        |  211.586|
operand_a<10>  |sqrt<6>        |  212.364|
operand_a<10>  |sqrt<7>        |  212.537|
operand_a<10>  |sqrt<8>        |  214.419|
operand_a<10>  |sqrt<9>        |  213.261|
operand_a<10>  |sqrt<10>       |  215.110|
operand_a<10>  |sqrt<11>       |  215.085|
operand_a<10>  |sqrt<12>       |  215.305|
operand_a<10>  |sqrt<13>       |  215.571|
operand_a<10>  |sqrt<14>       |  217.580|
operand_a<10>  |sqrt<15>       |  216.620|
operand_a<10>  |sqrt<16>       |  218.014|
operand_a<10>  |sqrt<17>       |  218.364|
operand_a<10>  |sqrt<18>       |  218.588|
operand_a<10>  |sqrt<19>       |  220.582|
operand_a<10>  |sqrt<20>       |  218.890|
operand_a<10>  |sqrt<21>       |  219.984|
operand_a<10>  |sqrt<22>       |  220.471|
operand_a<10>  |sqrt<23>       |  220.589|
operand_a<10>  |sqrt<24>       |  220.331|
operand_a<10>  |sqrt<25>       |  220.712|
operand_a<10>  |sqrt<26>       |  221.124|
operand_a<10>  |sqrt<27>       |  221.133|
operand_a<10>  |sqrt<28>       |  221.933|
operand_a<10>  |sqrt<29>       |  221.562|
operand_a<10>  |sqrt<30>       |  222.856|
operand_a<10>  |sqrt<31>       |  221.958|
operand_a<11>  |sqrt<0>        |  195.558|
operand_a<11>  |sqrt<1>        |  208.716|
operand_a<11>  |sqrt<2>        |  210.556|
operand_a<11>  |sqrt<3>        |  211.156|
operand_a<11>  |sqrt<4>        |  212.069|
operand_a<11>  |sqrt<5>        |  211.701|
operand_a<11>  |sqrt<6>        |  212.479|
operand_a<11>  |sqrt<7>        |  212.652|
operand_a<11>  |sqrt<8>        |  214.534|
operand_a<11>  |sqrt<9>        |  213.376|
operand_a<11>  |sqrt<10>       |  215.225|
operand_a<11>  |sqrt<11>       |  215.200|
operand_a<11>  |sqrt<12>       |  215.420|
operand_a<11>  |sqrt<13>       |  215.686|
operand_a<11>  |sqrt<14>       |  217.695|
operand_a<11>  |sqrt<15>       |  216.735|
operand_a<11>  |sqrt<16>       |  218.129|
operand_a<11>  |sqrt<17>       |  218.479|
operand_a<11>  |sqrt<18>       |  218.703|
operand_a<11>  |sqrt<19>       |  220.697|
operand_a<11>  |sqrt<20>       |  219.005|
operand_a<11>  |sqrt<21>       |  220.099|
operand_a<11>  |sqrt<22>       |  220.586|
operand_a<11>  |sqrt<23>       |  220.704|
operand_a<11>  |sqrt<24>       |  220.446|
operand_a<11>  |sqrt<25>       |  220.827|
operand_a<11>  |sqrt<26>       |  221.239|
operand_a<11>  |sqrt<27>       |  221.248|
operand_a<11>  |sqrt<28>       |  222.048|
operand_a<11>  |sqrt<29>       |  221.677|
operand_a<11>  |sqrt<30>       |  222.971|
operand_a<11>  |sqrt<31>       |  222.073|
operand_a<12>  |sqrt<0>        |  195.298|
operand_a<12>  |sqrt<1>        |  208.456|
operand_a<12>  |sqrt<2>        |  210.296|
operand_a<12>  |sqrt<3>        |  210.896|
operand_a<12>  |sqrt<4>        |  211.809|
operand_a<12>  |sqrt<5>        |  211.441|
operand_a<12>  |sqrt<6>        |  212.219|
operand_a<12>  |sqrt<7>        |  212.392|
operand_a<12>  |sqrt<8>        |  214.274|
operand_a<12>  |sqrt<9>        |  213.116|
operand_a<12>  |sqrt<10>       |  214.965|
operand_a<12>  |sqrt<11>       |  214.940|
operand_a<12>  |sqrt<12>       |  215.160|
operand_a<12>  |sqrt<13>       |  215.426|
operand_a<12>  |sqrt<14>       |  217.435|
operand_a<12>  |sqrt<15>       |  216.475|
operand_a<12>  |sqrt<16>       |  217.869|
operand_a<12>  |sqrt<17>       |  218.219|
operand_a<12>  |sqrt<18>       |  218.443|
operand_a<12>  |sqrt<19>       |  220.437|
operand_a<12>  |sqrt<20>       |  218.745|
operand_a<12>  |sqrt<21>       |  219.839|
operand_a<12>  |sqrt<22>       |  220.326|
operand_a<12>  |sqrt<23>       |  220.444|
operand_a<12>  |sqrt<24>       |  220.186|
operand_a<12>  |sqrt<25>       |  220.567|
operand_a<12>  |sqrt<26>       |  220.979|
operand_a<12>  |sqrt<27>       |  220.988|
operand_a<12>  |sqrt<28>       |  221.788|
operand_a<12>  |sqrt<29>       |  221.417|
operand_a<12>  |sqrt<30>       |  222.711|
operand_a<12>  |sqrt<31>       |  221.813|
operand_a<13>  |sqrt<0>        |  194.670|
operand_a<13>  |sqrt<1>        |  207.828|
operand_a<13>  |sqrt<2>        |  209.668|
operand_a<13>  |sqrt<3>        |  210.268|
operand_a<13>  |sqrt<4>        |  211.181|
operand_a<13>  |sqrt<5>        |  210.813|
operand_a<13>  |sqrt<6>        |  211.591|
operand_a<13>  |sqrt<7>        |  211.764|
operand_a<13>  |sqrt<8>        |  213.646|
operand_a<13>  |sqrt<9>        |  212.488|
operand_a<13>  |sqrt<10>       |  214.337|
operand_a<13>  |sqrt<11>       |  214.312|
operand_a<13>  |sqrt<12>       |  214.532|
operand_a<13>  |sqrt<13>       |  214.798|
operand_a<13>  |sqrt<14>       |  216.807|
operand_a<13>  |sqrt<15>       |  215.847|
operand_a<13>  |sqrt<16>       |  217.241|
operand_a<13>  |sqrt<17>       |  217.591|
operand_a<13>  |sqrt<18>       |  217.815|
operand_a<13>  |sqrt<19>       |  219.809|
operand_a<13>  |sqrt<20>       |  218.117|
operand_a<13>  |sqrt<21>       |  219.211|
operand_a<13>  |sqrt<22>       |  219.698|
operand_a<13>  |sqrt<23>       |  219.816|
operand_a<13>  |sqrt<24>       |  219.558|
operand_a<13>  |sqrt<25>       |  219.939|
operand_a<13>  |sqrt<26>       |  220.351|
operand_a<13>  |sqrt<27>       |  220.360|
operand_a<13>  |sqrt<28>       |  221.160|
operand_a<13>  |sqrt<29>       |  220.789|
operand_a<13>  |sqrt<30>       |  222.083|
operand_a<13>  |sqrt<31>       |  221.185|
operand_a<14>  |sqrt<0>        |  194.829|
operand_a<14>  |sqrt<1>        |  207.987|
operand_a<14>  |sqrt<2>        |  209.827|
operand_a<14>  |sqrt<3>        |  210.427|
operand_a<14>  |sqrt<4>        |  211.340|
operand_a<14>  |sqrt<5>        |  210.972|
operand_a<14>  |sqrt<6>        |  211.750|
operand_a<14>  |sqrt<7>        |  211.923|
operand_a<14>  |sqrt<8>        |  213.805|
operand_a<14>  |sqrt<9>        |  212.647|
operand_a<14>  |sqrt<10>       |  214.496|
operand_a<14>  |sqrt<11>       |  214.471|
operand_a<14>  |sqrt<12>       |  214.691|
operand_a<14>  |sqrt<13>       |  214.957|
operand_a<14>  |sqrt<14>       |  216.966|
operand_a<14>  |sqrt<15>       |  216.006|
operand_a<14>  |sqrt<16>       |  217.400|
operand_a<14>  |sqrt<17>       |  217.750|
operand_a<14>  |sqrt<18>       |  217.974|
operand_a<14>  |sqrt<19>       |  219.968|
operand_a<14>  |sqrt<20>       |  218.276|
operand_a<14>  |sqrt<21>       |  219.370|
operand_a<14>  |sqrt<22>       |  219.857|
operand_a<14>  |sqrt<23>       |  219.975|
operand_a<14>  |sqrt<24>       |  219.717|
operand_a<14>  |sqrt<25>       |  220.098|
operand_a<14>  |sqrt<26>       |  220.510|
operand_a<14>  |sqrt<27>       |  220.519|
operand_a<14>  |sqrt<28>       |  221.319|
operand_a<14>  |sqrt<29>       |  220.948|
operand_a<14>  |sqrt<30>       |  222.242|
operand_a<14>  |sqrt<31>       |  221.344|
operand_a<15>  |sqrt<0>        |  195.035|
operand_a<15>  |sqrt<1>        |  208.193|
operand_a<15>  |sqrt<2>        |  210.033|
operand_a<15>  |sqrt<3>        |  210.633|
operand_a<15>  |sqrt<4>        |  211.546|
operand_a<15>  |sqrt<5>        |  211.178|
operand_a<15>  |sqrt<6>        |  211.956|
operand_a<15>  |sqrt<7>        |  212.129|
operand_a<15>  |sqrt<8>        |  214.011|
operand_a<15>  |sqrt<9>        |  212.853|
operand_a<15>  |sqrt<10>       |  214.702|
operand_a<15>  |sqrt<11>       |  214.677|
operand_a<15>  |sqrt<12>       |  214.897|
operand_a<15>  |sqrt<13>       |  215.163|
operand_a<15>  |sqrt<14>       |  217.172|
operand_a<15>  |sqrt<15>       |  216.212|
operand_a<15>  |sqrt<16>       |  217.606|
operand_a<15>  |sqrt<17>       |  217.956|
operand_a<15>  |sqrt<18>       |  218.180|
operand_a<15>  |sqrt<19>       |  220.174|
operand_a<15>  |sqrt<20>       |  218.482|
operand_a<15>  |sqrt<21>       |  219.576|
operand_a<15>  |sqrt<22>       |  220.063|
operand_a<15>  |sqrt<23>       |  220.181|
operand_a<15>  |sqrt<24>       |  219.923|
operand_a<15>  |sqrt<25>       |  220.304|
operand_a<15>  |sqrt<26>       |  220.716|
operand_a<15>  |sqrt<27>       |  220.725|
operand_a<15>  |sqrt<28>       |  221.525|
operand_a<15>  |sqrt<29>       |  221.154|
operand_a<15>  |sqrt<30>       |  222.448|
operand_a<15>  |sqrt<31>       |  221.550|
operand_a<16>  |sqrt<0>        |  193.628|
operand_a<16>  |sqrt<1>        |  206.786|
operand_a<16>  |sqrt<2>        |  208.626|
operand_a<16>  |sqrt<3>        |  209.226|
operand_a<16>  |sqrt<4>        |  210.139|
operand_a<16>  |sqrt<5>        |  209.771|
operand_a<16>  |sqrt<6>        |  210.549|
operand_a<16>  |sqrt<7>        |  210.722|
operand_a<16>  |sqrt<8>        |  212.604|
operand_a<16>  |sqrt<9>        |  211.446|
operand_a<16>  |sqrt<10>       |  213.295|
operand_a<16>  |sqrt<11>       |  213.270|
operand_a<16>  |sqrt<12>       |  213.490|
operand_a<16>  |sqrt<13>       |  213.756|
operand_a<16>  |sqrt<14>       |  215.765|
operand_a<16>  |sqrt<15>       |  214.805|
operand_a<16>  |sqrt<16>       |  216.199|
operand_a<16>  |sqrt<17>       |  216.549|
operand_a<16>  |sqrt<18>       |  216.773|
operand_a<16>  |sqrt<19>       |  218.767|
operand_a<16>  |sqrt<20>       |  217.075|
operand_a<16>  |sqrt<21>       |  218.169|
operand_a<16>  |sqrt<22>       |  218.656|
operand_a<16>  |sqrt<23>       |  218.774|
operand_a<16>  |sqrt<24>       |  218.516|
operand_a<16>  |sqrt<25>       |  218.897|
operand_a<16>  |sqrt<26>       |  219.309|
operand_a<16>  |sqrt<27>       |  219.318|
operand_a<16>  |sqrt<28>       |  220.118|
operand_a<16>  |sqrt<29>       |  219.747|
operand_a<16>  |sqrt<30>       |  221.041|
operand_a<16>  |sqrt<31>       |  220.143|
operand_a<17>  |sqrt<0>        |  193.527|
operand_a<17>  |sqrt<1>        |  206.685|
operand_a<17>  |sqrt<2>        |  208.525|
operand_a<17>  |sqrt<3>        |  209.125|
operand_a<17>  |sqrt<4>        |  210.038|
operand_a<17>  |sqrt<5>        |  209.670|
operand_a<17>  |sqrt<6>        |  210.448|
operand_a<17>  |sqrt<7>        |  210.621|
operand_a<17>  |sqrt<8>        |  212.503|
operand_a<17>  |sqrt<9>        |  211.345|
operand_a<17>  |sqrt<10>       |  213.194|
operand_a<17>  |sqrt<11>       |  213.169|
operand_a<17>  |sqrt<12>       |  213.389|
operand_a<17>  |sqrt<13>       |  213.655|
operand_a<17>  |sqrt<14>       |  215.664|
operand_a<17>  |sqrt<15>       |  214.704|
operand_a<17>  |sqrt<16>       |  216.098|
operand_a<17>  |sqrt<17>       |  216.448|
operand_a<17>  |sqrt<18>       |  216.672|
operand_a<17>  |sqrt<19>       |  218.666|
operand_a<17>  |sqrt<20>       |  216.974|
operand_a<17>  |sqrt<21>       |  218.068|
operand_a<17>  |sqrt<22>       |  218.555|
operand_a<17>  |sqrt<23>       |  218.673|
operand_a<17>  |sqrt<24>       |  218.415|
operand_a<17>  |sqrt<25>       |  218.796|
operand_a<17>  |sqrt<26>       |  219.208|
operand_a<17>  |sqrt<27>       |  219.217|
operand_a<17>  |sqrt<28>       |  220.017|
operand_a<17>  |sqrt<29>       |  219.646|
operand_a<17>  |sqrt<30>       |  220.940|
operand_a<17>  |sqrt<31>       |  220.042|
operand_a<18>  |sqrt<0>        |  193.550|
operand_a<18>  |sqrt<1>        |  206.708|
operand_a<18>  |sqrt<2>        |  208.548|
operand_a<18>  |sqrt<3>        |  209.148|
operand_a<18>  |sqrt<4>        |  210.061|
operand_a<18>  |sqrt<5>        |  209.693|
operand_a<18>  |sqrt<6>        |  210.471|
operand_a<18>  |sqrt<7>        |  210.644|
operand_a<18>  |sqrt<8>        |  212.526|
operand_a<18>  |sqrt<9>        |  211.368|
operand_a<18>  |sqrt<10>       |  213.217|
operand_a<18>  |sqrt<11>       |  213.192|
operand_a<18>  |sqrt<12>       |  213.412|
operand_a<18>  |sqrt<13>       |  213.678|
operand_a<18>  |sqrt<14>       |  215.687|
operand_a<18>  |sqrt<15>       |  214.727|
operand_a<18>  |sqrt<16>       |  216.121|
operand_a<18>  |sqrt<17>       |  216.471|
operand_a<18>  |sqrt<18>       |  216.695|
operand_a<18>  |sqrt<19>       |  218.689|
operand_a<18>  |sqrt<20>       |  216.997|
operand_a<18>  |sqrt<21>       |  218.091|
operand_a<18>  |sqrt<22>       |  218.578|
operand_a<18>  |sqrt<23>       |  218.696|
operand_a<18>  |sqrt<24>       |  218.438|
operand_a<18>  |sqrt<25>       |  218.819|
operand_a<18>  |sqrt<26>       |  219.231|
operand_a<18>  |sqrt<27>       |  219.240|
operand_a<18>  |sqrt<28>       |  220.040|
operand_a<18>  |sqrt<29>       |  219.669|
operand_a<18>  |sqrt<30>       |  220.963|
operand_a<18>  |sqrt<31>       |  220.065|
operand_a<19>  |sqrt<0>        |  193.399|
operand_a<19>  |sqrt<1>        |  206.557|
operand_a<19>  |sqrt<2>        |  208.397|
operand_a<19>  |sqrt<3>        |  208.997|
operand_a<19>  |sqrt<4>        |  209.910|
operand_a<19>  |sqrt<5>        |  209.542|
operand_a<19>  |sqrt<6>        |  210.320|
operand_a<19>  |sqrt<7>        |  210.493|
operand_a<19>  |sqrt<8>        |  212.375|
operand_a<19>  |sqrt<9>        |  211.217|
operand_a<19>  |sqrt<10>       |  213.066|
operand_a<19>  |sqrt<11>       |  213.041|
operand_a<19>  |sqrt<12>       |  213.261|
operand_a<19>  |sqrt<13>       |  213.527|
operand_a<19>  |sqrt<14>       |  215.536|
operand_a<19>  |sqrt<15>       |  214.576|
operand_a<19>  |sqrt<16>       |  215.970|
operand_a<19>  |sqrt<17>       |  216.320|
operand_a<19>  |sqrt<18>       |  216.544|
operand_a<19>  |sqrt<19>       |  218.538|
operand_a<19>  |sqrt<20>       |  216.846|
operand_a<19>  |sqrt<21>       |  217.940|
operand_a<19>  |sqrt<22>       |  218.427|
operand_a<19>  |sqrt<23>       |  218.545|
operand_a<19>  |sqrt<24>       |  218.287|
operand_a<19>  |sqrt<25>       |  218.668|
operand_a<19>  |sqrt<26>       |  219.080|
operand_a<19>  |sqrt<27>       |  219.089|
operand_a<19>  |sqrt<28>       |  219.889|
operand_a<19>  |sqrt<29>       |  219.518|
operand_a<19>  |sqrt<30>       |  220.812|
operand_a<19>  |sqrt<31>       |  219.914|
operand_a<20>  |sqrt<0>        |  192.928|
operand_a<20>  |sqrt<1>        |  206.086|
operand_a<20>  |sqrt<2>        |  207.926|
operand_a<20>  |sqrt<3>        |  208.526|
operand_a<20>  |sqrt<4>        |  209.439|
operand_a<20>  |sqrt<5>        |  209.071|
operand_a<20>  |sqrt<6>        |  209.849|
operand_a<20>  |sqrt<7>        |  210.022|
operand_a<20>  |sqrt<8>        |  211.904|
operand_a<20>  |sqrt<9>        |  210.746|
operand_a<20>  |sqrt<10>       |  212.595|
operand_a<20>  |sqrt<11>       |  212.570|
operand_a<20>  |sqrt<12>       |  212.790|
operand_a<20>  |sqrt<13>       |  213.056|
operand_a<20>  |sqrt<14>       |  215.065|
operand_a<20>  |sqrt<15>       |  214.105|
operand_a<20>  |sqrt<16>       |  215.499|
operand_a<20>  |sqrt<17>       |  215.849|
operand_a<20>  |sqrt<18>       |  216.073|
operand_a<20>  |sqrt<19>       |  218.067|
operand_a<20>  |sqrt<20>       |  216.375|
operand_a<20>  |sqrt<21>       |  217.469|
operand_a<20>  |sqrt<22>       |  217.956|
operand_a<20>  |sqrt<23>       |  218.074|
operand_a<20>  |sqrt<24>       |  217.816|
operand_a<20>  |sqrt<25>       |  218.197|
operand_a<20>  |sqrt<26>       |  218.609|
operand_a<20>  |sqrt<27>       |  218.618|
operand_a<20>  |sqrt<28>       |  219.418|
operand_a<20>  |sqrt<29>       |  219.047|
operand_a<20>  |sqrt<30>       |  220.341|
operand_a<20>  |sqrt<31>       |  219.443|
operand_a<21>  |sqrt<0>        |  192.820|
operand_a<21>  |sqrt<1>        |  205.978|
operand_a<21>  |sqrt<2>        |  207.818|
operand_a<21>  |sqrt<3>        |  208.418|
operand_a<21>  |sqrt<4>        |  209.331|
operand_a<21>  |sqrt<5>        |  208.963|
operand_a<21>  |sqrt<6>        |  209.741|
operand_a<21>  |sqrt<7>        |  209.914|
operand_a<21>  |sqrt<8>        |  211.796|
operand_a<21>  |sqrt<9>        |  210.638|
operand_a<21>  |sqrt<10>       |  212.487|
operand_a<21>  |sqrt<11>       |  212.462|
operand_a<21>  |sqrt<12>       |  212.682|
operand_a<21>  |sqrt<13>       |  212.948|
operand_a<21>  |sqrt<14>       |  214.957|
operand_a<21>  |sqrt<15>       |  213.997|
operand_a<21>  |sqrt<16>       |  215.391|
operand_a<21>  |sqrt<17>       |  215.741|
operand_a<21>  |sqrt<18>       |  215.965|
operand_a<21>  |sqrt<19>       |  217.959|
operand_a<21>  |sqrt<20>       |  216.267|
operand_a<21>  |sqrt<21>       |  217.361|
operand_a<21>  |sqrt<22>       |  217.848|
operand_a<21>  |sqrt<23>       |  217.966|
operand_a<21>  |sqrt<24>       |  217.708|
operand_a<21>  |sqrt<25>       |  218.089|
operand_a<21>  |sqrt<26>       |  218.501|
operand_a<21>  |sqrt<27>       |  218.510|
operand_a<21>  |sqrt<28>       |  219.310|
operand_a<21>  |sqrt<29>       |  218.939|
operand_a<21>  |sqrt<30>       |  220.233|
operand_a<21>  |sqrt<31>       |  219.335|
operand_a<22>  |sqrt<0>        |  192.839|
operand_a<22>  |sqrt<1>        |  205.997|
operand_a<22>  |sqrt<2>        |  207.837|
operand_a<22>  |sqrt<3>        |  208.437|
operand_a<22>  |sqrt<4>        |  209.350|
operand_a<22>  |sqrt<5>        |  208.982|
operand_a<22>  |sqrt<6>        |  209.760|
operand_a<22>  |sqrt<7>        |  209.933|
operand_a<22>  |sqrt<8>        |  211.815|
operand_a<22>  |sqrt<9>        |  210.657|
operand_a<22>  |sqrt<10>       |  212.506|
operand_a<22>  |sqrt<11>       |  212.481|
operand_a<22>  |sqrt<12>       |  212.701|
operand_a<22>  |sqrt<13>       |  212.967|
operand_a<22>  |sqrt<14>       |  214.976|
operand_a<22>  |sqrt<15>       |  214.016|
operand_a<22>  |sqrt<16>       |  215.410|
operand_a<22>  |sqrt<17>       |  215.760|
operand_a<22>  |sqrt<18>       |  215.984|
operand_a<22>  |sqrt<19>       |  217.978|
operand_a<22>  |sqrt<20>       |  216.286|
operand_a<22>  |sqrt<21>       |  217.380|
operand_a<22>  |sqrt<22>       |  217.867|
operand_a<22>  |sqrt<23>       |  217.985|
operand_a<22>  |sqrt<24>       |  217.727|
operand_a<22>  |sqrt<25>       |  218.108|
operand_a<22>  |sqrt<26>       |  218.520|
operand_a<22>  |sqrt<27>       |  218.529|
operand_a<22>  |sqrt<28>       |  219.329|
operand_a<22>  |sqrt<29>       |  218.958|
operand_a<22>  |sqrt<30>       |  220.252|
operand_a<22>  |sqrt<31>       |  219.354|
operand_a<23>  |sqrt<0>        |  192.696|
operand_a<23>  |sqrt<1>        |  205.854|
operand_a<23>  |sqrt<2>        |  207.694|
operand_a<23>  |sqrt<3>        |  208.294|
operand_a<23>  |sqrt<4>        |  209.207|
operand_a<23>  |sqrt<5>        |  208.839|
operand_a<23>  |sqrt<6>        |  209.617|
operand_a<23>  |sqrt<7>        |  209.790|
operand_a<23>  |sqrt<8>        |  211.672|
operand_a<23>  |sqrt<9>        |  210.514|
operand_a<23>  |sqrt<10>       |  212.363|
operand_a<23>  |sqrt<11>       |  212.338|
operand_a<23>  |sqrt<12>       |  212.558|
operand_a<23>  |sqrt<13>       |  212.824|
operand_a<23>  |sqrt<14>       |  214.833|
operand_a<23>  |sqrt<15>       |  213.873|
operand_a<23>  |sqrt<16>       |  215.267|
operand_a<23>  |sqrt<17>       |  215.617|
operand_a<23>  |sqrt<18>       |  215.841|
operand_a<23>  |sqrt<19>       |  217.835|
operand_a<23>  |sqrt<20>       |  216.143|
operand_a<23>  |sqrt<21>       |  217.237|
operand_a<23>  |sqrt<22>       |  217.724|
operand_a<23>  |sqrt<23>       |  217.842|
operand_a<23>  |sqrt<24>       |  217.584|
operand_a<23>  |sqrt<25>       |  217.965|
operand_a<23>  |sqrt<26>       |  218.377|
operand_a<23>  |sqrt<27>       |  218.386|
operand_a<23>  |sqrt<28>       |  219.186|
operand_a<23>  |sqrt<29>       |  218.815|
operand_a<23>  |sqrt<30>       |  220.109|
operand_a<23>  |sqrt<31>       |  219.211|
operand_a<24>  |sqrt<0>        |  191.350|
operand_a<24>  |sqrt<1>        |  204.508|
operand_a<24>  |sqrt<2>        |  206.348|
operand_a<24>  |sqrt<3>        |  206.948|
operand_a<24>  |sqrt<4>        |  207.861|
operand_a<24>  |sqrt<5>        |  207.493|
operand_a<24>  |sqrt<6>        |  208.271|
operand_a<24>  |sqrt<7>        |  208.444|
operand_a<24>  |sqrt<8>        |  210.326|
operand_a<24>  |sqrt<9>        |  209.168|
operand_a<24>  |sqrt<10>       |  211.017|
operand_a<24>  |sqrt<11>       |  210.992|
operand_a<24>  |sqrt<12>       |  211.212|
operand_a<24>  |sqrt<13>       |  211.478|
operand_a<24>  |sqrt<14>       |  213.487|
operand_a<24>  |sqrt<15>       |  212.527|
operand_a<24>  |sqrt<16>       |  213.921|
operand_a<24>  |sqrt<17>       |  214.271|
operand_a<24>  |sqrt<18>       |  214.495|
operand_a<24>  |sqrt<19>       |  216.489|
operand_a<24>  |sqrt<20>       |  214.797|
operand_a<24>  |sqrt<21>       |  215.891|
operand_a<24>  |sqrt<22>       |  216.378|
operand_a<24>  |sqrt<23>       |  216.496|
operand_a<24>  |sqrt<24>       |  216.238|
operand_a<24>  |sqrt<25>       |  216.619|
operand_a<24>  |sqrt<26>       |  217.031|
operand_a<24>  |sqrt<27>       |  217.040|
operand_a<24>  |sqrt<28>       |  217.840|
operand_a<24>  |sqrt<29>       |  217.469|
operand_a<24>  |sqrt<30>       |  218.763|
operand_a<24>  |sqrt<31>       |  217.865|
operand_a<25>  |sqrt<0>        |  191.953|
operand_a<25>  |sqrt<1>        |  205.111|
operand_a<25>  |sqrt<2>        |  206.951|
operand_a<25>  |sqrt<3>        |  207.551|
operand_a<25>  |sqrt<4>        |  208.464|
operand_a<25>  |sqrt<5>        |  208.096|
operand_a<25>  |sqrt<6>        |  208.874|
operand_a<25>  |sqrt<7>        |  209.047|
operand_a<25>  |sqrt<8>        |  210.929|
operand_a<25>  |sqrt<9>        |  209.771|
operand_a<25>  |sqrt<10>       |  211.620|
operand_a<25>  |sqrt<11>       |  211.595|
operand_a<25>  |sqrt<12>       |  211.815|
operand_a<25>  |sqrt<13>       |  212.081|
operand_a<25>  |sqrt<14>       |  214.090|
operand_a<25>  |sqrt<15>       |  213.130|
operand_a<25>  |sqrt<16>       |  214.524|
operand_a<25>  |sqrt<17>       |  214.874|
operand_a<25>  |sqrt<18>       |  215.098|
operand_a<25>  |sqrt<19>       |  217.092|
operand_a<25>  |sqrt<20>       |  215.400|
operand_a<25>  |sqrt<21>       |  216.494|
operand_a<25>  |sqrt<22>       |  216.981|
operand_a<25>  |sqrt<23>       |  217.099|
operand_a<25>  |sqrt<24>       |  216.841|
operand_a<25>  |sqrt<25>       |  217.222|
operand_a<25>  |sqrt<26>       |  217.634|
operand_a<25>  |sqrt<27>       |  217.643|
operand_a<25>  |sqrt<28>       |  218.443|
operand_a<25>  |sqrt<29>       |  218.072|
operand_a<25>  |sqrt<30>       |  219.366|
operand_a<25>  |sqrt<31>       |  218.468|
operand_a<26>  |sqrt<0>        |  191.504|
operand_a<26>  |sqrt<1>        |  204.662|
operand_a<26>  |sqrt<2>        |  206.502|
operand_a<26>  |sqrt<3>        |  207.102|
operand_a<26>  |sqrt<4>        |  208.015|
operand_a<26>  |sqrt<5>        |  207.647|
operand_a<26>  |sqrt<6>        |  208.425|
operand_a<26>  |sqrt<7>        |  208.598|
operand_a<26>  |sqrt<8>        |  210.480|
operand_a<26>  |sqrt<9>        |  209.322|
operand_a<26>  |sqrt<10>       |  211.171|
operand_a<26>  |sqrt<11>       |  211.146|
operand_a<26>  |sqrt<12>       |  211.366|
operand_a<26>  |sqrt<13>       |  211.632|
operand_a<26>  |sqrt<14>       |  213.641|
operand_a<26>  |sqrt<15>       |  212.681|
operand_a<26>  |sqrt<16>       |  214.075|
operand_a<26>  |sqrt<17>       |  214.425|
operand_a<26>  |sqrt<18>       |  214.649|
operand_a<26>  |sqrt<19>       |  216.643|
operand_a<26>  |sqrt<20>       |  214.951|
operand_a<26>  |sqrt<21>       |  216.045|
operand_a<26>  |sqrt<22>       |  216.532|
operand_a<26>  |sqrt<23>       |  216.650|
operand_a<26>  |sqrt<24>       |  216.392|
operand_a<26>  |sqrt<25>       |  216.773|
operand_a<26>  |sqrt<26>       |  217.185|
operand_a<26>  |sqrt<27>       |  217.194|
operand_a<26>  |sqrt<28>       |  217.994|
operand_a<26>  |sqrt<29>       |  217.623|
operand_a<26>  |sqrt<30>       |  218.917|
operand_a<26>  |sqrt<31>       |  218.019|
operand_a<27>  |sqrt<0>        |  192.127|
operand_a<27>  |sqrt<1>        |  205.285|
operand_a<27>  |sqrt<2>        |  207.125|
operand_a<27>  |sqrt<3>        |  207.725|
operand_a<27>  |sqrt<4>        |  208.638|
operand_a<27>  |sqrt<5>        |  208.270|
operand_a<27>  |sqrt<6>        |  209.048|
operand_a<27>  |sqrt<7>        |  209.221|
operand_a<27>  |sqrt<8>        |  211.103|
operand_a<27>  |sqrt<9>        |  209.945|
operand_a<27>  |sqrt<10>       |  211.794|
operand_a<27>  |sqrt<11>       |  211.769|
operand_a<27>  |sqrt<12>       |  211.989|
operand_a<27>  |sqrt<13>       |  212.255|
operand_a<27>  |sqrt<14>       |  214.264|
operand_a<27>  |sqrt<15>       |  213.304|
operand_a<27>  |sqrt<16>       |  214.698|
operand_a<27>  |sqrt<17>       |  215.048|
operand_a<27>  |sqrt<18>       |  215.272|
operand_a<27>  |sqrt<19>       |  217.266|
operand_a<27>  |sqrt<20>       |  215.574|
operand_a<27>  |sqrt<21>       |  216.668|
operand_a<27>  |sqrt<22>       |  217.155|
operand_a<27>  |sqrt<23>       |  217.273|
operand_a<27>  |sqrt<24>       |  217.015|
operand_a<27>  |sqrt<25>       |  217.396|
operand_a<27>  |sqrt<26>       |  217.808|
operand_a<27>  |sqrt<27>       |  217.817|
operand_a<27>  |sqrt<28>       |  218.617|
operand_a<27>  |sqrt<29>       |  218.246|
operand_a<27>  |sqrt<30>       |  219.540|
operand_a<27>  |sqrt<31>       |  218.642|
operand_a<28>  |sqrt<0>        |  191.393|
operand_a<28>  |sqrt<1>        |  204.551|
operand_a<28>  |sqrt<2>        |  206.391|
operand_a<28>  |sqrt<3>        |  206.991|
operand_a<28>  |sqrt<4>        |  207.904|
operand_a<28>  |sqrt<5>        |  207.536|
operand_a<28>  |sqrt<6>        |  208.314|
operand_a<28>  |sqrt<7>        |  208.487|
operand_a<28>  |sqrt<8>        |  210.369|
operand_a<28>  |sqrt<9>        |  209.211|
operand_a<28>  |sqrt<10>       |  211.060|
operand_a<28>  |sqrt<11>       |  211.035|
operand_a<28>  |sqrt<12>       |  211.255|
operand_a<28>  |sqrt<13>       |  211.521|
operand_a<28>  |sqrt<14>       |  213.530|
operand_a<28>  |sqrt<15>       |  212.570|
operand_a<28>  |sqrt<16>       |  213.964|
operand_a<28>  |sqrt<17>       |  214.314|
operand_a<28>  |sqrt<18>       |  214.538|
operand_a<28>  |sqrt<19>       |  216.532|
operand_a<28>  |sqrt<20>       |  214.840|
operand_a<28>  |sqrt<21>       |  215.934|
operand_a<28>  |sqrt<22>       |  216.421|
operand_a<28>  |sqrt<23>       |  216.539|
operand_a<28>  |sqrt<24>       |  216.281|
operand_a<28>  |sqrt<25>       |  216.662|
operand_a<28>  |sqrt<26>       |  217.074|
operand_a<28>  |sqrt<27>       |  217.083|
operand_a<28>  |sqrt<28>       |  217.883|
operand_a<28>  |sqrt<29>       |  217.512|
operand_a<28>  |sqrt<30>       |  218.806|
operand_a<28>  |sqrt<31>       |  217.908|
operand_a<29>  |sqrt<0>        |  190.798|
operand_a<29>  |sqrt<1>        |  203.956|
operand_a<29>  |sqrt<2>        |  205.796|
operand_a<29>  |sqrt<3>        |  206.396|
operand_a<29>  |sqrt<4>        |  207.309|
operand_a<29>  |sqrt<5>        |  206.941|
operand_a<29>  |sqrt<6>        |  207.719|
operand_a<29>  |sqrt<7>        |  207.892|
operand_a<29>  |sqrt<8>        |  209.774|
operand_a<29>  |sqrt<9>        |  208.616|
operand_a<29>  |sqrt<10>       |  210.465|
operand_a<29>  |sqrt<11>       |  210.440|
operand_a<29>  |sqrt<12>       |  210.660|
operand_a<29>  |sqrt<13>       |  210.926|
operand_a<29>  |sqrt<14>       |  212.935|
operand_a<29>  |sqrt<15>       |  211.975|
operand_a<29>  |sqrt<16>       |  213.369|
operand_a<29>  |sqrt<17>       |  213.719|
operand_a<29>  |sqrt<18>       |  213.943|
operand_a<29>  |sqrt<19>       |  215.937|
operand_a<29>  |sqrt<20>       |  214.245|
operand_a<29>  |sqrt<21>       |  215.339|
operand_a<29>  |sqrt<22>       |  215.826|
operand_a<29>  |sqrt<23>       |  215.944|
operand_a<29>  |sqrt<24>       |  215.686|
operand_a<29>  |sqrt<25>       |  216.067|
operand_a<29>  |sqrt<26>       |  216.479|
operand_a<29>  |sqrt<27>       |  216.488|
operand_a<29>  |sqrt<28>       |  217.288|
operand_a<29>  |sqrt<29>       |  216.917|
operand_a<29>  |sqrt<30>       |  218.211|
operand_a<29>  |sqrt<31>       |  217.313|
operand_a<30>  |sqrt<0>        |  190.552|
operand_a<30>  |sqrt<1>        |  203.710|
operand_a<30>  |sqrt<2>        |  205.550|
operand_a<30>  |sqrt<3>        |  206.150|
operand_a<30>  |sqrt<4>        |  207.063|
operand_a<30>  |sqrt<5>        |  206.695|
operand_a<30>  |sqrt<6>        |  207.473|
operand_a<30>  |sqrt<7>        |  207.646|
operand_a<30>  |sqrt<8>        |  209.528|
operand_a<30>  |sqrt<9>        |  208.370|
operand_a<30>  |sqrt<10>       |  210.219|
operand_a<30>  |sqrt<11>       |  210.194|
operand_a<30>  |sqrt<12>       |  210.414|
operand_a<30>  |sqrt<13>       |  210.680|
operand_a<30>  |sqrt<14>       |  212.689|
operand_a<30>  |sqrt<15>       |  211.729|
operand_a<30>  |sqrt<16>       |  213.123|
operand_a<30>  |sqrt<17>       |  213.473|
operand_a<30>  |sqrt<18>       |  213.697|
operand_a<30>  |sqrt<19>       |  215.691|
operand_a<30>  |sqrt<20>       |  213.999|
operand_a<30>  |sqrt<21>       |  215.093|
operand_a<30>  |sqrt<22>       |  215.580|
operand_a<30>  |sqrt<23>       |  215.698|
operand_a<30>  |sqrt<24>       |  215.440|
operand_a<30>  |sqrt<25>       |  215.821|
operand_a<30>  |sqrt<26>       |  216.233|
operand_a<30>  |sqrt<27>       |  216.242|
operand_a<30>  |sqrt<28>       |  217.042|
operand_a<30>  |sqrt<29>       |  216.671|
operand_a<30>  |sqrt<30>       |  217.965|
operand_a<30>  |sqrt<31>       |  217.067|
operand_a<31>  |sqrt<0>        |  194.566|
operand_a<31>  |sqrt<1>        |  207.724|
operand_a<31>  |sqrt<2>        |  209.564|
operand_a<31>  |sqrt<3>        |  210.164|
operand_a<31>  |sqrt<4>        |  211.077|
operand_a<31>  |sqrt<5>        |  210.709|
operand_a<31>  |sqrt<6>        |  211.487|
operand_a<31>  |sqrt<7>        |  211.660|
operand_a<31>  |sqrt<8>        |  213.542|
operand_a<31>  |sqrt<9>        |  212.384|
operand_a<31>  |sqrt<10>       |  214.233|
operand_a<31>  |sqrt<11>       |  214.208|
operand_a<31>  |sqrt<12>       |  214.428|
operand_a<31>  |sqrt<13>       |  214.694|
operand_a<31>  |sqrt<14>       |  216.703|
operand_a<31>  |sqrt<15>       |  215.743|
operand_a<31>  |sqrt<16>       |  217.137|
operand_a<31>  |sqrt<17>       |  217.487|
operand_a<31>  |sqrt<18>       |  217.711|
operand_a<31>  |sqrt<19>       |  219.705|
operand_a<31>  |sqrt<20>       |  218.013|
operand_a<31>  |sqrt<21>       |  219.107|
operand_a<31>  |sqrt<22>       |  219.594|
operand_a<31>  |sqrt<23>       |  219.712|
operand_a<31>  |sqrt<24>       |  219.454|
operand_a<31>  |sqrt<25>       |  219.835|
operand_a<31>  |sqrt<26>       |  220.247|
operand_a<31>  |sqrt<27>       |  220.256|
operand_a<31>  |sqrt<28>       |  221.056|
operand_a<31>  |sqrt<29>       |  220.685|
operand_a<31>  |sqrt<30>       |  221.979|
operand_a<31>  |sqrt<31>       |  221.081|
---------------+---------------+---------+


Analysis completed Mon Jun 20 15:02:51 2016 
--------------------------------------------------------------------------------

Trace Settings:
-------------------------
Trace Settings 

Peak Memory Usage: 406 MB



