Release 14.7 - xst P.20131013 (lin64)
Copyright (c) 1995-2013 Xilinx, Inc.  All rights reserved.
--> 
Parameter TMPDIR set to xst/projnav.tmp


Total REAL time to Xst completion: 0.00 secs
Total CPU time to Xst completion: 0.05 secs
 
--> 
Parameter xsthdpdir set to xst


Total REAL time to Xst completion: 0.00 secs
Total CPU time to Xst completion: 0.05 secs
 
--> 
Reading design: sin_cos_comb.prj

TABLE OF CONTENTS
  1) Synthesis Options Summary
  2) HDL Parsing
  3) HDL Elaboration
  4) HDL Synthesis
       4.1) HDL Synthesis Report
  5) Advanced HDL Synthesis
       5.1) Advanced HDL Synthesis Report
  6) Low Level Synthesis
  7) Partition Report
  8) Design Summary
       8.1) Primitive and Black Box Usage
       8.2) Device utilization summary
       8.3) Partition Resource Summary
       8.4) Timing Report
            8.4.1) Clock Information
            8.4.2) Asynchronous Control Signals Information
            8.4.3) Timing Summary
            8.4.4) Timing Details
            8.4.5) Cross Clock Domains Report


=========================================================================
*                      Synthesis Options Summary                        *
=========================================================================
---- Source Parameters
Input File Name                    : "sin_cos_comb.prj"
Ignore Synthesis Constraint File   : NO

---- Target Parameters
Output File Name                   : "sin_cos_comb"
Output Format                      : NGC
Target Device                      : xc7a100t-3-csg324

---- Source Options
Top Module Name                    : sin_cos_comb
Automatic FSM Extraction           : YES
FSM Encoding Algorithm             : Auto
Safe Implementation                : No
FSM Style                          : LUT
RAM Extraction                     : Yes
RAM Style                          : Auto
ROM Extraction                     : Yes
Shift Register Extraction          : YES
ROM Style                          : Auto
Resource Sharing                   : YES
Asynchronous To Synchronous        : NO
Shift Register Minimum Size        : 2
Use DSP Block                      : Auto
Automatic Register Balancing       : No

---- Target Options
LUT Combining                      : Auto
Reduce Control Sets                : Auto
Add IO Buffers                     : YES
Global Maximum Fanout              : 100000
Add Generic Clock Buffer(BUFG)     : 32
Register Duplication               : YES
Optimize Instantiated Primitives   : NO
Use Clock Enable                   : Auto
Use Synchronous Set                : Auto
Use Synchronous Reset              : Auto
Pack IO Registers into IOBs        : Auto
Equivalent register Removal        : YES

---- General Options
Optimization Goal                  : Speed
Optimization Effort                : 1
Power Reduction                    : NO
Keep Hierarchy                     : No
Netlist Hierarchy                  : As_Optimized
RTL Output                         : Yes
Global Optimization                : AllClockNets
Read Cores                         : YES
Write Timing Constraints           : NO
Cross Clock Analysis               : NO
Hierarchy Separator                : /
Bus Delimiter                      : <>
Case Specifier                     : Maintain
Slice Utilization Ratio            : 100
BRAM Utilization Ratio             : 100
DSP48 Utilization Ratio            : 100
Auto BRAM Packing                  : NO
Slice Utilization Ratio Delta      : 5

=========================================================================


=========================================================================
*                          HDL Parsing                                  *
=========================================================================
Parsing VHDL file "/home/waseemh/Xilinx_Proj/iA_cordic_6stage/four_bits_CLA_adder.vhd" into library work
Parsing entity <four_bits_CLA_adder>.
Parsing architecture <Behavioral> of entity <four_bits_cla_adder>.
Parsing VHDL file "/home/waseemh/Xilinx_Proj/iA_cordic_6stage/carry_look_ahead_block_extended.vhd" into library work
Parsing entity <carry_look_ahead_block_extended>.
Parsing architecture <Behavioral> of entity <carry_look_ahead_block_extended>.
Parsing VHDL file "/home/waseemh/Xilinx_Proj/iA_cordic_6stage/forty_bit_adder.vhd" into library work
Parsing entity <forty_bit_adder>.
Parsing architecture <Behavioral> of entity <forty_bit_adder>.
Parsing VHDL file "/home/waseemh/Xilinx_Proj/iA_cordic_6stage/forty_bit_add_sub.vhd" into library work
Parsing entity <forty_bit_add_sub>.
Parsing architecture <Behavioral> of entity <forty_bit_add_sub>.
Parsing VHDL file "/home/waseemh/Xilinx_Proj/iA_cordic_6stage/norm_rotation_mode.vhd" into library work
Parsing entity <norm_rotation_mode>.
Parsing architecture <Behavioral> of entity <norm_rotation_mode>.
WARNING:HDLCompiler:946 - "/home/waseemh/Xilinx_Proj/iA_cordic_6stage/norm_rotation_mode.vhd" Line 62: Actual for formal port operand_b is neither a static name nor a globally static expression
Parsing VHDL file "/home/waseemh/Xilinx_Proj/iA_cordic_6stage/sin_cos_comb.vhd" into library work
Parsing entity <sin_cos_comb>.
Parsing architecture <Behavioral> of entity <sin_cos_comb>.
WARNING:HDLCompiler:946 - "/home/waseemh/Xilinx_Proj/iA_cordic_6stage/sin_cos_comb.vhd" Line 134: Actual for formal port mode is neither a static name nor a globally static expression
WARNING:HDLCompiler:946 - "/home/waseemh/Xilinx_Proj/iA_cordic_6stage/sin_cos_comb.vhd" Line 159: Actual for formal port mode is neither a static name nor a globally static expression

=========================================================================
*                            HDL Elaboration                            *
=========================================================================

Elaborating entity <sin_cos_comb> (architecture <Behavioral>) from library <work>.

Elaborating entity <norm_rotation_mode> (architecture <Behavioral>) from library <work>.

Elaborating entity <forty_bit_add_sub> (architecture <Behavioral>) from library <work>.

Elaborating entity <forty_bit_adder> (architecture <Behavioral>) from library <work>.

Elaborating entity <four_bits_CLA_adder> (architecture <Behavioral>) from library <work>.

Elaborating entity <carry_look_ahead_block_extended> (architecture <Behavioral>) from library <work>.

=========================================================================
*                           HDL Synthesis                               *
=========================================================================

Synthesizing Unit <sin_cos_comb>.
    Related source file is "/home/waseemh/Xilinx_Proj/iA_cordic_6stage/sin_cos_comb.vhd".
INFO:Xst:3210 - "/home/waseemh/Xilinx_Proj/iA_cordic_6stage/sin_cos_comb.vhd" line 120: Output port <quad> of the instance <norm_1> is unconnected or connected to loadless signal.
INFO:Xst:3210 - "/home/waseemh/Xilinx_Proj/iA_cordic_6stage/sin_cos_comb.vhd" line 130: Output port <over_flow> of the instance <GEN_X_ADDERS[0].x_adder> is unconnected or connected to loadless signal.
INFO:Xst:3210 - "/home/waseemh/Xilinx_Proj/iA_cordic_6stage/sin_cos_comb.vhd" line 130: Output port <carry_out> of the instance <GEN_X_ADDERS[0].x_adder> is unconnected or connected to loadless signal.
INFO:Xst:3210 - "/home/waseemh/Xilinx_Proj/iA_cordic_6stage/sin_cos_comb.vhd" line 130: Output port <over_flow> of the instance <GEN_X_ADDERS[1].x_adder> is unconnected or connected to loadless signal.
INFO:Xst:3210 - "/home/waseemh/Xilinx_Proj/iA_cordic_6stage/sin_cos_comb.vhd" line 130: Output port <carry_out> of the instance <GEN_X_ADDERS[1].x_adder> is unconnected or connected to loadless signal.
INFO:Xst:3210 - "/home/waseemh/Xilinx_Proj/iA_cordic_6stage/sin_cos_comb.vhd" line 130: Output port <over_flow> of the instance <GEN_X_ADDERS[2].x_adder> is unconnected or connected to loadless signal.
INFO:Xst:3210 - "/home/waseemh/Xilinx_Proj/iA_cordic_6stage/sin_cos_comb.vhd" line 130: Output port <carry_out> of the instance <GEN_X_ADDERS[2].x_adder> is unconnected or connected to loadless signal.
INFO:Xst:3210 - "/home/waseemh/Xilinx_Proj/iA_cordic_6stage/sin_cos_comb.vhd" line 130: Output port <over_flow> of the instance <GEN_X_ADDERS[3].x_adder> is unconnected or connected to loadless signal.
INFO:Xst:3210 - "/home/waseemh/Xilinx_Proj/iA_cordic_6stage/sin_cos_comb.vhd" line 130: Output port <carry_out> of the instance <GEN_X_ADDERS[3].x_adder> is unconnected or connected to loadless signal.
INFO:Xst:3210 - "/home/waseemh/Xilinx_Proj/iA_cordic_6stage/sin_cos_comb.vhd" line 130: Output port <over_flow> of the instance <GEN_X_ADDERS[4].x_adder> is unconnected or connected to loadless signal.
INFO:Xst:3210 - "/home/waseemh/Xilinx_Proj/iA_cordic_6stage/sin_cos_comb.vhd" line 130: Output port <carry_out> of the instance <GEN_X_ADDERS[4].x_adder> is unconnected or connected to loadless signal.
INFO:Xst:3210 - "/home/waseemh/Xilinx_Proj/iA_cordic_6stage/sin_cos_comb.vhd" line 130: Output port <over_flow> of the instance <GEN_X_ADDERS[5].x_adder> is unconnected or connected to loadless signal.
INFO:Xst:3210 - "/home/waseemh/Xilinx_Proj/iA_cordic_6stage/sin_cos_comb.vhd" line 130: Output port <carry_out> of the instance <GEN_X_ADDERS[5].x_adder> is unconnected or connected to loadless signal.
INFO:Xst:3210 - "/home/waseemh/Xilinx_Proj/iA_cordic_6stage/sin_cos_comb.vhd" line 130: Output port <over_flow> of the instance <GEN_X_ADDERS[6].x_adder> is unconnected or connected to loadless signal.
INFO:Xst:3210 - "/home/waseemh/Xilinx_Proj/iA_cordic_6stage/sin_cos_comb.vhd" line 130: Output port <carry_out> of the instance <GEN_X_ADDERS[6].x_adder> is unconnected or connected to loadless signal.
INFO:Xst:3210 - "/home/waseemh/Xilinx_Proj/iA_cordic_6stage/sin_cos_comb.vhd" line 130: Output port <over_flow> of the instance <GEN_X_ADDERS[7].x_adder> is unconnected or connected to loadless signal.
INFO:Xst:3210 - "/home/waseemh/Xilinx_Proj/iA_cordic_6stage/sin_cos_comb.vhd" line 130: Output port <carry_out> of the instance <GEN_X_ADDERS[7].x_adder> is unconnected or connected to loadless signal.
INFO:Xst:3210 - "/home/waseemh/Xilinx_Proj/iA_cordic_6stage/sin_cos_comb.vhd" line 130: Output port <over_flow> of the instance <GEN_X_ADDERS[8].x_adder> is unconnected or connected to loadless signal.
INFO:Xst:3210 - "/home/waseemh/Xilinx_Proj/iA_cordic_6stage/sin_cos_comb.vhd" line 130: Output port <carry_out> of the instance <GEN_X_ADDERS[8].x_adder> is unconnected or connected to loadless signal.
INFO:Xst:3210 - "/home/waseemh/Xilinx_Proj/iA_cordic_6stage/sin_cos_comb.vhd" line 130: Output port <over_flow> of the instance <GEN_X_ADDERS[9].x_adder> is unconnected or connected to loadless signal.
INFO:Xst:3210 - "/home/waseemh/Xilinx_Proj/iA_cordic_6stage/sin_cos_comb.vhd" line 130: Output port <carry_out> of the instance <GEN_X_ADDERS[9].x_adder> is unconnected or connected to loadless signal.
INFO:Xst:3210 - "/home/waseemh/Xilinx_Proj/iA_cordic_6stage/sin_cos_comb.vhd" line 130: Output port <over_flow> of the instance <GEN_X_ADDERS[10].x_adder> is unconnected or connected to loadless signal.
INFO:Xst:3210 - "/home/waseemh/Xilinx_Proj/iA_cordic_6stage/sin_cos_comb.vhd" line 130: Output port <carry_out> of the instance <GEN_X_ADDERS[10].x_adder> is unconnected or connected to loadless signal.
INFO:Xst:3210 - "/home/waseemh/Xilinx_Proj/iA_cordic_6stage/sin_cos_comb.vhd" line 130: Output port <over_flow> of the instance <GEN_X_ADDERS[11].x_adder> is unconnected or connected to loadless signal.
INFO:Xst:3210 - "/home/waseemh/Xilinx_Proj/iA_cordic_6stage/sin_cos_comb.vhd" line 130: Output port <carry_out> of the instance <GEN_X_ADDERS[11].x_adder> is unconnected or connected to loadless signal.
INFO:Xst:3210 - "/home/waseemh/Xilinx_Proj/iA_cordic_6stage/sin_cos_comb.vhd" line 130: Output port <over_flow> of the instance <GEN_X_ADDERS[12].x_adder> is unconnected or connected to loadless signal.
INFO:Xst:3210 - "/home/waseemh/Xilinx_Proj/iA_cordic_6stage/sin_cos_comb.vhd" line 130: Output port <carry_out> of the instance <GEN_X_ADDERS[12].x_adder> is unconnected or connected to loadless signal.
INFO:Xst:3210 - "/home/waseemh/Xilinx_Proj/iA_cordic_6stage/sin_cos_comb.vhd" line 130: Output port <over_flow> of the instance <GEN_X_ADDERS[13].x_adder> is unconnected or connected to loadless signal.
INFO:Xst:3210 - "/home/waseemh/Xilinx_Proj/iA_cordic_6stage/sin_cos_comb.vhd" line 130: Output port <carry_out> of the instance <GEN_X_ADDERS[13].x_adder> is unconnected or connected to loadless signal.
INFO:Xst:3210 - "/home/waseemh/Xilinx_Proj/iA_cordic_6stage/sin_cos_comb.vhd" line 130: Output port <over_flow> of the instance <GEN_X_ADDERS[14].x_adder> is unconnected or connected to loadless signal.
INFO:Xst:3210 - "/home/waseemh/Xilinx_Proj/iA_cordic_6stage/sin_cos_comb.vhd" line 130: Output port <carry_out> of the instance <GEN_X_ADDERS[14].x_adder> is unconnected or connected to loadless signal.
INFO:Xst:3210 - "/home/waseemh/Xilinx_Proj/iA_cordic_6stage/sin_cos_comb.vhd" line 143: Output port <over_flow> of the instance <GEN_Y_ADDERS[0].y_adder> is unconnected or connected to loadless signal.
INFO:Xst:3210 - "/home/waseemh/Xilinx_Proj/iA_cordic_6stage/sin_cos_comb.vhd" line 143: Output port <carry_out> of the instance <GEN_Y_ADDERS[0].y_adder> is unconnected or connected to loadless signal.
INFO:Xst:3210 - "/home/waseemh/Xilinx_Proj/iA_cordic_6stage/sin_cos_comb.vhd" line 143: Output port <over_flow> of the instance <GEN_Y_ADDERS[1].y_adder> is unconnected or connected to loadless signal.
INFO:Xst:3210 - "/home/waseemh/Xilinx_Proj/iA_cordic_6stage/sin_cos_comb.vhd" line 143: Output port <carry_out> of the instance <GEN_Y_ADDERS[1].y_adder> is unconnected or connected to loadless signal.
INFO:Xst:3210 - "/home/waseemh/Xilinx_Proj/iA_cordic_6stage/sin_cos_comb.vhd" line 143: Output port <over_flow> of the instance <GEN_Y_ADDERS[2].y_adder> is unconnected or connected to loadless signal.
INFO:Xst:3210 - "/home/waseemh/Xilinx_Proj/iA_cordic_6stage/sin_cos_comb.vhd" line 143: Output port <carry_out> of the instance <GEN_Y_ADDERS[2].y_adder> is unconnected or connected to loadless signal.
INFO:Xst:3210 - "/home/waseemh/Xilinx_Proj/iA_cordic_6stage/sin_cos_comb.vhd" line 143: Output port <over_flow> of the instance <GEN_Y_ADDERS[3].y_adder> is unconnected or connected to loadless signal.
INFO:Xst:3210 - "/home/waseemh/Xilinx_Proj/iA_cordic_6stage/sin_cos_comb.vhd" line 143: Output port <carry_out> of the instance <GEN_Y_ADDERS[3].y_adder> is unconnected or connected to loadless signal.
INFO:Xst:3210 - "/home/waseemh/Xilinx_Proj/iA_cordic_6stage/sin_cos_comb.vhd" line 143: Output port <over_flow> of the instance <GEN_Y_ADDERS[4].y_adder> is unconnected or connected to loadless signal.
INFO:Xst:3210 - "/home/waseemh/Xilinx_Proj/iA_cordic_6stage/sin_cos_comb.vhd" line 143: Output port <carry_out> of the instance <GEN_Y_ADDERS[4].y_adder> is unconnected or connected to loadless signal.
INFO:Xst:3210 - "/home/waseemh/Xilinx_Proj/iA_cordic_6stage/sin_cos_comb.vhd" line 143: Output port <over_flow> of the instance <GEN_Y_ADDERS[5].y_adder> is unconnected or connected to loadless signal.
INFO:Xst:3210 - "/home/waseemh/Xilinx_Proj/iA_cordic_6stage/sin_cos_comb.vhd" line 143: Output port <carry_out> of the instance <GEN_Y_ADDERS[5].y_adder> is unconnected or connected to loadless signal.
INFO:Xst:3210 - "/home/waseemh/Xilinx_Proj/iA_cordic_6stage/sin_cos_comb.vhd" line 143: Output port <over_flow> of the instance <GEN_Y_ADDERS[6].y_adder> is unconnected or connected to loadless signal.
INFO:Xst:3210 - "/home/waseemh/Xilinx_Proj/iA_cordic_6stage/sin_cos_comb.vhd" line 143: Output port <carry_out> of the instance <GEN_Y_ADDERS[6].y_adder> is unconnected or connected to loadless signal.
INFO:Xst:3210 - "/home/waseemh/Xilinx_Proj/iA_cordic_6stage/sin_cos_comb.vhd" line 143: Output port <over_flow> of the instance <GEN_Y_ADDERS[7].y_adder> is unconnected or connected to loadless signal.
INFO:Xst:3210 - "/home/waseemh/Xilinx_Proj/iA_cordic_6stage/sin_cos_comb.vhd" line 143: Output port <carry_out> of the instance <GEN_Y_ADDERS[7].y_adder> is unconnected or connected to loadless signal.
INFO:Xst:3210 - "/home/waseemh/Xilinx_Proj/iA_cordic_6stage/sin_cos_comb.vhd" line 143: Output port <over_flow> of the instance <GEN_Y_ADDERS[8].y_adder> is unconnected or connected to loadless signal.
INFO:Xst:3210 - "/home/waseemh/Xilinx_Proj/iA_cordic_6stage/sin_cos_comb.vhd" line 143: Output port <carry_out> of the instance <GEN_Y_ADDERS[8].y_adder> is unconnected or connected to loadless signal.
INFO:Xst:3210 - "/home/waseemh/Xilinx_Proj/iA_cordic_6stage/sin_cos_comb.vhd" line 143: Output port <over_flow> of the instance <GEN_Y_ADDERS[9].y_adder> is unconnected or connected to loadless signal.
INFO:Xst:3210 - "/home/waseemh/Xilinx_Proj/iA_cordic_6stage/sin_cos_comb.vhd" line 143: Output port <carry_out> of the instance <GEN_Y_ADDERS[9].y_adder> is unconnected or connected to loadless signal.
INFO:Xst:3210 - "/home/waseemh/Xilinx_Proj/iA_cordic_6stage/sin_cos_comb.vhd" line 143: Output port <over_flow> of the instance <GEN_Y_ADDERS[10].y_adder> is unconnected or connected to loadless signal.
INFO:Xst:3210 - "/home/waseemh/Xilinx_Proj/iA_cordic_6stage/sin_cos_comb.vhd" line 143: Output port <carry_out> of the instance <GEN_Y_ADDERS[10].y_adder> is unconnected or connected to loadless signal.
INFO:Xst:3210 - "/home/waseemh/Xilinx_Proj/iA_cordic_6stage/sin_cos_comb.vhd" line 143: Output port <over_flow> of the instance <GEN_Y_ADDERS[11].y_adder> is unconnected or connected to loadless signal.
INFO:Xst:3210 - "/home/waseemh/Xilinx_Proj/iA_cordic_6stage/sin_cos_comb.vhd" line 143: Output port <carry_out> of the instance <GEN_Y_ADDERS[11].y_adder> is unconnected or connected to loadless signal.
INFO:Xst:3210 - "/home/waseemh/Xilinx_Proj/iA_cordic_6stage/sin_cos_comb.vhd" line 143: Output port <over_flow> of the instance <GEN_Y_ADDERS[12].y_adder> is unconnected or connected to loadless signal.
INFO:Xst:3210 - "/home/waseemh/Xilinx_Proj/iA_cordic_6stage/sin_cos_comb.vhd" line 143: Output port <carry_out> of the instance <GEN_Y_ADDERS[12].y_adder> is unconnected or connected to loadless signal.
INFO:Xst:3210 - "/home/waseemh/Xilinx_Proj/iA_cordic_6stage/sin_cos_comb.vhd" line 143: Output port <over_flow> of the instance <GEN_Y_ADDERS[13].y_adder> is unconnected or connected to loadless signal.
INFO:Xst:3210 - "/home/waseemh/Xilinx_Proj/iA_cordic_6stage/sin_cos_comb.vhd" line 143: Output port <carry_out> of the instance <GEN_Y_ADDERS[13].y_adder> is unconnected or connected to loadless signal.
INFO:Xst:3210 - "/home/waseemh/Xilinx_Proj/iA_cordic_6stage/sin_cos_comb.vhd" line 143: Output port <over_flow> of the instance <GEN_Y_ADDERS[14].y_adder> is unconnected or connected to loadless signal.
INFO:Xst:3210 - "/home/waseemh/Xilinx_Proj/iA_cordic_6stage/sin_cos_comb.vhd" line 143: Output port <carry_out> of the instance <GEN_Y_ADDERS[14].y_adder> is unconnected or connected to loadless signal.
INFO:Xst:3210 - "/home/waseemh/Xilinx_Proj/iA_cordic_6stage/sin_cos_comb.vhd" line 155: Output port <over_flow> of the instance <GEN_Z_ADDERS[0].z_adder> is unconnected or connected to loadless signal.
INFO:Xst:3210 - "/home/waseemh/Xilinx_Proj/iA_cordic_6stage/sin_cos_comb.vhd" line 155: Output port <carry_out> of the instance <GEN_Z_ADDERS[0].z_adder> is unconnected or connected to loadless signal.
INFO:Xst:3210 - "/home/waseemh/Xilinx_Proj/iA_cordic_6stage/sin_cos_comb.vhd" line 155: Output port <over_flow> of the instance <GEN_Z_ADDERS[1].z_adder> is unconnected or connected to loadless signal.
INFO:Xst:3210 - "/home/waseemh/Xilinx_Proj/iA_cordic_6stage/sin_cos_comb.vhd" line 155: Output port <carry_out> of the instance <GEN_Z_ADDERS[1].z_adder> is unconnected or connected to loadless signal.
INFO:Xst:3210 - "/home/waseemh/Xilinx_Proj/iA_cordic_6stage/sin_cos_comb.vhd" line 155: Output port <over_flow> of the instance <GEN_Z_ADDERS[2].z_adder> is unconnected or connected to loadless signal.
INFO:Xst:3210 - "/home/waseemh/Xilinx_Proj/iA_cordic_6stage/sin_cos_comb.vhd" line 155: Output port <carry_out> of the instance <GEN_Z_ADDERS[2].z_adder> is unconnected or connected to loadless signal.
INFO:Xst:3210 - "/home/waseemh/Xilinx_Proj/iA_cordic_6stage/sin_cos_comb.vhd" line 155: Output port <over_flow> of the instance <GEN_Z_ADDERS[3].z_adder> is unconnected or connected to loadless signal.
INFO:Xst:3210 - "/home/waseemh/Xilinx_Proj/iA_cordic_6stage/sin_cos_comb.vhd" line 155: Output port <carry_out> of the instance <GEN_Z_ADDERS[3].z_adder> is unconnected or connected to loadless signal.
INFO:Xst:3210 - "/home/waseemh/Xilinx_Proj/iA_cordic_6stage/sin_cos_comb.vhd" line 155: Output port <over_flow> of the instance <GEN_Z_ADDERS[4].z_adder> is unconnected or connected to loadless signal.
INFO:Xst:3210 - "/home/waseemh/Xilinx_Proj/iA_cordic_6stage/sin_cos_comb.vhd" line 155: Output port <carry_out> of the instance <GEN_Z_ADDERS[4].z_adder> is unconnected or connected to loadless signal.
INFO:Xst:3210 - "/home/waseemh/Xilinx_Proj/iA_cordic_6stage/sin_cos_comb.vhd" line 155: Output port <over_flow> of the instance <GEN_Z_ADDERS[5].z_adder> is unconnected or connected to loadless signal.
INFO:Xst:3210 - "/home/waseemh/Xilinx_Proj/iA_cordic_6stage/sin_cos_comb.vhd" line 155: Output port <carry_out> of the instance <GEN_Z_ADDERS[5].z_adder> is unconnected or connected to loadless signal.
INFO:Xst:3210 - "/home/waseemh/Xilinx_Proj/iA_cordic_6stage/sin_cos_comb.vhd" line 155: Output port <over_flow> of the instance <GEN_Z_ADDERS[6].z_adder> is unconnected or connected to loadless signal.
INFO:Xst:3210 - "/home/waseemh/Xilinx_Proj/iA_cordic_6stage/sin_cos_comb.vhd" line 155: Output port <carry_out> of the instance <GEN_Z_ADDERS[6].z_adder> is unconnected or connected to loadless signal.
INFO:Xst:3210 - "/home/waseemh/Xilinx_Proj/iA_cordic_6stage/sin_cos_comb.vhd" line 155: Output port <over_flow> of the instance <GEN_Z_ADDERS[7].z_adder> is unconnected or connected to loadless signal.
INFO:Xst:3210 - "/home/waseemh/Xilinx_Proj/iA_cordic_6stage/sin_cos_comb.vhd" line 155: Output port <carry_out> of the instance <GEN_Z_ADDERS[7].z_adder> is unconnected or connected to loadless signal.
INFO:Xst:3210 - "/home/waseemh/Xilinx_Proj/iA_cordic_6stage/sin_cos_comb.vhd" line 155: Output port <over_flow> of the instance <GEN_Z_ADDERS[8].z_adder> is unconnected or connected to loadless signal.
INFO:Xst:3210 - "/home/waseemh/Xilinx_Proj/iA_cordic_6stage/sin_cos_comb.vhd" line 155: Output port <carry_out> of the instance <GEN_Z_ADDERS[8].z_adder> is unconnected or connected to loadless signal.
INFO:Xst:3210 - "/home/waseemh/Xilinx_Proj/iA_cordic_6stage/sin_cos_comb.vhd" line 155: Output port <over_flow> of the instance <GEN_Z_ADDERS[9].z_adder> is unconnected or connected to loadless signal.
INFO:Xst:3210 - "/home/waseemh/Xilinx_Proj/iA_cordic_6stage/sin_cos_comb.vhd" line 155: Output port <carry_out> of the instance <GEN_Z_ADDERS[9].z_adder> is unconnected or connected to loadless signal.
INFO:Xst:3210 - "/home/waseemh/Xilinx_Proj/iA_cordic_6stage/sin_cos_comb.vhd" line 155: Output port <over_flow> of the instance <GEN_Z_ADDERS[10].z_adder> is unconnected or connected to loadless signal.
INFO:Xst:3210 - "/home/waseemh/Xilinx_Proj/iA_cordic_6stage/sin_cos_comb.vhd" line 155: Output port <carry_out> of the instance <GEN_Z_ADDERS[10].z_adder> is unconnected or connected to loadless signal.
INFO:Xst:3210 - "/home/waseemh/Xilinx_Proj/iA_cordic_6stage/sin_cos_comb.vhd" line 155: Output port <over_flow> of the instance <GEN_Z_ADDERS[11].z_adder> is unconnected or connected to loadless signal.
INFO:Xst:3210 - "/home/waseemh/Xilinx_Proj/iA_cordic_6stage/sin_cos_comb.vhd" line 155: Output port <carry_out> of the instance <GEN_Z_ADDERS[11].z_adder> is unconnected or connected to loadless signal.
INFO:Xst:3210 - "/home/waseemh/Xilinx_Proj/iA_cordic_6stage/sin_cos_comb.vhd" line 155: Output port <over_flow> of the instance <GEN_Z_ADDERS[12].z_adder> is unconnected or connected to loadless signal.
INFO:Xst:3210 - "/home/waseemh/Xilinx_Proj/iA_cordic_6stage/sin_cos_comb.vhd" line 155: Output port <carry_out> of the instance <GEN_Z_ADDERS[12].z_adder> is unconnected or connected to loadless signal.
INFO:Xst:3210 - "/home/waseemh/Xilinx_Proj/iA_cordic_6stage/sin_cos_comb.vhd" line 155: Output port <over_flow> of the instance <GEN_Z_ADDERS[13].z_adder> is unconnected or connected to loadless signal.
INFO:Xst:3210 - "/home/waseemh/Xilinx_Proj/iA_cordic_6stage/sin_cos_comb.vhd" line 155: Output port <carry_out> of the instance <GEN_Z_ADDERS[13].z_adder> is unconnected or connected to loadless signal.
INFO:Xst:3210 - "/home/waseemh/Xilinx_Proj/iA_cordic_6stage/sin_cos_comb.vhd" line 155: Output port <over_flow> of the instance <GEN_Z_ADDERS[14].z_adder> is unconnected or connected to loadless signal.
INFO:Xst:3210 - "/home/waseemh/Xilinx_Proj/iA_cordic_6stage/sin_cos_comb.vhd" line 155: Output port <carry_out> of the instance <GEN_Z_ADDERS[14].z_adder> is unconnected or connected to loadless signal.
INFO:Xst:3210 - "/home/waseemh/Xilinx_Proj/iA_cordic_6stage/sin_cos_comb.vhd" line 165: Output port <over_flow> of the instance <adder_result> is unconnected or connected to loadless signal.
INFO:Xst:3210 - "/home/waseemh/Xilinx_Proj/iA_cordic_6stage/sin_cos_comb.vhd" line 165: Output port <carry_out> of the instance <adder_result> is unconnected or connected to loadless signal.
    Summary:
	inferred   1 Multiplexer(s).
Unit <sin_cos_comb> synthesized.

Synthesizing Unit <norm_rotation_mode>.
    Related source file is "/home/waseemh/Xilinx_Proj/iA_cordic_6stage/norm_rotation_mode.vhd".
INFO:Xst:3210 - "/home/waseemh/Xilinx_Proj/iA_cordic_6stage/norm_rotation_mode.vhd" line 58: Output port <over_flow> of the instance <adder> is unconnected or connected to loadless signal.
INFO:Xst:3210 - "/home/waseemh/Xilinx_Proj/iA_cordic_6stage/norm_rotation_mode.vhd" line 58: Output port <carry_out> of the instance <adder> is unconnected or connected to loadless signal.
    Found 25-bit comparator greater for signal <n0001> created at line 70
    Found 25-bit comparator greater for signal <n0004> created at line 71
    Found 25-bit comparator lessequal for signal <n0008> created at line 72
    Summary:
	inferred   3 Comparator(s).
	inferred   6 Multiplexer(s).
Unit <norm_rotation_mode> synthesized.

Synthesizing Unit <forty_bit_add_sub>.
    Related source file is "/home/waseemh/Xilinx_Proj/iA_cordic_6stage/forty_bit_add_sub.vhd".
INFO:Xst:2774 - HDL ADVISOR - KEEP property attached to signal result<39> may hinder XST clustering optimizations.
    Summary:
	inferred   1 Multiplexer(s).
Unit <forty_bit_add_sub> synthesized.

Synthesizing Unit <forty_bit_adder>.
    Related source file is "/home/waseemh/Xilinx_Proj/iA_cordic_6stage/forty_bit_adder.vhd".
    Summary:
	no macro.
Unit <forty_bit_adder> synthesized.

Synthesizing Unit <four_bits_CLA_adder>.
    Related source file is "/home/waseemh/Xilinx_Proj/iA_cordic_6stage/four_bits_CLA_adder.vhd".
    Summary:
Unit <four_bits_CLA_adder> synthesized.

Synthesizing Unit <carry_look_ahead_block_extended>.
    Related source file is "/home/waseemh/Xilinx_Proj/iA_cordic_6stage/carry_look_ahead_block_extended.vhd".
    Summary:
	no macro.
Unit <carry_look_ahead_block_extended> synthesized.

=========================================================================
HDL Synthesis Report

Macro Statistics
# Comparators                                          : 3
 25-bit comparator greater                             : 2
 25-bit comparator lessequal                           : 1
# Multiplexers                                         : 54
 1-bit 2-to-1 multiplexer                              : 2
 2-bit 2-to-1 multiplexer                              : 2
 40-bit 2-to-1 multiplexer                             : 50
# Xors                                                 : 3761
 1-bit xor2                                            : 3761

=========================================================================

=========================================================================
*                       Advanced HDL Synthesis                          *
=========================================================================

WARNING:Xst:1290 - Hierarchical block <norm_1> is unconnected in block <sin_cos_comb>.
   It will be removed from the design.
WARNING:Xst:1290 - Hierarchical block <GEN_Z_ADDERS[0].z_adder> is unconnected in block <sin_cos_comb>.
   It will be removed from the design.
WARNING:Xst:1290 - Hierarchical block <GEN_Y_ADDERS[0].y_adder> is unconnected in block <sin_cos_comb>.
   It will be removed from the design.
WARNING:Xst:1290 - Hierarchical block <adder_result> is unconnected in block <sin_cos_comb>.
   It will be removed from the design.
WARNING:Xst:1290 - Hierarchical block <GEN_X_ADDERS[0].x_adder> is unconnected in block <sin_cos_comb>.
   It will be removed from the design.
WARNING:Xst:1290 - Hierarchical block <GEN_Z_ADDERS[1].z_adder> is unconnected in block <sin_cos_comb>.
   It will be removed from the design.
WARNING:Xst:1290 - Hierarchical block <GEN_Y_ADDERS[1].y_adder> is unconnected in block <sin_cos_comb>.
   It will be removed from the design.
WARNING:Xst:1290 - Hierarchical block <GEN_Z_ADDERS[2].z_adder> is unconnected in block <sin_cos_comb>.
   It will be removed from the design.
WARNING:Xst:1290 - Hierarchical block <GEN_X_ADDERS[1].x_adder> is unconnected in block <sin_cos_comb>.
   It will be removed from the design.
WARNING:Xst:1290 - Hierarchical block <GEN_Y_ADDERS[2].y_adder> is unconnected in block <sin_cos_comb>.
   It will be removed from the design.
WARNING:Xst:1290 - Hierarchical block <GEN_Z_ADDERS[3].z_adder> is unconnected in block <sin_cos_comb>.
   It will be removed from the design.
WARNING:Xst:1290 - Hierarchical block <GEN_X_ADDERS[2].x_adder> is unconnected in block <sin_cos_comb>.
   It will be removed from the design.
WARNING:Xst:1290 - Hierarchical block <GEN_Y_ADDERS[3].y_adder> is unconnected in block <sin_cos_comb>.
   It will be removed from the design.
WARNING:Xst:1290 - Hierarchical block <GEN_Z_ADDERS[4].z_adder> is unconnected in block <sin_cos_comb>.
   It will be removed from the design.
WARNING:Xst:1290 - Hierarchical block <GEN_X_ADDERS[3].x_adder> is unconnected in block <sin_cos_comb>.
   It will be removed from the design.
WARNING:Xst:1290 - Hierarchical block <GEN_Y_ADDERS[4].y_adder> is unconnected in block <sin_cos_comb>.
   It will be removed from the design.
WARNING:Xst:1290 - Hierarchical block <GEN_Z_ADDERS[5].z_adder> is unconnected in block <sin_cos_comb>.
   It will be removed from the design.
WARNING:Xst:1290 - Hierarchical block <GEN_X_ADDERS[4].x_adder> is unconnected in block <sin_cos_comb>.
   It will be removed from the design.
WARNING:Xst:1290 - Hierarchical block <GEN_Y_ADDERS[5].y_adder> is unconnected in block <sin_cos_comb>.
   It will be removed from the design.
WARNING:Xst:1290 - Hierarchical block <GEN_Z_ADDERS[6].z_adder> is unconnected in block <sin_cos_comb>.
   It will be removed from the design.
WARNING:Xst:1290 - Hierarchical block <GEN_X_ADDERS[5].x_adder> is unconnected in block <sin_cos_comb>.
   It will be removed from the design.
WARNING:Xst:1290 - Hierarchical block <GEN_Y_ADDERS[6].y_adder> is unconnected in block <sin_cos_comb>.
   It will be removed from the design.
WARNING:Xst:1290 - Hierarchical block <GEN_Z_ADDERS[7].z_adder> is unconnected in block <sin_cos_comb>.
   It will be removed from the design.
WARNING:Xst:1290 - Hierarchical block <GEN_X_ADDERS[6].x_adder> is unconnected in block <sin_cos_comb>.
   It will be removed from the design.
WARNING:Xst:1290 - Hierarchical block <GEN_Y_ADDERS[7].y_adder> is unconnected in block <sin_cos_comb>.
   It will be removed from the design.
WARNING:Xst:1290 - Hierarchical block <GEN_Z_ADDERS[8].z_adder> is unconnected in block <sin_cos_comb>.
   It will be removed from the design.
WARNING:Xst:1290 - Hierarchical block <GEN_X_ADDERS[7].x_adder> is unconnected in block <sin_cos_comb>.
   It will be removed from the design.
WARNING:Xst:1290 - Hierarchical block <GEN_Y_ADDERS[8].y_adder> is unconnected in block <sin_cos_comb>.
   It will be removed from the design.
WARNING:Xst:1290 - Hierarchical block <GEN_Z_ADDERS[9].z_adder> is unconnected in block <sin_cos_comb>.
   It will be removed from the design.
WARNING:Xst:1290 - Hierarchical block <GEN_X_ADDERS[8].x_adder> is unconnected in block <sin_cos_comb>.
   It will be removed from the design.
WARNING:Xst:1290 - Hierarchical block <GEN_Y_ADDERS[9].y_adder> is unconnected in block <sin_cos_comb>.
   It will be removed from the design.
WARNING:Xst:1290 - Hierarchical block <GEN_Z_ADDERS[10].z_adder> is unconnected in block <sin_cos_comb>.
   It will be removed from the design.
WARNING:Xst:1290 - Hierarchical block <GEN_X_ADDERS[9].x_adder> is unconnected in block <sin_cos_comb>.
   It will be removed from the design.
WARNING:Xst:1290 - Hierarchical block <GEN_Y_ADDERS[10].y_adder> is unconnected in block <sin_cos_comb>.
   It will be removed from the design.
WARNING:Xst:1290 - Hierarchical block <GEN_Z_ADDERS[11].z_adder> is unconnected in block <sin_cos_comb>.
   It will be removed from the design.
WARNING:Xst:1290 - Hierarchical block <GEN_X_ADDERS[10].x_adder> is unconnected in block <sin_cos_comb>.
   It will be removed from the design.
WARNING:Xst:1290 - Hierarchical block <GEN_Y_ADDERS[11].y_adder> is unconnected in block <sin_cos_comb>.
   It will be removed from the design.
WARNING:Xst:1290 - Hierarchical block <GEN_Z_ADDERS[12].z_adder> is unconnected in block <sin_cos_comb>.
   It will be removed from the design.
WARNING:Xst:1290 - Hierarchical block <GEN_X_ADDERS[11].x_adder> is unconnected in block <sin_cos_comb>.
   It will be removed from the design.
WARNING:Xst:1290 - Hierarchical block <GEN_Y_ADDERS[12].y_adder> is unconnected in block <sin_cos_comb>.
   It will be removed from the design.
WARNING:Xst:1290 - Hierarchical block <GEN_Z_ADDERS[13].z_adder> is unconnected in block <sin_cos_comb>.
   It will be removed from the design.
WARNING:Xst:1290 - Hierarchical block <GEN_X_ADDERS[12].x_adder> is unconnected in block <sin_cos_comb>.
   It will be removed from the design.
WARNING:Xst:1290 - Hierarchical block <GEN_Y_ADDERS[13].y_adder> is unconnected in block <sin_cos_comb>.
   It will be removed from the design.
WARNING:Xst:1290 - Hierarchical block <GEN_Z_ADDERS[14].z_adder> is unconnected in block <sin_cos_comb>.
   It will be removed from the design.
WARNING:Xst:1290 - Hierarchical block <GEN_X_ADDERS[13].x_adder> is unconnected in block <sin_cos_comb>.
   It will be removed from the design.
WARNING:Xst:1290 - Hierarchical block <GEN_Y_ADDERS[14].y_adder> is unconnected in block <sin_cos_comb>.
   It will be removed from the design.
WARNING:Xst:1290 - Hierarchical block <GEN_X_ADDERS[14].x_adder> is unconnected in block <sin_cos_comb>.
   It will be removed from the design.

=========================================================================
Advanced HDL Synthesis Report

Macro Statistics
# Comparators                                          : 3
 25-bit comparator greater                             : 2
 25-bit comparator lessequal                           : 1
# Multiplexers                                         : 53
 1-bit 2-to-1 multiplexer                              : 2
 2-bit 2-to-1 multiplexer                              : 2
 40-bit 2-to-1 multiplexer                             : 49
# Xors                                                 : 3761
 1-bit xor2                                            : 3761

=========================================================================

=========================================================================
*                         Low Level Synthesis                           *
=========================================================================

Optimizing unit <sin_cos_comb> ...

Optimizing unit <norm_rotation_mode> ...

Optimizing unit <forty_bit_add_sub> ...

Optimizing unit <forty_bit_adder> ...

Mapping all equations...
Building and optimizing final netlist ...
Found area constraint ratio of 100 (+ 5) on block sin_cos_comb, actual ratio is 0.

Final Macro Processing ...

=========================================================================
Final Register Report

Found no macro
=========================================================================

=========================================================================
*                           Partition Report                            *
=========================================================================

Partition Implementation Status
-------------------------------

  No Partitions were found in this design.

-------------------------------

=========================================================================
*                            Design Summary                             *
=========================================================================

Top Level Output File Name         : sin_cos_comb.ngc

Primitive and Black Box Usage:
------------------------------

Device utilization summary:
---------------------------

Selected Device : 7a100tcsg324-3 


Slice Logic Utilization: 

Slice Logic Distribution: 
 Number of LUT Flip Flop pairs used:      0
   Number with an unused Flip Flop:       0  out of      0         
   Number with an unused LUT:             0  out of      0         
   Number of fully used LUT-FF pairs:     0  out of      0         
   Number of unique control sets:         0

IO Utilization: 
 Number of IOs:                          96
 Number of bonded IOBs:                   0  out of    210     0%  

Specific Feature Utilization:

---------------------------
Partition Resource Summary:
---------------------------

  No Partitions were found in this design.

---------------------------


=========================================================================
Timing Report

NOTE: THESE TIMING NUMBERS ARE ONLY A SYNTHESIS ESTIMATE.
      FOR ACCURATE TIMING INFORMATION PLEASE REFER TO THE TRACE REPORT
      GENERATED AFTER PLACE-and-ROUTE.

Clock Information:
------------------
No clock signals found in this design

Asynchronous Control Signals Information:
----------------------------------------
No asynchronous control signals found in this design

Timing Summary:
---------------
Speed Grade: -3

   Minimum period: No path found
   Minimum input arrival time before clock: No path found
   Maximum output required time after clock: No path found
   Maximum combinational path delay: No path found

Timing Details:
---------------
All values displayed in nanoseconds (ns)

=========================================================================

Cross Clock Domains Report:
--------------------------

=========================================================================


Total REAL time to Xst completion: 10.00 secs
Total CPU time to Xst completion: 10.39 secs
 
--> 


Total memory usage is 508892 kilobytes

Number of errors   :    0 (   0 filtered)
Number of warnings :   50 (   0 filtered)
Number of infos    :   96 (   0 filtered)

