Release 14.7 Map P.20131013 (lin64)
Xilinx Mapping Report File for Design 'tan_combinatorial'

Design Information
------------------
Command Line   : map -intstyle ise -p xc6slx16-csg324-2 -w -logic_opt off -ol
high -t 1 -xt 0 -register_duplication off -r 4 -global_opt off -mt off -ir off
-pr off -lc off -power off -o tan_combinatorial_map.ncd tan_combinatorial.ngd
tan_combinatorial.pcf 
Target Device  : xc6slx16
Target Package : csg324
Target Speed   : -2
Mapper Version : spartan6 -- $Revision: 1.55 $
Mapped Date    : Fri Jun 17 15:11:59 2016

Design Summary
--------------
Number of errors:      0
Number of warnings:    0
Slice Logic Utilization:
  Number of Slice Registers:                     0 out of  18,224    0%
  Number of Slice LUTs:                      2,647 out of   9,112   29%
    Number used as logic:                    2,647 out of   9,112   29%
      Number using O6 output only:           2,179
      Number using O5 output only:               0
      Number using O5 and O6:                  468
      Number used as ROM:                        0
    Number used as Memory:                       0 out of   2,176    0%

Slice Logic Distribution:
  Number of occupied Slices:                 1,059 out of   2,278   46%
  Number of MUXCYs used:                         0 out of   4,556    0%
  Number of LUT Flip Flop pairs used:        2,647
    Number with an unused Flip Flop:         2,647 out of   2,647  100%
    Number with an unused LUT:                   0 out of   2,647    0%
    Number of fully used LUT-FF pairs:           0 out of   2,647    0%
    Number of slice register sites lost
      to control set restrictions:               0 out of  18,224    0%

  A LUT Flip Flop pair for this architecture represents one LUT paired with
  one Flip Flop within a slice.  A control set is a unique combination of
  clock, reset, set, and enable signals for a registered element.
  The Slice Logic Distribution report is not meaningful if the design is
  over-mapped for a non-slice resource or if Placement fails.

IO Utilization:
  Number of bonded IOBs:                       128 out of     232   55%

Specific Feature Utilization:
  Number of RAMB16BWERs:                         0 out of      32    0%
  Number of RAMB8BWERs:                          0 out of      64    0%
  Number of BUFIO2/BUFIO2_2CLKs:                 0 out of      32    0%
  Number of BUFIO2FB/BUFIO2FB_2CLKs:             0 out of      32    0%
  Number of BUFG/BUFGMUXs:                       0 out of      16    0%
  Number of DCM/DCM_CLKGENs:                     0 out of       4    0%
  Number of ILOGIC2/ISERDES2s:                   0 out of     248    0%
  Number of IODELAY2/IODRP2/IODRP2_MCBs:         0 out of     248    0%
  Number of OLOGIC2/OSERDES2s:                   0 out of     248    0%
  Number of BSCANs:                              0 out of       4    0%
  Number of BUFHs:                               0 out of     128    0%
  Number of BUFPLLs:                             0 out of       8    0%
  Number of BUFPLL_MCBs:                         0 out of       4    0%
  Number of DSP48A1s:                            0 out of      32    0%
  Number of ICAPs:                               0 out of       1    0%
  Number of MCBs:                                0 out of       2    0%
  Number of PCILOGICSEs:                         0 out of       2    0%
  Number of PLL_ADVs:                            0 out of       2    0%
  Number of PMVs:                                0 out of       1    0%
  Number of STARTUPs:                            0 out of       1    0%
  Number of SUSPEND_SYNCs:                       0 out of       1    0%

Average Fanout of Non-Clock Nets:                4.61

Peak Memory Usage:  694 MB
Total REAL time to MAP completion:  35 secs 
Total CPU time to MAP completion:   34 secs 

Table of Contents
-----------------
Section 1 - Errors
Section 2 - Warnings
Section 3 - Informational
Section 4 - Removed Logic Summary
Section 5 - Removed Logic
Section 6 - IOB Properties
Section 7 - RPMs
Section 8 - Guide Report
Section 9 - Area Group and Partition Summary
Section 10 - Timing Report
Section 11 - Configuration String Information
Section 12 - Control Set Information
Section 13 - Utilization by Hierarchy

Section 1 - Errors
------------------

Section 2 - Warnings
--------------------

Section 3 - Informational
-------------------------
INFO:MapLib:562 - No environment variables are currently set.
INFO:LIT:244 - All of the single ended outputs in this design are using slew
   rate limited output drivers. The delay on speed critical single ended outputs
   can be dramatically reduced by designating them as fast outputs.
INFO:Pack:1716 - Initializing temperature to 85.000 Celsius. (default - Range:
   0.000 to 85.000 Celsius)
INFO:Pack:1720 - Initializing voltage to 1.140 Volts. (default - Range: 1.140 to
   1.260 Volts)
INFO:Map:215 - The Interim Design Summary has been generated in the MAP Report
   (.mrp).
INFO:Pack:1650 - Map created a placed design.

Section 4 - Removed Logic Summary
---------------------------------
   2 block(s) optimized away

Section 5 - Removed Logic
-------------------------

Optimized Block(s):
TYPE 		BLOCK
GND 		XST_GND
LUT2 		GEN_X_ADDERS[6].x_adder/Mmux_b_feed2511
   optimized to 0

To enable printing of redundant blocks removed and signals merged, set the
detailed map report option and rerun map.

Section 6 - IOB Properties
--------------------------

+---------------------------------------------------------------------------------------------------------------------------------------------------------+
| IOB Name                           | Type             | Direction | IO Standard          | Diff  | Drive    | Slew | Reg (s)      | Resistor | IOB      |
|                                    |                  |           |                      | Term  | Strength | Rate |              |          | Delay    |
+---------------------------------------------------------------------------------------------------------------------------------------------------------+
| angle<0>                           | IOB              | OUTPUT    | LVCMOS25             |       | 12       | SLOW |              |          |          |
| angle<1>                           | IOB              | OUTPUT    | LVCMOS25             |       | 12       | SLOW |              |          |          |
| angle<2>                           | IOB              | OUTPUT    | LVCMOS25             |       | 12       | SLOW |              |          |          |
| angle<3>                           | IOB              | OUTPUT    | LVCMOS25             |       | 12       | SLOW |              |          |          |
| angle<4>                           | IOB              | OUTPUT    | LVCMOS25             |       | 12       | SLOW |              |          |          |
| angle<5>                           | IOB              | OUTPUT    | LVCMOS25             |       | 12       | SLOW |              |          |          |
| angle<6>                           | IOB              | OUTPUT    | LVCMOS25             |       | 12       | SLOW |              |          |          |
| angle<7>                           | IOB              | OUTPUT    | LVCMOS25             |       | 12       | SLOW |              |          |          |
| angle<8>                           | IOB              | OUTPUT    | LVCMOS25             |       | 12       | SLOW |              |          |          |
| angle<9>                           | IOB              | OUTPUT    | LVCMOS25             |       | 12       | SLOW |              |          |          |
| angle<10>                          | IOB              | OUTPUT    | LVCMOS25             |       | 12       | SLOW |              |          |          |
| angle<11>                          | IOB              | OUTPUT    | LVCMOS25             |       | 12       | SLOW |              |          |          |
| angle<12>                          | IOB              | OUTPUT    | LVCMOS25             |       | 12       | SLOW |              |          |          |
| angle<13>                          | IOB              | OUTPUT    | LVCMOS25             |       | 12       | SLOW |              |          |          |
| angle<14>                          | IOB              | OUTPUT    | LVCMOS25             |       | 12       | SLOW |              |          |          |
| angle<15>                          | IOB              | OUTPUT    | LVCMOS25             |       | 12       | SLOW |              |          |          |
| angle<16>                          | IOB              | OUTPUT    | LVCMOS25             |       | 12       | SLOW |              |          |          |
| angle<17>                          | IOB              | OUTPUT    | LVCMOS25             |       | 12       | SLOW |              |          |          |
| angle<18>                          | IOB              | OUTPUT    | LVCMOS25             |       | 12       | SLOW |              |          |          |
| angle<19>                          | IOB              | OUTPUT    | LVCMOS25             |       | 12       | SLOW |              |          |          |
| angle<20>                          | IOB              | OUTPUT    | LVCMOS25             |       | 12       | SLOW |              |          |          |
| angle<21>                          | IOB              | OUTPUT    | LVCMOS25             |       | 12       | SLOW |              |          |          |
| angle<22>                          | IOB              | OUTPUT    | LVCMOS25             |       | 12       | SLOW |              |          |          |
| angle<23>                          | IOB              | OUTPUT    | LVCMOS25             |       | 12       | SLOW |              |          |          |
| angle<24>                          | IOB              | OUTPUT    | LVCMOS25             |       | 12       | SLOW |              |          |          |
| angle<25>                          | IOB              | OUTPUT    | LVCMOS25             |       | 12       | SLOW |              |          |          |
| angle<26>                          | IOB              | OUTPUT    | LVCMOS25             |       | 12       | SLOW |              |          |          |
| angle<27>                          | IOB              | OUTPUT    | LVCMOS25             |       | 12       | SLOW |              |          |          |
| angle<28>                          | IOB              | OUTPUT    | LVCMOS25             |       | 12       | SLOW |              |          |          |
| angle<29>                          | IOB              | OUTPUT    | LVCMOS25             |       | 12       | SLOW |              |          |          |
| angle<30>                          | IOB              | OUTPUT    | LVCMOS25             |       | 12       | SLOW |              |          |          |
| angle<31>                          | IOB              | OUTPUT    | LVCMOS25             |       | 12       | SLOW |              |          |          |
| operand_a<0>                       | IOB              | INPUT     | LVCMOS25             |       |          |      |              |          |          |
| operand_a<1>                       | IOB              | INPUT     | LVCMOS25             |       |          |      |              |          |          |
| operand_a<2>                       | IOB              | INPUT     | LVCMOS25             |       |          |      |              |          |          |
| operand_a<3>                       | IOB              | INPUT     | LVCMOS25             |       |          |      |              |          |          |
| operand_a<4>                       | IOB              | INPUT     | LVCMOS25             |       |          |      |              |          |          |
| operand_a<5>                       | IOB              | INPUT     | LVCMOS25             |       |          |      |              |          |          |
| operand_a<6>                       | IOB              | INPUT     | LVCMOS25             |       |          |      |              |          |          |
| operand_a<7>                       | IOB              | INPUT     | LVCMOS25             |       |          |      |              |          |          |
| operand_a<8>                       | IOB              | INPUT     | LVCMOS25             |       |          |      |              |          |          |
| operand_a<9>                       | IOB              | INPUT     | LVCMOS25             |       |          |      |              |          |          |
| operand_a<10>                      | IOB              | INPUT     | LVCMOS25             |       |          |      |              |          |          |
| operand_a<11>                      | IOB              | INPUT     | LVCMOS25             |       |          |      |              |          |          |
| operand_a<12>                      | IOB              | INPUT     | LVCMOS25             |       |          |      |              |          |          |
| operand_a<13>                      | IOB              | INPUT     | LVCMOS25             |       |          |      |              |          |          |
| operand_a<14>                      | IOB              | INPUT     | LVCMOS25             |       |          |      |              |          |          |
| operand_a<15>                      | IOB              | INPUT     | LVCMOS25             |       |          |      |              |          |          |
| operand_a<16>                      | IOB              | INPUT     | LVCMOS25             |       |          |      |              |          |          |
| operand_a<17>                      | IOB              | INPUT     | LVCMOS25             |       |          |      |              |          |          |
| operand_a<18>                      | IOB              | INPUT     | LVCMOS25             |       |          |      |              |          |          |
| operand_a<19>                      | IOB              | INPUT     | LVCMOS25             |       |          |      |              |          |          |
| operand_a<20>                      | IOB              | INPUT     | LVCMOS25             |       |          |      |              |          |          |
| operand_a<21>                      | IOB              | INPUT     | LVCMOS25             |       |          |      |              |          |          |
| operand_a<22>                      | IOB              | INPUT     | LVCMOS25             |       |          |      |              |          |          |
| operand_a<23>                      | IOB              | INPUT     | LVCMOS25             |       |          |      |              |          |          |
| operand_a<24>                      | IOB              | INPUT     | LVCMOS25             |       |          |      |              |          |          |
| operand_a<25>                      | IOB              | INPUT     | LVCMOS25             |       |          |      |              |          |          |
| operand_a<26>                      | IOB              | INPUT     | LVCMOS25             |       |          |      |              |          |          |
| operand_a<27>                      | IOB              | INPUT     | LVCMOS25             |       |          |      |              |          |          |
| operand_a<28>                      | IOB              | INPUT     | LVCMOS25             |       |          |      |              |          |          |
| operand_a<29>                      | IOB              | INPUT     | LVCMOS25             |       |          |      |              |          |          |
| operand_a<30>                      | IOB              | INPUT     | LVCMOS25             |       |          |      |              |          |          |
| operand_a<31>                      | IOB              | INPUT     | LVCMOS25             |       |          |      |              |          |          |
| operand_b<0>                       | IOB              | INPUT     | LVCMOS25             |       |          |      |              |          |          |
| operand_b<1>                       | IOB              | INPUT     | LVCMOS25             |       |          |      |              |          |          |
| operand_b<2>                       | IOB              | INPUT     | LVCMOS25             |       |          |      |              |          |          |
| operand_b<3>                       | IOB              | INPUT     | LVCMOS25             |       |          |      |              |          |          |
| operand_b<4>                       | IOB              | INPUT     | LVCMOS25             |       |          |      |              |          |          |
| operand_b<5>                       | IOB              | INPUT     | LVCMOS25             |       |          |      |              |          |          |
| operand_b<6>                       | IOB              | INPUT     | LVCMOS25             |       |          |      |              |          |          |
| operand_b<7>                       | IOB              | INPUT     | LVCMOS25             |       |          |      |              |          |          |
| operand_b<8>                       | IOB              | INPUT     | LVCMOS25             |       |          |      |              |          |          |
| operand_b<9>                       | IOB              | INPUT     | LVCMOS25             |       |          |      |              |          |          |
| operand_b<10>                      | IOB              | INPUT     | LVCMOS25             |       |          |      |              |          |          |
| operand_b<11>                      | IOB              | INPUT     | LVCMOS25             |       |          |      |              |          |          |
| operand_b<12>                      | IOB              | INPUT     | LVCMOS25             |       |          |      |              |          |          |
| operand_b<13>                      | IOB              | INPUT     | LVCMOS25             |       |          |      |              |          |          |
| operand_b<14>                      | IOB              | INPUT     | LVCMOS25             |       |          |      |              |          |          |
| operand_b<15>                      | IOB              | INPUT     | LVCMOS25             |       |          |      |              |          |          |
| operand_b<16>                      | IOB              | INPUT     | LVCMOS25             |       |          |      |              |          |          |
| operand_b<17>                      | IOB              | INPUT     | LVCMOS25             |       |          |      |              |          |          |
| operand_b<18>                      | IOB              | INPUT     | LVCMOS25             |       |          |      |              |          |          |
| operand_b<19>                      | IOB              | INPUT     | LVCMOS25             |       |          |      |              |          |          |
| operand_b<20>                      | IOB              | INPUT     | LVCMOS25             |       |          |      |              |          |          |
| operand_b<21>                      | IOB              | INPUT     | LVCMOS25             |       |          |      |              |          |          |
| operand_b<22>                      | IOB              | INPUT     | LVCMOS25             |       |          |      |              |          |          |
| operand_b<23>                      | IOB              | INPUT     | LVCMOS25             |       |          |      |              |          |          |
| operand_b<24>                      | IOB              | INPUT     | LVCMOS25             |       |          |      |              |          |          |
| operand_b<25>                      | IOB              | INPUT     | LVCMOS25             |       |          |      |              |          |          |
| operand_b<26>                      | IOB              | INPUT     | LVCMOS25             |       |          |      |              |          |          |
| operand_b<27>                      | IOB              | INPUT     | LVCMOS25             |       |          |      |              |          |          |
| operand_b<28>                      | IOB              | INPUT     | LVCMOS25             |       |          |      |              |          |          |
| operand_b<29>                      | IOB              | INPUT     | LVCMOS25             |       |          |      |              |          |          |
| operand_b<30>                      | IOB              | INPUT     | LVCMOS25             |       |          |      |              |          |          |
| operand_b<31>                      | IOB              | INPUT     | LVCMOS25             |       |          |      |              |          |          |
| sqrt<0>                            | IOB              | OUTPUT    | LVCMOS25             |       | 12       | SLOW |              |          |          |
| sqrt<1>                            | IOB              | OUTPUT    | LVCMOS25             |       | 12       | SLOW |              |          |          |
| sqrt<2>                            | IOB              | OUTPUT    | LVCMOS25             |       | 12       | SLOW |              |          |          |
| sqrt<3>                            | IOB              | OUTPUT    | LVCMOS25             |       | 12       | SLOW |              |          |          |
| sqrt<4>                            | IOB              | OUTPUT    | LVCMOS25             |       | 12       | SLOW |              |          |          |
| sqrt<5>                            | IOB              | OUTPUT    | LVCMOS25             |       | 12       | SLOW |              |          |          |
| sqrt<6>                            | IOB              | OUTPUT    | LVCMOS25             |       | 12       | SLOW |              |          |          |
| sqrt<7>                            | IOB              | OUTPUT    | LVCMOS25             |       | 12       | SLOW |              |          |          |
| sqrt<8>                            | IOB              | OUTPUT    | LVCMOS25             |       | 12       | SLOW |              |          |          |
| sqrt<9>                            | IOB              | OUTPUT    | LVCMOS25             |       | 12       | SLOW |              |          |          |
| sqrt<10>                           | IOB              | OUTPUT    | LVCMOS25             |       | 12       | SLOW |              |          |          |
| sqrt<11>                           | IOB              | OUTPUT    | LVCMOS25             |       | 12       | SLOW |              |          |          |
| sqrt<12>                           | IOB              | OUTPUT    | LVCMOS25             |       | 12       | SLOW |              |          |          |
| sqrt<13>                           | IOB              | OUTPUT    | LVCMOS25             |       | 12       | SLOW |              |          |          |
| sqrt<14>                           | IOB              | OUTPUT    | LVCMOS25             |       | 12       | SLOW |              |          |          |
| sqrt<15>                           | IOB              | OUTPUT    | LVCMOS25             |       | 12       | SLOW |              |          |          |
| sqrt<16>                           | IOB              | OUTPUT    | LVCMOS25             |       | 12       | SLOW |              |          |          |
| sqrt<17>                           | IOB              | OUTPUT    | LVCMOS25             |       | 12       | SLOW |              |          |          |
| sqrt<18>                           | IOB              | OUTPUT    | LVCMOS25             |       | 12       | SLOW |              |          |          |
| sqrt<19>                           | IOB              | OUTPUT    | LVCMOS25             |       | 12       | SLOW |              |          |          |
| sqrt<20>                           | IOB              | OUTPUT    | LVCMOS25             |       | 12       | SLOW |              |          |          |
| sqrt<21>                           | IOB              | OUTPUT    | LVCMOS25             |       | 12       | SLOW |              |          |          |
| sqrt<22>                           | IOB              | OUTPUT    | LVCMOS25             |       | 12       | SLOW |              |          |          |
| sqrt<23>                           | IOB              | OUTPUT    | LVCMOS25             |       | 12       | SLOW |              |          |          |
| sqrt<24>                           | IOB              | OUTPUT    | LVCMOS25             |       | 12       | SLOW |              |          |          |
| sqrt<25>                           | IOB              | OUTPUT    | LVCMOS25             |       | 12       | SLOW |              |          |          |
| sqrt<26>                           | IOB              | OUTPUT    | LVCMOS25             |       | 12       | SLOW |              |          |          |
| sqrt<27>                           | IOB              | OUTPUT    | LVCMOS25             |       | 12       | SLOW |              |          |          |
| sqrt<28>                           | IOB              | OUTPUT    | LVCMOS25             |       | 12       | SLOW |              |          |          |
| sqrt<29>                           | IOB              | OUTPUT    | LVCMOS25             |       | 12       | SLOW |              |          |          |
| sqrt<30>                           | IOB              | OUTPUT    | LVCMOS25             |       | 12       | SLOW |              |          |          |
| sqrt<31>                           | IOB              | OUTPUT    | LVCMOS25             |       | 12       | SLOW |              |          |          |
+---------------------------------------------------------------------------------------------------------------------------------------------------------+

Section 7 - RPMs
----------------

Section 8 - Guide Report
------------------------
Guide not run on this design.

Section 9 - Area Group and Partition Summary
--------------------------------------------

Partition Implementation Status
-------------------------------

  No Partitions were found in this design.

-------------------------------

Area Group Information
----------------------

  No area groups were found in this design.

----------------------

Section 10 - Timing Report
--------------------------
A logic-level (pre-route) timing report can be generated by using Xilinx static
timing analysis tools, Timing Analyzer (GUI) or TRCE (command line), with the
mapped NCD and PCF files. Please note that this timing report will be generated
using estimated delay information. For accurate numbers, please generate a
timing report with the post Place and Route NCD file.

For more information about the Timing Analyzer, consult the Xilinx Timing
Analyzer Reference Manual; for more information about TRCE, consult the Xilinx
Command Line Tools User Guide "TRACE" chapter.

Section 11 - Configuration String Details
-----------------------------------------
Use the "-detail" map option to print out Configuration Strings

Section 12 - Control Set Information
------------------------------------
Use the "-detail" map option to print out Control Set Information.

Section 13 - Utilization by Hierarchy
-------------------------------------
Use the "-detail" map option to print out the Utilization by Hierarchy section.
