Command line:
   tb_cordic_seq_tan_isim_beh.exe
     -simmode  gui
     -simrunnum  0
     -socket  40636

Mon Jun 20 19:10:17 2016


 Elaboration Time: 0.01 sec

 Current Memory Usage: 200.634 Meg

 Total Signals          : 722
 Total Nets             : 2370
 Total Signal Drivers   : 1136
 Total Blocks           : 83
 Total Primitive Blocks : 69
 Total Processes        : 1112
 Total Traceable Variables  : 15
 Total Scalar Nets and Variables : 3534
Total Line Count : 1278
Total Line Count : 1278

 Total Simulation Time: 0.1 sec

 Current Memory Usage: 276.136 Meg

Mon Jun 20 19:12:35 2016

