Command line:
   tb_linear_combinatorial_isim_beh.exe
     -simmode  gui
     -simrunnum  0
     -socket  56482

Wed Jun 15 16:10:27 2016


 Elaboration Time: 0.04 sec

 Current Memory Usage: 220.668 Meg

 Total Signals          : 3733
 Total Nets             : 10891
 Total Signal Drivers   : 6147
 Total Blocks           : 462
 Total Primitive Blocks : 364
 Total Processes        : 6147
 Total Traceable Variables  : 40
 Total Scalar Nets and Variables : 11922
Total Line Count : 6133

 Total Simulation Time: 0.7 sec

 Current Memory Usage: 296.305 Meg

Wed Jun 15 16:17:21 2016

