Command line:
   tb_cordic_linear_32bit_isim_beh.exe
     -simmode  gui
     -simrunnum  0
     -socket  55685

Fri Jun 10 18:20:43 2016


 Elaboration Time: 0.06 sec

 Current Memory Usage: 217.248 Meg

 Total Signals          : 3486
 Total Nets             : 8427
 Total Signal Drivers   : 5574
 Total Blocks           : 396
 Total Primitive Blocks : 334
 Total Processes        : 5574
 Total Traceable Variables  : 13
 Total Scalar Nets and Variables : 8910
Total Line Count : 5574
Total Line Count : 5574

 Total Simulation Time: 1.1 sec

 Current Memory Usage: 292.884 Meg

Fri Jun 10 18:24:39 2016

