Command line:
   tb_rot_combinatorial_isim_beh.exe
     -simmode  gui
     -simrunnum  0
     -socket  38205

Thu Jun 16 16:24:49 2016


 Elaboration Time: 0.07 sec

 Current Memory Usage: 231.78 Meg

 Total Signals          : 5298
 Total Nets             : 15286
 Total Signal Drivers   : 8768
 Total Blocks           : 661
 Total Primitive Blocks : 519
 Total Processes        : 8766
 Total Traceable Variables  : 68
 Total Scalar Nets and Variables : 16658
Total Line Count : 8738
Total Line Count : 8738

 Total Simulation Time: 0.7 sec

 Current Memory Usage: 307.823 Meg

Thu Jun 16 17:03:32 2016

