Command line:
   tb_hyper_seq_module_isim_beh.exe
     -simmode  gui
     -simrunnum  1
     -socket  45894

Fri Jun 17 18:11:28 2016


 Elaboration Time: 0.02 sec

 Current Memory Usage: 198.926 Meg

 Total Signals          : 496
 Total Nets             : 1726
 Total Signal Drivers   : 758
 Total Blocks           : 57
 Total Primitive Blocks : 47
 Total Processes        : 743
 Total Traceable Variables  : 16
 Total Scalar Nets and Variables : 2930
Total Line Count : 887
Total Line Count : 887
Total Line Count : 887

 Total Simulation Time: 0.81 sec

 Current Memory Usage: 274.428 Meg

Fri Jun 17 18:38:32 2016

