Command line:
   tb_cordic_rot_seq_isim_beh.exe
     -simmode  gui
     -simrunnum  0
     -socket  50581

Mon Jun 13 17:25:53 2016


 Elaboration Time: 0.03 sec

 Current Memory Usage: 200.659 Meg

 Total Signals          : 738
 Total Nets             : 2348
 Total Signal Drivers   : 1136
 Total Blocks           : 84
 Total Primitive Blocks : 69
 Total Processes        : 1118
 Total Traceable Variables  : 23
 Total Scalar Nets and Variables : 3715
Total Line Count : 1277
Total Line Count : 1277

 Total Simulation Time: 3.62 sec

 Current Memory Usage: 276.161 Meg

Mon Jun 13 17:52:45 2016

